2024-09-08T17:17:48-07:00 SynologyNAS synomibactiononlineupdater[22226]: time="2024-09-08T17:17:48-07:00" level=debug msg="[Update] update DSM state"
2024-09-08T17:17:48-07:00 SynologyNAS synomibactiononlineupdater[22226]: time="2024-09-08T17:17:48-07:00" level=debug msg="[Update] fetch new target"
2024-09-08T17:17:48-07:00 SynologyNAS synomibactiononlineupdater[22226]: time="2024-09-08T17:17:48-07:00" level=debug msg="[Update] done"
2024-09-08T17:17:48-07:00 SynologyNAS synomibactiononlineupdater[22226]: time="2024-09-08T17:17:48-07:00" level=info msg="updaters [action] are updated"
2024-09-10T07:08:21+08:00 Synology_NAS synomibactiononlineupdater[10225]: time="2024-09-10T07:08:21+08:00" level=debug msg="[Update] update DSM state"
2024-09-10T07:08:21+08:00 Synology_NAS synomibactiononlineupdater[10225]: time="2024-09-10T07:08:21+08:00" level=debug msg="[Update] fetch new target"
2024-09-10T07:08:22+08:00 Synology_NAS synomibactiononlineupdater[10225]: time="2024-09-10T07:08:22+08:00" level=debug msg="[Update] done"
2024-09-10T07:08:22+08:00 Synology_NAS synomibactiononlineupdater[10225]: time="2024-09-10T07:08:22+08:00" level=info msg="updaters [action] are updated"
2024-09-11T20:05:40+08:00 Synology_NAS synomibactiononlineupdater[11003]: time="2024-09-11T20:05:40+08:00" level=debug msg="[Update] update DSM state"
2024-09-11T20:05:40+08:00 Synology_NAS synomibactiononlineupdater[11003]: time="2024-09-11T20:05:40+08:00" level=debug msg="[Update] fetch new target"
2024-09-11T20:05:41+08:00 Synology_NAS synomibactiononlineupdater[11003]: time="2024-09-11T20:05:41+08:00" level=debug msg="[Update] done"
2024-09-11T20:05:41+08:00 Synology_NAS synomibactiononlineupdater[11003]: time="2024-09-11T20:05:41+08:00" level=info msg="updaters [action] are updated"
2024-09-12T00:30:24+08:00 Synology_NAS synomibactiononlineupdater[11090]: time="2024-09-12T00:30:24+08:00" level=debug msg="[Update] update DSM state"
2024-09-12T00:30:24+08:00 Synology_NAS synomibactiononlineupdater[11090]: user_preference_dir_get.c:140 syno-volume is not active, ignore migrating rule
2024-09-12T00:30:24+08:00 Synology_NAS synomibactiononlineupdater[11090]: time="2024-09-12T00:30:24+08:00" level=debug msg="[Update] fetch new target"
2024-09-12T00:30:25+08:00 Synology_NAS synomibactiononlineupdater[11090]: time="2024-09-12T00:30:25+08:00" level=debug msg="[Update] done"
2024-09-12T00:30:25+08:00 Synology_NAS synomibactiononlineupdater[11090]: time="2024-09-12T00:30:25+08:00" level=info msg="updaters [action] are updated"
2024-09-13T18:30:25+08:00 Synology_NAS synomibactiononlineupdater[11090]: time="2024-09-13T18:30:25+08:00" level=debug msg="[Update] update DSM state"
2024-09-13T18:30:25+08:00 Synology_NAS synomibactiononlineupdater[11090]: time="2024-09-13T18:30:25+08:00" level=debug msg="[Update] fetch new target"
2024-09-13T18:30:26+08:00 Synology_NAS synomibactiononlineupdater[11090]: time="2024-09-13T18:30:26+08:00" level=debug msg="[Update] done"
2024-09-13T18:30:26+08:00 Synology_NAS synomibactiononlineupdater[11090]: time="2024-09-13T18:30:26+08:00" level=info msg="updaters [action] are updated"
2024-09-14T23:16:48+08:00 Synology_NAS synomibactiononlineupdater[11055]: time="2024-09-14T23:16:48+08:00" level=debug msg="[Update] update DSM state"
2024-09-14T23:16:48+08:00 Synology_NAS synomibactiononlineupdater[11055]: user_preference_dir_get.c:140 syno-volume is not active, ignore migrating rule
2024-09-14T23:16:48+08:00 Synology_NAS synomibactiononlineupdater[11055]: time="2024-09-14T23:16:48+08:00" level=debug msg="[Update] fetch new target"
2024-09-14T23:16:48+08:00 Synology_NAS synomibactiononlineupdater[11055]: time="2024-09-14T23:16:48+08:00" level=debug msg="[Update] done"
2024-09-14T23:16:48+08:00 Synology_NAS synomibactiononlineupdater[11055]: time="2024-09-14T23:16:48+08:00" level=info msg="updaters [action] are updated"
2024-09-15T01:14:14+08:00 Synology_NAS synomibactiononlineupdater[11021]: time="2024-09-15T01:14:14+08:00" level=debug msg="[Update] update DSM state"
2024-09-15T01:14:14+08:00 Synology_NAS synomibactiononlineupdater[11021]: user_preference_dir_get.c:140 syno-volume is not active, ignore migrating rule
2024-09-15T01:14:14+08:00 Synology_NAS synomibactiononlineupdater[11021]: time="2024-09-15T01:14:14+08:00" level=debug msg="[Update] fetch new target"
2024-09-15T01:14:15+08:00 Synology_NAS synomibactiononlineupdater[11021]: time="2024-09-15T01:14:15+08:00" level=debug msg="[Update] done"
2024-09-15T01:14:15+08:00 Synology_NAS synomibactiononlineupdater[11021]: time="2024-09-15T01:14:15+08:00" level=info msg="updaters [action] are updated"
2024-09-15T01:22:01+08:00 Synology_NAS synomibactiononlineupdater[11201]: time="2024-09-15T01:22:01+08:00" level=debug msg="[Update] update DSM state"
2024-09-15T01:22:01+08:00 Synology_NAS synomibactiononlineupdater[11201]: user_preference_dir_get.c:140 syno-volume is not active, ignore migrating rule
2024-09-15T01:22:01+08:00 Synology_NAS synomibactiononlineupdater[11201]: time="2024-09-15T01:22:01+08:00" level=debug msg="[Update] fetch new target"
2024-09-15T01:22:02+08:00 Synology_NAS synomibactiononlineupdater[11201]: time="2024-09-15T01:22:02+08:00" level=debug msg="[Update] done"
2024-09-15T01:22:02+08:00 Synology_NAS synomibactiononlineupdater[11201]: time="2024-09-15T01:22:02+08:00" level=info msg="updaters [action] are updated"
2024-09-15T01:30:54+08:00 Synology_NAS synomibactiononlineupdater[11220]: time="2024-09-15T01:30:54+08:00" level=debug msg="[Update] update DSM state"
2024-09-15T01:30:55+08:00 Synology_NAS synomibactiononlineupdater[11220]: user_preference_dir_get.c:140 syno-volume is not active, ignore migrating rule
2024-09-15T01:30:55+08:00 Synology_NAS synomibactiononlineupdater[11220]: time="2024-09-15T01:30:55+08:00" level=debug msg="[Update] fetch new target"
2024-09-15T01:30:55+08:00 Synology_NAS synomibactiononlineupdater[11220]: time="2024-09-15T01:30:55+08:00" level=debug msg="[Update] done"
2024-09-15T01:30:55+08:00 Synology_NAS synomibactiononlineupdater[11220]: time="2024-09-15T01:30:55+08:00" level=info msg="updaters [action] are updated"
2024-09-15T05:06:12+08:00 Synology_NAS synomibactiononlineupdater[10650]: time="2024-09-15T05:06:12+08:00" level=debug msg="[Update] update DSM state"
2024-09-15T05:06:12+08:00 Synology_NAS synomibactiononlineupdater[10650]: systemd_restart.cpp:20 synosystemd: [user-preference] try-restarting ...
2024-09-15T05:06:12+08:00 Synology_NAS synomibactiononlineupdater[10650]: systemd_restart.cpp:24 synosystemd: [user-preference] try-restarted.
2024-09-15T05:06:12+08:00 Synology_NAS synomibactiononlineupdater[10650]: user_preference_dir_get.c:157 access failed: /usr/syno/etc/preference
2024-09-15T05:06:12+08:00 Synology_NAS synomibactiononlineupdater[10650]: time="2024-09-15T05:06:12+08:00" level=debug msg="[Update] fetch new target"
2024-09-15T05:06:17+08:00 Synology_NAS synomibactiononlineupdater[10650]: time="2024-09-15T05:06:17+08:00" level=debug msg="[Update] done"
2024-09-15T05:06:17+08:00 Synology_NAS synomibactiononlineupdater[10650]: time="2024-09-15T05:06:17+08:00" level=info msg="updaters [action] are updated"
2024-09-15T05:15:11+08:00 Synology_NAS synomibactiononlineupdater[10882]: time="2024-09-15T05:15:11+08:00" level=debug msg="[Update] update DSM state"
2024-09-15T05:15:12+08:00 Synology_NAS synomibactiononlineupdater[10882]: time="2024-09-15T05:15:12+08:00" level=debug msg="[Update] fetch new target"
2024-09-15T05:15:12+08:00 Synology_NAS synomibactiononlineupdater[10882]: time="2024-09-15T05:15:12+08:00" level=debug msg="[Update] done"
2024-09-15T05:15:12+08:00 Synology_NAS synomibactiononlineupdater[10882]: time="2024-09-15T05:15:12+08:00" level=info msg="updaters [action] are updated"
2024-09-16T05:39:36+08:00 Synology_NAS synomibactiononlineupdater[10933]: time="2024-09-16T05:39:36+08:00" level=debug msg="[Update] update DSM state"
2024-09-16T05:39:36+08:00 Synology_NAS synomibactiononlineupdater[10933]: user_preference_dir_get.c:140 syno-volume is not active, ignore migrating rule
2024-09-16T05:39:36+08:00 Synology_NAS synomibactiononlineupdater[10933]: time="2024-09-16T05:39:36+08:00" level=debug msg="[Update] fetch new target"
2024-09-16T05:39:36+08:00 Synology_NAS synomibactiononlineupdater[10933]: time="2024-09-16T05:39:36+08:00" level=debug msg="[Update] done"
2024-09-16T05:39:36+08:00 Synology_NAS synomibactiononlineupdater[10933]: time="2024-09-16T05:39:36+08:00" level=info msg="updaters [action] are updated"
2024-09-16T19:32:59+08:00 Synology_NAS synomibactiononlineupdater[11285]: time="2024-09-16T19:32:59+08:00" level=debug msg="[Update] update DSM state"
2024-09-16T19:32:59+08:00 Synology_NAS synomibactiononlineupdater[11285]: user_preference_dir_get.c:140 syno-volume is not active, ignore migrating rule
2024-09-16T19:33:00+08:00 Synology_NAS synomibactiononlineupdater[11285]: time="2024-09-16T19:33:00+08:00" level=debug msg="[Update] fetch new target"
2024-09-16T19:33:00+08:00 Synology_NAS synomibactiononlineupdater[11285]: time="2024-09-16T19:33:00+08:00" level=debug msg="[Update] done"
2024-09-16T19:33:00+08:00 Synology_NAS synomibactiononlineupdater[11285]: time="2024-09-16T19:33:00+08:00" level=info msg="updaters [action] are updated"
2024-09-17T04:58:38+08:00 Synology_NAS synomibactiononlineupdater[11308]: time="2024-09-17T04:58:38+08:00" level=debug msg="[Update] update DSM state"
2024-09-17T04:58:38+08:00 Synology_NAS synomibactiononlineupdater[11308]: user_preference_dir_get.c:140 syno-volume is not active, ignore migrating rule
2024-09-17T04:58:38+08:00 Synology_NAS synomibactiononlineupdater[11308]: time="2024-09-17T04:58:38+08:00" level=debug msg="[Update] fetch new target"
2024-09-17T04:58:38+08:00 Synology_NAS synomibactiononlineupdater[11308]: time="2024-09-17T04:58:38+08:00" level=debug msg="[Update] done"
2024-09-17T04:58:38+08:00 Synology_NAS synomibactiononlineupdater[11308]: time="2024-09-17T04:58:38+08:00" level=info msg="updaters [action] are updated"
2024-09-17T05:50:48+08:00 Synology_NAS synomibactiononlineupdater[11273]: time="2024-09-17T05:50:48+08:00" level=debug msg="[Update] update DSM state"
2024-09-17T05:50:48+08:00 Synology_NAS synomibactiononlineupdater[11273]: user_preference_dir_get.c:140 syno-volume is not active, ignore migrating rule
2024-09-17T05:50:48+08:00 Synology_NAS synomibactiononlineupdater[11273]: time="2024-09-17T05:50:48+08:00" level=debug msg="[Update] fetch new target"
2024-09-17T05:50:50+08:00 Synology_NAS synomibactiononlineupdater[11273]: time="2024-09-17T05:50:50+08:00" level=debug msg="[Update] done"
2024-09-17T05:50:50+08:00 Synology_NAS synomibactiononlineupdater[11273]: time="2024-09-17T05:50:50+08:00" level=info msg="updaters [action] are updated"
2024-09-17T10:46:02+08:00 Synology_NAS synomibactiononlineupdater[10936]: time="2024-09-17T10:46:02+08:00" level=debug msg="[Update] update DSM state"
2024-09-17T10:46:02+08:00 Synology_NAS synomibactiononlineupdater[10936]: user_preference_dir_get.c:140 syno-volume is not active, ignore migrating rule
2024-09-17T10:46:02+08:00 Synology_NAS synomibactiononlineupdater[10936]: time="2024-09-17T10:46:02+08:00" level=debug msg="[Update] fetch new target"
2024-09-17T10:46:02+08:00 Synology_NAS synomibactiononlineupdater[10936]: time="2024-09-17T10:46:02+08:00" level=debug msg="[Update] done"
2024-09-17T10:46:02+08:00 Synology_NAS synomibactiononlineupdater[10936]: time="2024-09-17T10:46:02+08:00" level=info msg="updaters [action] are updated"
2024-09-19T04:46:02+08:00 Synology_NAS synomibactiononlineupdater[10936]: time="2024-09-19T04:46:02+08:00" level=debug msg="[Update] update DSM state"
2024-09-19T04:46:02+08:00 Synology_NAS synomibactiononlineupdater[10936]: time="2024-09-19T04:46:02+08:00" level=debug msg="[Update] fetch new target"
2024-09-19T04:46:02+08:00 Synology_NAS synomibactiononlineupdater[10936]: time="2024-09-19T04:46:02+08:00" level=debug msg="[Update] done"
2024-09-19T04:46:02+08:00 Synology_NAS synomibactiononlineupdater[10936]: time="2024-09-19T04:46:02+08:00" level=info msg="updaters [action] are updated"
2024-09-20T07:51:19+08:00 Synology_NAS synomibactiononlineupdater[11361]: time="2024-09-20T07:51:19+08:00" level=debug msg="[Update] update DSM state"
2024-09-20T07:51:19+08:00 Synology_NAS synomibactiononlineupdater[11361]: user_preference_dir_get.c:140 syno-volume is not active, ignore migrating rule
2024-09-20T07:51:20+08:00 Synology_NAS synomibactiononlineupdater[11361]: time="2024-09-20T07:51:20+08:00" level=debug msg="[Update] fetch new target"
2024-09-20T07:51:20+08:00 Synology_NAS synomibactiononlineupdater[11361]: time="2024-09-20T07:51:20+08:00" level=debug msg="[Update] done"
2024-09-20T07:51:20+08:00 Synology_NAS synomibactiononlineupdater[11361]: time="2024-09-20T07:51:20+08:00" level=info msg="updaters [action] are updated"
2024-09-20T11:34:39+08:00 Synology_NAS synomibactiononlineupdater[11436]: time="2024-09-20T11:34:39+08:00" level=debug msg="[Update] update DSM state"
2024-09-20T11:34:39+08:00 Synology_NAS synomibactiononlineupdater[11436]: user_preference_dir_get.c:140 syno-volume is not active, ignore migrating rule
2024-09-20T11:34:39+08:00 Synology_NAS synomibactiononlineupdater[11436]: time="2024-09-20T11:34:39+08:00" level=debug msg="[Update] fetch new target"
2024-09-20T11:34:39+08:00 Synology_NAS synomibactiononlineupdater[11436]: time="2024-09-20T11:34:39+08:00" level=debug msg="[Update] done"
2024-09-20T11:34:39+08:00 Synology_NAS synomibactiononlineupdater[11436]: time="2024-09-20T11:34:39+08:00" level=info msg="updaters [action] are updated"
2024-09-22T05:34:39+08:00 Synology_NAS synomibactiononlineupdater[11436]: time="2024-09-22T05:34:39+08:00" level=debug msg="[Update] update DSM state"
2024-09-22T05:34:40+08:00 Synology_NAS synomibactiononlineupdater[11436]: time="2024-09-22T05:34:40+08:00" level=debug msg="[Update] fetch new target"
2024-09-22T05:34:40+08:00 Synology_NAS synomibactiononlineupdater[11436]: time="2024-09-22T05:34:40+08:00" level=debug msg="[Update] done"
2024-09-22T05:34:40+08:00 Synology_NAS synomibactiononlineupdater[11436]: time="2024-09-22T05:34:40+08:00" level=info msg="updaters [action] are updated"
2024-09-23T23:34:39+08:00 Synology_NAS synomibactiononlineupdater[11436]: time="2024-09-23T23:34:39+08:00" level=debug msg="[Update] update DSM state"
2024-09-23T23:34:39+08:00 Synology_NAS synomibactiononlineupdater[11436]: time="2024-09-23T23:34:39+08:00" level=debug msg="[Update] fetch new target"
2024-09-23T23:34:40+08:00 Synology_NAS synomibactiononlineupdater[11436]: time="2024-09-23T23:34:40+08:00" level=debug msg="[Update] done"
2024-09-23T23:34:40+08:00 Synology_NAS synomibactiononlineupdater[11436]: time="2024-09-23T23:34:40+08:00" level=info msg="updaters [action] are updated"
2024-09-25T17:34:40+08:00 Synology_NAS synomibactiononlineupdater[11436]: time="2024-09-25T17:34:40+08:00" level=debug msg="[Update] update DSM state"
2024-09-25T17:34:40+08:00 Synology_NAS synomibactiononlineupdater[11436]: time="2024-09-25T17:34:40+08:00" level=debug msg="[Update] fetch new target"
2024-09-25T17:34:40+08:00 Synology_NAS synomibactiononlineupdater[11436]: time="2024-09-25T17:34:40+08:00" level=debug msg="[Update] done"
2024-09-25T17:34:40+08:00 Synology_NAS synomibactiononlineupdater[11436]: time="2024-09-25T17:34:40+08:00" level=info msg="updaters [action] are updated"
2024-09-27T11:34:39+08:00 Synology_NAS synomibactiononlineupdater[11436]: time="2024-09-27T11:34:39+08:00" level=debug msg="[Update] update DSM state"
2024-09-27T11:34:39+08:00 Synology_NAS synomibactiononlineupdater[11436]: time="2024-09-27T11:34:39+08:00" level=debug msg="[Update] fetch new target"
2024-09-27T11:34:40+08:00 Synology_NAS synomibactiononlineupdater[11436]: time="2024-09-27T11:34:40+08:00" level=debug msg="[Update] done"
2024-09-27T11:34:40+08:00 Synology_NAS synomibactiononlineupdater[11436]: time="2024-09-27T11:34:40+08:00" level=info msg="updaters [action] are updated"
2024-09-29T05:34:40+08:00 Synology_NAS synomibactiononlineupdater[11436]: time="2024-09-29T05:34:40+08:00" level=debug msg="[Update] update DSM state"
2024-09-29T05:34:40+08:00 Synology_NAS synomibactiononlineupdater[11436]: time="2024-09-29T05:34:40+08:00" level=debug msg="[Update] fetch new target"
2024-09-29T05:34:40+08:00 Synology_NAS synomibactiononlineupdater[11436]: time="2024-09-29T05:34:40+08:00" level=debug msg="[Update] done"
2024-09-29T05:34:40+08:00 Synology_NAS synomibactiononlineupdater[11436]: time="2024-09-29T05:34:40+08:00" level=info msg="updaters [action] are updated"
2024-09-30T23:34:39+08:00 Synology_NAS synomibactiononlineupdater[11436]: time="2024-09-30T23:34:39+08:00" level=debug msg="[Update] update DSM state"
2024-09-30T23:34:40+08:00 Synology_NAS synomibactiononlineupdater[11436]: time="2024-09-30T23:34:40+08:00" level=debug msg="[Update] fetch new target"
2024-09-30T23:34:40+08:00 Synology_NAS synomibactiononlineupdater[11436]: time="2024-09-30T23:34:40+08:00" level=debug msg="[Update] done"
2024-09-30T23:34:40+08:00 Synology_NAS synomibactiononlineupdater[11436]: time="2024-09-30T23:34:40+08:00" level=info msg="updaters [action] are updated"
2024-10-02T17:34:39+08:00 Synology_NAS synomibactiononlineupdater[11436]: time="2024-10-02T17:34:39+08:00" level=debug msg="[Update] update DSM state"
2024-10-02T17:34:39+08:00 Synology_NAS synomibactiononlineupdater[11436]: time="2024-10-02T17:34:39+08:00" level=debug msg="[Update] fetch new target"
2024-10-02T17:34:40+08:00 Synology_NAS synomibactiononlineupdater[11436]: time="2024-10-02T17:34:40+08:00" level=debug msg="[Update] done"
2024-10-02T17:34:40+08:00 Synology_NAS synomibactiononlineupdater[11436]: time="2024-10-02T17:34:40+08:00" level=info msg="updaters [action] are updated"
2024-10-04T11:34:39+08:00 Synology_NAS synomibactiononlineupdater[11436]: time="2024-10-04T11:34:39+08:00" level=debug msg="[Update] update DSM state"
2024-10-04T11:34:39+08:00 Synology_NAS synomibactiononlineupdater[11436]: time="2024-10-04T11:34:39+08:00" level=debug msg="[Update] fetch new target"
2024-10-04T11:34:40+08:00 Synology_NAS synomibactiononlineupdater[11436]: time="2024-10-04T11:34:40+08:00" level=debug msg="[Update] done"
2024-10-04T11:34:40+08:00 Synology_NAS synomibactiononlineupdater[11436]: time="2024-10-04T11:34:40+08:00" level=info msg="updaters [action] are updated"
2024-10-06T05:34:39+08:00 Synology_NAS synomibactiononlineupdater[11436]: time="2024-10-06T05:34:39+08:00" level=debug msg="[Update] update DSM state"
2024-10-06T05:34:40+08:00 Synology_NAS synomibactiononlineupdater[11436]: time="2024-10-06T05:34:40+08:00" level=debug msg="[Update] fetch new target"
2024-10-06T05:34:40+08:00 Synology_NAS synomibactiononlineupdater[11436]: time="2024-10-06T05:34:40+08:00" level=debug msg="[Update] done"
2024-10-06T05:34:40+08:00 Synology_NAS synomibactiononlineupdater[11436]: time="2024-10-06T05:34:40+08:00" level=info msg="updaters [action] are updated"
2024-10-07T23:34:40+08:00 Yasuraokaa_Site synomibactiononlineupdater[11436]: time="2024-10-07T23:34:39+08:00" level=debug msg="[Update] update DSM state"
2024-10-07T23:34:40+08:00 Yasuraokaa_Site synomibactiononlineupdater[11436]: time="2024-10-07T23:34:40+08:00" level=debug msg="[Update] fetch new target"
2024-10-07T23:34:40+08:00 Yasuraokaa_Site synomibactiononlineupdater[11436]: time="2024-10-07T23:34:40+08:00" level=debug msg="[Update] done"
2024-10-07T23:34:40+08:00 Yasuraokaa_Site synomibactiononlineupdater[11436]: time="2024-10-07T23:34:40+08:00" level=info msg="updaters [action] are updated"
2024-10-09T04:33:21+08:00 Yasuraokaa_Site synomibactiononlineupdater[11419]: time="2024-10-09T04:33:21+08:00" level=debug msg="[Update] update DSM state"
2024-10-09T04:33:21+08:00 Yasuraokaa_Site synomibactiononlineupdater[11419]: user_preference_dir_get.c:140 syno-volume is not active, ignore migrating rule
2024-10-09T04:33:21+08:00 Yasuraokaa_Site synomibactiononlineupdater[11419]: time="2024-10-09T04:33:21+08:00" level=debug msg="[Update] fetch new target"
2024-10-09T04:33:22+08:00 Yasuraokaa_Site synomibactiononlineupdater[11419]: time="2024-10-09T04:33:22+08:00" level=debug msg="[Update] done"
2024-10-09T04:33:22+08:00 Yasuraokaa_Site synomibactiononlineupdater[11419]: time="2024-10-09T04:33:22+08:00" level=info msg="updaters [action] are updated"
2024-11-05T00:53:46+08:00 Yasuraokaa_Site synomibactiononlineupdater[20013]: mib_memlog_dump_time=2024-11-05T00:53:46+08:00 time=2024-10-09T15:17:36+08:00 level=info msg="updaters [action] are updated"
2024-11-05T00:53:46+08:00 Yasuraokaa_Site synomibactiononlineupdater[20013]: mib_memlog_dump_time=2024-11-05T00:53:46+08:00 time=2024-10-11T09:17:36+08:00 level=info msg="updaters [action] are updated"
2024-11-05T00:53:46+08:00 Yasuraokaa_Site synomibactiononlineupdater[20013]: mib_memlog_dump_time=2024-11-05T00:53:46+08:00 time=2024-10-13T03:17:36+08:00 level=info msg="updaters [action] are updated"
2024-11-05T00:53:46+08:00 Yasuraokaa_Site synomibactiononlineupdater[20013]: mib_memlog_dump_time=2024-11-05T00:53:46+08:00 time=2024-10-14T21:17:36+08:00 level=info msg="updaters [action] are updated"
2024-11-05T00:53:46+08:00 Yasuraokaa_Site synomibactiononlineupdater[20013]: mib_memlog_dump_time=2024-11-05T00:53:46+08:00 time=2024-10-16T15:17:36+08:00 level=info msg="updaters [action] are updated"
2024-11-05T00:53:46+08:00 Yasuraokaa_Site synomibactiononlineupdater[20013]: mib_memlog_dump_time=2024-11-05T00:53:46+08:00 time=2024-10-18T09:17:36+08:00 level=info msg="updaters [action] are updated"
2024-11-05T00:53:46+08:00 Yasuraokaa_Site synomibactiononlineupdater[20013]: mib_memlog_dump_time=2024-11-05T00:53:46+08:00 time=2024-10-20T03:17:36+08:00 level=info msg="updaters [action] are updated"
2024-11-05T00:53:46+08:00 Yasuraokaa_Site synomibactiononlineupdater[20013]: mib_memlog_dump_time=2024-11-05T00:53:46+08:00 time=2024-10-21T21:17:36+08:00 level=info msg="updaters [action] are updated"
2024-11-05T00:53:46+08:00 Yasuraokaa_Site synomibactiononlineupdater[20013]: mib_memlog_dump_time=2024-11-05T00:53:46+08:00 time=2024-10-23T15:17:36+08:00 level=info msg="updaters [action] are updated"
2024-11-05T00:53:46+08:00 Yasuraokaa_Site synomibactiononlineupdater[20013]: mib_memlog_dump_time=2024-11-05T00:53:46+08:00 time=2024-10-25T09:17:36+08:00 level=info msg="updaters [action] are updated"
2024-11-05T00:53:46+08:00 Yasuraokaa_Site synomibactiononlineupdater[20013]: mib_memlog_dump_time=2024-11-05T00:53:46+08:00 time=2024-10-27T03:17:36+08:00 level=info msg="updaters [action] are updated"
2024-11-05T00:53:46+08:00 Yasuraokaa_Site synomibactiononlineupdater[20013]: mib_memlog_dump_time=2024-11-05T00:53:46+08:00 time=2024-10-28T21:17:36+08:00 level=info msg="updaters [action] are updated"
2024-11-05T00:53:46+08:00 Yasuraokaa_Site synomibactiononlineupdater[20013]: mib_memlog_dump_time=2024-11-05T00:53:46+08:00 time=2024-10-30T15:17:36+08:00 level=info msg="updaters [action] are updated"
2024-11-05T00:53:46+08:00 Yasuraokaa_Site synomibactiononlineupdater[20013]: mib_memlog_dump_time=2024-11-05T00:53:46+08:00 time=2024-11-01T09:17:36+08:00 level=info msg="updaters [action] are updated"
2024-11-05T00:53:46+08:00 Yasuraokaa_Site synomibactiononlineupdater[20013]: mib_memlog_dump_time=2024-11-05T00:53:46+08:00 time=2024-11-03T03:17:36+08:00 level=info msg="updaters [action] are updated"
2024-11-05T00:53:46+08:00 Yasuraokaa_Site synomibactiononlineupdater[20013]: mib_memlog_dump_time=2024-11-05T00:53:46+08:00 time=2024-11-04T21:17:36+08:00 level=info msg="updaters [action] are updated"
2024-11-05T07:06:37+08:00 Yasuraokaa_Site synomibactiononlineupdater[11276]: user_preference_dir_get.c:140 syno-volume is not active, ignore migrating rule
