2024-09-08T17:16:58-07:00 SynologyNAS supportservicetool[13496]: session_cookie.cpp:46 No cookie file, skip load session cookie.
2024-09-08T17:17:48-07:00 SynologyNAS supportservicetool[22215]: session_cookie.cpp:46 No cookie file, skip load session cookie.
2024-09-09T08:24:45+08:00 Synology_NAS supportservicetool[26850]: session_cookie.cpp:70 Failed to save session cookie due to cookie file not exist.
2024-09-10T07:08:53+08:00 Synology_NAS supportservicetool[10147]: session_cookie.cpp:46 No cookie file, skip load session cookie.
2024-09-11T19:57:37+08:00 Synology_NAS supportservicetool[1182]: session_cookie.cpp:70 Failed to save session cookie due to cookie file not exist.
2024-09-11T20:05:38+08:00 Synology_NAS supportservicetool[10995]: session_cookie.cpp:46 No cookie file, skip load session cookie.
2024-09-12T00:26:24+08:00 Synology_NAS supportservicetool[18698]: session_cookie.cpp:70 Failed to save session cookie due to cookie file not exist.
2024-09-12T00:30:24+08:00 Synology_NAS supportservicetool[11027]: session_cookie.cpp:46 No cookie file, skip load session cookie.
2024-09-14T22:43:06+08:00 Synology_NAS supportservicetool[10378]: session_cookie.cpp:70 Failed to save session cookie due to cookie file not exist.
2024-09-14T23:16:47+08:00 Synology_NAS supportservicetool[11044]: session_cookie.cpp:46 No cookie file, skip load session cookie.
2024-09-15T00:50:05+08:00 Synology_NAS supportservicetool[26573]: session_cookie.cpp:70 Failed to save session cookie due to cookie file not exist.
2024-09-15T01:14:14+08:00 Synology_NAS supportservicetool[11001]: session_cookie.cpp:46 No cookie file, skip load session cookie.
2024-09-15T01:22:01+08:00 Synology_NAS supportservicetool[11193]: session_cookie.cpp:46 No cookie file, skip load session cookie.
2024-09-15T01:30:54+08:00 Synology_NAS supportservicetool[11200]: session_cookie.cpp:46 No cookie file, skip load session cookie.
2024-09-15T05:06:11+08:00 Synology_NAS supportservicetool[10640]: session_cookie.cpp:46 No cookie file, skip load session cookie.
2024-09-15T05:15:09+08:00 Synology_NAS supportservicetool[10842]: session_cookie.cpp:46 No cookie file, skip load session cookie.
2024-09-16T05:35:26+08:00 Synology_NAS supportservicetool[10801]: session_cookie.cpp:70 Failed to save session cookie due to cookie file not exist.
2024-09-16T05:39:35+08:00 Synology_NAS supportservicetool[10921]: session_cookie.cpp:46 No cookie file, skip load session cookie.
2024-09-16T19:28:48+08:00 Synology_NAS supportservicetool[17852]: session_cookie.cpp:70 Failed to save session cookie due to cookie file not exist.
2024-09-16T19:32:59+08:00 Synology_NAS supportservicetool[11239]: session_cookie.cpp:46 No cookie file, skip load session cookie.
2024-09-17T04:54:30+08:00 Synology_NAS supportservicetool[20642]: session_cookie.cpp:70 Failed to save session cookie due to cookie file not exist.
2024-09-17T04:58:37+08:00 Synology_NAS supportservicetool[11288]: session_cookie.cpp:46 No cookie file, skip load session cookie.
2024-09-17T05:46:37+08:00 Synology_NAS supportservicetool[2092]: session_cookie.cpp:70 Failed to save session cookie due to cookie file not exist.
2024-09-17T05:50:48+08:00 Synology_NAS supportservicetool[11265]: session_cookie.cpp:46 No cookie file, skip load session cookie.
2024-09-17T10:41:53+08:00 Synology_NAS supportservicetool[3986]: session_cookie.cpp:70 Failed to save session cookie due to cookie file not exist.
2024-09-17T10:46:02+08:00 Synology_NAS supportservicetool[10871]: session_cookie.cpp:46 No cookie file, skip load session cookie.
2024-09-20T07:36:41+08:00 Synology_NAS supportservicetool[8551]: session_cookie.cpp:70 Failed to save session cookie due to cookie file not exist.
2024-09-20T07:51:19+08:00 Synology_NAS supportservicetool[11353]: session_cookie.cpp:46 No cookie file, skip load session cookie.
2024-09-20T11:29:03+08:00 Synology_NAS supportservicetool[758]: session_cookie.cpp:70 Failed to save session cookie due to cookie file not exist.
2024-09-20T11:34:38+08:00 Synology_NAS supportservicetool[11393]: session_cookie.cpp:46 No cookie file, skip load session cookie.
2024-10-09T04:29:15+08:00 Yasuraokaa_Site supportservicetool[3376]: session_cookie.cpp:70 Failed to save session cookie due to cookie file not exist.
2024-10-09T04:33:21+08:00 Yasuraokaa_Site supportservicetool[11347]: session_cookie.cpp:46 No cookie file, skip load session cookie.
2024-10-09T15:17:36+08:00 Yasuraokaa_Site supportservicetool[20007]: session_cookie.cpp:46 No cookie file, skip load session cookie.
2024-11-05T00:53:46+08:00 Yasuraokaa_Site supportservicetool[25303]: session_cookie.cpp:70 Failed to save session cookie due to cookie file not exist.
2024-11-05T07:06:37+08:00 Yasuraokaa_Site supportservicetool[11268]: session_cookie.cpp:46 No cookie file, skip load session cookie.
