2024-09-10T07:25:27+08:00 Synology_NAS synoscgi_SYNO.API.Auth_7_login[13748]: pam_unix(webui:auth): authentication failure; logname= uid=0 euid=0 tty= ruser= rhost=10.0.0.147  user=Allen
2024-09-11T20:09:11+08:00 Synology_NAS su[16510]: pam_unix(su:session): session opened for user postgres by (uid=0)
2024-09-11T20:09:14+08:00 Synology_NAS su[16510]: pam_unix(su:session): session closed for user postgres
2024-09-11T20:09:27+08:00 Synology_NAS sudo[18978]:     root : PWD=/ ; USER=SynologyApplicationService ; COMMAND=/usr/bin/psql -lqt
2024-09-11T20:10:04+08:00 Synology_NAS synoscimprofile[21731]: ../..//include/converter/../dao/BaseDao.h:21 ERROR: setresuid(-1, 0, -1) [Operation not permitted]
2024-09-11T20:10:07+08:00 Synology_NAS synoscimprofile[7168]: SYSTEM:	Last message '../..//include/conve' repeated 14 times, suppressed by syslog-ng on Synology_NAS
2024-09-11T20:10:07+08:00 Synology_NAS su[22021]: pam_unix(su:session): session opened for user postgres by (uid=0)
2024-09-11T20:10:08+08:00 Synology_NAS su[22021]: pam_unix(su:session): session closed for user postgres
2024-09-11T20:10:08+08:00 Synology_NAS su[22042]: pam_unix(su:session): session opened for user office by (uid=0)
2024-09-11T20:10:07+08:00 Synology_NAS su[22021]: pam_unix(su:session): session opened for user postgres by (uid=0)
2024-09-11T20:10:08+08:00 Synology_NAS su[22042]: pam_unix(su:session): session closed for user office
2024-09-11T20:10:08+08:00 Synology_NAS su[22045]: pam_unix(su:session): session opened for user office by (uid=0)
2024-09-11T20:10:08+08:00 Synology_NAS su[22045]: pam_unix(su:session): session closed for user office
2024-09-11T20:10:08+08:00 Synology_NAS su[22050]: pam_unix(su:session): session opened for user office by (uid=0)
2024-09-11T20:10:08+08:00 Synology_NAS su[22045]: pam_unix(su:session): session opened for user office by (uid=0)
2024-09-11T20:10:08+08:00 Synology_NAS su[22050]: pam_unix(su:session): session closed for user office
2024-09-11T20:10:08+08:00 Synology_NAS su[22066]: pam_unix(su:session): session opened for user office by (uid=0)
2024-09-11T20:10:08+08:00 Synology_NAS su[22066]: pam_unix(su:session): session closed for user office
2024-09-11T20:10:10+08:00 Synology_NAS su[22100]: pam_unix(su:session): session opened for user office by (uid=0)
2024-09-11T20:10:08+08:00 Synology_NAS su[22066]: pam_unix(su:session): session opened for user office by (uid=0)
2024-09-11T20:10:10+08:00 Synology_NAS su[22100]: pam_unix(su:session): session closed for user office
2024-09-11T20:10:28+08:00 Synology_NAS su[22581]: pam_unix(su:session): session opened for user office by (uid=0)
2024-09-11T20:10:28+08:00 Synology_NAS su[22581]: pam_unix(su:session): session closed for user office
2024-09-11T20:10:32+08:00 Synology_NAS su[23098]: pam_unix(su:session): session opened for user office by (uid=0)
2024-09-11T20:10:28+08:00 Synology_NAS su[22581]: pam_unix(su:session): session opened for user office by (uid=0)
2024-09-11T20:10:32+08:00 Synology_NAS su[23098]: pam_unix(su:session): session closed for user office
2024-09-11T20:10:32+08:00 Synology_NAS su[23127]: pam_unix(su:session): session opened for user office by (uid=0)
2024-09-11T20:10:32+08:00 Synology_NAS su[23127]: pam_unix(su:session): session closed for user office
2024-09-11T20:29:58+08:00 Synology_NAS su[8088]: pam_unix(su:session): session opened for user postgres by (uid=0)
2024-09-12T00:25:05+08:00 Synology_NAS synoscgi_SYNO.API.Auth_7_login[16979]: pam_unix(webui:auth): authentication failure; logname= uid=0 euid=0 tty= ruser= rhost=10.0.0.95  user=Allen
2024-09-15T00:00:47+08:00 Synology_NAS synoscgi_SYNO.Core.User.PasswordConfirm_2_auth[4907]: pam_unix(confirm:auth): authentication failure; logname= uid=0 euid=0 tty= ruser= rhost=  user=Allen
2024-09-15T05:06:24+08:00 Synology_NAS su[14188]: pam_unix(su:session): session opened for user postgres by (uid=0)
2024-09-15T05:06:31+08:00 Synology_NAS su[14188]: pam_unix(su:session): session closed for user postgres
2024-09-15T05:16:21+08:00 Synology_NAS su[19407]: pam_unix(su:session): session opened for user DownloadStation by (uid=0)
2024-09-23T23:27:45+08:00 Synology_NAS sshd[2159]: fatal: userauth_finish: Connection reset by peer [preauth]
2024-09-23T23:29:24+08:00 Synology_NAS sudo[2593]:    Allen : TTY=pts/0 ; PWD=/ ; USER=root ; COMMAND=/bin/systemctl status docker
2024-09-23T23:29:24+08:00 Synology_NAS sudo[2593]: pam_unix(sudo:session): session opened for user root by Allen(uid=1026)
2024-09-23T23:29:24+08:00 Synology_NAS sudo[2593]: pam_unix(sudo:session): session closed for user root
2024-09-23T23:50:52+08:00 Synology_NAS sshd[2202]: pam_unix(sshd:session): session closed for user Allen
2024-09-28T12:20:34+08:00 Synology_NAS synoscimprofile[7605]: SYSTEM:	Last message '../..//include/conve' repeated 14 times, suppressed by syslog-ng on Synology_NAS
2024-09-28T12:58:30+08:00 Synology_NAS sudo[28611]:    Allen : TTY=pts/0 ; PWD=/volume1/docker ; USER=root ; COMMAND=/bin/su
2024-09-28T12:58:30+08:00 Synology_NAS sudo[28611]: pam_unix(sudo:session): session opened for user root by Allen(uid=1026)
2024-09-28T12:58:30+08:00 Synology_NAS su[28666]: pam_unix(su:session): session opened for user root by Allen(uid=0)
2024-09-28T13:07:31+08:00 Synology_NAS sshd[26961]: pam_unix(sshd:session): session closed for user Allen
