2024-09-08T17:17:00-07:00 SynologyNAS esynoscheduler[14355]: (14355) util.cpp:325 no config file exist, path=/usr/syno/etc/esynoscheduler/esynoscheduler-conf.json
2024-09-08T17:17:00-07:00 SynologyNAS esynoscheduler[14355]: (14355) esynoscheduler.cpp:606 Init ok
2024-09-08T17:17:01-07:00 SynologyNAS esynoscheduler[14848]: (14848) esynoscheduler_lib.cpp:843 no task only base on event=[bootup]
2024-09-10T07:08:25+08:00 Synology_NAS esynoscheduler[11467]: (11467) esynoscheduler.cpp:606 Init ok
2024-09-10T07:08:26+08:00 Synology_NAS esynoscheduler[12150]: (12150) esynoscheduler_lib.cpp:843 no task only base on event=[bootup]
2024-09-11T20:05:42+08:00 Synology_NAS esynoscheduler[11779]: (11779) esynoscheduler.cpp:606 Init ok
2024-09-11T20:05:42+08:00 Synology_NAS esynoscheduler[12496]: (12496) esynoscheduler_lib.cpp:843 no task only base on event=[bootup]
2024-09-12T00:30:33+08:00 Synology_NAS esynoscheduler[13382]: (13382) esynoscheduler.cpp:606 Init ok
2024-09-12T00:30:34+08:00 Synology_NAS esynoscheduler[14167]: (14167) esynoscheduler_lib.cpp:843 no task only base on event=[bootup]
2024-09-14T23:17:01+08:00 Synology_NAS esynoscheduler[15191]: (15191) esynoscheduler.cpp:606 Init ok
2024-09-14T23:17:02+08:00 Synology_NAS esynoscheduler[16532]: (16532) esynoscheduler_lib.cpp:843 no task only base on event=[bootup]
2024-09-15T01:14:24+08:00 Synology_NAS esynoscheduler[15291]: (15291) esynoscheduler.cpp:606 Init ok
2024-09-15T01:14:26+08:00 Synology_NAS esynoscheduler[16406]: (16406) esynoscheduler_lib.cpp:843 no task only base on event=[bootup]
2024-09-15T01:22:12+08:00 Synology_NAS esynoscheduler[14853]: (14853) esynoscheduler.cpp:606 Init ok
2024-09-15T01:22:16+08:00 Synology_NAS esynoscheduler[17010]: (17010) esynoscheduler_lib.cpp:843 no task only base on event=[bootup]
2024-09-15T01:31:06+08:00 Synology_NAS esynoscheduler[15284]: (15284) esynoscheduler.cpp:606 Init ok
2024-09-15T01:31:09+08:00 Synology_NAS esynoscheduler[16823]: (16823) esynoscheduler_lib.cpp:843 no task only base on event=[bootup]
2024-09-15T05:06:23+08:00 Synology_NAS esynoscheduler[13162]: (13162) esynoscheduler.cpp:606 Init ok
2024-09-15T05:06:25+08:00 Synology_NAS esynoscheduler[14284]: (14284) esynoscheduler_lib.cpp:843 no task only base on event=[bootup]
2024-09-15T05:15:27+08:00 Synology_NAS esynoscheduler[15667]: (15667) esynoscheduler.cpp:606 Init ok
2024-09-15T05:15:31+08:00 Synology_NAS esynoscheduler[16997]: (16997) esynoscheduler_lib.cpp:843 no task only base on event=[bootup]
2024-09-16T05:39:48+08:00 Synology_NAS esynoscheduler[14725]: (14725) esynoscheduler.cpp:606 Init ok
2024-09-16T05:39:50+08:00 Synology_NAS esynoscheduler[16394]: (16394) esynoscheduler_lib.cpp:843 no task only base on event=[bootup]
2024-09-16T19:33:08+08:00 Synology_NAS esynoscheduler[14957]: (14957) esynoscheduler.cpp:606 Init ok
2024-09-16T19:33:11+08:00 Synology_NAS esynoscheduler[16360]: (16360) esynoscheduler_lib.cpp:843 no task only base on event=[bootup]
2024-09-17T04:58:50+08:00 Synology_NAS esynoscheduler[15252]: (15252) esynoscheduler.cpp:606 Init ok
2024-09-17T04:58:52+08:00 Synology_NAS esynoscheduler[16472]: (16472) esynoscheduler_lib.cpp:843 no task only base on event=[bootup]
2024-09-17T05:50:58+08:00 Synology_NAS esynoscheduler[14800]: (14800) esynoscheduler.cpp:606 Init ok
2024-09-17T05:51:00+08:00 Synology_NAS esynoscheduler[16388]: (16388) esynoscheduler_lib.cpp:843 no task only base on event=[bootup]
2024-09-17T10:46:13+08:00 Synology_NAS esynoscheduler[14957]: (14957) esynoscheduler.cpp:606 Init ok
2024-09-17T10:46:15+08:00 Synology_NAS esynoscheduler[16383]: (16383) esynoscheduler_lib.cpp:843 no task only base on event=[bootup]
2024-09-20T07:51:31+08:00 Synology_NAS esynoscheduler[15431]: (15431) esynoscheduler.cpp:606 Init ok
2024-09-20T07:51:34+08:00 Synology_NAS esynoscheduler[16576]: (16576) esynoscheduler_lib.cpp:843 no task only base on event=[bootup]
2024-09-20T11:34:52+08:00 Synology_NAS esynoscheduler[15838]: (15838) esynoscheduler.cpp:606 Init ok
2024-09-20T11:34:54+08:00 Synology_NAS esynoscheduler[17066]: (17066) esynoscheduler_lib.cpp:843 no task only base on event=[bootup]
2024-10-09T04:33:35+08:00 Yasuraokaa_Site esynoscheduler[15588]: (15588) esynoscheduler.cpp:606 Init ok
2024-10-09T04:33:39+08:00 Yasuraokaa_Site esynoscheduler[17527]: (17527) esynoscheduler_lib.cpp:843 no task only base on event=[bootup]
2024-11-05T07:06:43+08:00 Yasuraokaa_Site esynoscheduler[15674]: (15674) esynoscheduler.cpp:606 Init ok
2024-11-05T07:06:46+08:00 Yasuraokaa_Site esynoscheduler[17997]: (17997) esynoscheduler_lib.cpp:843 no task only base on event=[bootup]
