2024-09-08T17:16:50-07:00 SynologyNAS ip-conflict-detect.sh[10067]: Files: 1
2024-09-08T17:16:50-07:00 SynologyNAS ip-conflict-detect.sh[10067]: Directories: 0
2024-09-08T17:16:50-07:00 SynologyNAS ip-conflict-detect.sh[10067]: Touched Pages: 8 (32K)
2024-09-08T17:16:50-07:00 SynologyNAS ip-conflict-detect.sh[10067]: Elapsed: 0.01914 seconds
2024-09-09T08:24:43+08:00 Synology_NAS ip-conflict-detect.sh[26103]: Files: 1
2024-09-09T08:24:43+08:00 Synology_NAS ip-conflict-detect.sh[26103]: Directories: 0
2024-09-09T08:24:43+08:00 Synology_NAS ip-conflict-detect.sh[26103]: Evicted Pages: 8 (32K)
2024-09-09T08:24:43+08:00 Synology_NAS ip-conflict-detect.sh[26103]: Elapsed: 2.2e-05 seconds
2024-09-10T07:08:53+08:00 Synology_NAS ip-conflict-detect.sh[10248]: Files: 1
2024-09-10T07:08:53+08:00 Synology_NAS ip-conflict-detect.sh[10248]: Directories: 0
2024-09-10T07:08:53+08:00 Synology_NAS ip-conflict-detect.sh[10248]: Touched Pages: 8 (32K)
2024-09-10T07:08:53+08:00 Synology_NAS ip-conflict-detect.sh[10248]: Elapsed: 0.026768 seconds
2024-09-11T19:57:35+08:00 Synology_NAS ip-conflict-detect.sh[473]: Files: 1
2024-09-11T19:57:35+08:00 Synology_NAS ip-conflict-detect.sh[473]: Directories: 0
2024-09-11T19:57:35+08:00 Synology_NAS ip-conflict-detect.sh[473]: Evicted Pages: 8 (32K)
2024-09-11T19:57:35+08:00 Synology_NAS ip-conflict-detect.sh[473]: Elapsed: 2e-05 seconds
2024-09-11T20:05:37+08:00 Synology_NAS ip-conflict-detect.sh[9632]: Files: 1
2024-09-11T20:05:37+08:00 Synology_NAS ip-conflict-detect.sh[9632]: Directories: 0
2024-09-11T20:05:37+08:00 Synology_NAS ip-conflict-detect.sh[9632]: Touched Pages: 8 (32K)
2024-09-11T20:05:37+08:00 Synology_NAS ip-conflict-detect.sh[9632]: Elapsed: 0.018489 seconds
2024-09-12T00:26:20+08:00 Synology_NAS ip-conflict-detect.sh[17782]: Files: 1
2024-09-12T00:26:20+08:00 Synology_NAS ip-conflict-detect.sh[17782]: Directories: 0
2024-09-12T00:26:20+08:00 Synology_NAS ip-conflict-detect.sh[17782]: Evicted Pages: 8 (32K)
2024-09-12T00:26:20+08:00 Synology_NAS ip-conflict-detect.sh[17782]: Elapsed: 2.3e-05 seconds
2024-09-12T00:30:27+08:00 Synology_NAS ip-conflict-detect.sh[12259]: Files: 1
2024-09-12T00:30:27+08:00 Synology_NAS ip-conflict-detect.sh[12259]: Directories: 0
2024-09-12T00:30:27+08:00 Synology_NAS ip-conflict-detect.sh[12259]: Touched Pages: 8 (32K)
2024-09-12T00:30:27+08:00 Synology_NAS ip-conflict-detect.sh[12259]: Elapsed: 0.02672 seconds
2024-09-14T22:42:42+08:00 Synology_NAS ip-conflict-detect.sh[8831]: Files: 1
2024-09-14T22:42:42+08:00 Synology_NAS ip-conflict-detect.sh[8831]: Directories: 0
2024-09-14T22:42:42+08:00 Synology_NAS ip-conflict-detect.sh[8831]: Evicted Pages: 8 (32K)
2024-09-14T22:42:42+08:00 Synology_NAS ip-conflict-detect.sh[8831]: Elapsed: 2.1e-05 seconds
2024-09-14T23:16:54+08:00 Synology_NAS ip-conflict-detect.sh[13440]: Files: 1
2024-09-14T23:16:54+08:00 Synology_NAS ip-conflict-detect.sh[13440]: Directories: 0
2024-09-14T23:16:54+08:00 Synology_NAS ip-conflict-detect.sh[13440]: Touched Pages: 8 (32K)
2024-09-14T23:16:54+08:00 Synology_NAS ip-conflict-detect.sh[13440]: Elapsed: 0.026994 seconds
2024-09-15T00:49:58+08:00 Synology_NAS ip-conflict-detect.sh[25176]: Files: 1
2024-09-15T00:49:58+08:00 Synology_NAS ip-conflict-detect.sh[25176]: Directories: 0
2024-09-15T00:49:58+08:00 Synology_NAS ip-conflict-detect.sh[25176]: Evicted Pages: 8 (32K)
2024-09-15T00:49:58+08:00 Synology_NAS ip-conflict-detect.sh[25176]: Elapsed: 2.9e-05 seconds
2024-09-15T01:14:19+08:00 Synology_NAS ip-conflict-detect.sh[13401]: Files: 1
2024-09-15T01:14:19+08:00 Synology_NAS ip-conflict-detect.sh[13401]: Directories: 0
2024-09-15T01:14:19+08:00 Synology_NAS ip-conflict-detect.sh[13401]: Touched Pages: 8 (32K)
2024-09-15T01:14:19+08:00 Synology_NAS ip-conflict-detect.sh[13401]: Elapsed: 0.003606 seconds
2024-09-15T01:22:06+08:00 Synology_NAS ip-conflict-detect.sh[13448]: Files: 1
2024-09-15T01:22:06+08:00 Synology_NAS ip-conflict-detect.sh[13448]: Directories: 0
2024-09-15T01:22:06+08:00 Synology_NAS ip-conflict-detect.sh[13448]: Touched Pages: 8 (32K)
2024-09-15T01:22:06+08:00 Synology_NAS ip-conflict-detect.sh[13448]: Elapsed: 0.000207 seconds
2024-09-15T01:31:00+08:00 Synology_NAS ip-conflict-detect.sh[13677]: Files: 1
2024-09-15T01:31:00+08:00 Synology_NAS ip-conflict-detect.sh[13677]: Directories: 0
2024-09-15T01:31:00+08:00 Synology_NAS ip-conflict-detect.sh[13677]: Touched Pages: 8 (32K)
2024-09-15T01:31:00+08:00 Synology_NAS ip-conflict-detect.sh[13677]: Elapsed: 0.002532 seconds
2024-09-15T05:06:13+08:00 Synology_NAS ip-conflict-detect.sh[11251]: Files: 1
2024-09-15T05:06:13+08:00 Synology_NAS ip-conflict-detect.sh[11251]: Directories: 0
2024-09-15T05:06:13+08:00 Synology_NAS ip-conflict-detect.sh[11251]: Touched Pages: 8 (32K)
2024-09-15T05:06:13+08:00 Synology_NAS ip-conflict-detect.sh[11251]: Elapsed: 0.07362 seconds
2024-09-15T05:09:39+08:00 Synology_NAS ip-conflict-detect.sh[16081]: Files: 1
2024-09-15T05:09:39+08:00 Synology_NAS ip-conflict-detect.sh[16081]: Directories: 0
2024-09-15T05:09:39+08:00 Synology_NAS ip-conflict-detect.sh[16081]: Evicted Pages: 8 (32K)
2024-09-15T05:09:39+08:00 Synology_NAS ip-conflict-detect.sh[16081]: Elapsed: 2e-05 seconds
2024-09-15T05:15:18+08:00 Synology_NAS ip-conflict-detect.sh[13408]: Files: 1
2024-09-15T05:15:18+08:00 Synology_NAS ip-conflict-detect.sh[13408]: Directories: 0
2024-09-15T05:15:18+08:00 Synology_NAS ip-conflict-detect.sh[13408]: Touched Pages: 8 (32K)
2024-09-15T05:15:18+08:00 Synology_NAS ip-conflict-detect.sh[13408]: Elapsed: 0.001078 seconds
2024-09-16T05:35:16+08:00 Synology_NAS ip-conflict-detect.sh[9333]: Files: 1
2024-09-16T05:35:16+08:00 Synology_NAS ip-conflict-detect.sh[9333]: Directories: 0
2024-09-16T05:35:16+08:00 Synology_NAS ip-conflict-detect.sh[9333]: Evicted Pages: 8 (32K)
2024-09-16T05:35:16+08:00 Synology_NAS ip-conflict-detect.sh[9333]: Elapsed: 2.9e-05 seconds
2024-09-16T05:39:42+08:00 Synology_NAS ip-conflict-detect.sh[13451]: Files: 1
2024-09-16T05:39:42+08:00 Synology_NAS ip-conflict-detect.sh[13451]: Directories: 0
2024-09-16T05:39:42+08:00 Synology_NAS ip-conflict-detect.sh[13451]: Touched Pages: 8 (32K)
2024-09-16T05:39:42+08:00 Synology_NAS ip-conflict-detect.sh[13451]: Elapsed: 0.023545 seconds
2024-09-16T19:28:24+08:00 Synology_NAS ip-conflict-detect.sh[16332]: Files: 1
2024-09-16T19:28:24+08:00 Synology_NAS ip-conflict-detect.sh[16332]: Directories: 0
2024-09-16T19:28:24+08:00 Synology_NAS ip-conflict-detect.sh[16332]: Evicted Pages: 8 (32K)
2024-09-16T19:28:24+08:00 Synology_NAS ip-conflict-detect.sh[16332]: Elapsed: 2.8e-05 seconds
2024-09-16T19:33:04+08:00 Synology_NAS ip-conflict-detect.sh[13393]: Files: 1
2024-09-16T19:33:04+08:00 Synology_NAS ip-conflict-detect.sh[13393]: Directories: 0
2024-09-16T19:33:04+08:00 Synology_NAS ip-conflict-detect.sh[13393]: Touched Pages: 8 (32K)
2024-09-16T19:33:04+08:00 Synology_NAS ip-conflict-detect.sh[13393]: Elapsed: 0.003057 seconds
2024-09-17T04:54:15+08:00 Synology_NAS ip-conflict-detect.sh[19289]: Files: 1
2024-09-17T04:54:15+08:00 Synology_NAS ip-conflict-detect.sh[19289]: Directories: 0
2024-09-17T04:54:15+08:00 Synology_NAS ip-conflict-detect.sh[19289]: Evicted Pages: 8 (32K)
2024-09-17T04:54:15+08:00 Synology_NAS ip-conflict-detect.sh[19289]: Elapsed: 2.1e-05 seconds
2024-09-17T04:58:44+08:00 Synology_NAS ip-conflict-detect.sh[13497]: Files: 1
2024-09-17T04:58:44+08:00 Synology_NAS ip-conflict-detect.sh[13497]: Directories: 0
2024-09-17T04:58:44+08:00 Synology_NAS ip-conflict-detect.sh[13497]: Touched Pages: 8 (32K)
2024-09-17T04:58:44+08:00 Synology_NAS ip-conflict-detect.sh[13497]: Elapsed: 0.007196 seconds
2024-09-17T05:46:13+08:00 Synology_NAS ip-conflict-detect.sh[980]: Files: 1
2024-09-17T05:46:13+08:00 Synology_NAS ip-conflict-detect.sh[980]: Directories: 0
2024-09-17T05:46:13+08:00 Synology_NAS ip-conflict-detect.sh[980]: Evicted Pages: 8 (32K)
2024-09-17T05:46:13+08:00 Synology_NAS ip-conflict-detect.sh[980]: Elapsed: 2.3e-05 seconds
2024-09-17T05:50:53+08:00 Synology_NAS ip-conflict-detect.sh[13435]: Files: 1
2024-09-17T05:50:53+08:00 Synology_NAS ip-conflict-detect.sh[13435]: Directories: 0
2024-09-17T05:50:53+08:00 Synology_NAS ip-conflict-detect.sh[13435]: Touched Pages: 8 (32K)
2024-09-17T05:50:53+08:00 Synology_NAS ip-conflict-detect.sh[13435]: Elapsed: 0.009181 seconds
2024-09-17T10:41:29+08:00 Synology_NAS ip-conflict-detect.sh[2683]: Files: 1
2024-09-17T10:41:29+08:00 Synology_NAS ip-conflict-detect.sh[2683]: Directories: 0
2024-09-17T10:41:29+08:00 Synology_NAS ip-conflict-detect.sh[2683]: Evicted Pages: 8 (32K)
2024-09-17T10:41:29+08:00 Synology_NAS ip-conflict-detect.sh[2683]: Elapsed: 2.3e-05 seconds
2024-09-17T10:46:07+08:00 Synology_NAS ip-conflict-detect.sh[13392]: Files: 1
2024-09-17T10:46:07+08:00 Synology_NAS ip-conflict-detect.sh[13392]: Directories: 0
2024-09-17T10:46:07+08:00 Synology_NAS ip-conflict-detect.sh[13392]: Touched Pages: 8 (32K)
2024-09-17T10:46:07+08:00 Synology_NAS ip-conflict-detect.sh[13392]: Elapsed: 0.008137 seconds
2024-09-20T07:36:31+08:00 Synology_NAS ip-conflict-detect.sh[7303]: Files: 1
2024-09-20T07:36:31+08:00 Synology_NAS ip-conflict-detect.sh[7303]: Directories: 0
2024-09-20T07:36:31+08:00 Synology_NAS ip-conflict-detect.sh[7303]: Evicted Pages: 8 (32K)
2024-09-20T07:36:31+08:00 Synology_NAS ip-conflict-detect.sh[7303]: Elapsed: 2.3e-05 seconds
2024-09-20T07:51:25+08:00 Synology_NAS ip-conflict-detect.sh[13532]: Files: 1
2024-09-20T07:51:25+08:00 Synology_NAS ip-conflict-detect.sh[13532]: Directories: 0
2024-09-20T07:51:25+08:00 Synology_NAS ip-conflict-detect.sh[13532]: Touched Pages: 8 (32K)
2024-09-20T07:51:25+08:00 Synology_NAS ip-conflict-detect.sh[13532]: Elapsed: 0.016303 seconds
2024-09-20T11:28:39+08:00 Synology_NAS ip-conflict-detect.sh[31662]: Files: 1
2024-09-20T11:28:39+08:00 Synology_NAS ip-conflict-detect.sh[31662]: Directories: 0
2024-09-20T11:28:39+08:00 Synology_NAS ip-conflict-detect.sh[31662]: Evicted Pages: 8 (32K)
2024-09-20T11:28:39+08:00 Synology_NAS ip-conflict-detect.sh[31662]: Elapsed: 2.3e-05 seconds
2024-09-20T11:34:46+08:00 Synology_NAS ip-conflict-detect.sh[14076]: Files: 1
2024-09-20T11:34:46+08:00 Synology_NAS ip-conflict-detect.sh[14076]: Directories: 0
2024-09-20T11:34:46+08:00 Synology_NAS ip-conflict-detect.sh[14076]: Touched Pages: 8 (32K)
2024-09-20T11:34:46+08:00 Synology_NAS ip-conflict-detect.sh[14076]: Elapsed: 0.018447 seconds
2024-10-09T04:28:32+08:00 Yasuraokaa_Site ip-conflict-detect.sh[32700]: Files: 1
2024-10-09T04:28:32+08:00 Yasuraokaa_Site ip-conflict-detect.sh[32700]: Directories: 0
2024-10-09T04:28:32+08:00 Yasuraokaa_Site ip-conflict-detect.sh[32700]: Evicted Pages: 8 (32K)
2024-10-09T04:28:32+08:00 Yasuraokaa_Site ip-conflict-detect.sh[32700]: Elapsed: 2.8e-05 seconds
2024-10-09T04:33:30+08:00 Yasuraokaa_Site ip-conflict-detect.sh[14210]: Files: 1
2024-10-09T04:33:30+08:00 Yasuraokaa_Site ip-conflict-detect.sh[14210]: Directories: 0
2024-10-09T04:33:30+08:00 Yasuraokaa_Site ip-conflict-detect.sh[14210]: Touched Pages: 8 (32K)
2024-10-09T04:33:30+08:00 Yasuraokaa_Site ip-conflict-detect.sh[14210]: Elapsed: 0.012225 seconds
2024-11-05T00:53:13+08:00 Yasuraokaa_Site ip-conflict-detect.sh[21990]: Files: 1
2024-11-05T00:53:13+08:00 Yasuraokaa_Site ip-conflict-detect.sh[21990]: Directories: 0
2024-11-05T00:53:13+08:00 Yasuraokaa_Site ip-conflict-detect.sh[21990]: Evicted Pages: 8 (32K)
2024-11-05T00:53:13+08:00 Yasuraokaa_Site ip-conflict-detect.sh[21990]: Elapsed: 5.4e-05 seconds
2024-11-05T07:06:37+08:00 Yasuraokaa_Site ip-conflict-detect.sh[14273]: Files: 1
2024-11-05T07:06:37+08:00 Yasuraokaa_Site ip-conflict-detect.sh[14273]: Directories: 0
2024-11-05T07:06:37+08:00 Yasuraokaa_Site ip-conflict-detect.sh[14273]: Touched Pages: 8 (32K)
2024-11-05T07:06:37+08:00 Yasuraokaa_Site ip-conflict-detect.sh[14273]: Elapsed: 0.37227 seconds
