2024-09-08T17:16:53-07:00 SynologyNAS synow3tool[10688]: Start Nginx Server in Normal Mode ......
2024-09-08T17:16:56-07:00 SynologyNAS synow3tool[12258]: Start Nginx Server in Normal Mode ......
2024-09-08T17:16:57-07:00 SynologyNAS synow3tool[12788]: Start Nginx Server in Normal Mode ......
2024-09-08T17:17:12-07:00 SynologyNAS synow3tool[17040]: Start Nginx Server in Normal Mode ......
2024-09-08T17:17:43-07:00 SynologyNAS synow3tool[19928]: Start Nginx Server in Normal Mode ......
2024-09-08T17:17:44-07:00 SynologyNAS synow3tool[20528]: Start Nginx Server in Normal Mode ......
2024-09-08T17:19:35-07:00 Synology_NAS synow3tool[23321]: Start Nginx Server in Normal Mode ......
2024-09-08T17:19:35-07:00 Synology_NAS synow3tool[23451]: Start Nginx Server in Normal Mode ......
2024-09-09T08:20:34+08:00 Synology_NAS synow3tool[24823]: Start Nginx Server in Normal Mode ......
2024-09-09T08:24:46+08:00 Synology_NAS nginx[27373]: nginx: [warn] duplicate extension "wasm", content type: "application/wasm", previous content type: "application/wasm" in /etc/nginx/mime.types:101
2024-09-09T08:24:46+08:00 Synology_NAS synow3tool[27411]: Stop Nginx Server ......
2024-09-10T07:08:22+08:00 Synology_NAS synow3tool[10918]: Start Nginx Server in Normal Mode ......
2024-09-10T07:08:32+08:00 Synology_NAS synow3tool[12772]: Start Nginx Server in Normal Mode ......
2024-09-10T07:25:46+08:00 Synology_NAS synow3tool[14042]: Start Nginx Server in Normal Mode ......
2024-09-11T19:57:38+08:00 Synology_NAS nginx[1722]: nginx: [warn] duplicate extension "wasm", content type: "application/wasm", previous content type: "application/wasm" in /etc/nginx/mime.types:101
2024-09-11T19:57:38+08:00 Synology_NAS synow3tool[1757]: Stop Nginx Server ......
2024-09-11T20:05:39+08:00 Synology_NAS synow3tool[11215]: Start Nginx Server in Normal Mode ......
2024-09-11T20:05:48+08:00 Synology_NAS synow3tool[13104]: Start Nginx Server in Normal Mode ......
2024-09-11T20:09:09+08:00 Synology_NAS synow3tool[15109]: Start Nginx Server in Normal Mode ......
2024-09-11T20:09:42+08:00 Synology_NAS synow3tool[19841]: Start Nginx Server in Normal Mode ......
2024-09-11T20:09:50+08:00 Synology_NAS synow3tool[21080]: Start Nginx Server in Normal Mode ......
2024-09-11T20:10:33+08:00 Synology_NAS synow3tool[23310]: Start Nginx Server in Normal Mode ......
2024-09-11T20:20:30+08:00 Synology_NAS synow3tool[29591]: Start Nginx Server in Normal Mode ......
2024-09-11T20:20:58+08:00 Synology_NAS synow3tool[30580]: Start Nginx Server in Normal Mode ......
2024-09-11T20:28:42+08:00 Synology_NAS synow3tool[4569]: Start Nginx Server in Normal Mode ......
2024-09-11T20:28:49+08:00 Synology_NAS synow3tool[5976]: Start Nginx Server in Normal Mode ......
2024-09-11T20:28:52+08:00 Synology_NAS synow3tool[6664]: Start Nginx Server in Normal Mode ......
2024-09-11T20:29:56+08:00 Synology_NAS synow3tool[7594]: Start Nginx Server in Normal Mode ......
2024-09-12T00:26:25+08:00 Synology_NAS nginx[19260]: nginx: [warn] duplicate extension "wasm", content type: "application/wasm", previous content type: "application/wasm" in /etc/nginx/mime.types:101
2024-09-12T00:26:26+08:00 Synology_NAS synow3tool[19288]: Stop Nginx Server ......
2024-09-12T00:30:29+08:00 Synology_NAS synow3tool[12807]: Start Nginx Server in Normal Mode ......
2024-09-12T00:30:40+08:00 Synology_NAS synow3tool[14902]: Start Nginx Server in Normal Mode ......
2024-09-12T10:33:03+08:00 Synology_NAS synow3tool[6211]: Start Nginx Server in Normal Mode ......
2024-09-12T10:40:32+08:00 Synology_NAS synow3tool[11889]: Start Nginx Server in Normal Mode ......
2024-09-13T15:31:45+08:00 Synology_NAS synow3tool[26289]: Start Nginx Server in Normal Mode ......
2024-09-13T15:31:45+08:00 Synology_NAS synow3tool[26372]: Start Nginx Server in Normal Mode ......
2024-09-13T15:32:13+08:00 Synology_NAS synow3tool[26822]: Start Nginx Server in Normal Mode ......
2024-09-13T15:32:13+08:00 Synology_NAS synow3tool[26898]: Start Nginx Server in Normal Mode ......
2024-09-13T15:32:13+08:00 Synology_NAS synow3tool[26970]: Start Nginx Server in Normal Mode ......
2024-09-13T15:32:34+08:00 Synology_NAS synow3tool[27432]: Start Nginx Server in Normal Mode ......
2024-09-13T15:32:34+08:00 Synology_NAS synow3tool[27483]: Start Nginx Server in Normal Mode ......
2024-09-13T15:32:34+08:00 Synology_NAS synow3tool[27554]: Start Nginx Server in Normal Mode ......
2024-09-13T15:32:34+08:00 Synology_NAS synow3tool[27592]: Start Nginx Server in Normal Mode ......
2024-09-13T15:58:01+08:00 Synology_NAS synow3tool[29634]: Start Nginx Server in Normal Mode ......
2024-09-13T15:58:02+08:00 Synology_NAS synow3tool[29987]: Start Nginx Server in Normal Mode ......
2024-09-13T15:58:02+08:00 Synology_NAS synow3tool[30099]: Start Nginx Server in Normal Mode ......
2024-09-13T16:10:25+08:00 Synology_NAS synow3tool[3544]: Start Nginx Server in Normal Mode ......
2024-09-13T16:10:25+08:00 Synology_NAS synow3tool[3602]: Start Nginx Server in Normal Mode ......
2024-09-13T16:10:32+08:00 Synology_NAS synow3tool[4168]: Start Nginx Server in Normal Mode ......
2024-09-13T16:10:34+08:00 Synology_NAS synow3tool[4276]: Start Nginx Server in Normal Mode ......
2024-09-13T16:10:35+08:00 Synology_NAS synow3tool[4472]: Start Nginx Server in Normal Mode ......
2024-09-14T22:43:07+08:00 Synology_NAS nginx[10890]: nginx: [warn] duplicate extension "wasm", content type: "application/wasm", previous content type: "application/wasm" in /etc/nginx/mime.types:101
2024-09-14T22:43:07+08:00 Synology_NAS synow3tool[10942]: Stop Nginx Server ......
2024-09-14T23:16:57+08:00 Synology_NAS synow3tool[14168]: Start Nginx Server in Normal Mode ......
2024-09-14T23:17:08+08:00 Synology_NAS synow3tool[18594]: Start Nginx Server in Normal Mode ......
2024-09-14T23:17:10+08:00 Synology_NAS synow3tool[19018]: Start Nginx Server in Normal Mode ......
2024-09-14T23:17:10+08:00 Synology_NAS synow3tool[19117]: Start Nginx Server in Normal Mode ......
2024-09-14T23:18:57+08:00 Synology_NAS synow3tool[20159]: Start Nginx Server in Normal Mode ......
2024-09-14T23:18:57+08:00 Synology_NAS synow3tool[20234]: Start Nginx Server in Normal Mode ......
2024-09-14T23:18:57+08:00 Synology_NAS synow3tool[20315]: Start Nginx Server in Normal Mode ......
2024-09-14T23:19:37+08:00 Synology_NAS synow3tool[20752]: Start Nginx Server in Normal Mode ......
2024-09-14T23:19:37+08:00 Synology_NAS synow3tool[20845]: Start Nginx Server in Normal Mode ......
2024-09-14T23:19:37+08:00 Synology_NAS synow3tool[20910]: Start Nginx Server in Normal Mode ......
2024-09-14T23:28:44+08:00 Synology_NAS synow3tool[21655]: Start Nginx Server in Normal Mode ......
2024-09-14T23:28:44+08:00 Synology_NAS synow3tool[21733]: Start Nginx Server in Normal Mode ......
2024-09-14T23:28:44+08:00 Synology_NAS synow3tool[21804]: Start Nginx Server in Normal Mode ......
2024-09-14T23:29:13+08:00 Synology_NAS synow3tool[22254]: Start Nginx Server in Normal Mode ......
2024-09-14T23:29:13+08:00 Synology_NAS synow3tool[22311]: Start Nginx Server in Normal Mode ......
2024-09-14T23:29:13+08:00 Synology_NAS synow3tool[22376]: Start Nginx Server in Normal Mode ......
2024-09-14T23:29:13+08:00 Synology_NAS synow3tool[22422]: Start Nginx Server in Normal Mode ......
2024-09-14T23:32:42+08:00 Synology_NAS synow3tool[22984]: Start Nginx Server in Normal Mode ......
2024-09-14T23:32:42+08:00 Synology_NAS synow3tool[23056]: Start Nginx Server in Normal Mode ......
2024-09-14T23:32:42+08:00 Synology_NAS synow3tool[23129]: Start Nginx Server in Normal Mode ......
2024-09-14T23:32:44+08:00 Synology_NAS synow3tool[23413]: Start Nginx Server in Normal Mode ......
2024-09-14T23:32:44+08:00 Synology_NAS synow3tool[23476]: Start Nginx Server in Normal Mode ......
2024-09-14T23:32:45+08:00 Synology_NAS synow3tool[23565]: Start Nginx Server in Normal Mode ......
2024-09-14T23:33:06+08:00 Synology_NAS synow3tool[24056]: Start Nginx Server in Normal Mode ......
2024-09-14T23:33:06+08:00 Synology_NAS synow3tool[24119]: Start Nginx Server in Normal Mode ......
2024-09-14T23:34:12+08:00 Synology_NAS synow3tool[24623]: Start Nginx Server in Normal Mode ......
2024-09-14T23:34:12+08:00 Synology_NAS synow3tool[24687]: Start Nginx Server in Normal Mode ......
2024-09-14T23:34:12+08:00 Synology_NAS synow3tool[24775]: Start Nginx Server in Normal Mode ......
2024-09-14T23:34:14+08:00 Synology_NAS synow3tool[25070]: Start Nginx Server in Normal Mode ......
2024-09-14T23:34:14+08:00 Synology_NAS synow3tool[25145]: Start Nginx Server in Normal Mode ......
2024-09-14T23:34:14+08:00 Synology_NAS synow3tool[25219]: Start Nginx Server in Normal Mode ......
2024-09-14T23:39:32+08:00 Synology_NAS synow3tool[25810]: Start Nginx Server in Normal Mode ......
2024-09-14T23:39:33+08:00 Synology_NAS synow3tool[25857]: Start Nginx Server in Normal Mode ......
2024-09-14T23:39:33+08:00 Synology_NAS synow3tool[25946]: Start Nginx Server in Normal Mode ......
2024-09-14T23:39:54+08:00 Synology_NAS synow3tool[26406]: Start Nginx Server in Normal Mode ......
2024-09-14T23:39:54+08:00 Synology_NAS synow3tool[26473]: Start Nginx Server in Normal Mode ......
2024-09-14T23:39:54+08:00 Synology_NAS synow3tool[26556]: Start Nginx Server in Normal Mode ......
2024-09-14T23:40:40+08:00 Synology_NAS synow3tool[27016]: Start Nginx Server in Normal Mode ......
2024-09-14T23:40:40+08:00 Synology_NAS synow3tool[27137]: Start Nginx Server in Normal Mode ......
2024-09-14T23:40:43+08:00 Synology_NAS synow3tool[27452]: Start Nginx Server in Normal Mode ......
2024-09-14T23:40:43+08:00 Synology_NAS synow3tool[27547]: Start Nginx Server in Normal Mode ......
2024-09-14T23:40:44+08:00 Synology_NAS synow3tool[27651]: Start Nginx Server in Normal Mode ......
2024-09-14T23:43:22+08:00 Synology_NAS synow3tool[28115]: Start Nginx Server in Normal Mode ......
2024-09-14T23:43:22+08:00 Synology_NAS synow3tool[28201]: Start Nginx Server in Normal Mode ......
2024-09-14T23:43:22+08:00 Synology_NAS synow3tool[28278]: Start Nginx Server in Normal Mode ......
2024-09-14T23:43:24+08:00 Synology_NAS synow3tool[28568]: Start Nginx Server in Normal Mode ......
2024-09-14T23:43:24+08:00 Synology_NAS synow3tool[28640]: Start Nginx Server in Normal Mode ......
2024-09-14T23:43:24+08:00 Synology_NAS synow3tool[28712]: Start Nginx Server in Normal Mode ......
2024-09-14T23:44:29+08:00 Synology_NAS synow3tool[29188]: Start Nginx Server in Normal Mode ......
2024-09-14T23:44:29+08:00 Synology_NAS synow3tool[29252]: Start Nginx Server in Normal Mode ......
2024-09-14T23:44:29+08:00 Synology_NAS synow3tool[29340]: Start Nginx Server in Normal Mode ......
2024-09-14T23:44:46+08:00 Synology_NAS synow3tool[29783]: Start Nginx Server in Normal Mode ......
2024-09-14T23:44:46+08:00 Synology_NAS synow3tool[29851]: Start Nginx Server in Normal Mode ......
2024-09-14T23:44:46+08:00 Synology_NAS synow3tool[29932]: Start Nginx Server in Normal Mode ......
2024-09-14T23:45:11+08:00 Synology_NAS synow3tool[30383]: Start Nginx Server in Normal Mode ......
2024-09-14T23:45:11+08:00 Synology_NAS synow3tool[30474]: Start Nginx Server in Normal Mode ......
2024-09-14T23:45:12+08:00 Synology_NAS synow3tool[30545]: Start Nginx Server in Normal Mode ......
2024-09-14T23:45:14+08:00 Synology_NAS synow3tool[30838]: Start Nginx Server in Normal Mode ......
2024-09-14T23:45:14+08:00 Synology_NAS synow3tool[30907]: Start Nginx Server in Normal Mode ......
2024-09-14T23:45:14+08:00 Synology_NAS synow3tool[30985]: Start Nginx Server in Normal Mode ......
2024-09-14T23:45:52+08:00 Synology_NAS synow3tool[31438]: Start Nginx Server in Normal Mode ......
2024-09-14T23:45:52+08:00 Synology_NAS synow3tool[31529]: Start Nginx Server in Normal Mode ......
2024-09-14T23:45:52+08:00 Synology_NAS synow3tool[31600]: Start Nginx Server in Normal Mode ......
2024-09-14T23:55:05+08:00 Synology_NAS synow3tool[32375]: Start Nginx Server in Normal Mode ......
2024-09-14T23:55:06+08:00 Synology_NAS synow3tool[32445]: Start Nginx Server in Normal Mode ......
2024-09-14T23:55:06+08:00 Synology_NAS synow3tool[32516]: Start Nginx Server in Normal Mode ......
2024-09-14T23:55:08+08:00 Synology_NAS synow3tool[336]: Start Nginx Server in Normal Mode ......
2024-09-14T23:55:08+08:00 Synology_NAS synow3tool[409]: Start Nginx Server in Normal Mode ......
2024-09-14T23:55:08+08:00 Synology_NAS synow3tool[493]: Start Nginx Server in Normal Mode ......
2024-09-14T23:55:29+08:00 Synology_NAS synow3tool[937]: Start Nginx Server in Normal Mode ......
2024-09-14T23:55:29+08:00 Synology_NAS synow3tool[1003]: Start Nginx Server in Normal Mode ......
2024-09-14T23:55:29+08:00 Synology_NAS synow3tool[1090]: Start Nginx Server in Normal Mode ......
2024-09-14T23:55:44+08:00 Synology_NAS synow3tool[1528]: Start Nginx Server in Normal Mode ......
2024-09-14T23:55:44+08:00 Synology_NAS synow3tool[1598]: Start Nginx Server in Normal Mode ......
2024-09-14T23:55:44+08:00 Synology_NAS synow3tool[1679]: Start Nginx Server in Normal Mode ......
2024-09-14T23:57:27+08:00 Synology_NAS synow3tool[2197]: Start Nginx Server in Normal Mode ......
2024-09-14T23:57:27+08:00 Synology_NAS synow3tool[2266]: Start Nginx Server in Normal Mode ......
2024-09-14T23:57:27+08:00 Synology_NAS synow3tool[2340]: Start Nginx Server in Normal Mode ......
2024-09-14T23:58:23+08:00 Synology_NAS synow3tool[2800]: Start Nginx Server in Normal Mode ......
2024-09-14T23:58:23+08:00 Synology_NAS synow3tool[2866]: Start Nginx Server in Normal Mode ......
2024-09-14T23:58:23+08:00 Synology_NAS synow3tool[2953]: Start Nginx Server in Normal Mode ......
2024-09-14T23:58:37+08:00 Synology_NAS synow3tool[3396]: Start Nginx Server in Normal Mode ......
2024-09-14T23:58:37+08:00 Synology_NAS synow3tool[3463]: Start Nginx Server in Normal Mode ......
2024-09-14T23:58:37+08:00 Synology_NAS synow3tool[3543]: Start Nginx Server in Normal Mode ......
2024-09-14T23:58:43+08:00 Synology_NAS synow3tool[3989]: Start Nginx Server in Normal Mode ......
2024-09-14T23:58:43+08:00 Synology_NAS synow3tool[4063]: Start Nginx Server in Normal Mode ......
2024-09-14T23:58:43+08:00 Synology_NAS synow3tool[4202]: Start Nginx Server in Normal Mode ......
2024-09-14T23:58:43+08:00 Synology_NAS synow3tool[4218]: Start Nginx Server in Normal Mode ......
2024-09-14T23:59:52+08:00 Synology_NAS synow3tool[5289]: Start Nginx Server in Normal Mode ......
2024-09-14T23:59:53+08:00 Synology_NAS synow3tool[5385]: Start Nginx Server in Normal Mode ......
2024-09-14T23:59:53+08:00 Synology_NAS synow3tool[5482]: Start Nginx Server in Normal Mode ......
2024-09-14T23:59:59+08:00 Synology_NAS synow3tool[5887]: Start Nginx Server in Normal Mode ......
2024-09-14T23:59:59+08:00 Synology_NAS synow3tool[5975]: Start Nginx Server in Normal Mode ......
2024-09-14T23:59:59+08:00 Synology_NAS synow3tool[6048]: Start Nginx Server in Normal Mode ......
2024-09-14T23:59:59+08:00 Synology_NAS synow3tool[6111]: Start Nginx Server in Normal Mode ......
2024-09-15T00:00:00+08:00 Synology_NAS synow3tool[6219]: Start Nginx Server in Normal Mode ......
2024-09-15T00:05:21+08:00 Synology_NAS synow3tool[12439]: Start Nginx Server in Normal Mode ......
2024-09-15T00:05:21+08:00 Synology_NAS synow3tool[12518]: Start Nginx Server in Normal Mode ......
2024-09-15T00:05:27+08:00 Synology_NAS synow3tool[12963]: Start Nginx Server in Normal Mode ......
2024-09-15T00:05:27+08:00 Synology_NAS synow3tool[13052]: Start Nginx Server in Normal Mode ......
2024-09-15T00:05:28+08:00 Synology_NAS synow3tool[13118]: Start Nginx Server in Normal Mode ......
2024-09-15T00:05:28+08:00 Synology_NAS synow3tool[13266]: Start Nginx Server in Normal Mode ......
2024-09-15T00:50:06+08:00 Synology_NAS nginx[27152]: nginx: [warn] duplicate extension "wasm", content type: "application/wasm", previous content type: "application/wasm" in /etc/nginx/mime.types:101
2024-09-15T00:50:06+08:00 Synology_NAS synow3tool[27184]: Stop Nginx Server ......
2024-09-15T01:14:21+08:00 Synology_NAS synow3tool[14038]: Start Nginx Server in Normal Mode ......
2024-09-15T01:14:33+08:00 Synology_NAS synow3tool[18669]: Start Nginx Server in Normal Mode ......
2024-09-15T01:14:33+08:00 Synology_NAS synow3tool[18763]: Start Nginx Server in Normal Mode ......
2024-09-15T01:14:34+08:00 Synology_NAS synow3tool[18862]: Start Nginx Server in Normal Mode ......
2024-09-15T01:22:07+08:00 Synology_NAS synow3tool[13909]: Start Nginx Server in Normal Mode ......
2024-09-15T01:22:07+08:00 Synology_NAS synow3tool[13926]: Start Nginx Server in Normal Mode ......
2024-09-15T01:22:19+08:00 Synology_NAS synow3tool[17866]: Start Nginx Server in Normal Mode ......
2024-09-15T01:22:30+08:00 Synology_NAS synow3tool[18853]: Start Nginx Server in Normal Mode ......
2024-09-15T01:22:46+08:00 Synology_NAS synow3tool[19275]: Start Nginx Server in Normal Mode ......
2024-09-15T01:25:33+08:00 Synology_NAS synow3tool[19862]: Start Nginx Server in Normal Mode ......
2024-09-15T01:26:18+08:00 Synology_NAS synow3tool[20143]: Start Nginx Server in Normal Mode ......
2024-09-15T01:31:02+08:00 Synology_NAS synow3tool[14255]: Start Nginx Server in Normal Mode ......
2024-09-15T01:31:15+08:00 Synology_NAS synow3tool[18419]: Start Nginx Server in Normal Mode ......
2024-09-15T01:31:21+08:00 Synology_NAS synow3tool[19020]: Start Nginx Server in Normal Mode ......
2024-09-15T01:31:36+08:00 Synology_NAS synow3tool[19442]: Start Nginx Server in Normal Mode ......
2024-09-15T05:06:18+08:00 Synology_NAS synow3tool[12122]: Start Nginx Server in Normal Mode ......
2024-09-15T05:06:28+08:00 Synology_NAS synow3tool[14650]: Start Nginx Server in Normal Mode ......
2024-09-15T05:06:35+08:00 Synology_NAS synow3tool[15016]: Start Nginx Server in Normal Mode ......
2024-09-15T05:06:45+08:00 Synology_NAS synow3tool[15536]: Start Nginx Server in Normal Mode ......
2024-09-15T05:15:22+08:00 Synology_NAS synow3tool[14204]: Start Nginx Server in Normal Mode ......
2024-09-15T05:15:41+08:00 Synology_NAS synow3tool[18527]: Start Nginx Server in Normal Mode ......
2024-09-15T05:15:46+08:00 Synology_NAS synow3tool[18702]: Start Nginx Server in Normal Mode ......
2024-09-15T05:16:42+08:00 Synology_NAS synow3tool[20098]: Start Nginx Server in Normal Mode ......
2024-09-15T16:12:36+08:00 Synology_NAS synow3tool[24234]: Start Nginx Server in Normal Mode ......
2024-09-15T16:12:37+08:00 Synology_NAS synow3tool[24289]: Start Nginx Server in Normal Mode ......
2024-09-15T16:12:37+08:00 Synology_NAS synow3tool[24391]: Start Nginx Server in Normal Mode ......
2024-09-15T16:12:39+08:00 Synology_NAS synow3tool[24590]: Start Nginx Server in Normal Mode ......
2024-09-15T16:12:39+08:00 Synology_NAS synow3tool[24665]: Start Nginx Server in Normal Mode ......
2024-09-15T16:12:39+08:00 Synology_NAS synow3tool[24752]: Start Nginx Server in Normal Mode ......
2024-09-15T16:13:23+08:00 Synology_NAS synow3tool[25294]: Start Nginx Server in Normal Mode ......
2024-09-15T16:13:23+08:00 Synology_NAS synow3tool[25335]: Start Nginx Server in Normal Mode ......
2024-09-15T16:13:23+08:00 Synology_NAS synow3tool[25395]: Start Nginx Server in Normal Mode ......
2024-09-15T16:13:24+08:00 Synology_NAS synow3tool[25446]: Start Nginx Server in Normal Mode ......
2024-09-15T16:13:29+08:00 Synology_NAS synow3tool[25909]: Start Nginx Server in Normal Mode ......
2024-09-15T16:13:29+08:00 Synology_NAS synow3tool[25978]: Start Nginx Server in Normal Mode ......
2024-09-15T16:13:30+08:00 Synology_NAS synow3tool[26065]: Start Nginx Server in Normal Mode ......
2024-09-15T16:13:40+08:00 Synology_NAS synow3tool[26501]: Start Nginx Server in Normal Mode ......
2024-09-15T16:13:40+08:00 Synology_NAS synow3tool[26572]: Start Nginx Server in Normal Mode ......
2024-09-15T16:13:40+08:00 Synology_NAS synow3tool[26651]: Start Nginx Server in Normal Mode ......
2024-09-15T16:13:49+08:00 Synology_NAS synow3tool[27087]: Start Nginx Server in Normal Mode ......
2024-09-15T16:13:49+08:00 Synology_NAS synow3tool[27148]: Start Nginx Server in Normal Mode ......
2024-09-15T16:13:49+08:00 Synology_NAS synow3tool[27255]: Start Nginx Server in Normal Mode ......
2024-09-15T16:13:49+08:00 Synology_NAS synow3tool[27323]: Start Nginx Server in Normal Mode ......
2024-09-15T16:14:59+08:00 Synology_NAS synow3tool[28126]: Start Nginx Server in Normal Mode ......
2024-09-15T16:14:59+08:00 Synology_NAS synow3tool[28200]: Start Nginx Server in Normal Mode ......
2024-09-15T16:14:59+08:00 Synology_NAS synow3tool[28281]: Start Nginx Server in Normal Mode ......
2024-09-15T16:15:06+08:00 Synology_NAS synow3tool[28717]: Start Nginx Server in Normal Mode ......
2024-09-15T16:15:06+08:00 Synology_NAS synow3tool[28801]: Start Nginx Server in Normal Mode ......
2024-09-15T16:15:07+08:00 Synology_NAS synow3tool[28875]: Start Nginx Server in Normal Mode ......
2024-09-15T16:15:07+08:00 Synology_NAS synow3tool[28937]: Start Nginx Server in Normal Mode ......
2024-09-15T16:15:07+08:00 Synology_NAS synow3tool[29045]: Start Nginx Server in Normal Mode ......
2024-09-16T05:35:27+08:00 Synology_NAS nginx[11407]: nginx: [warn] duplicate extension "wasm", content type: "application/wasm", previous content type: "application/wasm" in /etc/nginx/mime.types:101
2024-09-16T05:35:27+08:00 Synology_NAS synow3tool[11445]: Stop Nginx Server ......
2024-09-16T05:39:44+08:00 Synology_NAS synow3tool[13819]: Start Nginx Server in Normal Mode ......
2024-09-16T05:39:44+08:00 Synology_NAS synow3tool[13916]: Start Nginx Server in Normal Mode ......
2024-09-16T05:39:55+08:00 Synology_NAS synow3tool[17846]: Start Nginx Server in Normal Mode ......
2024-09-16T05:39:58+08:00 Synology_NAS synow3tool[18687]: Start Nginx Server in Normal Mode ......
2024-09-16T05:39:59+08:00 Synology_NAS synow3tool[18805]: Start Nginx Server in Normal Mode ......
2024-09-16T19:28:50+08:00 Synology_NAS nginx[18420]: nginx: [warn] duplicate extension "wasm", content type: "application/wasm", previous content type: "application/wasm" in /etc/nginx/mime.types:101
2024-09-16T19:28:50+08:00 Synology_NAS synow3tool[18445]: Stop Nginx Server ......
2024-09-16T19:33:06+08:00 Synology_NAS synow3tool[13987]: Start Nginx Server in Normal Mode ......
2024-09-16T19:33:17+08:00 Synology_NAS synow3tool[18350]: Start Nginx Server in Normal Mode ......
2024-09-16T19:33:18+08:00 Synology_NAS synow3tool[18562]: Start Nginx Server in Normal Mode ......
2024-09-16T19:33:19+08:00 Synology_NAS synow3tool[18807]: Start Nginx Server in Normal Mode ......
2024-09-17T04:54:31+08:00 Synology_NAS nginx[21169]: nginx: [warn] duplicate extension "wasm", content type: "application/wasm", previous content type: "application/wasm" in /etc/nginx/mime.types:101
2024-09-17T04:54:31+08:00 Synology_NAS synow3tool[21201]: Stop Nginx Server ......
2024-09-17T04:58:47+08:00 Synology_NAS synow3tool[14239]: Start Nginx Server in Normal Mode ......
2024-09-17T04:58:57+08:00 Synology_NAS synow3tool[18061]: Start Nginx Server in Normal Mode ......
2024-09-17T04:59:00+08:00 Synology_NAS synow3tool[18613]: Start Nginx Server in Normal Mode ......
2024-09-17T04:59:02+08:00 Synology_NAS synow3tool[18889]: Start Nginx Server in Normal Mode ......
2024-09-17T05:46:39+08:00 Synology_NAS nginx[2641]: nginx: [warn] duplicate extension "wasm", content type: "application/wasm", previous content type: "application/wasm" in /etc/nginx/mime.types:101
2024-09-17T05:46:39+08:00 Synology_NAS synow3tool[2659]: Stop Nginx Server ......
2024-09-17T05:50:55+08:00 Synology_NAS synow3tool[14014]: Start Nginx Server in Normal Mode ......
2024-09-17T05:51:05+08:00 Synology_NAS synow3tool[18181]: Start Nginx Server in Normal Mode ......
2024-09-17T05:51:05+08:00 Synology_NAS synow3tool[18242]: Start Nginx Server in Normal Mode ......
2024-09-17T05:51:08+08:00 Synology_NAS synow3tool[18794]: Start Nginx Server in Normal Mode ......
2024-09-17T10:41:55+08:00 Synology_NAS nginx[4599]: nginx: [warn] duplicate extension "wasm", content type: "application/wasm", previous content type: "application/wasm" in /etc/nginx/mime.types:101
2024-09-17T10:41:55+08:00 Synology_NAS synow3tool[4642]: Stop Nginx Server ......
2024-09-17T10:46:09+08:00 Synology_NAS synow3tool[13979]: Start Nginx Server in Normal Mode ......
2024-09-17T10:46:22+08:00 Synology_NAS synow3tool[18571]: Start Nginx Server in Normal Mode ......
2024-09-17T10:46:23+08:00 Synology_NAS synow3tool[18753]: Start Nginx Server in Normal Mode ......
2024-09-20T07:36:44+08:00 Synology_NAS nginx[9163]: nginx: [warn] duplicate extension "wasm", content type: "application/wasm", previous content type: "application/wasm" in /etc/nginx/mime.types:101
2024-09-20T07:36:44+08:00 Synology_NAS synow3tool[9185]: Stop Nginx Server ......
2024-09-20T07:51:27+08:00 Synology_NAS synow3tool[14202]: Start Nginx Server in Normal Mode ......
2024-09-20T07:51:40+08:00 Synology_NAS synow3tool[18471]: Start Nginx Server in Normal Mode ......
2024-09-20T07:51:41+08:00 Synology_NAS synow3tool[18731]: Start Nginx Server in Normal Mode ......
2024-09-20T07:51:43+08:00 Synology_NAS synow3tool[18849]: Start Nginx Server in Normal Mode ......
2024-09-20T11:29:04+08:00 Synology_NAS nginx[1311]: nginx: [warn] duplicate extension "wasm", content type: "application/wasm", previous content type: "application/wasm" in /etc/nginx/mime.types:101
2024-09-20T11:29:04+08:00 Synology_NAS synow3tool[1340]: Stop Nginx Server ......
2024-09-20T11:34:48+08:00 Synology_NAS synow3tool[14815]: Start Nginx Server in Normal Mode ......
2024-09-20T11:34:59+08:00 Synology_NAS synow3tool[19115]: Start Nginx Server in Normal Mode ......
2024-09-20T11:35:00+08:00 Synology_NAS synow3tool[19237]: Start Nginx Server in Normal Mode ......
2024-09-20T11:35:05+08:00 Synology_NAS synow3tool[19565]: Start Nginx Server in Normal Mode ......
2024-09-21T10:56:27+08:00 Synology_NAS synow3tool[1008]: Start Nginx Server in Normal Mode ......
2024-09-23T23:32:59+08:00 Synology_NAS synow3tool[4733]: Start Nginx Server in Normal Mode ......
2024-09-23T23:33:01+08:00 Synology_NAS synow3tool[5163]: Start Nginx Server in Normal Mode ......
2024-09-23T23:33:01+08:00 Synology_NAS synow3tool[5212]: Start Nginx Server in Normal Mode ......
2024-09-23T23:33:21+08:00 Synology_NAS synow3tool[6081]: Start Nginx Server in Normal Mode ......
2024-09-23T23:42:31+08:00 Synology_NAS synow3tool[9176]: Start Nginx Server in Normal Mode ......
2024-09-23T23:42:31+08:00 Synology_NAS synow3tool[9220]: Start Nginx Server in Normal Mode ......
2024-09-23T23:45:48+08:00 Synology_NAS synow3tool[10437]: Start Nginx Server in Normal Mode ......
2024-09-23T23:48:20+08:00 Synology_NAS synow3tool[11404]: Start Nginx Server in Normal Mode ......
2024-09-24T01:49:24+08:00 Synology_NAS synow3tool[30690]: Start Nginx Server in Normal Mode ......
2024-09-24T01:49:24+08:00 Synology_NAS synow3tool[30731]: Start Nginx Server in Normal Mode ......
2024-09-24T01:51:42+08:00 Synology_NAS synow3tool[31600]: Start Nginx Server in Normal Mode ......
2024-09-24T01:52:56+08:00 Synology_NAS synow3tool[32161]: Start Nginx Server in Normal Mode ......
2024-09-24T01:53:06+08:00 Synology_NAS synow3tool[32292]: Start Nginx Server in Normal Mode ......
2024-09-24T01:53:40+08:00 Synology_NAS synow3tool[32741]: Start Nginx Server in Normal Mode ......
2024-09-24T01:53:40+08:00 Synology_NAS synow3tool[320]: Start Nginx Server in Normal Mode ......
2024-09-26T10:47:44+08:00 Synology_NAS synow3tool[20403]: Start Nginx Server in Normal Mode ......
2024-09-26T10:47:58+08:00 Synology_NAS synow3tool[21790]: Start Nginx Server in Normal Mode ......
2024-09-26T12:41:24+08:00 Synology_NAS synow3tool[30019]: Start Nginx Server in Normal Mode ......
2024-09-26T12:41:56+08:00 Synology_NAS synow3tool[30279]: Start Nginx Server in Normal Mode ......
2024-09-28T11:08:06+08:00 Synology_NAS synow3tool[9530]: Start Nginx Server in Normal Mode ......
2024-09-28T12:31:09+08:00 Synology_NAS synow3tool[7639]: Start Nginx Server in Normal Mode ......
2024-09-29T13:21:01+08:00 Synology_NAS synow3tool[22751]: Start Nginx Server in Normal Mode ......
2024-09-29T13:21:52+08:00 Synology_NAS synow3tool[24342]: Start Nginx Server in Normal Mode ......
2024-09-30T05:47:55+08:00 Synology_NAS synow3tool[413]: Start Nginx Server in Normal Mode ......
2024-09-30T05:47:55+08:00 Synology_NAS synow3tool[455]: Start Nginx Server in Normal Mode ......
2024-09-30T05:49:56+08:00 Synology_NAS synow3tool[1450]: Start Nginx Server in Normal Mode ......
2024-09-30T05:49:56+08:00 Synology_NAS synow3tool[1497]: Start Nginx Server in Normal Mode ......
2024-09-30T05:58:12+08:00 Synology_NAS synow3tool[5033]: Start Nginx Server in Normal Mode ......
2024-09-30T05:59:13+08:00 Synology_NAS synow3tool[5798]: Start Nginx Server in Normal Mode ......
2024-09-30T05:59:14+08:00 Synology_NAS synow3tool[5853]: Start Nginx Server in Normal Mode ......
2024-10-05T01:04:28+08:00 Synology_NAS synow3tool[9658]: Start Nginx Server in Normal Mode ......
2024-10-05T02:00:02+08:00 Synology_NAS synow3tool[18874]: Start Nginx Server in Normal Mode ......
2024-10-05T02:45:40+08:00 Synology_NAS synow3tool[5661]: Start Nginx Server in Normal Mode ......
2024-10-05T02:46:08+08:00 Synology_NAS synow3tool[6722]: Start Nginx Server in Normal Mode ......
2024-10-05T02:48:26+08:00 Synology_NAS synow3tool[8829]: Start Nginx Server in Normal Mode ......
2024-10-05T03:00:10+08:00 Synology_NAS synow3tool[13396]: Start Nginx Server in Normal Mode ......
2024-10-05T03:11:57+08:00 Synology_NAS synow3tool[24723]: Start Nginx Server in Normal Mode ......
2024-10-05T03:12:07+08:00 Synology_NAS synow3tool[24982]: Start Nginx Server in Normal Mode ......
2024-10-05T03:44:31+08:00 Synology_NAS synow3tool[32541]: Start Nginx Server in Normal Mode ......
2024-10-05T03:44:32+08:00 Synology_NAS synow3tool[32594]: Start Nginx Server in Normal Mode ......
2024-10-05T03:46:06+08:00 Synology_NAS synow3tool[3765]: Start Nginx Server in Normal Mode ......
2024-10-05T03:46:53+08:00 Synology_NAS synow3tool[4375]: Start Nginx Server in Normal Mode ......
2024-10-05T03:47:23+08:00 Synology_NAS synow3tool[4729]: Start Nginx Server in Normal Mode ......
2024-10-05T03:52:43+08:00 Synology_NAS synow3tool[8404]: Start Nginx Server in Normal Mode ......
2024-10-05T03:52:44+08:00 Synology_NAS synow3tool[8449]: Start Nginx Server in Normal Mode ......
2024-10-05T04:05:54+08:00 Synology_NAS synow3tool[16995]: Start Nginx Server in Normal Mode ......
2024-10-05T04:05:55+08:00 Synology_NAS synow3tool[17046]: Start Nginx Server in Normal Mode ......
2024-10-05T04:07:14+08:00 Synology_NAS synow3tool[17748]: Start Nginx Server in Normal Mode ......
2024-10-05T04:07:15+08:00 Synology_NAS synow3tool[17795]: Start Nginx Server in Normal Mode ......
2024-10-05T07:45:59+08:00 Synology_NAS nginx[3901]: nginx: [warn] duplicate extension "wasm", content type: "application/wasm", previous content type: "application/wasm" in /etc/nginx/mime.types:101
2024-10-05T07:46:00+08:00 Synology_NAS nginx[3901]: nginx: [warn] low address bits of 10.0.0.224/24 are meaningless in /etc/nginx/conf.d/dsm.ssdp.conf:2
2024-10-05T07:46:00+08:00 Synology_NAS nginx[3901]: nginx: [warn] low address bits of 10.0.0.224/16 are meaningless in /etc/nginx/conf.d/dsm.ssdp.conf:3
2024-10-05T07:46:00+08:00 Synology_NAS nginx[3901]: nginx: [warn] low address bits of 10.0.0.224/24 are meaningless in /etc/nginx/conf.d/dsm.ssdp.conf:2
2024-10-05T07:46:00+08:00 Synology_NAS nginx[3901]: nginx: [warn] low address bits of 10.0.0.224/16 are meaningless in /etc/nginx/conf.d/dsm.ssdp.conf:3
2024-10-05T07:46:00+08:00 Synology_NAS nginx[3901]: nginx: [error] open() "/run/nginx.pid" failed (2: No such file or directory)
2024-10-05T07:46:00+08:00 Synology_NAS synow3tool[3917]: Stop Nginx Server ......
2024-10-05T07:48:39+08:00 Synology_NAS synow3tool[7090]: Start Nginx Server in Normal Mode ......
2024-10-05T07:49:15+08:00 Synology_NAS synow3tool[9755]: Start Nginx Server in Normal Mode ......
2024-10-05T07:49:30+08:00 Synology_NAS synow3tool[10159]: Start Nginx Server in Normal Mode ......
2024-10-05T07:49:39+08:00 Synology_NAS synow3tool[11190]: Start Nginx Server in Normal Mode ......
2024-10-05T07:49:41+08:00 Synology_NAS synow3tool[11352]: Start Nginx Server in Normal Mode ......
2024-10-05T07:50:04+08:00 Synology_NAS synow3tool[11889]: Start Nginx Server in Normal Mode ......
2024-10-05T07:50:08+08:00 Synology_NAS synow3tool[12833]: Start Nginx Server in Normal Mode ......
2024-10-05T07:50:12+08:00 Synology_NAS synow3tool[12971]: Start Nginx Server in Normal Mode ......
2024-10-05T07:50:15+08:00 Synology_NAS synow3tool[13085]: Start Nginx Server in Normal Mode ......
2024-10-05T07:50:16+08:00 Synology_NAS synow3tool[13129]: Start Nginx Server in Normal Mode ......
2024-10-05T07:50:18+08:00 Synology_NAS synow3tool[13212]: Start Nginx Server in Normal Mode ......
2024-10-05T08:01:24+08:00 Synology_NAS synow3tool[20970]: Start Nginx Server in Normal Mode ......
2024-10-05T08:01:30+08:00 Synology_NAS synow3tool[21803]: Start Nginx Server in Normal Mode ......
2024-10-05T08:01:41+08:00 Synology_NAS synow3tool[22013]: Start Nginx Server in Normal Mode ......
2024-10-05T08:01:44+08:00 Synology_NAS synow3tool[22808]: Start Nginx Server in Normal Mode ......
2024-10-05T08:08:49+08:00 Synology_NAS synow3tool[28460]: Start Nginx Server in Normal Mode ......
2024-10-05T08:08:49+08:00 Synology_NAS synow3tool[28504]: Start Nginx Server in Normal Mode ......
2024-10-05T08:12:22+08:00 Synology_NAS synow3tool[30508]: Start Nginx Server in Normal Mode ......
2024-10-05T08:14:14+08:00 Synology_NAS synow3tool[1391]: Start Nginx Server in Normal Mode ......
2024-10-05T08:17:37+08:00 Synology_NAS synow3tool[4189]: Start Nginx Server in Normal Mode ......
2024-10-05T08:17:52+08:00 Synology_NAS synow3tool[5069]: Start Nginx Server in Normal Mode ......
2024-10-05T08:28:14+08:00 Synology_NAS synow3tool[9968]: Start Nginx Server in Normal Mode ......
2024-10-05T08:28:57+08:00 Synology_NAS synow3tool[10962]: Start Nginx Server in Normal Mode ......
2024-10-05T08:29:24+08:00 Synology_NAS synow3tool[11256]: Start Nginx Server in Normal Mode ......
2024-10-05T08:32:13+08:00 Synology_NAS synow3tool[13126]: Start Nginx Server in Normal Mode ......
2024-10-05T08:32:58+08:00 Synology_NAS synow3tool[14094]: Start Nginx Server in Normal Mode ......
2024-10-05T08:32:59+08:00 Synology_NAS synow3tool[14141]: Start Nginx Server in Normal Mode ......
2024-10-05T08:34:00+08:00 Synology_NAS synow3tool[14504]: Start Nginx Server in Normal Mode ......
2024-10-05T08:34:01+08:00 Synology_NAS synow3tool[14551]: Start Nginx Server in Normal Mode ......
2024-10-05T08:34:40+08:00 Synology_NAS synow3tool[14924]: Start Nginx Server in Normal Mode ......
2024-10-05T08:34:40+08:00 Synology_NAS synow3tool[14970]: Start Nginx Server in Normal Mode ......
2024-10-05T08:34:41+08:00 Synology_NAS synow3tool[15018]: Start Nginx Server in Normal Mode ......
2024-10-05T08:35:34+08:00 Synology_NAS synow3tool[16087]: Start Nginx Server in Normal Mode ......
2024-10-05T08:40:05+08:00 Synology_NAS synow3tool[20472]: Start Nginx Server in Normal Mode ......
2024-10-05T08:40:18+08:00 Synology_NAS synow3tool[21439]: Start Nginx Server in Normal Mode ......
2024-10-05T08:40:18+08:00 Synology_NAS synow3tool[21487]: Start Nginx Server in Normal Mode ......
2024-10-05T08:40:20+08:00 Synology_NAS synow3tool[21530]: Start Nginx Server in Normal Mode ......
2024-10-05T08:44:49+08:00 Synology_NAS synow3tool[23655]: Start Nginx Server in Normal Mode ......
2024-10-05T08:47:30+08:00 Synology_NAS synow3tool[25584]: Start Nginx Server in Normal Mode ......
2024-10-05T08:47:31+08:00 Synology_NAS synow3tool[25648]: Start Nginx Server in Normal Mode ......
2024-10-05T08:50:39+08:00 Synology_NAS synow3tool[26811]: Start Nginx Server in Normal Mode ......
2024-10-05T08:51:27+08:00 Synology_NAS synow3tool[27079]: Start Nginx Server in Normal Mode ......
2024-10-05T08:58:46+08:00 Synology_NAS synow3tool[30655]: Start Nginx Server in Normal Mode ......
2024-10-05T08:58:47+08:00 Synology_NAS synow3tool[30756]: Start Nginx Server in Normal Mode ......
2024-10-05T09:02:02+08:00 Synology_NAS synow3tool[2059]: Start Nginx Server in Normal Mode ......
2024-10-05T09:07:55+08:00 Synology_NAS synow3tool[5581]: Start Nginx Server in Normal Mode ......
2024-10-05T09:07:57+08:00 Synology_NAS synow3tool[5638]: Start Nginx Server in Normal Mode ......
2024-10-05T09:08:10+08:00 Synology_NAS synow3tool[5773]: Start Nginx Server in Normal Mode ......
2024-10-05T09:08:11+08:00 Synology_NAS synow3tool[5821]: Start Nginx Server in Normal Mode ......
2024-10-05T09:49:47+08:00 Synology_NAS synow3tool[26404]: Start Nginx Server in Normal Mode ......
2024-10-05T09:49:48+08:00 Synology_NAS synow3tool[26451]: Start Nginx Server in Normal Mode ......
2024-10-05T10:10:11+08:00 Synology_NAS synow3tool[4048]: Start Nginx Server in Normal Mode ......
2024-10-05T10:10:17+08:00 Synology_NAS synow3tool[5016]: Start Nginx Server in Normal Mode ......
2024-10-05T10:10:22+08:00 Synology_NAS synow3tool[5149]: Start Nginx Server in Normal Mode ......
2024-10-05T10:10:23+08:00 Synology_NAS synow3tool[5194]: Start Nginx Server in Normal Mode ......
2024-10-05T10:11:28+08:00 Synology_NAS synow3tool[6267]: Start Nginx Server in Normal Mode ......
2024-10-05T10:12:03+08:00 Synology_NAS synow3tool[7523]: Start Nginx Server in Normal Mode ......
2024-10-05T10:12:03+08:00 Synology_NAS synow3tool[7565]: Start Nginx Server in Normal Mode ......
2024-10-05T10:18:09+08:00 Synology_NAS synow3tool[10159]: Start Nginx Server in Normal Mode ......
2024-10-05T10:46:48+08:00 Synology_NAS synow3tool[22544]: Start Nginx Server in Normal Mode ......
2024-10-05T10:47:11+08:00 Synology_NAS synow3tool[23505]: Start Nginx Server in Normal Mode ......
2024-10-05T10:47:14+08:00 Synology_NAS synow3tool[23570]: Start Nginx Server in Normal Mode ......
2024-10-05T10:47:14+08:00 Synology_NAS synow3tool[23611]: Start Nginx Server in Normal Mode ......
2024-10-05T10:50:18+08:00 Synology_NAS synow3tool[24687]: Start Nginx Server in Normal Mode ......
2024-10-05T11:02:06+08:00 Synology_NAS synow3tool[31352]: Start Nginx Server in Normal Mode ......
2024-10-06T06:15:16+08:00 Yasuraokaa_Site synow3tool[7345]: Start Nginx Server in Normal Mode ......
2024-10-06T06:15:16+08:00 Yasuraokaa_Site synow3tool[7391]: Start Nginx Server in Normal Mode ......
2024-10-06T06:15:20+08:00 Yasuraokaa_Site synow3tool[7494]: Start Nginx Server in Normal Mode ......
2024-10-07T02:24:02+08:00 Yasuraokaa_Site synow3tool[10385]: Start Nginx Server in Normal Mode ......
2024-10-07T02:28:09+08:00 Yasuraokaa_Site synow3tool[12199]: Start Nginx Server in Normal Mode ......
2024-10-07T02:28:29+08:00 Yasuraokaa_Site synow3tool[12477]: Start Nginx Server in Normal Mode ......
2024-10-07T02:37:38+08:00 Yasuraokaa_Site synow3tool[17400]: Start Nginx Server in Normal Mode ......
2024-10-07T02:42:15+08:00 Yasuraokaa_Site synow3tool[22928]: Start Nginx Server in Normal Mode ......
2024-10-07T02:42:44+08:00 Yasuraokaa_Site synow3tool[23102]: Start Nginx Server in Normal Mode ......
2024-10-07T02:45:14+08:00 Yasuraokaa_Site synow3tool[27351]: Start Nginx Server in Normal Mode ......
2024-10-07T03:28:55+08:00 Yasuraokaa_Site synow3tool[19665]: Start Nginx Server in Normal Mode ......
2024-10-07T03:41:41+08:00 Yasuraokaa_Site synow3tool[15430]: Start Nginx Server in Normal Mode ......
2024-10-09T03:54:16+08:00 Yasuraokaa_Site synow3tool[15487]: Start Nginx Server in Normal Mode ......
2024-10-09T03:55:38+08:00 Yasuraokaa_Site synow3tool[18667]: Start Nginx Server in Normal Mode ......
2024-10-09T04:18:18+08:00 Yasuraokaa_Site synow3tool[27481]: Start Nginx Server in Normal Mode ......
2024-10-09T04:24:05+08:00 Yasuraokaa_Site synow3tool[30231]: Start Nginx Server in Normal Mode ......
2024-10-09T04:29:17+08:00 Yasuraokaa_Site nginx[3949]: nginx: [warn] duplicate extension "wasm", content type: "application/wasm", previous content type: "application/wasm" in /etc/nginx/mime.types:101
2024-10-09T04:29:17+08:00 Yasuraokaa_Site synow3tool[3981]: Stop Nginx Server ......
2024-10-09T04:33:33+08:00 Yasuraokaa_Site synow3tool[15025]: Start Nginx Server in Normal Mode ......
2024-10-09T04:33:40+08:00 Yasuraokaa_Site synow3tool[18548]: Start Nginx Server in Normal Mode ......
2024-10-09T04:33:46+08:00 Yasuraokaa_Site synow3tool[20445]: Start Nginx Server in Normal Mode ......
2024-10-09T04:33:47+08:00 Yasuraokaa_Site synow3tool[20578]: Start Nginx Server in Normal Mode ......
2024-10-09T04:33:52+08:00 Yasuraokaa_Site synow3tool[20935]: Start Nginx Server in Normal Mode ......
2024-10-09T04:34:02+08:00 Yasuraokaa_Site synow3tool[23594]: Start Nginx Server in Normal Mode ......
2024-10-09T04:34:32+08:00 Yasuraokaa_Site synow3tool[26584]: Start Nginx Server in Normal Mode ......
2024-10-09T04:35:25+08:00 Yasuraokaa_Site synow3tool[27939]: Start Nginx Server in Normal Mode ......
2024-10-09T04:46:00+08:00 Yasuraokaa_Site synow3tool[4827]: Start Nginx Server in Normal Mode ......
2024-10-09T04:47:35+08:00 Yasuraokaa_Site synow3tool[6482]: Start Nginx Server in Normal Mode ......
2024-10-09T05:02:16+08:00 Yasuraokaa_Site synow3tool[19056]: Start Nginx Server in Normal Mode ......
2024-10-09T05:02:58+08:00 Yasuraokaa_Site synow3tool[19989]: Start Nginx Server in Normal Mode ......
2024-10-09T05:31:00+08:00 Yasuraokaa_Site synow3tool[27891]: Start Nginx Server in Normal Mode ......
2024-10-24T03:00:38+08:00 Yasuraokaa_Site synow3tool[32509]: Start Nginx Server in Normal Mode ......
2024-11-05T00:53:49+08:00 Yasuraokaa_Site nginx[25885]: nginx: [warn] duplicate extension "wasm", content type: "application/wasm", previous content type: "application/wasm" in /etc/nginx/mime.types:101
2024-11-05T00:53:49+08:00 Yasuraokaa_Site synow3tool[25890]: Stop Nginx Server ......
2024-11-05T07:06:39+08:00 Yasuraokaa_Site synow3tool[15094]: Start Nginx Server in Normal Mode ......
2024-11-05T07:06:47+08:00 Yasuraokaa_Site synow3tool[18854]: Start Nginx Server in Normal Mode ......
2024-11-05T07:06:50+08:00 Yasuraokaa_Site synow3tool[19936]: Start Nginx Server in Normal Mode ......
2024-11-05T07:06:52+08:00 Yasuraokaa_Site synow3tool[20430]: Start Nginx Server in Normal Mode ......
2024-11-05T07:06:58+08:00 Yasuraokaa_Site synow3tool[21258]: Start Nginx Server in Normal Mode ......
2024-11-05T07:07:10+08:00 Yasuraokaa_Site synow3tool[22159]: Start Nginx Server in Normal Mode ......
2024-11-05T07:07:51+08:00 Yasuraokaa_Site synow3tool[23774]: Start Nginx Server in Normal Mode ......
2024-11-05T07:08:33+08:00 Yasuraokaa_Site synow3tool[24405]: Start Nginx Server in Normal Mode ......
