2024-09-08T17:17:48-07:00 SynologyNAS synomibgrpcclient[22223]: time="2024-09-08T17:17:48-07:00" level=info msg="checking synology account..."
2024-09-08T17:17:48-07:00 SynologyNAS synomibgrpcclient[22223]: time="2024-09-08T17:17:48-07:00" level=info msg="synology account is not logged in, pending..."
2024-09-10T07:08:21+08:00 Synology_NAS synomibgrpcclient[10221]: time="2024-09-10T07:08:21+08:00" level=info msg="checking synology account..."
2024-09-10T07:08:22+08:00 Synology_NAS synomibgrpcclient[10221]: time="2024-09-10T07:08:22+08:00" level=info msg="synology account is not logged in, pending..."
2024-09-11T20:05:40+08:00 Synology_NAS synomibgrpcclient[10999]: time="2024-09-11T20:05:40+08:00" level=info msg="checking synology account..."
2024-09-11T20:05:40+08:00 Synology_NAS synomibgrpcclient[10999]: time="2024-09-11T20:05:40+08:00" level=info msg="synology account is not logged in, pending..."
2024-09-12T00:30:25+08:00 Synology_NAS synomibgrpcclient[11086]: time="2024-09-12T00:30:25+08:00" level=info msg="checking synology account..."
2024-09-12T00:30:25+08:00 Synology_NAS synomibgrpcclient[11086]: time="2024-09-12T00:30:25+08:00" level=info msg="synology account is not logged in, pending..."
2024-09-14T23:16:48+08:00 Synology_NAS synomibgrpcclient[11051]: time="2024-09-14T23:16:48+08:00" level=info msg="checking synology account..."
2024-09-14T23:16:48+08:00 Synology_NAS synomibgrpcclient[11051]: time="2024-09-14T23:16:48+08:00" level=info msg="synology account is not logged in, pending..."
2024-09-15T01:14:14+08:00 Synology_NAS synomibgrpcclient[11014]: time="2024-09-15T01:14:14+08:00" level=info msg="checking synology account..."
2024-09-15T01:14:14+08:00 Synology_NAS synomibgrpcclient[11014]: time="2024-09-15T01:14:14+08:00" level=info msg="synology account is not logged in, pending..."
2024-09-15T01:22:01+08:00 Synology_NAS synomibgrpcclient[11197]: time="2024-09-15T01:22:01+08:00" level=info msg="checking synology account..."
2024-09-15T01:22:01+08:00 Synology_NAS synomibgrpcclient[11197]: time="2024-09-15T01:22:01+08:00" level=info msg="synology account is not logged in, pending..."
2024-09-15T01:30:54+08:00 Synology_NAS synomibgrpcclient[11216]: time="2024-09-15T01:30:54+08:00" level=info msg="checking synology account..."
2024-09-15T01:30:55+08:00 Synology_NAS synomibgrpcclient[11216]: time="2024-09-15T01:30:55+08:00" level=info msg="synology account is not logged in, pending..."
2024-09-15T05:06:12+08:00 Synology_NAS synomibgrpcclient[10646]: time="2024-09-15T05:06:12+08:00" level=info msg="checking synology account..."
2024-09-15T05:06:12+08:00 Synology_NAS synomibgrpcclient[10646]: time="2024-09-15T05:06:12+08:00" level=info msg="synology account is not logged in, pending..."
2024-09-15T05:15:12+08:00 Synology_NAS synomibgrpcclient[10874]: time="2024-09-15T05:15:12+08:00" level=info msg="checking synology account..."
2024-09-15T05:15:12+08:00 Synology_NAS synomibgrpcclient[10874]: time="2024-09-15T05:15:12+08:00" level=info msg="synology account is not logged in, pending..."
2024-09-16T05:39:36+08:00 Synology_NAS synomibgrpcclient[10927]: time="2024-09-16T05:39:36+08:00" level=info msg="checking synology account..."
2024-09-16T05:39:36+08:00 Synology_NAS synomibgrpcclient[10927]: time="2024-09-16T05:39:36+08:00" level=info msg="synology account is not logged in, pending..."
2024-09-16T19:33:00+08:00 Synology_NAS synomibgrpcclient[11277]: time="2024-09-16T19:33:00+08:00" level=info msg="checking synology account..."
2024-09-16T19:33:00+08:00 Synology_NAS synomibgrpcclient[11277]: time="2024-09-16T19:33:00+08:00" level=info msg="synology account is not logged in, pending..."
2024-09-17T04:58:37+08:00 Synology_NAS synomibgrpcclient[11304]: time="2024-09-17T04:58:37+08:00" level=info msg="checking synology account..."
2024-09-17T04:58:38+08:00 Synology_NAS synomibgrpcclient[11304]: time="2024-09-17T04:58:38+08:00" level=info msg="synology account is not logged in, pending..."
2024-09-17T05:50:48+08:00 Synology_NAS synomibgrpcclient[11269]: time="2024-09-17T05:50:48+08:00" level=info msg="checking synology account..."
2024-09-17T05:50:48+08:00 Synology_NAS synomibgrpcclient[11269]: time="2024-09-17T05:50:48+08:00" level=info msg="synology account is not logged in, pending..."
2024-09-17T10:46:02+08:00 Synology_NAS synomibgrpcclient[10918]: time="2024-09-17T10:46:02+08:00" level=info msg="checking synology account..."
2024-09-17T10:46:02+08:00 Synology_NAS synomibgrpcclient[10918]: time="2024-09-17T10:46:02+08:00" level=info msg="synology account is not logged in, pending..."
2024-09-20T07:51:20+08:00 Synology_NAS synomibgrpcclient[11357]: time="2024-09-20T07:51:20+08:00" level=info msg="checking synology account..."
2024-09-20T07:51:20+08:00 Synology_NAS synomibgrpcclient[11357]: time="2024-09-20T07:51:20+08:00" level=info msg="synology account is not logged in, pending..."
2024-09-20T11:34:38+08:00 Synology_NAS synomibgrpcclient[11428]: time="2024-09-20T11:34:38+08:00" level=info msg="checking synology account..."
2024-09-20T11:34:38+08:00 Synology_NAS synomibgrpcclient[11428]: time="2024-09-20T11:34:38+08:00" level=info msg="synology account is not logged in, pending..."
2024-10-09T04:33:21+08:00 Yasuraokaa_Site synomibgrpcclient[11403]: time="2024-10-09T04:33:21+08:00" level=info msg="checking synology account..."
2024-10-09T04:33:21+08:00 Yasuraokaa_Site synomibgrpcclient[11403]: time="2024-10-09T04:33:21+08:00" level=info msg="synology account is not logged in, pending..."
2024-11-05T00:53:46+08:00 Yasuraokaa_Site synomibgrpcclient[20010]: mib_memlog_dump_time=2024-11-05T00:53:46+08:00 time=2024-10-09T15:17:36+08:00 level=info msg="checking synology account..."
2024-11-05T00:53:46+08:00 Yasuraokaa_Site synomibgrpcclient[20010]: mib_memlog_dump_time=2024-11-05T00:53:46+08:00 time=2024-10-09T15:17:36+08:00 level=info msg="synology account is not logged in, pending..."
