2024-09-08T17:16:56-07:00 SynologyNAS avahi.sh[12288]: SMB Time Machine Status: Disable
2024-09-08T17:17:43-07:00 SynologyNAS avahi.sh[19932]: AFP Time Machine Status: Disable
2024-09-08T17:17:43-07:00 SynologyNAS avahi.sh[19932]: SMB Time Machine Status: Disable
2024-09-08T17:17:44-07:00 SynologyNAS avahi.sh[20553]: SMB Time Machine Status: Disable
2024-09-08T17:19:35-07:00 Synology_NAS avahi.sh[23275]: AFP Time Machine Status: Disable
2024-09-08T17:19:35-07:00 Synology_NAS avahi.sh[23275]: SMB Time Machine Status: Disable
2024-09-08T17:19:35-07:00 Synology_NAS avahi.sh[23599]: SMB Time Machine Status: Disable
2024-09-09T08:24:45+08:00 Synology_NAS avahi.sh[26784]: AFP Time Machine Status: Disable
2024-09-09T08:24:45+08:00 Synology_NAS avahi.sh[26784]: SMB Time Machine Status: Disable
2024-09-10T07:08:22+08:00 Synology_NAS avahi.sh[11126]: SMB Time Machine Status: Disable
2024-09-11T19:57:37+08:00 Synology_NAS avahi.sh[1091]: AFP Time Machine Status: Disable
2024-09-11T19:57:37+08:00 Synology_NAS avahi.sh[1091]: SMB Time Machine Status: Disable
2024-09-11T20:05:40+08:00 Synology_NAS avahi.sh[11353]: SMB Time Machine Status: Disable
2024-09-11T20:10:37+08:00 Synology_NAS avahi.sh[23921]: AFP Time Machine Status: Disable
2024-09-11T20:10:37+08:00 Synology_NAS avahi.sh[23921]: SMB Time Machine Status: Disable
2024-09-11T20:10:37+08:00 Synology_NAS avahi.sh[24009]: SMB Time Machine Status: Disable
2024-09-11T20:20:59+08:00 Synology_NAS avahi.sh[30713]: AFP Time Machine Status: Disable
2024-09-11T20:20:59+08:00 Synology_NAS avahi.sh[30713]: SMB Time Machine Status: Disable
2024-09-11T20:20:59+08:00 Synology_NAS avahi.sh[30780]: SMB Time Machine Status: Disable
2024-09-12T00:26:24+08:00 Synology_NAS avahi.sh[18676]: AFP Time Machine Status: Disable
2024-09-12T00:26:24+08:00 Synology_NAS avahi.sh[18676]: SMB Time Machine Status: Disable
2024-09-12T00:30:29+08:00 Synology_NAS avahi.sh[12864]: SMB Time Machine Status: Disable
2024-09-14T22:43:06+08:00 Synology_NAS avahi.sh[10316]: AFP Time Machine Status: Disable
2024-09-14T22:43:06+08:00 Synology_NAS avahi.sh[10316]: SMB Time Machine Status: Disable
2024-09-14T23:16:57+08:00 Synology_NAS avahi.sh[14245]: SMB Time Machine Status: Disable
2024-09-15T00:50:04+08:00 Synology_NAS avahi.sh[26549]: AFP Time Machine Status: Disable
2024-09-15T00:50:04+08:00 Synology_NAS avahi.sh[26549]: SMB Time Machine Status: Disable
2024-09-15T01:14:21+08:00 Synology_NAS avahi.sh[14017]: SMB Time Machine Status: Disable
2024-09-15T01:22:09+08:00 Synology_NAS avahi.sh[14520]: SMB Time Machine Status: Disable
2024-09-15T01:31:03+08:00 Synology_NAS avahi.sh[14709]: SMB Time Machine Status: Disable
2024-09-15T05:06:21+08:00 Synology_NAS avahi.sh[12931]: SMB Time Machine Status: Disable
2024-09-15T05:15:24+08:00 Synology_NAS avahi.sh[15009]: SMB Time Machine Status: Disable
2024-09-16T05:35:26+08:00 Synology_NAS avahi.sh[10847]: AFP Time Machine Status: Disable
2024-09-16T05:35:26+08:00 Synology_NAS avahi.sh[10847]: SMB Time Machine Status: Disable
2024-09-16T05:39:45+08:00 Synology_NAS avahi.sh[14452]: SMB Time Machine Status: Disable
2024-09-16T19:28:48+08:00 Synology_NAS avahi.sh[17818]: AFP Time Machine Status: Disable
2024-09-16T19:28:48+08:00 Synology_NAS avahi.sh[17818]: SMB Time Machine Status: Disable
2024-09-16T19:33:06+08:00 Synology_NAS avahi.sh[14368]: SMB Time Machine Status: Disable
2024-09-17T04:54:30+08:00 Synology_NAS avahi.sh[20548]: AFP Time Machine Status: Disable
2024-09-17T04:54:30+08:00 Synology_NAS avahi.sh[20548]: SMB Time Machine Status: Disable
2024-09-17T04:58:47+08:00 Synology_NAS avahi.sh[14369]: SMB Time Machine Status: Disable
2024-09-17T05:46:37+08:00 Synology_NAS avahi.sh[2059]: AFP Time Machine Status: Disable
2024-09-17T05:46:37+08:00 Synology_NAS avahi.sh[2059]: SMB Time Machine Status: Disable
2024-09-17T05:50:56+08:00 Synology_NAS avahi.sh[14395]: SMB Time Machine Status: Disable
2024-09-17T10:41:53+08:00 Synology_NAS avahi.sh[3926]: AFP Time Machine Status: Disable
2024-09-17T10:41:53+08:00 Synology_NAS avahi.sh[3926]: SMB Time Machine Status: Disable
2024-09-17T10:46:10+08:00 Synology_NAS avahi.sh[14407]: SMB Time Machine Status: Disable
2024-09-20T07:36:42+08:00 Synology_NAS avahi.sh[8607]: AFP Time Machine Status: Disable
2024-09-20T07:36:42+08:00 Synology_NAS avahi.sh[8607]: SMB Time Machine Status: Disable
2024-09-20T07:51:27+08:00 Synology_NAS avahi.sh[14251]: SMB Time Machine Status: Disable
2024-09-20T11:29:03+08:00 Synology_NAS avahi.sh[695]: AFP Time Machine Status: Disable
2024-09-20T11:29:03+08:00 Synology_NAS avahi.sh[695]: SMB Time Machine Status: Disable
2024-09-20T11:34:49+08:00 Synology_NAS avahi.sh[14959]: SMB Time Machine Status: Disable
2024-10-06T06:15:15+08:00 Yasuraokaa_Site avahi.sh[7097]: AFP Time Machine Status: Disable
2024-10-06T06:15:15+08:00 Yasuraokaa_Site avahi.sh[7097]: SMB Time Machine Status: Disable
2024-10-06T06:15:25+08:00 Yasuraokaa_Site avahi.sh[7584]: SMB Time Machine Status: Disable
2024-10-09T04:29:15+08:00 Yasuraokaa_Site avahi.sh[3236]: AFP Time Machine Status: Disable
2024-10-09T04:29:15+08:00 Yasuraokaa_Site avahi.sh[3236]: SMB Time Machine Status: Disable
2024-10-09T04:33:32+08:00 Yasuraokaa_Site avahi.sh[14900]: SMB Time Machine Status: Disable
2024-11-05T00:53:46+08:00 Yasuraokaa_Site avahi.sh[25286]: AFP Time Machine Status: Disable
2024-11-05T00:53:46+08:00 Yasuraokaa_Site avahi.sh[25286]: SMB Time Machine Status: Disable
2024-11-05T07:06:39+08:00 Yasuraokaa_Site avahi.sh[14915]: SMB Time Machine Status: Disable
