2024-09-08T17:16:58-07:00 SynologyNAS bash[12883]: ======== start Python2 ========
2024-09-09T08:24:45+08:00 Synology_NAS bash[26533]: ======== stop Python2 ========
2024-09-10T07:08:52+08:00 Synology_NAS bash[9012]: ======== start Python2 ========
2024-09-11T19:57:37+08:00 Synology_NAS bash[870]: ======== stop Python2 ========
2024-09-11T20:05:38+08:00 Synology_NAS bash[9207]: ======== start Python2 ========
2024-09-12T00:26:24+08:00 Synology_NAS bash[18426]: ======== stop Python2 ========
2024-09-12T00:30:23+08:00 Synology_NAS bash[9579]: ======== start Python2 ========
2024-09-14T22:43:06+08:00 Synology_NAS bash[10065]: ======== stop Python2 ========
2024-09-14T23:16:46+08:00 Synology_NAS bash[9681]: ======== start Python2 ========
2024-09-15T00:50:04+08:00 Synology_NAS bash[26294]: ======== stop Python2 ========
2024-09-15T01:14:13+08:00 Synology_NAS bash[9813]: ======== start Python2 ========
2024-09-15T01:22:00+08:00 Synology_NAS bash[9919]: ======== start Python2 ========
2024-09-15T01:30:53+08:00 Synology_NAS bash[10114]: ======== start Python2 ========
2024-09-15T05:06:08+08:00 Synology_NAS bash[9163]: ======== start Python2 ========
2024-09-15T05:15:08+08:00 Synology_NAS bash[9818]: ======== start Python2 ========
2024-09-16T05:35:26+08:00 Synology_NAS bash[10547]: ======== stop Python2 ========
2024-09-16T05:39:34+08:00 Synology_NAS bash[9901]: ======== start Python2 ========
2024-09-16T19:28:48+08:00 Synology_NAS bash[17553]: ======== stop Python2 ========
2024-09-16T19:32:58+08:00 Synology_NAS bash[9801]: ======== start Python2 ========
2024-09-17T04:54:30+08:00 Synology_NAS bash[20294]: ======== stop Python2 ========
2024-09-17T04:58:36+08:00 Synology_NAS bash[9921]: ======== start Python2 ========
2024-09-17T05:46:37+08:00 Synology_NAS bash[1780]: ======== stop Python2 ========
2024-09-17T05:50:47+08:00 Synology_NAS bash[9770]: ======== start Python2 ========
2024-09-17T10:41:53+08:00 Synology_NAS bash[3711]: ======== stop Python2 ========
2024-09-17T10:46:01+08:00 Synology_NAS bash[9837]: ======== start Python2 ========
2024-09-20T07:36:41+08:00 Synology_NAS bash[8300]: ======== stop Python2 ========
2024-09-20T07:51:18+08:00 Synology_NAS bash[10015]: ======== start Python2 ========
2024-09-20T11:29:03+08:00 Synology_NAS bash[447]: ======== stop Python2 ========
2024-09-20T11:34:37+08:00 Synology_NAS bash[9987]: ======== start Python2 ========
2024-10-09T04:29:15+08:00 Yasuraokaa_Site bash[3074]: ======== stop Python2 ========
2024-10-09T04:33:19+08:00 Yasuraokaa_Site bash[10249]: ======== start Python2 ========
2024-11-05T00:53:46+08:00 Yasuraokaa_Site bash[25011]: ======== stop Python2 ========
2024-11-05T07:06:36+08:00 Yasuraokaa_Site bash[10135]: ======== start Python2 ========
