2024-09-08T17:16:58-07:00 SynologyNAS bash[12882]: ======== start SecureSignIn ========
2024-09-08T17:17:45-07:00 SynologyNAS bash[20899]: ======== stop SecureSignIn ========
2024-09-08T17:17:45-07:00 SynologyNAS bash[21461]: ======== start SecureSignIn ========
2024-09-09T08:24:45+08:00 Synology_NAS bash[26528]: ======== stop SecureSignIn ========
2024-09-10T07:08:52+08:00 Synology_NAS bash[9018]: ======== start SecureSignIn ========
2024-09-11T19:57:37+08:00 Synology_NAS bash[878]: ======== stop SecureSignIn ========
2024-09-11T20:05:38+08:00 Synology_NAS bash[9202]: ======== start SecureSignIn ========
2024-09-12T00:26:24+08:00 Synology_NAS bash[18430]: ======== stop SecureSignIn ========
2024-09-12T00:30:23+08:00 Synology_NAS bash[9580]: ======== start SecureSignIn ========
2024-09-14T22:43:06+08:00 Synology_NAS bash[10067]: ======== stop SecureSignIn ========
2024-09-14T23:16:46+08:00 Synology_NAS bash[9679]: ======== start SecureSignIn ========
2024-09-15T00:50:04+08:00 Synology_NAS bash[26292]: ======== stop SecureSignIn ========
2024-09-15T01:14:13+08:00 Synology_NAS bash[9819]: ======== start SecureSignIn ========
2024-09-15T01:22:00+08:00 Synology_NAS bash[9920]: ======== start SecureSignIn ========
2024-09-15T01:30:53+08:00 Synology_NAS bash[10117]: ======== start SecureSignIn ========
2024-09-15T05:06:08+08:00 Synology_NAS bash[9161]: ======== start SecureSignIn ========
2024-09-15T05:15:08+08:00 Synology_NAS bash[9816]: ======== start SecureSignIn ========
2024-09-16T05:35:26+08:00 Synology_NAS bash[10543]: ======== stop SecureSignIn ========
2024-09-16T05:39:34+08:00 Synology_NAS bash[9896]: ======== start SecureSignIn ========
2024-09-16T19:28:48+08:00 Synology_NAS bash[17560]: ======== stop SecureSignIn ========
2024-09-16T19:32:58+08:00 Synology_NAS bash[9803]: ======== start SecureSignIn ========
2024-09-17T04:54:30+08:00 Synology_NAS bash[20296]: ======== stop SecureSignIn ========
2024-09-17T04:58:36+08:00 Synology_NAS bash[9920]: ======== start SecureSignIn ========
2024-09-17T05:46:37+08:00 Synology_NAS bash[1772]: ======== stop SecureSignIn ========
2024-09-17T05:50:47+08:00 Synology_NAS bash[9767]: ======== start SecureSignIn ========
2024-09-17T10:41:53+08:00 Synology_NAS bash[3705]: ======== stop SecureSignIn ========
2024-09-17T10:46:01+08:00 Synology_NAS bash[9843]: ======== start SecureSignIn ========
2024-09-20T07:36:41+08:00 Synology_NAS bash[8293]: ======== stop SecureSignIn ========
2024-09-20T07:51:18+08:00 Synology_NAS bash[10011]: ======== start SecureSignIn ========
2024-09-20T11:29:03+08:00 Synology_NAS bash[441]: ======== stop SecureSignIn ========
2024-09-20T11:34:37+08:00 Synology_NAS bash[9990]: ======== start SecureSignIn ========
2024-10-09T04:29:15+08:00 Yasuraokaa_Site bash[3084]: ======== stop SecureSignIn ========
2024-10-09T04:33:19+08:00 Yasuraokaa_Site bash[10247]: ======== start SecureSignIn ========
2024-11-05T00:53:46+08:00 Yasuraokaa_Site bash[25003]: ======== stop SecureSignIn ========
2024-11-05T07:06:36+08:00 Yasuraokaa_Site bash[10136]: ======== start SecureSignIn ========
