2024-09-08T17:17:06-07:00 SynologyNAS bash[16283]: ======== start OAuthService ========
2024-09-09T08:24:43+08:00 Synology_NAS bash[26140]: ======== stop OAuthService ========
2024-09-10T07:08:25+08:00 Synology_NAS bash[11466]: ======== start OAuthService ========
2024-09-11T19:57:35+08:00 Synology_NAS bash[475]: ======== stop OAuthService ========
2024-09-11T20:05:42+08:00 Synology_NAS bash[11782]: ======== start OAuthService ========
2024-09-12T00:26:20+08:00 Synology_NAS bash[17803]: ======== stop OAuthService ========
2024-09-12T00:30:33+08:00 Synology_NAS bash[13384]: ======== start OAuthService ========
2024-09-14T22:42:42+08:00 Synology_NAS bash[8861]: ======== stop OAuthService ========
2024-09-14T23:17:01+08:00 Synology_NAS bash[15225]: ======== start OAuthService ========
2024-09-15T00:49:58+08:00 Synology_NAS bash[25159]: ======== stop OAuthService ========
2024-09-15T01:14:25+08:00 Synology_NAS bash[15308]: ======== start OAuthService ========
2024-09-15T01:22:12+08:00 Synology_NAS bash[14807]: ======== start OAuthService ========
2024-09-15T01:31:06+08:00 Synology_NAS bash[15241]: ======== start OAuthService ========
2024-09-15T05:06:23+08:00 Synology_NAS bash[13203]: ======== start OAuthService ========
2024-09-15T05:09:40+08:00 Synology_NAS bash[16242]: ======== stop OAuthService ========
2024-09-15T05:15:27+08:00 Synology_NAS bash[15619]: ======== start OAuthService ========
2024-09-16T05:35:16+08:00 Synology_NAS bash[9330]: ======== stop OAuthService ========
2024-09-16T05:39:48+08:00 Synology_NAS bash[14721]: ======== start OAuthService ========
2024-09-16T19:28:25+08:00 Synology_NAS bash[16363]: ======== stop OAuthService ========
2024-09-16T19:33:10+08:00 Synology_NAS bash[14952]: ======== start OAuthService ========
2024-09-17T04:54:16+08:00 Synology_NAS bash[19492]: ======== stop OAuthService ========
2024-09-17T04:58:50+08:00 Synology_NAS bash[15254]: ======== start OAuthService ========
2024-09-17T05:46:13+08:00 Synology_NAS bash[744]: ======== stop OAuthService ========
2024-09-17T05:50:58+08:00 Synology_NAS bash[14818]: ======== start OAuthService ========
2024-09-17T10:41:29+08:00 Synology_NAS bash[2687]: ======== stop OAuthService ========
2024-09-17T10:46:13+08:00 Synology_NAS bash[14962]: ======== start OAuthService ========
2024-09-20T07:36:31+08:00 Synology_NAS bash[7308]: ======== stop OAuthService ========
2024-09-20T07:51:31+08:00 Synology_NAS bash[15483]: ======== start OAuthService ========
2024-09-20T11:28:39+08:00 Synology_NAS bash[31891]: ======== stop OAuthService ========
2024-09-20T11:34:52+08:00 Synology_NAS bash[15840]: ======== start OAuthService ========
2024-10-09T04:28:33+08:00 Yasuraokaa_Site bash[462]: ======== stop OAuthService ========
2024-10-09T04:33:36+08:00 Yasuraokaa_Site bash[15651]: ======== start OAuthService ========
2024-11-05T00:53:14+08:00 Yasuraokaa_Site bash[22045]: ======== stop OAuthService ========
2024-11-05T07:06:44+08:00 Yasuraokaa_Site bash[15665]: ======== start OAuthService ========
