2024-09-08T17:16:58-07:00 SynologyNAS bash[12887]: ======== start StorageManager ========
2024-09-09T08:24:45+08:00 Synology_NAS bash[26534]: ======== stop StorageManager ========
2024-09-10T07:08:53+08:00 Synology_NAS bash[9830]: ======== start StorageManager ========
2024-09-11T19:57:37+08:00 Synology_NAS bash[869]: ======== stop StorageManager ========
2024-09-11T20:05:38+08:00 Synology_NAS bash[9374]: ======== start StorageManager ========
2024-09-12T00:26:24+08:00 Synology_NAS bash[18425]: ======== stop StorageManager ========
2024-09-12T00:30:24+08:00 Synology_NAS bash[11129]: ======== start StorageManager ========
2024-09-14T22:43:06+08:00 Synology_NAS bash[10069]: ======== stop StorageManager ========
2024-09-14T23:16:50+08:00 Synology_NAS bash[11881]: ======== start StorageManager ========
2024-09-15T00:50:04+08:00 Synology_NAS bash[26289]: ======== stop StorageManager ========
2024-09-15T01:14:16+08:00 Synology_NAS bash[11630]: ======== start StorageManager ========
2024-09-15T01:22:03+08:00 Synology_NAS bash[11671]: ======== start StorageManager ========
2024-09-15T01:30:57+08:00 Synology_NAS bash[11900]: ======== start StorageManager ========
2024-09-15T05:06:08+08:00 Synology_NAS bash[9425]: ======== start StorageManager ========
2024-09-15T05:15:14+08:00 Synology_NAS bash[11587]: ======== start StorageManager ========
2024-09-16T05:35:26+08:00 Synology_NAS bash[10542]: ======== stop StorageManager ========
2024-09-16T05:39:38+08:00 Synology_NAS bash[11652]: ======== start StorageManager ========
2024-09-16T19:28:48+08:00 Synology_NAS bash[17555]: ======== stop StorageManager ========
2024-09-16T19:33:00+08:00 Synology_NAS bash[11633]: ======== start StorageManager ========
2024-09-17T04:54:30+08:00 Synology_NAS bash[20302]: ======== stop StorageManager ========
2024-09-17T04:58:39+08:00 Synology_NAS bash[11697]: ======== start StorageManager ========
2024-09-17T05:46:37+08:00 Synology_NAS bash[1777]: ======== stop StorageManager ========
2024-09-17T05:50:49+08:00 Synology_NAS bash[11637]: ======== start StorageManager ========
2024-09-17T10:41:53+08:00 Synology_NAS bash[3707]: ======== stop StorageManager ========
2024-09-17T10:46:04+08:00 Synology_NAS bash[11639]: ======== start StorageManager ========
2024-09-20T07:36:41+08:00 Synology_NAS bash[8294]: ======== stop StorageManager ========
2024-09-20T07:51:21+08:00 Synology_NAS bash[11805]: ======== start StorageManager ========
2024-09-20T11:29:03+08:00 Synology_NAS bash[445]: ======== stop StorageManager ========
2024-09-20T11:34:41+08:00 Synology_NAS bash[11962]: ======== start StorageManager ========
2024-10-09T04:29:15+08:00 Yasuraokaa_Site bash[3083]: ======== stop StorageManager ========
2024-10-09T04:33:23+08:00 Yasuraokaa_Site bash[12107]: ======== start StorageManager ========
2024-11-05T00:53:46+08:00 Yasuraokaa_Site bash[25004]: ======== stop StorageManager ========
2024-11-05T07:06:40+08:00 Yasuraokaa_Site bash[12128]: ======== start StorageManager ========
