2024-09-08T17:17:06-07:00 SynologyNAS bash[16285]: ======== start FileStation ========
2024-09-09T08:24:43+08:00 Synology_NAS bash[26139]: ======== stop FileStation ========
2024-09-10T07:08:25+08:00 Synology_NAS bash[11501]: ======== start FileStation ========
2024-09-11T19:57:35+08:00 Synology_NAS bash[478]: ======== stop FileStation ========
2024-09-11T20:05:42+08:00 Synology_NAS bash[11780]: ======== start FileStation ========
2024-09-12T00:26:21+08:00 Synology_NAS bash[17801]: ======== stop FileStation ========
2024-09-12T00:30:33+08:00 Synology_NAS bash[13348]: ======== start FileStation ========
2024-09-14T22:42:42+08:00 Synology_NAS bash[8870]: ======== stop FileStation ========
2024-09-14T23:17:01+08:00 Synology_NAS bash[15227]: ======== start FileStation ========
2024-09-15T00:49:58+08:00 Synology_NAS bash[25165]: ======== stop FileStation ========
2024-09-15T01:14:25+08:00 Synology_NAS bash[15292]: ======== start FileStation ========
2024-09-15T01:22:12+08:00 Synology_NAS bash[14806]: ======== start FileStation ========
2024-09-15T01:31:06+08:00 Synology_NAS bash[15240]: ======== start FileStation ========
2024-09-15T05:06:23+08:00 Synology_NAS bash[13200]: ======== start FileStation ========
2024-09-15T05:09:39+08:00 Synology_NAS bash[16111]: ======== stop FileStation ========
2024-09-15T05:15:27+08:00 Synology_NAS bash[15612]: ======== start FileStation ========
2024-09-16T05:35:16+08:00 Synology_NAS bash[9334]: ======== stop FileStation ========
2024-09-16T05:39:48+08:00 Synology_NAS bash[14771]: ======== start FileStation ========
2024-09-16T19:28:24+08:00 Synology_NAS bash[16356]: ======== stop FileStation ========
2024-09-16T19:33:09+08:00 Synology_NAS bash[14953]: ======== start FileStation ========
2024-09-17T04:54:16+08:00 Synology_NAS bash[19494]: ======== stop FileStation ========
2024-09-17T04:58:50+08:00 Synology_NAS bash[15250]: ======== start FileStation ========
2024-09-17T05:46:13+08:00 Synology_NAS bash[741]: ======== stop FileStation ========
2024-09-17T05:50:58+08:00 Synology_NAS bash[14796]: ======== start FileStation ========
2024-09-17T10:41:29+08:00 Synology_NAS bash[2693]: ======== stop FileStation ========
2024-09-17T10:46:13+08:00 Synology_NAS bash[14912]: ======== start FileStation ========
2024-09-20T07:36:31+08:00 Synology_NAS bash[7306]: ======== stop FileStation ========
2024-09-20T07:51:31+08:00 Synology_NAS bash[15480]: ======== start FileStation ========
2024-09-20T11:28:39+08:00 Synology_NAS bash[31892]: ======== stop FileStation ========
2024-09-20T11:34:52+08:00 Synology_NAS bash[15787]: ======== start FileStation ========
2024-10-05T07:46:02+08:00 Synology_NAS bash[3932]: ======== stop FileStation ========
2024-10-05T07:48:21+08:00 Synology_NAS bash[5995]: ======== start FileStation ========
2024-10-09T04:28:33+08:00 Yasuraokaa_Site bash[471]: ======== stop FileStation ========
2024-10-09T04:33:36+08:00 Yasuraokaa_Site bash[15584]: ======== start FileStation ========
2024-11-05T00:53:14+08:00 Yasuraokaa_Site bash[22026]: ======== stop FileStation ========
2024-11-05T07:06:43+08:00 Yasuraokaa_Site bash[15664]: ======== start FileStation ========
