2024-09-08T17:17:06-07:00 SynologyNAS bash[16284]: ======== start SynoFinder ========
2024-09-09T08:24:43+08:00 Synology_NAS bash[26143]: ======== stop SynoFinder ========
2024-09-10T07:08:25+08:00 Synology_NAS bash[11465]: ======== start SynoFinder ========
2024-09-11T19:57:35+08:00 Synology_NAS bash[476]: ======== stop SynoFinder ========
2024-09-11T20:05:41+08:00 Synology_NAS bash[11783]: ======== start SynoFinder ========
2024-09-12T00:26:20+08:00 Synology_NAS bash[17802]: ======== stop SynoFinder ========
2024-09-12T00:30:33+08:00 Synology_NAS bash[13385]: ======== start SynoFinder ========
2024-09-14T22:42:42+08:00 Synology_NAS bash[8860]: ======== stop SynoFinder ========
2024-09-14T23:17:01+08:00 Synology_NAS bash[15192]: ======== start SynoFinder ========
2024-09-15T00:49:58+08:00 Synology_NAS bash[25158]: ======== stop SynoFinder ========
2024-09-15T01:14:25+08:00 Synology_NAS bash[15294]: ======== start SynoFinder ========
2024-09-15T01:22:12+08:00 Synology_NAS bash[14854]: ======== start SynoFinder ========
2024-09-15T01:31:06+08:00 Synology_NAS bash[15281]: ======== start SynoFinder ========
2024-09-15T05:06:23+08:00 Synology_NAS bash[13163]: ======== start SynoFinder ========
2024-09-15T05:09:39+08:00 Synology_NAS bash[16112]: ======== stop SynoFinder ========
2024-09-15T05:15:27+08:00 Synology_NAS bash[15615]: ======== start SynoFinder ========
2024-09-16T05:35:16+08:00 Synology_NAS bash[9325]: ======== stop SynoFinder ========
2024-09-16T05:39:48+08:00 Synology_NAS bash[14729]: ======== start SynoFinder ========
2024-09-16T19:28:24+08:00 Synology_NAS bash[16355]: ======== stop SynoFinder ========
2024-09-16T19:33:09+08:00 Synology_NAS bash[14950]: ======== start SynoFinder ========
2024-09-17T04:54:16+08:00 Synology_NAS bash[19491]: ======== stop SynoFinder ========
2024-09-17T04:58:50+08:00 Synology_NAS bash[15253]: ======== start SynoFinder ========
2024-09-17T05:46:13+08:00 Synology_NAS bash[743]: ======== stop SynoFinder ========
2024-09-17T05:50:58+08:00 Synology_NAS bash[14815]: ======== start SynoFinder ========
2024-09-17T10:41:29+08:00 Synology_NAS bash[2690]: ======== stop SynoFinder ========
2024-09-17T10:46:13+08:00 Synology_NAS bash[14914]: ======== start SynoFinder ========
2024-09-20T07:36:32+08:00 Synology_NAS bash[7511]: ======== stop SynoFinder ========
2024-09-20T07:51:31+08:00 Synology_NAS bash[15485]: ======== start SynoFinder ========
2024-09-20T11:28:39+08:00 Synology_NAS bash[32096]: ======== stop SynoFinder ========
2024-09-20T11:34:52+08:00 Synology_NAS bash[15789]: ======== start SynoFinder ========
2024-10-09T04:28:52+08:00 Yasuraokaa_Site bash[2339]: ======== stop SynoFinder ========
2024-10-09T04:33:36+08:00 Yasuraokaa_Site bash[15650]: ======== start SynoFinder ========
2024-11-05T00:53:31+08:00 Yasuraokaa_Site bash[24105]: ======== stop SynoFinder ========
2024-11-05T07:06:43+08:00 Yasuraokaa_Site bash[15671]: ======== start SynoFinder ========
