2024-09-08T17:16:58-07:00 SynologyNAS bash[12877]: ======== start SupportService ========
2024-09-08T17:17:47-07:00 SynologyNAS bash[21836]: ======== stop SupportService ========
2024-09-08T17:17:48-07:00 SynologyNAS bash[22141]: ======== start SupportService ========
2024-09-09T08:24:45+08:00 Synology_NAS bash[26529]: ======== stop SupportService ========
2024-09-10T07:08:53+08:00 Synology_NAS bash[9982]: ======== start SupportService ========
2024-09-11T19:57:37+08:00 Synology_NAS bash[871]: ======== stop SupportService ========
2024-09-11T20:05:40+08:00 Synology_NAS bash[10873]: ======== start SupportService ========
2024-09-12T00:26:24+08:00 Synology_NAS bash[18427]: ======== stop SupportService ========
2024-09-12T00:30:24+08:00 Synology_NAS bash[10856]: ======== start SupportService ========
2024-09-14T22:43:06+08:00 Synology_NAS bash[10061]: ======== stop SupportService ========
2024-09-14T23:16:47+08:00 Synology_NAS bash[10937]: ======== start SupportService ========
2024-09-15T00:50:04+08:00 Synology_NAS bash[26288]: ======== stop SupportService ========
2024-09-15T01:14:14+08:00 Synology_NAS bash[10827]: ======== start SupportService ========
2024-09-15T01:22:01+08:00 Synology_NAS bash[11097]: ======== start SupportService ========
2024-09-15T01:30:54+08:00 Synology_NAS bash[11049]: ======== start SupportService ========
2024-09-15T05:06:10+08:00 Synology_NAS bash[10489]: ======== start SupportService ========
2024-09-15T05:15:09+08:00 Synology_NAS bash[10724]: ======== start SupportService ========
2024-09-16T05:35:26+08:00 Synology_NAS bash[10550]: ======== stop SupportService ========
2024-09-16T05:39:35+08:00 Synology_NAS bash[10806]: ======== start SupportService ========
2024-09-16T19:28:48+08:00 Synology_NAS bash[17558]: ======== stop SupportService ========
2024-09-16T19:32:59+08:00 Synology_NAS bash[11151]: ======== start SupportService ========
2024-09-17T04:54:30+08:00 Synology_NAS bash[20298]: ======== stop SupportService ========
2024-09-17T04:58:37+08:00 Synology_NAS bash[11022]: ======== start SupportService ========
2024-09-17T05:46:37+08:00 Synology_NAS bash[1775]: ======== stop SupportService ========
2024-09-17T05:50:48+08:00 Synology_NAS bash[11151]: ======== start SupportService ========
2024-09-17T10:41:53+08:00 Synology_NAS bash[3701]: ======== stop SupportService ========
2024-09-17T10:46:01+08:00 Synology_NAS bash[10627]: ======== start SupportService ========
2024-09-20T07:36:41+08:00 Synology_NAS bash[8302]: ======== stop SupportService ========
2024-09-20T07:51:19+08:00 Synology_NAS bash[11137]: ======== start SupportService ========
2024-09-20T11:29:03+08:00 Synology_NAS bash[438]: ======== stop SupportService ========
2024-09-20T11:34:38+08:00 Synology_NAS bash[11247]: ======== start SupportService ========
2024-10-09T04:29:15+08:00 Yasuraokaa_Site bash[3077]: ======== stop SupportService ========
2024-10-09T04:33:21+08:00 Yasuraokaa_Site bash[11163]: ======== start SupportService ========
2024-10-09T15:17:34+08:00 Yasuraokaa_Site bash[19550]: ======== stop SupportService ========
2024-10-09T15:17:36+08:00 Yasuraokaa_Site bash[19907]: ======== start SupportService ========
2024-11-05T00:53:46+08:00 Yasuraokaa_Site bash[25006]: ======== stop SupportService ========
2024-11-05T07:06:37+08:00 Yasuraokaa_Site bash[11112]: ======== start SupportService ========
