2024-09-08T17:16:58-07:00 SynologyNAS bash[12885]: ======== start ActiveInsight ========
2024-09-08T17:17:37-07:00 SynologyNAS bash[17895]: ======== stop ActiveInsight ========
2024-09-08T17:17:38-07:00 SynologyNAS bash[18260]: ======== start ActiveInsight ========
2024-09-09T08:24:45+08:00 Synology_NAS bash[26535]: ======== stop ActiveInsight ========
2024-09-10T07:08:52+08:00 Synology_NAS bash[9016]: ======== start ActiveInsight ========
2024-09-11T19:57:37+08:00 Synology_NAS bash[876]: ======== stop ActiveInsight ========
2024-09-11T20:05:38+08:00 Synology_NAS bash[9201]: ======== start ActiveInsight ========
2024-09-12T00:26:24+08:00 Synology_NAS bash[18431]: ======== stop ActiveInsight ========
2024-09-12T00:30:23+08:00 Synology_NAS bash[9585]: ======== start ActiveInsight ========
2024-09-14T22:43:06+08:00 Synology_NAS bash[10062]: ======== stop ActiveInsight ========
2024-09-14T23:16:46+08:00 Synology_NAS bash[9678]: ======== start ActiveInsight ========
2024-09-15T00:50:04+08:00 Synology_NAS bash[26287]: ======== stop ActiveInsight ========
2024-09-15T01:14:13+08:00 Synology_NAS bash[9815]: ======== start ActiveInsight ========
2024-09-15T01:22:00+08:00 Synology_NAS bash[9925]: ======== start ActiveInsight ========
2024-09-15T01:30:53+08:00 Synology_NAS bash[10112]: ======== start ActiveInsight ========
2024-09-15T05:06:08+08:00 Synology_NAS bash[9168]: ======== start ActiveInsight ========
2024-09-15T05:15:08+08:00 Synology_NAS bash[9815]: ======== start ActiveInsight ========
2024-09-16T05:35:26+08:00 Synology_NAS bash[10541]: ======== stop ActiveInsight ========
2024-09-16T05:39:34+08:00 Synology_NAS bash[9898]: ======== start ActiveInsight ========
2024-09-16T19:28:48+08:00 Synology_NAS bash[17551]: ======== stop ActiveInsight ========
2024-09-16T19:32:58+08:00 Synology_NAS bash[9799]: ======== start ActiveInsight ========
2024-09-17T04:54:30+08:00 Synology_NAS bash[20300]: ======== stop ActiveInsight ========
2024-09-17T04:58:36+08:00 Synology_NAS bash[9919]: ======== start ActiveInsight ========
2024-09-17T05:46:37+08:00 Synology_NAS bash[1773]: ======== stop ActiveInsight ========
2024-09-17T05:50:47+08:00 Synology_NAS bash[9772]: ======== start ActiveInsight ========
2024-09-17T10:41:53+08:00 Synology_NAS bash[3704]: ======== stop ActiveInsight ========
2024-09-17T10:46:01+08:00 Synology_NAS bash[9840]: ======== start ActiveInsight ========
2024-09-20T07:36:41+08:00 Synology_NAS bash[8296]: ======== stop ActiveInsight ========
2024-09-20T07:51:18+08:00 Synology_NAS bash[10009]: ======== start ActiveInsight ========
2024-09-20T11:29:03+08:00 Synology_NAS bash[440]: ======== stop ActiveInsight ========
2024-09-20T11:34:37+08:00 Synology_NAS bash[9986]: ======== start ActiveInsight ========
2024-10-09T04:29:15+08:00 Yasuraokaa_Site bash[3085]: ======== stop ActiveInsight ========
2024-10-09T04:33:19+08:00 Yasuraokaa_Site bash[10244]: ======== start ActiveInsight ========
2024-11-05T00:53:46+08:00 Yasuraokaa_Site bash[25005]: ======== stop ActiveInsight ========
2024-11-05T07:06:36+08:00 Yasuraokaa_Site bash[10134]: ======== start ActiveInsight ========
