2024-09-08T17:16:58-07:00 SynologyNAS bash[12886]: ======== start QuickConnect ========
2024-09-08T17:17:39-07:00 SynologyNAS bash[18714]: ======== stop QuickConnect ========
2024-09-08T17:17:40-07:00 SynologyNAS bash[19215]: ======== start QuickConnect ========
2024-09-09T08:24:45+08:00 Synology_NAS bash[27147]: ======== stop QuickConnect ========
2024-09-10T07:08:52+08:00 Synology_NAS bash[9014]: ======== start QuickConnect ========
2024-09-11T19:57:37+08:00 Synology_NAS bash[1489]: ======== stop QuickConnect ========
2024-09-11T20:05:38+08:00 Synology_NAS bash[9203]: ======== start QuickConnect ========
2024-09-12T00:26:24+08:00 Synology_NAS bash[19042]: ======== stop QuickConnect ========
2024-09-12T00:30:23+08:00 Synology_NAS bash[9582]: ======== start QuickConnect ========
2024-09-14T22:43:07+08:00 Synology_NAS bash[10732]: ======== stop QuickConnect ========
2024-09-14T23:16:46+08:00 Synology_NAS bash[9680]: ======== start QuickConnect ========
2024-09-15T00:50:05+08:00 Synology_NAS bash[26931]: ======== stop QuickConnect ========
2024-09-15T01:14:13+08:00 Synology_NAS bash[9814]: ======== start QuickConnect ========
2024-09-15T01:22:00+08:00 Synology_NAS bash[9921]: ======== start QuickConnect ========
2024-09-15T01:30:53+08:00 Synology_NAS bash[10113]: ======== start QuickConnect ========
2024-09-15T05:06:08+08:00 Synology_NAS bash[9162]: ======== start QuickConnect ========
2024-09-15T05:15:07+08:00 Synology_NAS bash[9817]: ======== start QuickConnect ========
2024-09-16T05:35:27+08:00 Synology_NAS bash[11259]: ======== stop QuickConnect ========
2024-09-16T05:39:34+08:00 Synology_NAS bash[9899]: ======== start QuickConnect ========
2024-09-16T19:28:49+08:00 Synology_NAS bash[18195]: ======== stop QuickConnect ========
2024-09-16T19:32:58+08:00 Synology_NAS bash[9802]: ======== start QuickConnect ========
2024-09-17T04:54:30+08:00 Synology_NAS bash[20962]: ======== stop QuickConnect ========
2024-09-17T04:58:36+08:00 Synology_NAS bash[9917]: ======== start QuickConnect ========
2024-09-17T05:46:38+08:00 Synology_NAS bash[2417]: ======== stop QuickConnect ========
2024-09-17T05:50:47+08:00 Synology_NAS bash[9769]: ======== start QuickConnect ========
2024-09-17T10:41:54+08:00 Synology_NAS bash[4454]: ======== stop QuickConnect ========
2024-09-17T10:46:00+08:00 Synology_NAS bash[9838]: ======== start QuickConnect ========
2024-09-20T07:36:42+08:00 Synology_NAS bash[8940]: ======== stop QuickConnect ========
2024-09-20T07:51:18+08:00 Synology_NAS bash[10010]: ======== start QuickConnect ========
2024-09-20T11:29:03+08:00 Synology_NAS bash[1086]: ======== stop QuickConnect ========
2024-09-20T11:34:37+08:00 Synology_NAS bash[9988]: ======== start QuickConnect ========
2024-10-09T04:29:16+08:00 Yasuraokaa_Site bash[3710]: ======== stop QuickConnect ========
2024-10-09T04:33:19+08:00 Yasuraokaa_Site bash[10246]: ======== start QuickConnect ========
2024-11-05T00:53:47+08:00 Yasuraokaa_Site bash[25716]: ======== stop QuickConnect ========
2024-11-05T07:06:36+08:00 Yasuraokaa_Site bash[10140]: ======== start QuickConnect ========
