2024-09-08T17:17:06-07:00 SynologyNAS bash[16287]: ======== start HybridShare ========
2024-09-09T08:24:43+08:00 Synology_NAS bash[26141]: ======== stop HybridShare ========
2024-09-10T07:08:25+08:00 Synology_NAS bash[11504]: ======== start HybridShare ========
2024-09-11T19:57:35+08:00 Synology_NAS bash[477]: ======== stop HybridShare ========
2024-09-11T20:05:42+08:00 Synology_NAS bash[11784]: ======== start HybridShare ========
2024-09-12T00:26:21+08:00 Synology_NAS bash[17800]: ======== stop HybridShare ========
2024-09-12T00:30:33+08:00 Synology_NAS bash[13386]: ======== start HybridShare ========
2024-09-12T10:40:45+08:00 Synology_NAS bash[12511]: ======== stop HybridShare ========
2024-09-12T10:40:59+08:00 Synology_NAS bash[13096]: ======== start HybridShare ========
2024-09-14T22:42:42+08:00 Synology_NAS bash[8865]: ======== stop HybridShare ========
2024-09-14T23:17:01+08:00 Synology_NAS bash[15230]: ======== start HybridShare ========
2024-09-15T00:49:58+08:00 Synology_NAS bash[25157]: ======== stop HybridShare ========
2024-09-15T01:14:25+08:00 Synology_NAS bash[15307]: ======== start HybridShare ========
2024-09-15T01:22:12+08:00 Synology_NAS bash[14846]: ======== start HybridShare ========
2024-09-15T01:31:06+08:00 Synology_NAS bash[15283]: ======== start HybridShare ========
2024-09-15T05:06:23+08:00 Synology_NAS bash[13204]: ======== start HybridShare ========
2024-09-15T05:09:39+08:00 Synology_NAS bash[16110]: ======== stop HybridShare ========
2024-09-15T05:15:27+08:00 Synology_NAS bash[15611]: ======== start HybridShare ========
2024-09-16T05:35:16+08:00 Synology_NAS bash[9323]: ======== stop HybridShare ========
2024-09-16T05:39:48+08:00 Synology_NAS bash[14727]: ======== start HybridShare ========
2024-09-16T19:28:24+08:00 Synology_NAS bash[16359]: ======== stop HybridShare ========
2024-09-16T19:33:10+08:00 Synology_NAS bash[14951]: ======== start HybridShare ========
2024-09-17T04:54:16+08:00 Synology_NAS bash[19490]: ======== stop HybridShare ========
2024-09-17T04:58:50+08:00 Synology_NAS bash[15256]: ======== start HybridShare ========
2024-09-17T05:46:13+08:00 Synology_NAS bash[737]: ======== stop HybridShare ========
2024-09-17T05:50:58+08:00 Synology_NAS bash[14798]: ======== start HybridShare ========
2024-09-17T10:41:29+08:00 Synology_NAS bash[2694]: ======== stop HybridShare ========
2024-09-17T10:46:13+08:00 Synology_NAS bash[14955]: ======== start HybridShare ========
2024-09-20T07:36:31+08:00 Synology_NAS bash[7311]: ======== stop HybridShare ========
2024-09-20T07:51:31+08:00 Synology_NAS bash[15478]: ======== start HybridShare ========
2024-09-20T11:28:39+08:00 Synology_NAS bash[31897]: ======== stop HybridShare ========
2024-09-20T11:34:52+08:00 Synology_NAS bash[15786]: ======== start HybridShare ========
2024-10-09T04:28:33+08:00 Yasuraokaa_Site bash[461]: ======== stop HybridShare ========
2024-10-09T04:33:36+08:00 Yasuraokaa_Site bash[15586]: ======== start HybridShare ========
2024-11-05T00:53:14+08:00 Yasuraokaa_Site bash[22024]: ======== stop HybridShare ========
2024-11-05T07:06:44+08:00 Yasuraokaa_Site bash[15719]: ======== start HybridShare ========
