2024-09-08T17:16:58-07:00 SynologyNAS bash[12878]: ======== start SMBService ========
2024-09-08T17:17:42-07:00 SynologyNAS bash[19661]: ======== stop SMBService ========
2024-09-08T17:17:44-07:00 SynologyNAS bash[20566]: ======== start SMBService ========
2024-09-09T08:24:45+08:00 Synology_NAS bash[26531]: ======== stop SMBService ========
2024-09-10T07:08:52+08:00 Synology_NAS bash[9015]: ======== start SMBService ========
2024-09-11T19:57:37+08:00 Synology_NAS bash[875]: ======== stop SMBService ========
2024-09-11T20:05:38+08:00 Synology_NAS bash[9200]: ======== start SMBService ========
2024-09-12T00:26:24+08:00 Synology_NAS bash[18428]: ======== stop SMBService ========
2024-09-12T00:30:23+08:00 Synology_NAS bash[9581]: ======== start SMBService ========
2024-09-14T22:43:06+08:00 Synology_NAS bash[10063]: ======== stop SMBService ========
2024-09-14T23:16:46+08:00 Synology_NAS bash[9683]: ======== start SMBService ========
2024-09-15T00:50:04+08:00 Synology_NAS bash[26286]: ======== stop SMBService ========
2024-09-15T01:14:13+08:00 Synology_NAS bash[9816]: ======== start SMBService ========
2024-09-15T01:22:00+08:00 Synology_NAS bash[9922]: ======== start SMBService ========
2024-09-15T01:30:53+08:00 Synology_NAS bash[10115]: ======== start SMBService ========
2024-09-15T05:06:08+08:00 Synology_NAS bash[9166]: ======== start SMBService ========
2024-09-15T05:15:07+08:00 Synology_NAS bash[9821]: ======== start SMBService ========
2024-09-16T05:35:26+08:00 Synology_NAS bash[10551]: ======== stop SMBService ========
2024-09-16T05:39:34+08:00 Synology_NAS bash[9897]: ======== start SMBService ========
2024-09-16T19:28:48+08:00 Synology_NAS bash[17554]: ======== stop SMBService ========
2024-09-16T19:32:58+08:00 Synology_NAS bash[9800]: ======== start SMBService ========
2024-09-17T04:54:30+08:00 Synology_NAS bash[20293]: ======== stop SMBService ========
2024-09-17T04:58:36+08:00 Synology_NAS bash[9918]: ======== start SMBService ========
2024-09-17T05:46:37+08:00 Synology_NAS bash[1778]: ======== stop SMBService ========
2024-09-17T05:50:47+08:00 Synology_NAS bash[9768]: ======== start SMBService ========
2024-09-17T10:41:53+08:00 Synology_NAS bash[3700]: ======== stop SMBService ========
2024-09-17T10:46:01+08:00 Synology_NAS bash[9839]: ======== start SMBService ========
2024-09-20T07:36:41+08:00 Synology_NAS bash[8292]: ======== stop SMBService ========
2024-09-20T07:51:18+08:00 Synology_NAS bash[10012]: ======== start SMBService ========
2024-09-20T11:29:03+08:00 Synology_NAS bash[439]: ======== stop SMBService ========
2024-09-20T11:34:37+08:00 Synology_NAS bash[9985]: ======== start SMBService ========
2024-10-09T04:29:15+08:00 Yasuraokaa_Site bash[3073]: ======== stop SMBService ========
2024-10-09T04:33:19+08:00 Yasuraokaa_Site bash[10245]: ======== start SMBService ========
2024-11-05T00:53:46+08:00 Yasuraokaa_Site bash[25010]: ======== stop SMBService ========
2024-11-05T07:06:36+08:00 Yasuraokaa_Site bash[10138]: ======== start SMBService ========
