2024-09-08T17:16:58-07:00 SynologyNAS bash[12876]: ======== start ScsiTarget ========
2024-09-09T08:24:45+08:00 Synology_NAS bash[26527]: ======== stop ScsiTarget ========
2024-09-10T07:08:22+08:00 Synology_NAS bash[10857]: ======== start ScsiTarget ========
2024-09-11T19:57:37+08:00 Synology_NAS bash[873]: ======== stop ScsiTarget ========
2024-09-11T20:05:39+08:00 Synology_NAS bash[11122]: ======== start ScsiTarget ========
2024-09-12T00:26:24+08:00 Synology_NAS bash[18429]: ======== stop ScsiTarget ========
2024-09-12T00:30:29+08:00 Synology_NAS bash[12734]: ======== start ScsiTarget ========
2024-09-14T22:43:06+08:00 Synology_NAS bash[10060]: ======== stop ScsiTarget ========
2024-09-14T23:16:56+08:00 Synology_NAS bash[13892]: ======== start ScsiTarget ========
2024-09-15T00:50:04+08:00 Synology_NAS bash[26293]: ======== stop ScsiTarget ========
2024-09-15T01:14:21+08:00 Synology_NAS bash[13955]: ======== start ScsiTarget ========
2024-09-15T01:22:07+08:00 Synology_NAS bash[13784]: ======== start ScsiTarget ========
2024-09-15T01:31:02+08:00 Synology_NAS bash[14199]: ======== start ScsiTarget ========
2024-09-15T05:06:18+08:00 Synology_NAS bash[12086]: ======== start ScsiTarget ========
2024-09-15T05:15:22+08:00 Synology_NAS bash[14112]: ======== start ScsiTarget ========
2024-09-16T05:35:26+08:00 Synology_NAS bash[10544]: ======== stop ScsiTarget ========
2024-09-16T05:39:44+08:00 Synology_NAS bash[13757]: ======== start ScsiTarget ========
2024-09-16T19:28:48+08:00 Synology_NAS bash[17552]: ======== stop ScsiTarget ========
2024-09-16T19:33:05+08:00 Synology_NAS bash[13812]: ======== start ScsiTarget ========
2024-09-17T04:54:30+08:00 Synology_NAS bash[20295]: ======== stop ScsiTarget ========
2024-09-17T04:58:46+08:00 Synology_NAS bash[13995]: ======== start ScsiTarget ========
2024-09-17T05:46:37+08:00 Synology_NAS bash[1771]: ======== stop ScsiTarget ========
2024-09-17T05:50:55+08:00 Synology_NAS bash[13840]: ======== start ScsiTarget ========
2024-09-17T10:41:53+08:00 Synology_NAS bash[3710]: ======== stop ScsiTarget ========
2024-09-17T10:46:09+08:00 Synology_NAS bash[13818]: ======== start ScsiTarget ========
2024-09-20T07:36:41+08:00 Synology_NAS bash[8299]: ======== stop ScsiTarget ========
2024-09-20T07:51:27+08:00 Synology_NAS bash[14095]: ======== start ScsiTarget ========
2024-09-20T11:29:03+08:00 Synology_NAS bash[443]: ======== stop ScsiTarget ========
2024-09-20T11:34:48+08:00 Synology_NAS bash[14597]: ======== start ScsiTarget ========
2024-10-05T07:46:01+08:00 Synology_NAS bash[3938]: ======== stop ScsiTarget ========
2024-10-05T07:48:21+08:00 Synology_NAS bash[5987]: ======== start ScsiTarget ========
2024-10-09T04:29:15+08:00 Yasuraokaa_Site bash[3076]: ======== stop ScsiTarget ========
2024-10-09T04:33:33+08:00 Yasuraokaa_Site bash[14944]: ======== start ScsiTarget ========
2024-11-05T00:53:46+08:00 Yasuraokaa_Site bash[25009]: ======== stop ScsiTarget ========
2024-11-05T07:06:39+08:00 Yasuraokaa_Site bash[15021]: ======== start ScsiTarget ========
