2024-09-08T17:16:50-07:00 SynologyNAS bash[10007]: Boot not ready
2024-09-08T17:16:51-07:00 SynologyNAS bash[10007]: Boot not ready
2024-09-08T17:16:52-07:00 SynologyNAS bash[10007]: Boot not ready
2024-09-08T17:17:01-07:00 SynologyNAS bash[7752]: SYSTEM:	Last message 'Boot not ready' repeated 9 times, suppressed by syslog-ng on SynologyNAS
2024-09-08T17:17:00-07:00 SynologyNAS bash[10007]: Boot done
2024-09-10T07:08:53+08:00 Synology_NAS bash[10193]: Boot not ready
2024-09-10T07:08:54+08:00 Synology_NAS bash[10193]: Boot not ready
2024-09-10T07:08:55+08:00 Synology_NAS bash[10193]: Boot not ready
2024-09-10T07:08:25+08:00 Synology_NAS bash[7079]: SYSTEM:	Last message 'Boot not ready' repeated 6 times, suppressed by syslog-ng on Synology_NAS
2024-09-10T07:08:25+08:00 Synology_NAS bash[10193]: Boot done
2024-09-11T20:05:37+08:00 Synology_NAS bash[9555]: Boot not ready
2024-09-11T20:05:38+08:00 Synology_NAS bash[9555]: Boot not ready
2024-09-11T20:05:39+08:00 Synology_NAS bash[9555]: Boot not ready
2024-09-11T20:05:42+08:00 Synology_NAS bash[7168]: SYSTEM:	Last message 'Boot not ready' repeated 5 times, suppressed by syslog-ng on Synology_NAS
2024-09-11T20:05:41+08:00 Synology_NAS bash[9555]: Boot done
2024-09-12T00:30:27+08:00 Synology_NAS bash[12154]: Boot not ready
2024-09-12T00:30:28+08:00 Synology_NAS bash[12154]: Boot not ready
2024-09-12T00:30:29+08:00 Synology_NAS bash[12154]: Boot not ready
2024-09-12T00:30:33+08:00 Synology_NAS bash[7442]: SYSTEM:	Last message 'Boot not ready' repeated 4 times, suppressed by syslog-ng on Synology_NAS
2024-09-12T00:30:32+08:00 Synology_NAS bash[12154]: Boot done
2024-09-14T23:16:54+08:00 Synology_NAS bash[13356]: Boot not ready
2024-09-14T23:16:55+08:00 Synology_NAS bash[13356]: Boot not ready
2024-09-14T23:16:56+08:00 Synology_NAS bash[13356]: Boot not ready
2024-09-14T23:17:01+08:00 Synology_NAS bash[7433]: SYSTEM:	Last message 'Boot not ready' repeated 4 times, suppressed by syslog-ng on Synology_NAS
2024-09-14T23:16:59+08:00 Synology_NAS bash[13356]: Boot done
2024-09-15T01:14:19+08:00 Synology_NAS bash[13350]: Boot not ready
2024-09-15T01:14:20+08:00 Synology_NAS bash[13350]: Boot not ready
2024-09-15T01:14:21+08:00 Synology_NAS bash[13350]: Boot not ready
2024-09-15T01:14:25+08:00 Synology_NAS bash[7474]: SYSTEM:	Last message 'Boot not ready' repeated 4 times, suppressed by syslog-ng on Synology_NAS
2024-09-15T01:14:24+08:00 Synology_NAS bash[13350]: Boot done
2024-09-15T01:22:06+08:00 Synology_NAS bash[13389]: Boot not ready
2024-09-15T01:22:07+08:00 Synology_NAS bash[13389]: Boot not ready
2024-09-15T01:22:08+08:00 Synology_NAS bash[13389]: Boot not ready
2024-09-15T01:22:12+08:00 Synology_NAS bash[7473]: SYSTEM:	Last message 'Boot not ready' repeated 4 times, suppressed by syslog-ng on Synology_NAS
2024-09-15T01:22:11+08:00 Synology_NAS bash[13389]: Boot done
2024-09-15T01:31:00+08:00 Synology_NAS bash[13626]: Boot not ready
2024-09-15T01:31:01+08:00 Synology_NAS bash[13626]: Boot not ready
2024-09-15T01:31:02+08:00 Synology_NAS bash[13626]: Boot not ready
2024-09-15T01:31:06+08:00 Synology_NAS bash[7472]: SYSTEM:	Last message 'Boot not ready' repeated 4 times, suppressed by syslog-ng on Synology_NAS
2024-09-15T01:31:05+08:00 Synology_NAS bash[13626]: Boot done
2024-09-15T05:06:13+08:00 Synology_NAS bash[11199]: Boot not ready
2024-09-15T05:06:14+08:00 Synology_NAS bash[11199]: Boot not ready
2024-09-15T05:06:15+08:00 Synology_NAS bash[11199]: Boot not ready
2024-09-15T05:06:24+08:00 Synology_NAS bash[7105]: SYSTEM:	Last message 'Boot not ready' repeated 9 times, suppressed by syslog-ng on Synology_NAS
2024-09-15T05:06:23+08:00 Synology_NAS bash[11199]: Boot done
2024-09-15T05:15:18+08:00 Synology_NAS bash[13358]: Boot not ready
2024-09-15T05:15:19+08:00 Synology_NAS bash[13358]: Boot not ready
2024-09-15T05:15:20+08:00 Synology_NAS bash[13358]: Boot not ready
2024-09-15T05:15:28+08:00 Synology_NAS bash[7420]: SYSTEM:	Last message 'Boot not ready' repeated 7 times, suppressed by syslog-ng on Synology_NAS
2024-09-15T05:15:26+08:00 Synology_NAS bash[13358]: Boot done
2024-09-16T05:39:42+08:00 Synology_NAS bash[13349]: Boot not ready
2024-09-16T05:39:43+08:00 Synology_NAS bash[13349]: Boot not ready
2024-09-16T05:39:44+08:00 Synology_NAS bash[13349]: Boot not ready
2024-09-16T05:39:49+08:00 Synology_NAS bash[7477]: SYSTEM:	Last message 'Boot not ready' repeated 4 times, suppressed by syslog-ng on Synology_NAS
2024-09-16T05:39:47+08:00 Synology_NAS bash[13349]: Boot done
2024-09-16T19:33:04+08:00 Synology_NAS bash[13357]: Boot not ready
2024-09-16T19:33:05+08:00 Synology_NAS bash[13357]: Boot not ready
2024-09-16T19:33:06+08:00 Synology_NAS bash[13357]: Boot not ready
2024-09-16T19:33:10+08:00 Synology_NAS bash[7479]: SYSTEM:	Last message 'Boot not ready' repeated 4 times, suppressed by syslog-ng on Synology_NAS
2024-09-16T19:33:09+08:00 Synology_NAS bash[13357]: Boot done
2024-09-17T04:58:44+08:00 Synology_NAS bash[13407]: Boot not ready
2024-09-17T04:58:45+08:00 Synology_NAS bash[13407]: Boot not ready
2024-09-17T04:58:46+08:00 Synology_NAS bash[13407]: Boot not ready
2024-09-17T04:58:51+08:00 Synology_NAS bash[7477]: SYSTEM:	Last message 'Boot not ready' repeated 4 times, suppressed by syslog-ng on Synology_NAS
2024-09-17T04:58:49+08:00 Synology_NAS bash[13407]: Boot done
2024-09-17T05:50:53+08:00 Synology_NAS bash[13351]: Boot not ready
2024-09-17T05:50:54+08:00 Synology_NAS bash[13351]: Boot not ready
2024-09-17T05:50:55+08:00 Synology_NAS bash[13351]: Boot not ready
2024-09-17T05:50:58+08:00 Synology_NAS bash[7480]: SYSTEM:	Last message 'Boot not ready' repeated 3 times, suppressed by syslog-ng on Synology_NAS
2024-09-17T05:50:57+08:00 Synology_NAS bash[13351]: Boot done
2024-09-17T10:46:07+08:00 Synology_NAS bash[13344]: Boot not ready
2024-09-17T10:46:08+08:00 Synology_NAS bash[13344]: Boot not ready
2024-09-17T10:46:09+08:00 Synology_NAS bash[13344]: Boot not ready
2024-09-17T10:46:14+08:00 Synology_NAS bash[7483]: SYSTEM:	Last message 'Boot not ready' repeated 4 times, suppressed by syslog-ng on Synology_NAS
2024-09-17T10:46:12+08:00 Synology_NAS bash[13344]: Boot done
2024-09-20T07:51:25+08:00 Synology_NAS bash[13521]: Boot not ready
2024-09-20T07:51:26+08:00 Synology_NAS bash[13521]: Boot not ready
2024-09-20T07:51:27+08:00 Synology_NAS bash[13521]: Boot not ready
2024-09-20T07:51:31+08:00 Synology_NAS bash[7568]: SYSTEM:	Last message 'Boot not ready' repeated 5 times, suppressed by syslog-ng on Synology_NAS
2024-09-20T07:51:31+08:00 Synology_NAS bash[13521]: Boot done
2024-09-20T11:34:46+08:00 Synology_NAS bash[14037]: Boot not ready
2024-09-20T11:34:47+08:00 Synology_NAS bash[14037]: Boot not ready
2024-09-20T11:34:48+08:00 Synology_NAS bash[14037]: Boot not ready
2024-09-20T11:34:52+08:00 Synology_NAS bash[7605]: SYSTEM:	Last message 'Boot not ready' repeated 4 times, suppressed by syslog-ng on Synology_NAS
2024-09-20T11:34:51+08:00 Synology_NAS bash[14037]: Boot done
2024-10-09T04:33:30+08:00 Yasuraokaa_Site bash[14188]: Boot not ready
2024-10-09T04:33:31+08:00 Yasuraokaa_Site bash[14188]: Boot not ready
2024-10-09T04:33:32+08:00 Yasuraokaa_Site bash[14188]: Boot not ready
2024-10-09T04:33:36+08:00 Yasuraokaa_Site bash[7601]: SYSTEM:	Last message 'Boot not ready' repeated 4 times, suppressed by syslog-ng on Yasuraokaa_Site
2024-10-09T04:33:35+08:00 Yasuraokaa_Site bash[14188]: Boot done
2024-11-05T07:06:37+08:00 Yasuraokaa_Site bash[14206]: Boot not ready
2024-11-05T07:06:38+08:00 Yasuraokaa_Site bash[14206]: Boot not ready
2024-11-05T07:06:39+08:00 Yasuraokaa_Site bash[14206]: Boot not ready
2024-11-05T07:06:44+08:00 Yasuraokaa_Site bash[7602]: SYSTEM:	Last message 'Boot not ready' repeated 5 times, suppressed by syslog-ng on Yasuraokaa_Site
2024-11-05T07:06:43+08:00 Yasuraokaa_Site bash[14206]: Boot done
