2024-09-08T17:15:21-07:00 SynologyNAS synoselfcheck[7799]: Copyright (c) 2003-2023 Synology Inc. All rights reserved.
2024-09-08T17:15:21-07:00 SynologyNAS synoselfcheck[7799]: Check Success
2024-09-10T07:07:23+08:00 Synology_NAS synoselfcheck[7106]: Copyright (c) 2003-2023 Synology Inc. All rights reserved.
2024-09-10T07:07:23+08:00 Synology_NAS synoselfcheck[7106]: Check Success
2024-09-11T20:04:07+08:00 Synology_NAS synoselfcheck[7191]: Copyright (c) 2003-2023 Synology Inc. All rights reserved.
2024-09-11T20:04:08+08:00 Synology_NAS synoselfcheck[7191]: Check Success
2024-09-12T00:28:52+08:00 Synology_NAS synoselfcheck[7473]: Copyright (c) 2003-2023 Synology Inc. All rights reserved.
2024-09-12T00:28:52+08:00 Synology_NAS synoselfcheck[7473]: Check Success
2024-09-14T23:15:18+08:00 Synology_NAS synoselfcheck[7457]: Copyright (c) 2003-2023 Synology Inc. All rights reserved.
2024-09-14T23:15:18+08:00 Synology_NAS synoselfcheck[7457]: Check Success
2024-09-15T01:12:43+08:00 Synology_NAS synoselfcheck[7503]: Copyright (c) 2003-2023 Synology Inc. All rights reserved.
2024-09-15T01:12:43+08:00 Synology_NAS synoselfcheck[7503]: Check Success
2024-09-15T01:17:48+08:00 Synology_NAS synoselfcheck[7506]: Copyright (c) 2003-2023 Synology Inc. All rights reserved.
2024-09-15T01:17:48+08:00 Synology_NAS synoselfcheck[7506]: Check Success
2024-09-15T01:20:31+08:00 Synology_NAS synoselfcheck[7506]: Copyright (c) 2003-2023 Synology Inc. All rights reserved.
2024-09-15T01:20:31+08:00 Synology_NAS synoselfcheck[7506]: Check Success
2024-09-15T01:29:24+08:00 Synology_NAS synoselfcheck[7505]: Copyright (c) 2003-2023 Synology Inc. All rights reserved.
2024-09-15T01:29:24+08:00 Synology_NAS synoselfcheck[7505]: Check Success
2024-09-15T05:04:36+08:00 Synology_NAS synoselfcheck[7129]: Copyright (c) 2003-2023 Synology Inc. All rights reserved.
2024-09-15T05:04:36+08:00 Synology_NAS synoselfcheck[7129]: Check Success
2024-09-15T05:13:38+08:00 Synology_NAS synoselfcheck[7452]: Copyright (c) 2003-2023 Synology Inc. All rights reserved.
2024-09-15T05:13:38+08:00 Synology_NAS synoselfcheck[7452]: Check Success
2024-09-16T05:38:05+08:00 Synology_NAS synoselfcheck[7499]: Copyright (c) 2003-2023 Synology Inc. All rights reserved.
2024-09-16T05:38:06+08:00 Synology_NAS synoselfcheck[7499]: Check Success
2024-09-16T19:31:27+08:00 Synology_NAS synoselfcheck[7508]: Copyright (c) 2003-2023 Synology Inc. All rights reserved.
2024-09-16T19:31:27+08:00 Synology_NAS synoselfcheck[7508]: Check Success
2024-09-17T04:57:06+08:00 Synology_NAS synoselfcheck[7511]: Copyright (c) 2003-2023 Synology Inc. All rights reserved.
2024-09-17T04:57:06+08:00 Synology_NAS synoselfcheck[7511]: Check Success
2024-09-17T05:49:16+08:00 Synology_NAS synoselfcheck[7510]: Copyright (c) 2003-2023 Synology Inc. All rights reserved.
2024-09-17T05:49:16+08:00 Synology_NAS synoselfcheck[7510]: Check Success
2024-09-17T10:44:31+08:00 Synology_NAS synoselfcheck[7510]: Copyright (c) 2003-2023 Synology Inc. All rights reserved.
2024-09-17T10:44:31+08:00 Synology_NAS synoselfcheck[7510]: Check Success
2024-09-20T07:49:48+08:00 Synology_NAS synoselfcheck[7596]: Copyright (c) 2003-2023 Synology Inc. All rights reserved.
2024-09-20T07:49:49+08:00 Synology_NAS synoselfcheck[7596]: Check Success
2024-09-20T11:33:07+08:00 Synology_NAS synoselfcheck[7635]: Copyright (c) 2003-2023 Synology Inc. All rights reserved.
2024-09-20T11:33:07+08:00 Synology_NAS synoselfcheck[7635]: Check Success
2024-10-09T04:31:51+08:00 Yasuraokaa_Site synoselfcheck[7624]: Copyright (c) 2003-2023 Synology Inc. All rights reserved.
2024-10-09T04:31:51+08:00 Yasuraokaa_Site synoselfcheck[7624]: Check Success
2024-11-05T07:05:08+08:00 Yasuraokaa_Site synoselfcheck[7625]: Copyright (c) 2003-2023 Synology Inc. All rights reserved.
2024-11-05T07:05:08+08:00 Yasuraokaa_Site synoselfcheck[7625]: Check Success
