2024-09-08T17:15:23-07:00 SynologyNAS cgi-keygen[7797]: writing RSA key
2024-09-08T17:15:23-07:00 SynologyNAS cgi-keygen[7797]: cgi.key gen done.
2024-09-08T17:15:23-07:00 SynologyNAS cgi-keygen[7797]: cgi.session gen done.
2024-09-10T07:07:24+08:00 Synology_NAS cgi-keygen[7109]: cgi.key gen done.
2024-09-10T07:07:24+08:00 Synology_NAS cgi-keygen[7109]: cgi.session gen done.
2024-09-11T20:04:08+08:00 Synology_NAS cgi-keygen[7197]: cgi.key gen done.
2024-09-11T20:04:08+08:00 Synology_NAS cgi-keygen[7197]: cgi.session gen done.
2024-09-12T00:28:52+08:00 Synology_NAS cgi-keygen[7474]: cgi.key gen done.
2024-09-12T00:28:53+08:00 Synology_NAS cgi-keygen[7474]: cgi.session gen done.
2024-09-14T23:15:18+08:00 Synology_NAS cgi-keygen[7462]: cgi.key gen done.
2024-09-14T23:15:18+08:00 Synology_NAS cgi-keygen[7462]: cgi.session gen done.
2024-09-15T01:12:43+08:00 Synology_NAS cgi-keygen[7504]: cgi.key gen done.
2024-09-15T01:12:44+08:00 Synology_NAS cgi-keygen[7504]: cgi.session gen done.
2024-09-15T01:17:48+08:00 Synology_NAS cgi-keygen[7497]: cgi.key gen done.
2024-09-15T01:17:48+08:00 Synology_NAS cgi-keygen[7497]: cgi.session gen done.
2024-09-15T01:20:31+08:00 Synology_NAS cgi-keygen[7497]: cgi.key gen done.
2024-09-15T01:20:31+08:00 Synology_NAS cgi-keygen[7497]: cgi.session gen done.
2024-09-15T01:29:25+08:00 Synology_NAS cgi-keygen[7497]: cgi.key gen done.
2024-09-15T01:29:25+08:00 Synology_NAS cgi-keygen[7497]: cgi.session gen done.
2024-09-15T05:04:38+08:00 Synology_NAS cgi-keygen[7127]: cgi.key gen done.
2024-09-15T05:04:39+08:00 Synology_NAS cgi-keygen[7127]: cgi.session gen done.
2024-09-15T05:13:39+08:00 Synology_NAS cgi-keygen[7443]: cgi.key gen done.
2024-09-15T05:13:39+08:00 Synology_NAS cgi-keygen[7443]: cgi.session gen done.
2024-09-16T05:38:06+08:00 Synology_NAS cgi-keygen[7500]: cgi.key gen done.
2024-09-16T05:38:06+08:00 Synology_NAS cgi-keygen[7500]: cgi.session gen done.
2024-09-16T19:31:27+08:00 Synology_NAS cgi-keygen[7509]: cgi.key gen done.
2024-09-16T19:31:28+08:00 Synology_NAS cgi-keygen[7509]: cgi.session gen done.
2024-09-17T04:57:06+08:00 Synology_NAS cgi-keygen[7504]: cgi.key gen done.
2024-09-17T04:57:06+08:00 Synology_NAS cgi-keygen[7504]: cgi.session gen done.
2024-09-17T05:49:17+08:00 Synology_NAS cgi-keygen[7504]: cgi.key gen done.
2024-09-17T05:49:17+08:00 Synology_NAS cgi-keygen[7504]: cgi.session gen done.
2024-09-17T10:44:31+08:00 Synology_NAS cgi-keygen[7509]: cgi.key gen done.
2024-09-17T10:44:31+08:00 Synology_NAS cgi-keygen[7509]: cgi.session gen done.
2024-09-20T07:49:48+08:00 Synology_NAS cgi-keygen[7597]: cgi.key gen done.
2024-09-20T07:49:49+08:00 Synology_NAS cgi-keygen[7597]: cgi.session gen done.
2024-09-20T11:33:07+08:00 Synology_NAS cgi-keygen[7631]: cgi.key gen done.
2024-09-20T11:33:07+08:00 Synology_NAS cgi-keygen[7631]: cgi.session gen done.
2024-10-09T04:31:51+08:00 Yasuraokaa_Site cgi-keygen[7625]: cgi.key gen done.
2024-10-09T04:31:51+08:00 Yasuraokaa_Site cgi-keygen[7625]: cgi.session gen done.
2024-11-05T07:05:08+08:00 Yasuraokaa_Site cgi-keygen[7626]: cgi.key gen done.
2024-11-05T07:05:08+08:00 Yasuraokaa_Site cgi-keygen[7626]: cgi.session gen done.
