2024-09-08T17:16:49-07:00 SynologyNAS space.sh[9668]: dev.raid.speed_limit_min = 1
2024-09-08T17:16:49-07:00 SynologyNAS space.sh[9668]: dev.raid.speed_limit_max = 2
2024-09-08T17:16:49-07:00 SynologyNAS space.sh[9668]: success
2024-09-09T08:24:46+08:00 Synology_NAS space.sh[27550]: successed to update space table
2024-09-09T08:24:46+08:00 Synology_NAS space.sh[27550]: success
2024-09-10T07:08:51+08:00 Synology_NAS space.sh[8882]: dev.raid.speed_limit_min = 1
2024-09-10T07:08:51+08:00 Synology_NAS space.sh[8882]: dev.raid.speed_limit_max = 2
2024-09-10T07:08:53+08:00 Synology_NAS space.sh[8882]: success
2024-09-11T19:57:38+08:00 Synology_NAS space.sh[1899]: successed to update space table
2024-09-11T19:57:38+08:00 Synology_NAS space.sh[1899]: success
2024-09-11T20:05:35+08:00 Synology_NAS space.sh[9099]: dev.raid.speed_limit_min = 1
2024-09-11T20:05:35+08:00 Synology_NAS space.sh[9099]: dev.raid.speed_limit_max = 2
2024-09-11T20:05:37+08:00 Synology_NAS space.sh[9099]: success
2024-09-12T00:26:27+08:00 Synology_NAS space.sh[19620]: successed to update space table
2024-09-12T00:26:27+08:00 Synology_NAS space.sh[19620]: success
2024-09-12T00:30:20+08:00 Synology_NAS space.sh[9374]: dev.raid.speed_limit_min = 1
2024-09-12T00:30:20+08:00 Synology_NAS space.sh[9374]: dev.raid.speed_limit_max = 2
2024-09-12T00:30:24+08:00 Synology_NAS space.sh[9374]: success
2024-09-14T22:43:10+08:00 Synology_NAS space.sh[11759]: successed to update space table
2024-09-14T22:43:11+08:00 Synology_NAS space.sh[11759]: success
2024-09-14T23:16:45+08:00 Synology_NAS space.sh[9550]: dev.raid.speed_limit_min = 1
2024-09-14T23:16:45+08:00 Synology_NAS space.sh[9550]: dev.raid.speed_limit_max = 2
2024-09-14T23:16:50+08:00 Synology_NAS space.sh[9550]: success
2024-09-15T00:50:09+08:00 Synology_NAS space.sh[27567]: successed to update space table
2024-09-15T00:50:09+08:00 Synology_NAS space.sh[27567]: success
2024-09-15T01:14:11+08:00 Synology_NAS space.sh[9652]: dev.raid.speed_limit_min = 1
2024-09-15T01:14:11+08:00 Synology_NAS space.sh[9652]: dev.raid.speed_limit_max = 2
2024-09-15T01:14:16+08:00 Synology_NAS space.sh[9652]: success
2024-09-15T01:21:58+08:00 Synology_NAS space.sh[9639]: dev.raid.speed_limit_min = 1
2024-09-15T01:21:58+08:00 Synology_NAS space.sh[9639]: dev.raid.speed_limit_max = 2
2024-09-15T01:22:03+08:00 Synology_NAS space.sh[9639]: success
2024-09-15T01:30:52+08:00 Synology_NAS space.sh[9932]: dev.raid.speed_limit_min = 1
2024-09-15T01:30:52+08:00 Synology_NAS space.sh[9932]: dev.raid.speed_limit_max = 2
2024-09-15T01:30:57+08:00 Synology_NAS space.sh[9932]: success
2024-09-15T05:06:03+08:00 Synology_NAS space.sh[8900]: dev.raid.speed_limit_min = 1
2024-09-15T05:06:03+08:00 Synology_NAS space.sh[8900]: dev.raid.speed_limit_max = 2
2024-09-15T05:06:08+08:00 Synology_NAS space.sh[8900]: success
2024-09-15T05:15:05+08:00 Synology_NAS space.sh[9712]: dev.raid.speed_limit_min = 1
2024-09-15T05:15:05+08:00 Synology_NAS space.sh[9712]: dev.raid.speed_limit_max = 2
2024-09-15T05:15:13+08:00 Synology_NAS space.sh[9712]: success
2024-09-16T05:35:31+08:00 Synology_NAS space.sh[12313]: successed to update space table
2024-09-16T05:35:32+08:00 Synology_NAS space.sh[12313]: success
2024-09-16T05:39:33+08:00 Synology_NAS space.sh[9632]: dev.raid.speed_limit_min = 1
2024-09-16T05:39:33+08:00 Synology_NAS space.sh[9632]: dev.raid.speed_limit_max = 2
2024-09-16T05:39:38+08:00 Synology_NAS space.sh[9632]: success
2024-09-16T19:28:53+08:00 Synology_NAS space.sh[19278]: successed to update space table
2024-09-16T19:28:54+08:00 Synology_NAS space.sh[19278]: success
2024-09-16T19:32:55+08:00 Synology_NAS space.sh[9604]: dev.raid.speed_limit_min = 1
2024-09-16T19:32:55+08:00 Synology_NAS space.sh[9604]: dev.raid.speed_limit_max = 2
2024-09-16T19:33:00+08:00 Synology_NAS space.sh[9604]: success
2024-09-17T04:58:34+08:00 Synology_NAS space.sh[9627]: dev.raid.speed_limit_min = 1
2024-09-17T04:58:34+08:00 Synology_NAS space.sh[9627]: dev.raid.speed_limit_max = 2
2024-09-17T04:58:39+08:00 Synology_NAS space.sh[9627]: success
2024-09-17T05:46:43+08:00 Synology_NAS space.sh[3503]: successed to update space table
2024-09-17T05:46:43+08:00 Synology_NAS space.sh[3503]: success
2024-09-17T05:50:44+08:00 Synology_NAS space.sh[9644]: dev.raid.speed_limit_min = 1
2024-09-17T05:50:44+08:00 Synology_NAS space.sh[9644]: dev.raid.speed_limit_max = 2
2024-09-17T05:50:49+08:00 Synology_NAS space.sh[9644]: success
2024-09-17T10:41:59+08:00 Synology_NAS space.sh[5508]: successed to update space table
2024-09-17T10:41:59+08:00 Synology_NAS space.sh[5508]: success
2024-09-17T10:45:59+08:00 Synology_NAS space.sh[9643]: dev.raid.speed_limit_min = 1
2024-09-17T10:45:59+08:00 Synology_NAS space.sh[9643]: dev.raid.speed_limit_max = 2
2024-09-17T10:46:04+08:00 Synology_NAS space.sh[9643]: success
2024-09-20T07:36:49+08:00 Synology_NAS space.sh[10473]: successed to update space table
2024-09-20T07:36:49+08:00 Synology_NAS space.sh[10473]: success
2024-09-20T07:51:16+08:00 Synology_NAS space.sh[9813]: dev.raid.speed_limit_min = 1
2024-09-20T07:51:16+08:00 Synology_NAS space.sh[9813]: dev.raid.speed_limit_max = 2
2024-09-20T07:51:21+08:00 Synology_NAS space.sh[9813]: success
2024-09-20T11:29:09+08:00 Synology_NAS space.sh[2196]: successed to update space table
2024-09-20T11:29:09+08:00 Synology_NAS space.sh[2196]: success
2024-09-20T11:34:35+08:00 Synology_NAS space.sh[9806]: dev.raid.speed_limit_min = 1
2024-09-20T11:34:35+08:00 Synology_NAS space.sh[9806]: dev.raid.speed_limit_max = 2
2024-09-20T11:34:40+08:00 Synology_NAS space.sh[9806]: success
2024-10-09T04:29:20+08:00 Yasuraokaa_Site space.sh[4444]: successed to update space table
2024-10-09T04:29:20+08:00 Yasuraokaa_Site space.sh[4444]: success
2024-10-09T04:33:18+08:00 Yasuraokaa_Site space.sh[9992]: dev.raid.speed_limit_min = 1
2024-10-09T04:33:18+08:00 Yasuraokaa_Site space.sh[9992]: dev.raid.speed_limit_max = 2
2024-10-09T04:33:23+08:00 Yasuraokaa_Site space.sh[9992]: success
2024-11-05T00:53:54+08:00 Yasuraokaa_Site space.sh[26332]: successed to update space table
2024-11-05T00:53:54+08:00 Yasuraokaa_Site space.sh[26332]: success
2024-11-05T07:06:35+08:00 Yasuraokaa_Site space.sh[10015]: dev.raid.speed_limit_min = 1
2024-11-05T07:06:35+08:00 Yasuraokaa_Site space.sh[10015]: dev.raid.speed_limit_max = 2
2024-11-05T07:06:40+08:00 Yasuraokaa_Site space.sh[10015]: success
