2024-09-08T17:16:56-07:00 SynologyNAS syno-disk-health-db.sh[12339]: ==== init disk health database ====
2024-09-08T17:16:56-07:00 SynologyNAS syno-disk-health-db.sh[12339]: -- set ownership as system --
2024-09-08T17:16:56-07:00 SynologyNAS syno-disk-health-db.sh[12339]: changed ownership of '/var/log/synolog/.SYNODISKHEALTHDB' from root to system
2024-09-08T17:16:56-07:00 SynologyNAS syno-disk-health-db.sh[12339]: -- set group as log --
2024-09-08T17:16:56-07:00 SynologyNAS syno-disk-health-db.sh[12339]: changed group of '/var/log/synolog/.SYNODISKHEALTHDB' from root to log
2024-09-10T07:08:24+08:00 Synology_NAS syno-disk-health-db.sh[11285]: ==== init disk health database ====
2024-09-11T20:05:40+08:00 Synology_NAS syno-disk-health-db.sh[11398]: ==== init disk health database ====
2024-09-12T00:30:29+08:00 Synology_NAS syno-disk-health-db.sh[12887]: ==== init disk health database ====
2024-09-14T23:16:58+08:00 Synology_NAS syno-disk-health-db.sh[14376]: ==== init disk health database ====
2024-09-15T01:14:21+08:00 Synology_NAS syno-disk-health-db.sh[14366]: ==== init disk health database ====
2024-09-15T01:22:09+08:00 Synology_NAS syno-disk-health-db.sh[14533]: ==== init disk health database ====
2024-09-15T01:31:03+08:00 Synology_NAS syno-disk-health-db.sh[14725]: ==== init disk health database ====
2024-09-15T05:06:21+08:00 Synology_NAS syno-disk-health-db.sh[12945]: ==== init disk health database ====
2024-09-15T05:15:24+08:00 Synology_NAS syno-disk-health-db.sh[15023]: ==== init disk health database ====
2024-09-16T05:39:45+08:00 Synology_NAS syno-disk-health-db.sh[14462]: ==== init disk health database ====
2024-09-16T19:33:07+08:00 Synology_NAS syno-disk-health-db.sh[14409]: ==== init disk health database ====
2024-09-17T04:58:47+08:00 Synology_NAS syno-disk-health-db.sh[14381]: ==== init disk health database ====
2024-09-17T05:50:56+08:00 Synology_NAS syno-disk-health-db.sh[14464]: ==== init disk health database ====
2024-09-17T10:46:10+08:00 Synology_NAS syno-disk-health-db.sh[14429]: ==== init disk health database ====
2024-09-20T07:51:29+08:00 Synology_NAS syno-disk-health-db.sh[15096]: ==== init disk health database ====
2024-09-20T11:34:49+08:00 Synology_NAS syno-disk-health-db.sh[15040]: ==== init disk health database ====
2024-10-09T04:33:33+08:00 Yasuraokaa_Site syno-disk-health-db.sh[15158]: ==== init disk health database ====
2024-11-05T07:06:40+08:00 Yasuraokaa_Site syno-disk-health-db.sh[15242]: ==== init disk health database ====
