2024-09-08T17:16:49-07:00 SynologyNAS sh[9650]: vmtouch: WARNING: unable to stat /usr/syno/etc/synoschedule.d/*/*.task (No such file or directory)
2024-09-08T17:16:49-07:00 SynologyNAS sh[9650]: vmtouch: WARNING: unable to stat /usr/local/etc/synoschedule.d/*/*.task (No such file or directory)
2024-09-08T17:16:49-07:00 SynologyNAS sh[9650]: vmtouch: WARNING: unable to stat /etc/cron.d/synosched.*.*.task (No such file or directory)
2024-09-08T17:16:59-07:00 SynologyNAS sh[14181]: vmtouch: WARNING: unable to stat /usr/local/etc/synoschedule.d/*/*.task (No such file or directory)
2024-09-08T17:16:59-07:00 SynologyNAS sh[14181]: vmtouch: WARNING: unable to stat /etc/cron.d/synosched.*.*.task (No such file or directory)
2024-09-08T17:17:01-07:00 SynologyNAS sh[14709]: vmtouch: WARNING: unable to stat /usr/local/etc/synoschedule.d/*/*.task (No such file or directory)
2024-09-08T17:17:01-07:00 SynologyNAS sh[14709]: vmtouch: WARNING: unable to stat /etc/cron.d/synosched.*.*.task (No such file or directory)
2024-09-08T17:17:03-07:00 SynologyNAS sh[15287]: vmtouch: WARNING: unable to stat /usr/local/etc/synoschedule.d/*/*.task (No such file or directory)
2024-09-08T17:17:03-07:00 SynologyNAS sh[15287]: vmtouch: WARNING: unable to stat /etc/cron.d/synosched.*.*.task (No such file or directory)
2024-09-08T17:17:07-07:00 SynologyNAS sh[16645]: vmtouch: WARNING: unable to stat /usr/local/etc/synoschedule.d/*/*.task (No such file or directory)
2024-09-08T17:17:07-07:00 SynologyNAS sh[16645]: vmtouch: WARNING: unable to stat /etc/cron.d/synosched.*.*.task (No such file or directory)
2024-09-08T17:17:08-07:00 SynologyNAS sh[16777]: vmtouch: WARNING: unable to stat /usr/local/etc/synoschedule.d/*/*.task (No such file or directory)
2024-09-08T17:17:08-07:00 SynologyNAS sh[16777]: vmtouch: WARNING: unable to stat /etc/cron.d/synosched.*.*.task (No such file or directory)
2024-09-08T17:17:13-07:00 SynologyNAS sh[17109]: vmtouch: WARNING: unable to stat /usr/local/etc/synoschedule.d/*/*.task (No such file or directory)
2024-09-08T17:17:13-07:00 SynologyNAS sh[17109]: vmtouch: WARNING: unable to stat /etc/cron.d/synosched.*.*.task (No such file or directory)
2024-09-08T17:17:37-07:00 SynologyNAS sh[17870]: vmtouch: WARNING: unable to stat /usr/local/etc/synoschedule.d/*/*.task (No such file or directory)
2024-09-08T17:17:37-07:00 SynologyNAS sh[17870]: vmtouch: WARNING: unable to stat /etc/cron.d/synosched.*.*.task (No such file or directory)
2024-09-08T17:17:38-07:00 SynologyNAS sh[18238]: vmtouch: WARNING: unable to stat /usr/local/etc/synoschedule.d/*/*.task (No such file or directory)
2024-09-08T17:17:38-07:00 SynologyNAS sh[18238]: vmtouch: WARNING: unable to stat /etc/cron.d/synosched.*.*.task (No such file or directory)
2024-09-08T17:17:39-07:00 SynologyNAS sh[18595]: vmtouch: WARNING: unable to stat /usr/local/etc/synoschedule.d/*/*.task (No such file or directory)
2024-09-08T17:17:39-07:00 SynologyNAS sh[18595]: vmtouch: WARNING: unable to stat /etc/cron.d/synosched.*.*.task (No such file or directory)
2024-09-08T17:17:40-07:00 SynologyNAS sh[19002]: vmtouch: WARNING: unable to stat /usr/local/etc/synoschedule.d/*/*.task (No such file or directory)
2024-09-08T17:17:40-07:00 SynologyNAS sh[19002]: vmtouch: WARNING: unable to stat /etc/cron.d/synosched.*.*.task (No such file or directory)
2024-09-08T17:17:42-07:00 SynologyNAS sh[19614]: vmtouch: WARNING: unable to stat /usr/local/etc/synoschedule.d/*/*.task (No such file or directory)
2024-09-08T17:17:42-07:00 SynologyNAS sh[19614]: vmtouch: WARNING: unable to stat /etc/cron.d/synosched.*.*.task (No such file or directory)
2024-09-08T17:17:43-07:00 SynologyNAS sh[19893]: vmtouch: WARNING: unable to stat /usr/local/etc/synoschedule.d/*/*.task (No such file or directory)
2024-09-08T17:17:43-07:00 SynologyNAS sh[19893]: vmtouch: WARNING: unable to stat /etc/cron.d/synosched.*.*.task (No such file or directory)
2024-09-08T17:17:45-07:00 SynologyNAS sh[21013]: vmtouch: WARNING: unable to stat /usr/local/etc/synoschedule.d/*/*.task (No such file or directory)
2024-09-08T17:17:45-07:00 SynologyNAS sh[21013]: vmtouch: WARNING: unable to stat /etc/cron.d/synosched.*.*.task (No such file or directory)
2024-09-08T17:17:46-07:00 SynologyNAS sh[21728]: vmtouch: WARNING: unable to stat /usr/local/etc/synoschedule.d/*/*.task (No such file or directory)
2024-09-08T17:17:46-07:00 SynologyNAS sh[21728]: vmtouch: WARNING: unable to stat /etc/cron.d/synosched.*.*.task (No such file or directory)
2024-09-08T17:17:48-07:00 SynologyNAS sh[22174]: vmtouch: WARNING: unable to stat /usr/local/etc/synoschedule.d/*/*.task (No such file or directory)
2024-09-08T17:17:48-07:00 SynologyNAS sh[22174]: vmtouch: WARNING: unable to stat /etc/cron.d/synosched.*.*.task (No such file or directory)
2024-09-08T17:17:49-07:00 SynologyNAS sh[22360]: vmtouch: WARNING: unable to stat /usr/local/etc/synoschedule.d/*/*.task (No such file or directory)
2024-09-08T17:17:49-07:00 SynologyNAS sh[22360]: vmtouch: WARNING: unable to stat /etc/cron.d/synosched.*.*.task (No such file or directory)
2024-09-08T17:19:53-07:00 Synology_NAS sh[24256]: vmtouch: WARNING: unable to stat /usr/local/etc/synoschedule.d/*/*.task (No such file or directory)
2024-09-08T17:19:53-07:00 Synology_NAS sh[24256]: vmtouch: WARNING: unable to stat /etc/cron.d/synosched.*.*.task (No such file or directory)
2024-09-09T08:20:33+08:00 Synology_NAS sh[24807]: vmtouch: WARNING: unable to stat /usr/local/etc/synoschedule.d/*/*.task (No such file or directory)
2024-09-09T08:20:33+08:00 Synology_NAS sh[24807]: vmtouch: WARNING: unable to stat /etc/cron.d/synosched.*.*.task (No such file or directory)
2024-09-10T07:08:51+08:00 Synology_NAS sh[8880]: vmtouch: WARNING: unable to stat /usr/local/etc/synoschedule.d/*/*.task (No such file or directory)
2024-09-10T07:08:51+08:00 Synology_NAS sh[8880]: vmtouch: WARNING: unable to stat /etc/cron.d/synosched.*.*.task (No such file or directory)
2024-09-10T07:08:53+08:00 Synology_NAS sh[9921]: vmtouch: WARNING: unable to stat /usr/local/etc/synoschedule.d/*/*.task (No such file or directory)
2024-09-10T07:08:53+08:00 Synology_NAS sh[9921]: vmtouch: WARNING: unable to stat /etc/cron.d/synosched.*.*.task (No such file or directory)
2024-09-10T07:08:54+08:00 Synology_NAS sh[10372]: vmtouch: WARNING: unable to stat /usr/local/etc/synoschedule.d/*/*.task (No such file or directory)
2024-09-10T07:08:54+08:00 Synology_NAS sh[10372]: vmtouch: WARNING: unable to stat /etc/cron.d/synosched.*.*.task (No such file or directory)
2024-09-10T07:08:55+08:00 Synology_NAS sh[10693]: vmtouch: WARNING: unable to stat /usr/local/etc/synoschedule.d/*/*.task (No such file or directory)
2024-09-10T07:08:21+08:00 Synology_NAS sh[10837]: vmtouch: WARNING: unable to stat /usr/local/etc/synoschedule.d/*/*.task (No such file or directory)
2024-09-10T07:08:24+08:00 Synology_NAS sh[11267]: vmtouch: WARNING: unable to stat /usr/local/etc/synoschedule.d/*/*.task (No such file or directory)
2024-09-10T07:08:27+08:00 Synology_NAS sh[12339]: vmtouch: WARNING: unable to stat /usr/local/etc/synoschedule.d/*/*.task (No such file or directory)
2024-09-10T07:08:28+08:00 Synology_NAS sh[12505]: vmtouch: WARNING: unable to stat /usr/local/etc/synoschedule.d/*/*.task (No such file or directory)
2024-09-10T07:08:30+08:00 Synology_NAS sh[12710]: vmtouch: WARNING: unable to stat /usr/local/etc/synoschedule.d/*/*.task (No such file or directory)
2024-09-10T07:08:33+08:00 Synology_NAS sh[12856]: vmtouch: WARNING: unable to stat /usr/local/etc/synoschedule.d/*/*.task (No such file or directory)
2024-09-11T20:05:35+08:00 Synology_NAS sh[9072]: vmtouch: WARNING: unable to stat /usr/local/etc/synoschedule.d/*/*.task (No such file or directory)
2024-09-11T20:05:39+08:00 Synology_NAS sh[10645]: vmtouch: WARNING: unable to stat /usr/local/etc/synoschedule.d/*/*.task (No such file or directory)
2024-09-11T20:05:40+08:00 Synology_NAS sh[10929]: vmtouch: WARNING: unable to stat /usr/local/etc/synoschedule.d/*/*.task (No such file or directory)
2024-09-11T20:05:39+08:00 Synology_NAS sh[11168]: vmtouch: WARNING: unable to stat /usr/local/etc/synoschedule.d/*/*.task (No such file or directory)
2024-09-11T20:05:40+08:00 Synology_NAS sh[11586]: vmtouch: WARNING: unable to stat /usr/local/etc/synoschedule.d/*/*.task (No such file or directory)
2024-09-11T20:05:42+08:00 Synology_NAS sh[12415]: vmtouch: WARNING: unable to stat /usr/local/etc/synoschedule.d/*/*.task (No such file or directory)
2024-09-11T20:05:43+08:00 Synology_NAS sh[12558]: vmtouch: WARNING: unable to stat /usr/local/etc/synoschedule.d/*/*.task (No such file or directory)
2024-09-11T20:05:45+08:00 Synology_NAS sh[12943]: vmtouch: WARNING: unable to stat /usr/local/etc/synoschedule.d/*/*.task (No such file or directory)
2024-09-11T20:05:46+08:00 Synology_NAS sh[13038]: vmtouch: WARNING: unable to stat /usr/local/etc/synoschedule.d/*/*.task (No such file or directory)
2024-09-11T20:05:49+08:00 Synology_NAS sh[13201]: vmtouch: WARNING: unable to stat /usr/local/etc/synoschedule.d/*/*.task (No such file or directory)
2024-09-11T20:09:18+08:00 Synology_NAS sh[17262]: vmtouch: WARNING: unable to stat /usr/local/etc/synoschedule.d/*/*.task (No such file or directory)
2024-09-11T20:09:21+08:00 Synology_NAS sh[17781]: vmtouch: WARNING: unable to stat /usr/local/etc/synoschedule.d/*/*.task (No such file or directory)
2024-09-11T20:09:23+08:00 Synology_NAS sh[18167]: vmtouch: WARNING: unable to stat /usr/local/etc/synoschedule.d/*/*.task (No such file or directory)
2024-09-11T20:09:25+08:00 Synology_NAS sh[18469]: vmtouch: WARNING: unable to stat /usr/local/etc/synoschedule.d/*/*.task (No such file or directory)
2024-09-11T20:09:42+08:00 Synology_NAS sh[19773]: vmtouch: WARNING: unable to stat /usr/local/etc/synoschedule.d/*/*.task (No such file or directory)
2024-09-11T20:09:50+08:00 Synology_NAS sh[21306]: vmtouch: WARNING: unable to stat /usr/local/etc/synoschedule.d/*/*.task (No such file or directory)
2024-09-11T20:10:33+08:00 Synology_NAS sh[23466]: vmtouch: WARNING: unable to stat /usr/local/etc/synoschedule.d/*/*.task (No such file or directory)
2024-09-11T20:20:30+08:00 Synology_NAS sh[29684]: vmtouch: WARNING: unable to stat /usr/local/etc/synoschedule.d/*/*.task (No such file or directory)
2024-09-11T20:20:58+08:00 Synology_NAS sh[30696]: vmtouch: WARNING: unable to stat /usr/local/etc/synoschedule.d/*/*.task (No such file or directory)
2024-09-11T20:28:30+08:00 Synology_NAS sh[4061]: vmtouch: WARNING: unable to stat /usr/local/etc/synoschedule.d/*/*.task (No such file or directory)
2024-09-11T20:28:43+08:00 Synology_NAS sh[4768]: vmtouch: WARNING: unable to stat /usr/local/etc/synoschedule.d/*/*.task (No such file or directory)
2024-09-11T20:28:44+08:00 Synology_NAS sh[5230]: vmtouch: WARNING: unable to stat /usr/local/etc/synoschedule.d/*/*.task (No such file or directory)
2024-09-11T20:28:45+08:00 Synology_NAS sh[5722]: vmtouch: WARNING: unable to stat /usr/local/etc/synoschedule.d/*/*.task (No such file or directory)
2024-09-12T00:30:21+08:00 Synology_NAS sh[9548]: vmtouch: WARNING: unable to stat /usr/local/etc/synoschedule.d/*/*.task (No such file or directory)
2024-09-12T00:30:23+08:00 Synology_NAS sh[10723]: vmtouch: WARNING: unable to stat /usr/local/etc/synoschedule.d/*/*.task (No such file or directory)
2024-09-12T00:30:25+08:00 Synology_NAS sh[11269]: vmtouch: WARNING: unable to stat /usr/local/etc/synoschedule.d/*/*.task (No such file or directory)
2024-09-12T00:30:26+08:00 Synology_NAS sh[11501]: vmtouch: WARNING: unable to stat /usr/local/etc/synoschedule.d/*/*.task (No such file or directory)
2024-09-12T00:30:28+08:00 Synology_NAS sh[12515]: vmtouch: WARNING: unable to stat /usr/local/etc/synoschedule.d/*/*.task (No such file or directory)
2024-09-12T00:30:33+08:00 Synology_NAS sh[13838]: vmtouch: WARNING: unable to stat /usr/local/etc/synoschedule.d/*/*.task (No such file or directory)
2024-09-12T00:30:34+08:00 Synology_NAS sh[14294]: vmtouch: WARNING: unable to stat /usr/local/etc/synoschedule.d/*/*.task (No such file or directory)
2024-09-12T00:30:35+08:00 Synology_NAS sh[14582]: vmtouch: WARNING: unable to stat /usr/local/etc/synoschedule.d/*/*.task (No such file or directory)
2024-09-12T00:30:37+08:00 Synology_NAS sh[14801]: vmtouch: WARNING: unable to stat /usr/local/etc/synoschedule.d/*/*.task (No such file or directory)
2024-09-12T00:30:40+08:00 Synology_NAS sh[14906]: vmtouch: WARNING: unable to stat /usr/local/etc/synoschedule.d/*/*.task (No such file or directory)
2024-09-12T10:33:03+08:00 Synology_NAS sh[6331]: vmtouch: WARNING: unable to stat /usr/local/etc/synoschedule.d/*/*.task (No such file or directory)
2024-09-12T10:40:33+08:00 Synology_NAS sh[12142]: vmtouch: WARNING: unable to stat /usr/local/etc/synoschedule.d/*/*.task (No such file or directory)
2024-09-12T10:40:47+08:00 Synology_NAS sh[12678]: vmtouch: WARNING: unable to stat /usr/local/etc/synoschedule.d/*/*.task (No such file or directory)
2024-09-12T10:41:04+08:00 Synology_NAS sh[13554]: vmtouch: WARNING: unable to stat /usr/local/etc/synoschedule.d/*/*.task (No such file or directory)
2024-09-14T06:49:50+08:00 Synology_NAS sh[31039]: vmtouch: WARNING: unable to stat /usr/local/etc/synoschedule.d/*/*.task (No such file or directory)
2024-09-14T06:50:09+08:00 Synology_NAS sh[31899]: vmtouch: WARNING: unable to stat /usr/local/etc/synoschedule.d/*/*.task (No such file or directory)
2024-09-14T23:16:45+08:00 Synology_NAS sh[9665]: vmtouch: WARNING: unable to stat /usr/local/etc/synoschedule.d/*/*.task (No such file or directory)
2024-09-14T23:16:47+08:00 Synology_NAS sh[11047]: vmtouch: WARNING: unable to stat /usr/local/etc/synoschedule.d/*/*.task (No such file or directory)
2024-09-14T23:16:48+08:00 Synology_NAS sh[11558]: vmtouch: WARNING: unable to stat /usr/local/etc/synoschedule.d/*/*.task (No such file or directory)
2024-09-14T23:16:50+08:00 Synology_NAS sh[12054]: vmtouch: WARNING: unable to stat /usr/local/etc/synoschedule.d/*/*.task (No such file or directory)
2024-09-14T23:16:56+08:00 Synology_NAS sh[13764]: vmtouch: WARNING: unable to stat /usr/local/etc/synoschedule.d/*/*.task (No such file or directory)
2024-09-14T23:17:01+08:00 Synology_NAS sh[15709]: vmtouch: WARNING: unable to stat /usr/local/etc/synoschedule.d/*/*.task (No such file or directory)
2024-09-14T23:17:02+08:00 Synology_NAS sh[16525]: vmtouch: WARNING: unable to stat /usr/local/etc/synoschedule.d/*/*.task (No such file or directory)
2024-09-14T23:17:03+08:00 Synology_NAS sh[16891]: vmtouch: WARNING: unable to stat /usr/local/etc/synoschedule.d/*/*.task (No such file or directory)
2024-09-14T23:17:07+08:00 Synology_NAS sh[18352]: vmtouch: WARNING: unable to stat /usr/local/etc/synoschedule.d/*/*.task (No such file or directory)
2024-09-14T23:17:08+08:00 Synology_NAS sh[18619]: vmtouch: WARNING: unable to stat /usr/local/etc/synoschedule.d/*/*.task (No such file or directory)
2024-09-14T23:17:09+08:00 Synology_NAS sh[18921]: vmtouch: WARNING: unable to stat /usr/local/etc/synoschedule.d/*/*.task (No such file or directory)
2024-09-14T23:17:11+08:00 Synology_NAS sh[19237]: vmtouch: WARNING: unable to stat /usr/local/etc/synoschedule.d/*/*.task (No such file or directory)
2024-09-15T01:14:12+08:00 Synology_NAS sh[9762]: vmtouch: WARNING: unable to stat /usr/local/etc/synoschedule.d/*/*.task (No such file or directory)
2024-09-15T01:14:13+08:00 Synology_NAS sh[10768]: vmtouch: WARNING: unable to stat /usr/local/etc/synoschedule.d/*/*.task (No such file or directory)
2024-09-15T01:14:14+08:00 Synology_NAS sh[11356]: vmtouch: WARNING: unable to stat /usr/local/etc/synoschedule.d/*/*.task (No such file or directory)
2024-09-15T01:14:16+08:00 Synology_NAS sh[11799]: vmtouch: WARNING: unable to stat /usr/local/etc/synoschedule.d/*/*.task (No such file or directory)
2024-09-15T01:14:20+08:00 Synology_NAS sh[13928]: vmtouch: WARNING: unable to stat /usr/local/etc/synoschedule.d/*/*.task (No such file or directory)
2024-09-15T01:14:25+08:00 Synology_NAS sh[15754]: vmtouch: WARNING: unable to stat /usr/local/etc/synoschedule.d/*/*.task (No such file or directory)
2024-09-15T01:14:26+08:00 Synology_NAS sh[16413]: vmtouch: WARNING: unable to stat /usr/local/etc/synoschedule.d/*/*.task (No such file or directory)
2024-09-15T01:14:27+08:00 Synology_NAS sh[17113]: vmtouch: WARNING: unable to stat /usr/local/etc/synoschedule.d/*/*.task (No such file or directory)
2024-09-15T01:14:30+08:00 Synology_NAS sh[18057]: vmtouch: WARNING: unable to stat /usr/local/etc/synoschedule.d/*/*.task (No such file or directory)
2024-09-15T01:14:31+08:00 Synology_NAS sh[18210]: vmtouch: WARNING: unable to stat /usr/local/etc/synoschedule.d/*/*.task (No such file or directory)
2024-09-15T01:14:32+08:00 Synology_NAS sh[18579]: vmtouch: WARNING: unable to stat /usr/local/etc/synoschedule.d/*/*.task (No such file or directory)
2024-09-15T01:14:33+08:00 Synology_NAS sh[18738]: vmtouch: WARNING: unable to stat /usr/local/etc/synoschedule.d/*/*.task (No such file or directory)
2024-09-15T01:14:34+08:00 Synology_NAS sh[18961]: vmtouch: WARNING: unable to stat /usr/local/etc/synoschedule.d/*/*.task (No such file or directory)
2024-09-15T01:21:59+08:00 Synology_NAS sh[9671]: vmtouch: WARNING: unable to stat /usr/local/etc/synoschedule.d/*/*.task (No such file or directory)
2024-09-15T01:22:00+08:00 Synology_NAS sh[10663]: vmtouch: WARNING: unable to stat /usr/local/etc/synoschedule.d/*/*.task (No such file or directory)
2024-09-15T01:22:01+08:00 Synology_NAS sh[11391]: vmtouch: WARNING: unable to stat /usr/local/etc/synoschedule.d/*/*.task (No such file or directory)
2024-09-15T01:22:03+08:00 Synology_NAS sh[12123]: vmtouch: WARNING: unable to stat /usr/local/etc/synoschedule.d/*/*.task (No such file or directory)
2024-09-15T01:22:07+08:00 Synology_NAS sh[13964]: vmtouch: WARNING: unable to stat /usr/local/etc/synoschedule.d/*/*.task (No such file or directory)
2024-09-15T01:22:10+08:00 Synology_NAS sh[14983]: vmtouch: WARNING: unable to stat /usr/local/etc/synoschedule.d/*/*.task (No such file or directory)
2024-09-15T01:22:13+08:00 Synology_NAS sh[16605]: vmtouch: WARNING: unable to stat /usr/local/etc/synoschedule.d/*/*.task (No such file or directory)
2024-09-15T01:22:14+08:00 Synology_NAS sh[16959]: vmtouch: WARNING: unable to stat /usr/local/etc/synoschedule.d/*/*.task (No such file or directory)
2024-09-15T01:22:15+08:00 Synology_NAS sh[17072]: vmtouch: WARNING: unable to stat /usr/local/etc/synoschedule.d/*/*.task (No such file or directory)
2024-09-15T01:22:19+08:00 Synology_NAS sh[17963]: vmtouch: WARNING: unable to stat /usr/local/etc/synoschedule.d/*/*.task (No such file or directory)
2024-09-15T01:22:23+08:00 Synology_NAS sh[18527]: vmtouch: WARNING: unable to stat /usr/local/etc/synoschedule.d/*/*.task (No such file or directory)
2024-09-15T01:22:30+08:00 Synology_NAS sh[18909]: vmtouch: WARNING: unable to stat /usr/local/etc/synoschedule.d/*/*.task (No such file or directory)
2024-09-15T01:22:46+08:00 Synology_NAS sh[19354]: vmtouch: WARNING: unable to stat /usr/local/etc/synoschedule.d/*/*.task (No such file or directory)
2024-09-15T01:30:52+08:00 Synology_NAS sh[10024]: vmtouch: WARNING: unable to stat /usr/local/etc/synoschedule.d/*/*.task (No such file or directory)
2024-09-15T01:30:54+08:00 Synology_NAS sh[11212]: vmtouch: WARNING: unable to stat /usr/local/etc/synoschedule.d/*/*.task (No such file or directory)
2024-09-15T01:30:55+08:00 Synology_NAS sh[11483]: vmtouch: WARNING: unable to stat /usr/local/etc/synoschedule.d/*/*.task (No such file or directory)
2024-09-15T01:30:57+08:00 Synology_NAS sh[12358]: vmtouch: WARNING: unable to stat /usr/local/etc/synoschedule.d/*/*.task (No such file or directory)
2024-09-15T01:31:02+08:00 Synology_NAS sh[14069]: vmtouch: WARNING: unable to stat /usr/local/etc/synoschedule.d/*/*.task (No such file or directory)
2024-09-15T01:31:06+08:00 Synology_NAS sh[15983]: vmtouch: WARNING: unable to stat /usr/local/etc/synoschedule.d/*/*.task (No such file or directory)
2024-09-15T01:31:08+08:00 Synology_NAS sh[16753]: vmtouch: WARNING: unable to stat /usr/local/etc/synoschedule.d/*/*.task (No such file or directory)
2024-09-15T01:31:09+08:00 Synology_NAS sh[17204]: vmtouch: WARNING: unable to stat /usr/local/etc/synoschedule.d/*/*.task (No such file or directory)
2024-09-15T01:31:10+08:00 Synology_NAS sh[17453]: vmtouch: WARNING: unable to stat /usr/local/etc/synoschedule.d/*/*.task (No such file or directory)
2024-09-15T01:31:12+08:00 Synology_NAS sh[17807]: vmtouch: WARNING: unable to stat /usr/local/etc/synoschedule.d/*/*.task (No such file or directory)
2024-09-15T01:31:13+08:00 Synology_NAS sh[18121]: vmtouch: WARNING: unable to stat /usr/local/etc/synoschedule.d/*/*.task (No such file or directory)
2024-09-15T01:31:16+08:00 Synology_NAS sh[18530]: vmtouch: WARNING: unable to stat /usr/local/etc/synoschedule.d/*/*.task (No such file or directory)
2024-09-15T01:31:22+08:00 Synology_NAS sh[19088]: vmtouch: WARNING: unable to stat /usr/local/etc/synoschedule.d/*/*.task (No such file or directory)
2024-09-15T01:31:36+08:00 Synology_NAS sh[19484]: vmtouch: WARNING: unable to stat /usr/local/etc/synoschedule.d/*/*.task (No such file or directory)
2024-09-15T05:06:03+08:00 Synology_NAS sh[9023]: vmtouch: WARNING: unable to stat /usr/local/etc/synoschedule.d/*/*.task (No such file or directory)
2024-09-15T05:06:09+08:00 Synology_NAS sh[10267]: vmtouch: WARNING: unable to stat /usr/local/etc/synoschedule.d/*/*.task (No such file or directory)
2024-09-15T05:06:11+08:00 Synology_NAS sh[10569]: vmtouch: WARNING: unable to stat /usr/local/etc/synoschedule.d/*/*.task (No such file or directory)
2024-09-15T05:06:12+08:00 Synology_NAS sh[10870]: vmtouch: WARNING: unable to stat /usr/local/etc/synoschedule.d/*/*.task (No such file or directory)
2024-09-15T05:06:16+08:00 Synology_NAS sh[11555]: vmtouch: WARNING: unable to stat /usr/local/etc/synoschedule.d/*/*.task (No such file or directory)
2024-09-15T05:06:22+08:00 Synology_NAS sh[13118]: vmtouch: WARNING: unable to stat /usr/local/etc/synoschedule.d/*/*.task (No such file or directory)
2024-09-15T05:06:24+08:00 Synology_NAS sh[14094]: vmtouch: WARNING: unable to stat /usr/local/etc/synoschedule.d/*/*.task (No such file or directory)
2024-09-15T05:06:26+08:00 Synology_NAS sh[14391]: vmtouch: WARNING: unable to stat /usr/local/etc/synoschedule.d/*/*.task (No such file or directory)
2024-09-15T05:06:31+08:00 Synology_NAS sh[14862]: vmtouch: WARNING: unable to stat /usr/local/etc/synoschedule.d/*/*.task (No such file or directory)
2024-09-15T05:06:36+08:00 Synology_NAS sh[15071]: vmtouch: WARNING: unable to stat /usr/local/etc/synoschedule.d/*/*.task (No such file or directory)
2024-09-15T05:06:40+08:00 Synology_NAS sh[15194]: vmtouch: WARNING: unable to stat /usr/local/etc/synoschedule.d/*/*.task (No such file or directory)
2024-09-15T05:06:44+08:00 Synology_NAS sh[15514]: vmtouch: WARNING: unable to stat /usr/local/etc/synoschedule.d/*/*.task (No such file or directory)
2024-09-15T05:15:05+08:00 Synology_NAS sh[9701]: vmtouch: WARNING: unable to stat /usr/local/etc/synoschedule.d/*/*.task (No such file or directory)
2024-09-15T05:15:09+08:00 Synology_NAS sh[10691]: vmtouch: WARNING: unable to stat /usr/local/etc/synoschedule.d/*/*.task (No such file or directory)
2024-09-15T05:15:10+08:00 Synology_NAS sh[11004]: vmtouch: WARNING: unable to stat /usr/local/etc/synoschedule.d/*/*.task (No such file or directory)
2024-09-15T05:15:11+08:00 Synology_NAS sh[11182]: vmtouch: WARNING: unable to stat /usr/local/etc/synoschedule.d/*/*.task (No such file or directory)
2024-09-15T05:15:15+08:00 Synology_NAS sh[12050]: vmtouch: WARNING: unable to stat /usr/local/etc/synoschedule.d/*/*.task (No such file or directory)
2024-09-15T05:15:20+08:00 Synology_NAS sh[13693]: vmtouch: WARNING: unable to stat /usr/local/etc/synoschedule.d/*/*.task (No such file or directory)
2024-09-15T05:15:26+08:00 Synology_NAS sh[15599]: vmtouch: WARNING: unable to stat /usr/local/etc/synoschedule.d/*/*.task (No such file or directory)
2024-09-15T05:15:29+08:00 Synology_NAS sh[16910]: vmtouch: WARNING: unable to stat /usr/local/etc/synoschedule.d/*/*.task (No such file or directory)
2024-09-15T05:15:32+08:00 Synology_NAS sh[17381]: vmtouch: WARNING: unable to stat /usr/local/etc/synoschedule.d/*/*.task (No such file or directory)
2024-09-15T05:15:41+08:00 Synology_NAS sh[18468]: vmtouch: WARNING: unable to stat /usr/local/etc/synoschedule.d/*/*.task (No such file or directory)
2024-09-15T05:15:42+08:00 Synology_NAS sh[18619]: vmtouch: WARNING: unable to stat /usr/local/etc/synoschedule.d/*/*.task (No such file or directory)
2024-09-15T05:15:47+08:00 Synology_NAS sh[18770]: vmtouch: WARNING: unable to stat /usr/local/etc/synoschedule.d/*/*.task (No such file or directory)
2024-09-15T05:16:18+08:00 Synology_NAS sh[19274]: vmtouch: WARNING: unable to stat /usr/local/etc/synoschedule.d/*/*.task (No such file or directory)
2024-09-15T05:16:42+08:00 Synology_NAS sh[20151]: vmtouch: WARNING: unable to stat /usr/local/etc/synoschedule.d/*/*.task (No such file or directory)
2024-09-16T05:39:34+08:00 Synology_NAS sh[9684]: vmtouch: WARNING: unable to stat /usr/local/etc/synoschedule.d/*/*.task (No such file or directory)
2024-09-16T05:39:35+08:00 Synology_NAS sh[10937]: vmtouch: WARNING: unable to stat /usr/local/etc/synoschedule.d/*/*.task (No such file or directory)
2024-09-16T05:39:36+08:00 Synology_NAS sh[11378]: vmtouch: WARNING: unable to stat /usr/local/etc/synoschedule.d/*/*.task (No such file or directory)
2024-09-16T05:39:38+08:00 Synology_NAS sh[11869]: vmtouch: WARNING: unable to stat /usr/local/etc/synoschedule.d/*/*.task (No such file or directory)
2024-09-16T05:39:44+08:00 Synology_NAS sh[13899]: vmtouch: WARNING: unable to stat /usr/local/etc/synoschedule.d/*/*.task (No such file or directory)
2024-09-16T05:39:48+08:00 Synology_NAS sh[15696]: vmtouch: WARNING: unable to stat /usr/local/etc/synoschedule.d/*/*.task (No such file or directory)
2024-09-16T05:39:49+08:00 Synology_NAS sh[16368]: vmtouch: WARNING: unable to stat /usr/local/etc/synoschedule.d/*/*.task (No such file or directory)
2024-09-16T05:39:52+08:00 Synology_NAS sh[17275]: vmtouch: WARNING: unable to stat /usr/local/etc/synoschedule.d/*/*.task (No such file or directory)
2024-09-16T05:39:54+08:00 Synology_NAS sh[17785]: vmtouch: WARNING: unable to stat /usr/local/etc/synoschedule.d/*/*.task (No such file or directory)
2024-09-16T05:39:55+08:00 Synology_NAS sh[17937]: vmtouch: WARNING: unable to stat /usr/local/etc/synoschedule.d/*/*.task (No such file or directory)
2024-09-16T05:39:58+08:00 Synology_NAS sh[18730]: vmtouch: WARNING: unable to stat /usr/local/etc/synoschedule.d/*/*.task (No such file or directory)
2024-09-16T05:40:00+08:00 Synology_NAS sh[18871]: vmtouch: WARNING: unable to stat /usr/local/etc/synoschedule.d/*/*.task (No such file or directory)
2024-09-16T05:40:24+08:00 Synology_NAS sh[19408]: vmtouch: WARNING: unable to stat /usr/local/etc/synoschedule.d/*/*.task (No such file or directory)
2024-09-16T19:32:56+08:00 Synology_NAS sh[9628]: vmtouch: WARNING: unable to stat /usr/local/etc/synoschedule.d/*/*.task (No such file or directory)
2024-09-16T19:32:59+08:00 Synology_NAS sh[11076]: vmtouch: WARNING: unable to stat /usr/local/etc/synoschedule.d/*/*.task (No such file or directory)
2024-09-16T19:33:00+08:00 Synology_NAS sh[11434]: vmtouch: WARNING: unable to stat /usr/local/etc/synoschedule.d/*/*.task (No such file or directory)
2024-09-16T19:33:00+08:00 Synology_NAS sh[12084]: vmtouch: WARNING: unable to stat /usr/local/etc/synoschedule.d/*/*.task (No such file or directory)
2024-09-16T19:33:05+08:00 Synology_NAS sh[13787]: vmtouch: WARNING: unable to stat /usr/local/etc/synoschedule.d/*/*.task (No such file or directory)
2024-09-16T19:33:09+08:00 Synology_NAS sh[15747]: vmtouch: WARNING: unable to stat /usr/local/etc/synoschedule.d/*/*.task (No such file or directory)
2024-09-16T19:33:10+08:00 Synology_NAS sh[16365]: vmtouch: WARNING: unable to stat /usr/local/etc/synoschedule.d/*/*.task (No such file or directory)
2024-09-16T19:33:11+08:00 Synology_NAS sh[16811]: vmtouch: WARNING: unable to stat /usr/local/etc/synoschedule.d/*/*.task (No such file or directory)
2024-09-16T19:33:16+08:00 Synology_NAS sh[18293]: vmtouch: WARNING: unable to stat /usr/local/etc/synoschedule.d/*/*.task (No such file or directory)
2024-09-16T19:33:17+08:00 Synology_NAS sh[18514]: vmtouch: WARNING: unable to stat /usr/local/etc/synoschedule.d/*/*.task (No such file or directory)
2024-09-16T19:33:19+08:00 Synology_NAS sh[18757]: vmtouch: WARNING: unable to stat /usr/local/etc/synoschedule.d/*/*.task (No such file or directory)
2024-09-16T19:33:20+08:00 Synology_NAS sh[18863]: vmtouch: WARNING: unable to stat /usr/local/etc/synoschedule.d/*/*.task (No such file or directory)
2024-09-16T19:33:45+08:00 Synology_NAS sh[19432]: vmtouch: WARNING: unable to stat /usr/local/etc/synoschedule.d/*/*.task (No such file or directory)
2024-09-17T04:58:35+08:00 Synology_NAS sh[9683]: vmtouch: WARNING: unable to stat /usr/local/etc/synoschedule.d/*/*.task (No such file or directory)
2024-09-17T04:58:37+08:00 Synology_NAS sh[11348]: vmtouch: WARNING: unable to stat /usr/local/etc/synoschedule.d/*/*.task (No such file or directory)
2024-09-17T04:58:38+08:00 Synology_NAS sh[11455]: vmtouch: WARNING: unable to stat /usr/local/etc/synoschedule.d/*/*.task (No such file or directory)
2024-09-17T04:58:40+08:00 Synology_NAS sh[12142]: vmtouch: WARNING: unable to stat /usr/local/etc/synoschedule.d/*/*.task (No such file or directory)
2024-09-17T04:58:46+08:00 Synology_NAS sh[13855]: vmtouch: WARNING: unable to stat /usr/local/etc/synoschedule.d/*/*.task (No such file or directory)
2024-09-17T04:58:50+08:00 Synology_NAS sh[15801]: vmtouch: WARNING: unable to stat /usr/local/etc/synoschedule.d/*/*.task (No such file or directory)
2024-09-17T04:58:51+08:00 Synology_NAS sh[16426]: vmtouch: WARNING: unable to stat /usr/local/etc/synoschedule.d/*/*.task (No such file or directory)
2024-09-17T04:58:52+08:00 Synology_NAS sh[16889]: vmtouch: WARNING: unable to stat /usr/local/etc/synoschedule.d/*/*.task (No such file or directory)
2024-09-17T04:58:56+08:00 Synology_NAS sh[17886]: vmtouch: WARNING: unable to stat /usr/local/etc/synoschedule.d/*/*.task (No such file or directory)
2024-09-17T04:58:57+08:00 Synology_NAS sh[18280]: vmtouch: WARNING: unable to stat /usr/local/etc/synoschedule.d/*/*.task (No such file or directory)
2024-09-17T04:59:01+08:00 Synology_NAS sh[18700]: vmtouch: WARNING: unable to stat /usr/local/etc/synoschedule.d/*/*.task (No such file or directory)
2024-09-17T04:59:03+08:00 Synology_NAS sh[18944]: vmtouch: WARNING: unable to stat /usr/local/etc/synoschedule.d/*/*.task (No such file or directory)
2024-09-17T04:59:31+08:00 Synology_NAS sh[19601]: vmtouch: WARNING: unable to stat /usr/local/etc/synoschedule.d/*/*.task (No such file or directory)
2024-09-17T05:50:45+08:00 Synology_NAS sh[9761]: vmtouch: WARNING: unable to stat /usr/local/etc/synoschedule.d/*/*.task (No such file or directory)
2024-09-17T05:50:47+08:00 Synology_NAS sh[11103]: vmtouch: WARNING: unable to stat /usr/local/etc/synoschedule.d/*/*.task (No such file or directory)
2024-09-17T05:50:48+08:00 Synology_NAS sh[11449]: vmtouch: WARNING: unable to stat /usr/local/etc/synoschedule.d/*/*.task (No such file or directory)
2024-09-17T05:50:49+08:00 Synology_NAS sh[11810]: vmtouch: WARNING: unable to stat /usr/local/etc/synoschedule.d/*/*.task (No such file or directory)
2024-09-17T05:50:55+08:00 Synology_NAS sh[13802]: vmtouch: WARNING: unable to stat /usr/local/etc/synoschedule.d/*/*.task (No such file or directory)
2024-09-17T05:50:58+08:00 Synology_NAS sh[15732]: vmtouch: WARNING: unable to stat /usr/local/etc/synoschedule.d/*/*.task (No such file or directory)
2024-09-17T05:50:59+08:00 Synology_NAS sh[16380]: vmtouch: WARNING: unable to stat /usr/local/etc/synoschedule.d/*/*.task (No such file or directory)
2024-09-17T05:51:02+08:00 Synology_NAS sh[17287]: vmtouch: WARNING: unable to stat /usr/local/etc/synoschedule.d/*/*.task (No such file or directory)
2024-09-17T05:51:05+08:00 Synology_NAS sh[18414]: vmtouch: WARNING: unable to stat /usr/local/etc/synoschedule.d/*/*.task (No such file or directory)
2024-09-17T05:51:08+08:00 Synology_NAS sh[18830]: vmtouch: WARNING: unable to stat /usr/local/etc/synoschedule.d/*/*.task (No such file or directory)
2024-09-17T05:51:39+08:00 Synology_NAS sh[19488]: vmtouch: WARNING: unable to stat /usr/local/etc/synoschedule.d/*/*.task (No such file or directory)
2024-09-17T10:46:00+08:00 Synology_NAS sh[9693]: vmtouch: WARNING: unable to stat /usr/local/etc/synoschedule.d/*/*.task (No such file or directory)
2024-09-17T10:46:01+08:00 Synology_NAS sh[10775]: vmtouch: WARNING: unable to stat /usr/local/etc/synoschedule.d/*/*.task (No such file or directory)
2024-09-17T10:46:02+08:00 Synology_NAS sh[11367]: vmtouch: WARNING: unable to stat /usr/local/etc/synoschedule.d/*/*.task (No such file or directory)
2024-09-17T10:46:05+08:00 Synology_NAS sh[12101]: vmtouch: WARNING: unable to stat /usr/local/etc/synoschedule.d/*/*.task (No such file or directory)
2024-09-17T10:46:09+08:00 Synology_NAS sh[13790]: vmtouch: WARNING: unable to stat /usr/local/etc/synoschedule.d/*/*.task (No such file or directory)
2024-09-17T10:46:13+08:00 Synology_NAS sh[15671]: vmtouch: WARNING: unable to stat /usr/local/etc/synoschedule.d/*/*.task (No such file or directory)
2024-09-17T10:46:14+08:00 Synology_NAS sh[16346]: vmtouch: WARNING: unable to stat /usr/local/etc/synoschedule.d/*/*.task (No such file or directory)
2024-09-17T10:46:15+08:00 Synology_NAS sh[16658]: vmtouch: WARNING: unable to stat /usr/local/etc/synoschedule.d/*/*.task (No such file or directory)
2024-09-17T10:46:16+08:00 Synology_NAS sh[16940]: vmtouch: WARNING: unable to stat /usr/local/etc/synoschedule.d/*/*.task (No such file or directory)
2024-09-17T10:46:22+08:00 Synology_NAS sh[18619]: vmtouch: WARNING: unable to stat /usr/local/etc/synoschedule.d/*/*.task (No such file or directory)
2024-09-17T10:46:24+08:00 Synology_NAS sh[18807]: vmtouch: WARNING: unable to stat /usr/local/etc/synoschedule.d/*/*.task (No such file or directory)
2024-09-17T10:46:50+08:00 Synology_NAS sh[19382]: vmtouch: WARNING: unable to stat /usr/local/etc/synoschedule.d/*/*.task (No such file or directory)
2024-09-20T07:51:17+08:00 Synology_NAS sh[9905]: vmtouch: WARNING: unable to stat /usr/local/etc/synoschedule.d/*/*.task (No such file or directory)
2024-09-20T07:51:19+08:00 Synology_NAS sh[11056]: vmtouch: WARNING: unable to stat /usr/local/etc/synoschedule.d/*/*.task (No such file or directory)
2024-09-20T07:51:20+08:00 Synology_NAS sh[11534]: vmtouch: WARNING: unable to stat /usr/local/etc/synoschedule.d/*/*.task (No such file or directory)
2024-09-20T07:51:21+08:00 Synology_NAS sh[12176]: vmtouch: WARNING: unable to stat /usr/local/etc/synoschedule.d/*/*.task (No such file or directory)
2024-09-20T07:51:27+08:00 Synology_NAS sh[14171]: vmtouch: WARNING: unable to stat /usr/local/etc/synoschedule.d/*/*.task (No such file or directory)
2024-09-20T07:51:31+08:00 Synology_NAS sh[15950]: vmtouch: WARNING: unable to stat /usr/local/etc/synoschedule.d/*/*.task (No such file or directory)
2024-09-20T07:51:32+08:00 Synology_NAS sh[16548]: vmtouch: WARNING: unable to stat /usr/local/etc/synoschedule.d/*/*.task (No such file or directory)
2024-09-20T07:51:33+08:00 Synology_NAS sh[17041]: vmtouch: WARNING: unable to stat /usr/local/etc/synoschedule.d/*/*.task (No such file or directory)
2024-09-20T07:51:36+08:00 Synology_NAS sh[17980]: vmtouch: WARNING: unable to stat /usr/local/etc/synoschedule.d/*/*.task (No such file or directory)
2024-09-20T07:51:40+08:00 Synology_NAS sh[18470]: vmtouch: WARNING: unable to stat /usr/local/etc/synoschedule.d/*/*.task (No such file or directory)
2024-09-20T07:51:42+08:00 Synology_NAS sh[18773]: vmtouch: WARNING: unable to stat /usr/local/etc/synoschedule.d/*/*.task (No such file or directory)
2024-09-20T07:51:43+08:00 Synology_NAS sh[18884]: vmtouch: WARNING: unable to stat /usr/local/etc/synoschedule.d/*/*.task (No such file or directory)
2024-09-20T07:52:08+08:00 Synology_NAS sh[19441]: vmtouch: WARNING: unable to stat /usr/local/etc/synoschedule.d/*/*.task (No such file or directory)
2024-09-20T11:34:36+08:00 Synology_NAS sh[9979]: vmtouch: WARNING: unable to stat /usr/local/etc/synoschedule.d/*/*.task (No such file or directory)
2024-09-20T11:34:38+08:00 Synology_NAS sh[11061]: vmtouch: WARNING: unable to stat /usr/local/etc/synoschedule.d/*/*.task (No such file or directory)
2024-09-20T11:34:39+08:00 Synology_NAS sh[11628]: vmtouch: WARNING: unable to stat /usr/local/etc/synoschedule.d/*/*.task (No such file or directory)
2024-09-20T11:34:42+08:00 Synology_NAS sh[12455]: vmtouch: WARNING: unable to stat /usr/local/etc/synoschedule.d/*/*.task (No such file or directory)
2024-09-20T11:34:48+08:00 Synology_NAS sh[14486]: vmtouch: WARNING: unable to stat /usr/local/etc/synoschedule.d/*/*.task (No such file or directory)
2024-09-20T11:34:51+08:00 Synology_NAS sh[15996]: vmtouch: WARNING: unable to stat /usr/local/etc/synoschedule.d/*/*.task (No such file or directory)
2024-09-20T11:34:54+08:00 Synology_NAS sh[17360]: vmtouch: WARNING: unable to stat /usr/local/etc/synoschedule.d/*/*.task (No such file or directory)
2024-09-20T11:34:56+08:00 Synology_NAS sh[17997]: vmtouch: WARNING: unable to stat /usr/local/etc/synoschedule.d/*/*.task (No such file or directory)
2024-09-20T11:34:58+08:00 Synology_NAS sh[18846]: vmtouch: WARNING: unable to stat /usr/local/etc/synoschedule.d/*/*.task (No such file or directory)
2024-09-20T11:35:00+08:00 Synology_NAS sh[19213]: vmtouch: WARNING: unable to stat /usr/local/etc/synoschedule.d/*/*.task (No such file or directory)
2024-09-20T11:35:01+08:00 Synology_NAS sh[19317]: vmtouch: WARNING: unable to stat /usr/local/etc/synoschedule.d/*/*.task (No such file or directory)
2024-09-20T11:35:05+08:00 Synology_NAS sh[19620]: vmtouch: WARNING: unable to stat /usr/local/etc/synoschedule.d/*/*.task (No such file or directory)
2024-09-20T11:35:28+08:00 Synology_NAS sh[20140]: vmtouch: WARNING: unable to stat /usr/local/etc/synoschedule.d/*/*.task (No such file or directory)
2024-09-20T11:41:24+08:00 Synology_NAS sh[23277]: vmtouch: WARNING: unable to stat /usr/local/etc/synoschedule.d/*/*.task (No such file or directory)
2024-09-20T11:46:46+08:00 Synology_NAS sh[27278]: vmtouch: WARNING: unable to stat /usr/local/etc/synoschedule.d/*/*.task (No such file or directory)
2024-09-20T11:47:40+08:00 Synology_NAS sh[27482]: vmtouch: WARNING: unable to stat /usr/local/etc/synoschedule.d/*/*.task (No such file or directory)
2024-09-21T10:56:27+08:00 Synology_NAS sh[1005]: vmtouch: WARNING: unable to stat /usr/local/etc/synoschedule.d/*/*.task (No such file or directory)
2024-09-21T10:56:28+08:00 Synology_NAS sh[1052]: vmtouch: WARNING: unable to stat /usr/local/etc/synoschedule.d/*/*.task (No such file or directory)
2024-09-21T10:57:19+08:00 Synology_NAS sh[2948]: vmtouch: WARNING: unable to stat /usr/local/etc/synoschedule.d/*/*.task (No such file or directory)
