2024-09-08T17:16:56-07:00 SynologyNAS syno-before-upgrade-ready.sh[12351]: <11>Sep  8 17:16:56 /usr/syno/sbin/synoupgradepreserve_for_configs.sh: dir is not exist [//usr/syno/synoinstall/space-preserve-for-configs]
2024-09-08T17:16:56-07:00 SynologyNAS syno-before-upgrade-ready.sh[12351]: Not supported preserving space for upgrade.
2024-09-08T17:16:58-07:00 SynologyNAS syno-before-upgrade-ready.sh[12351]: Copyright (c) 2003-2023 Synology Inc. All rights reserved.
2024-09-08T17:16:58-07:00 SynologyNAS syno-before-upgrade-ready.sh[12351]: removed '/var/.UpgradeBootup'
2024-09-08T17:16:59-07:00 SynologyNAS syno-before-upgrade-ready.sh[12351]: ENSURE_SETTINGS
2024-09-08T17:17:14-07:00 SynologyNAS syno-before-upgrade-ready.sh[12351]: Check Failed
2024-09-10T07:08:24+08:00 Synology_NAS syno-before-upgrade-ready.sh[11284]: Not supported preserving space for upgrade.
2024-09-11T20:05:40+08:00 Synology_NAS syno-before-upgrade-ready.sh[11380]: Not supported preserving space for upgrade.
2024-09-12T00:30:30+08:00 Synology_NAS syno-before-upgrade-ready.sh[12868]: Not supported preserving space for upgrade.
2024-09-14T23:16:58+08:00 Synology_NAS syno-before-upgrade-ready.sh[14372]: Not supported preserving space for upgrade.
2024-09-15T01:14:22+08:00 Synology_NAS syno-before-upgrade-ready.sh[14367]: Not supported preserving space for upgrade.
2024-09-15T01:22:09+08:00 Synology_NAS syno-before-upgrade-ready.sh[14527]: Not supported preserving space for upgrade.
2024-09-15T01:31:03+08:00 Synology_NAS syno-before-upgrade-ready.sh[14719]: Not supported preserving space for upgrade.
2024-09-15T05:06:21+08:00 Synology_NAS syno-before-upgrade-ready.sh[12937]: Not supported preserving space for upgrade.
2024-09-15T05:15:24+08:00 Synology_NAS syno-before-upgrade-ready.sh[15018]: Not supported preserving space for upgrade.
2024-09-16T05:39:45+08:00 Synology_NAS syno-before-upgrade-ready.sh[14456]: Not supported preserving space for upgrade.
2024-09-16T19:33:07+08:00 Synology_NAS syno-before-upgrade-ready.sh[14422]: Not supported preserving space for upgrade.
2024-09-17T04:58:47+08:00 Synology_NAS syno-before-upgrade-ready.sh[14390]: Not supported preserving space for upgrade.
2024-09-17T05:50:56+08:00 Synology_NAS syno-before-upgrade-ready.sh[14474]: Not supported preserving space for upgrade.
2024-09-17T10:46:10+08:00 Synology_NAS syno-before-upgrade-ready.sh[14420]: Not supported preserving space for upgrade.
2024-09-20T07:51:29+08:00 Synology_NAS syno-before-upgrade-ready.sh[15090]: Not supported preserving space for upgrade.
2024-09-20T11:34:49+08:00 Synology_NAS syno-before-upgrade-ready.sh[15027]: Not supported preserving space for upgrade.
2024-10-09T04:33:34+08:00 Yasuraokaa_Site syno-before-upgrade-ready.sh[15162]: Not supported preserving space for upgrade.
2024-11-05T07:06:40+08:00 Yasuraokaa_Site syno-before-upgrade-ready.sh[15237]: Not supported preserving space for upgrade.
