2024-09-08T17:15:18-07:00 SynologyNAS synocheckuser[7512]: Pass CheckUser
2024-09-08T17:15:18-07:00 SynologyNAS synocheckuser[7512]: CheckAppPriv error [0x0700 synocheckuser.c:1469]
2024-09-10T07:07:22+08:00 Synology_NAS synocheckuser[6850]: Pass CheckUser
2024-09-10T07:07:22+08:00 Synology_NAS synocheckuser[6850]: Pass CheckAppPriv
2024-09-11T20:04:05+08:00 Synology_NAS synocheckuser[6950]: Pass CheckUser
2024-09-11T20:04:05+08:00 Synology_NAS synocheckuser[6950]: Pass CheckAppPriv
2024-09-12T00:28:51+08:00 Synology_NAS synocheckuser[7217]: Pass CheckUser
2024-09-12T00:28:51+08:00 Synology_NAS synocheckuser[7217]: Pass CheckAppPriv
2024-09-14T23:15:16+08:00 Synology_NAS synocheckuser[7202]: Pass CheckUser
2024-09-14T23:15:16+08:00 Synology_NAS synocheckuser[7202]: Pass CheckAppPriv
2024-09-15T01:12:42+08:00 Synology_NAS synocheckuser[7256]: Pass CheckUser
2024-09-15T01:12:42+08:00 Synology_NAS synocheckuser[7256]: Pass CheckAppPriv
2024-09-15T01:17:47+08:00 Synology_NAS synocheckuser[7313]: Pass CheckUser
2024-09-15T01:17:47+08:00 Synology_NAS synocheckuser[7313]: Pass CheckAppPriv
2024-09-15T01:20:29+08:00 Synology_NAS synocheckuser[7236]: Pass CheckUser
2024-09-15T01:20:29+08:00 Synology_NAS synocheckuser[7236]: Pass CheckAppPriv
2024-09-15T01:29:23+08:00 Synology_NAS synocheckuser[7258]: Pass CheckUser
2024-09-15T01:29:23+08:00 Synology_NAS synocheckuser[7258]: Pass CheckAppPriv
2024-09-15T05:04:35+08:00 Synology_NAS synocheckuser[6911]: Pass CheckUser
2024-09-15T05:04:35+08:00 Synology_NAS synocheckuser[6911]: Pass CheckAppPriv
2024-09-15T05:13:36+08:00 Synology_NAS synocheckuser[7203]: Pass CheckUser
2024-09-15T05:13:36+08:00 Synology_NAS synocheckuser[7203]: Pass CheckAppPriv
2024-09-16T05:38:04+08:00 Synology_NAS synocheckuser[7254]: Pass CheckUser
2024-09-16T05:38:04+08:00 Synology_NAS synocheckuser[7254]: Pass CheckAppPriv
2024-09-16T19:31:26+08:00 Synology_NAS synocheckuser[7319]: Pass CheckUser
2024-09-16T19:31:26+08:00 Synology_NAS synocheckuser[7319]: Pass CheckAppPriv
2024-09-17T04:57:05+08:00 Synology_NAS synocheckuser[7269]: Pass CheckUser
2024-09-17T04:57:05+08:00 Synology_NAS synocheckuser[7269]: Pass CheckAppPriv
2024-09-17T05:49:15+08:00 Synology_NAS synocheckuser[7273]: Pass CheckUser
2024-09-17T05:49:15+08:00 Synology_NAS synocheckuser[7273]: Pass CheckAppPriv
2024-09-17T10:44:30+08:00 Synology_NAS synocheckuser[7276]: Pass CheckUser
2024-09-17T10:44:30+08:00 Synology_NAS synocheckuser[7276]: Pass CheckAppPriv
2024-09-20T07:49:47+08:00 Synology_NAS synocheckuser[7361]: Pass CheckUser
2024-09-20T07:49:47+08:00 Synology_NAS synocheckuser[7361]: Pass CheckAppPriv
2024-09-20T11:33:06+08:00 Synology_NAS synocheckuser[7392]: Pass CheckUser
2024-09-20T11:33:06+08:00 Synology_NAS synocheckuser[7392]: Pass CheckAppPriv
2024-10-09T04:31:49+08:00 Yasuraokaa_Site synocheckuser[7524]: Pass CheckUser
2024-10-09T04:31:49+08:00 Yasuraokaa_Site synocheckuser[7524]: Pass CheckAppPriv
2024-11-05T07:05:07+08:00 Yasuraokaa_Site synocheckuser[7506]: Pass CheckUser
2024-11-05T07:05:07+08:00 Yasuraokaa_Site synocheckuser[7506]: Pass CheckAppPriv
