2024-09-08T17:16:50-07:00 SynologyNAS synomount.sh[10231]: Load isofs.ko ...
2024-09-08T17:16:50-07:00 SynologyNAS synomount.sh[10231]: Load udf.ko ...
2024-09-09T08:24:45+08:00 Synology_NAS synomount.sh[26555]: Remove udf.ko ...
2024-09-09T08:24:45+08:00 Synology_NAS synomount.sh[26555]: Remove isofs.ko ...
2024-09-10T07:08:54+08:00 Synology_NAS synomount.sh[10389]: Load isofs.ko ...
2024-09-10T07:08:54+08:00 Synology_NAS synomount.sh[10389]: Load udf.ko ...
2024-09-11T19:57:37+08:00 Synology_NAS synomount.sh[888]: Remove udf.ko ...
2024-09-11T19:57:37+08:00 Synology_NAS synomount.sh[888]: Remove isofs.ko ...
2024-09-11T20:05:38+08:00 Synology_NAS synomount.sh[9706]: Load isofs.ko ...
2024-09-11T20:05:38+08:00 Synology_NAS synomount.sh[9706]: Load udf.ko ...
2024-09-12T00:26:24+08:00 Synology_NAS synomount.sh[18424]: Remove udf.ko ...
2024-09-12T00:26:24+08:00 Synology_NAS synomount.sh[18424]: Remove isofs.ko ...
2024-09-12T00:30:28+08:00 Synology_NAS synomount.sh[12483]: Load isofs.ko ...
2024-09-12T00:30:28+08:00 Synology_NAS synomount.sh[12483]: Load udf.ko ...
2024-09-14T22:43:06+08:00 Synology_NAS synomount.sh[10075]: Remove udf.ko ...
2024-09-14T22:43:06+08:00 Synology_NAS synomount.sh[10075]: Remove isofs.ko ...
2024-09-14T23:16:56+08:00 Synology_NAS synomount.sh[13983]: Load isofs.ko ...
2024-09-14T23:16:56+08:00 Synology_NAS synomount.sh[13983]: Load udf.ko ...
2024-09-15T00:50:05+08:00 Synology_NAS synomount.sh[26303]: Remove udf.ko ...
2024-09-15T00:50:05+08:00 Synology_NAS synomount.sh[26303]: Remove isofs.ko ...
2024-09-15T01:14:19+08:00 Synology_NAS synomount.sh[13619]: Load isofs.ko ...
2024-09-15T01:14:19+08:00 Synology_NAS synomount.sh[13619]: Load udf.ko ...
2024-09-15T01:22:08+08:00 Synology_NAS synomount.sh[14239]: Load isofs.ko ...
2024-09-15T01:22:08+08:00 Synology_NAS synomount.sh[14239]: Load udf.ko ...
2024-09-15T01:31:02+08:00 Synology_NAS synomount.sh[14349]: Load isofs.ko ...
2024-09-15T01:31:02+08:00 Synology_NAS synomount.sh[14349]: Load udf.ko ...
2024-09-15T05:06:19+08:00 Synology_NAS synomount.sh[12560]: Load isofs.ko ...
2024-09-15T05:06:19+08:00 Synology_NAS synomount.sh[12560]: Load udf.ko ...
2024-09-15T05:15:22+08:00 Synology_NAS synomount.sh[14395]: Load isofs.ko ...
2024-09-15T05:15:22+08:00 Synology_NAS synomount.sh[14395]: Load udf.ko ...
2024-09-16T05:35:26+08:00 Synology_NAS synomount.sh[10558]: Remove udf.ko ...
2024-09-16T05:35:26+08:00 Synology_NAS synomount.sh[10558]: Remove isofs.ko ...
2024-09-16T05:39:44+08:00 Synology_NAS synomount.sh[14091]: Load isofs.ko ...
2024-09-16T05:39:44+08:00 Synology_NAS synomount.sh[14091]: Load udf.ko ...
2024-09-16T19:28:48+08:00 Synology_NAS synomount.sh[17571]: Remove udf.ko ...
2024-09-16T19:28:48+08:00 Synology_NAS synomount.sh[17571]: Remove isofs.ko ...
2024-09-16T19:33:06+08:00 Synology_NAS synomount.sh[14014]: Load isofs.ko ...
2024-09-16T19:33:06+08:00 Synology_NAS synomount.sh[14014]: Load udf.ko ...
2024-09-17T04:54:30+08:00 Synology_NAS synomount.sh[20307]: Remove udf.ko ...
2024-09-17T04:54:30+08:00 Synology_NAS synomount.sh[20307]: Remove isofs.ko ...
2024-09-17T04:58:46+08:00 Synology_NAS synomount.sh[14032]: Load isofs.ko ...
2024-09-17T04:58:46+08:00 Synology_NAS synomount.sh[14032]: Load udf.ko ...
2024-09-17T05:46:37+08:00 Synology_NAS synomount.sh[1792]: Remove udf.ko ...
2024-09-17T05:46:37+08:00 Synology_NAS synomount.sh[1792]: Remove isofs.ko ...
2024-09-17T05:50:55+08:00 Synology_NAS synomount.sh[14072]: Load isofs.ko ...
2024-09-17T05:50:55+08:00 Synology_NAS synomount.sh[14072]: Load udf.ko ...
2024-09-17T10:41:53+08:00 Synology_NAS synomount.sh[3722]: Remove udf.ko ...
2024-09-17T10:41:53+08:00 Synology_NAS synomount.sh[3722]: Remove isofs.ko ...
2024-09-17T10:46:09+08:00 Synology_NAS synomount.sh[14040]: Load isofs.ko ...
2024-09-17T10:46:10+08:00 Synology_NAS synomount.sh[14040]: Load udf.ko ...
2024-09-20T07:36:42+08:00 Synology_NAS synomount.sh[8311]: Remove udf.ko ...
2024-09-20T07:36:42+08:00 Synology_NAS synomount.sh[8311]: Remove isofs.ko ...
2024-09-20T07:51:26+08:00 Synology_NAS synomount.sh[13808]: Load isofs.ko ...
2024-09-20T07:51:26+08:00 Synology_NAS synomount.sh[13808]: Load udf.ko ...
2024-09-20T11:29:03+08:00 Synology_NAS synomount.sh[451]: Remove udf.ko ...
2024-09-20T11:29:03+08:00 Synology_NAS synomount.sh[451]: Remove isofs.ko ...
2024-09-20T11:34:48+08:00 Synology_NAS synomount.sh[14693]: Load isofs.ko ...
2024-09-20T11:34:48+08:00 Synology_NAS synomount.sh[14693]: Load udf.ko ...
2024-10-09T04:29:15+08:00 Yasuraokaa_Site synomount.sh[3048]: Remove udf.ko ...
2024-10-09T04:29:15+08:00 Yasuraokaa_Site synomount.sh[3048]: Remove isofs.ko ...
2024-10-09T04:33:31+08:00 Yasuraokaa_Site synomount.sh[14523]: Load isofs.ko ...
2024-10-09T04:33:31+08:00 Yasuraokaa_Site synomount.sh[14523]: Load udf.ko ...
2024-11-05T00:53:46+08:00 Yasuraokaa_Site synomount.sh[25014]: Remove udf.ko ...
2024-11-05T00:53:46+08:00 Yasuraokaa_Site synomount.sh[25014]: Remove isofs.ko ...
2024-11-05T07:06:38+08:00 Yasuraokaa_Site synomount.sh[14567]: Load isofs.ko ...
2024-11-05T07:06:38+08:00 Yasuraokaa_Site synomount.sh[14567]: Load udf.ko ...
