2024-09-14T07:51:51+08:00 Synology_NAS synoscgi________________________________________________________[9495]: 403 Forbidden: Cannot chdir to script directory (/usr/syno/synoman/~DSFile/queryWebdav.cgi)
2024-09-26T10:55:27+08:00 Synology_NAS synoscgi________________________________________________________[10002]: 403 Forbidden: Cannot chdir to script directory (/usr/syno/synoman/~DSFile/queryWebdav.cgi)
2024-09-26T11:25:11+08:00 Synology_NAS synoscgi________________________________________________________[10002]: 403 Forbidden: Cannot chdir to script directory (/usr/syno/synoman/~DSFile/queryWebdav.cgi)
2024-09-26T11:26:11+08:00 Synology_NAS synoscgi________________________________________________________[10002]: Warning: Directory Thumbnail, entry 0x0201: Data area exceeds data buffer, ignoring it.
2024-09-26T13:18:20+08:00 Synology_NAS synoscgi________________________________________________________[10002]: 403 Forbidden: Cannot chdir to script directory (/usr/syno/synoman/~DSFile/queryWebdav.cgi)
2024-09-27T01:23:17+08:00 Synology_NAS synoscgi________________________________________________________[10002]: 403 Forbidden: Cannot chdir to script directory (/usr/syno/synoman/~DSFile/queryWebdav.cgi)
2024-09-27T11:18:51+08:00 Synology_NAS synoscgi________________________________________________________[10002]: 403 Forbidden: Cannot chdir to script directory (/usr/syno/synoman/~DSFile/queryWebdav.cgi)
2024-09-27T12:15:51+08:00 Synology_NAS synoscgi________________________________________________________[10002]: Warning: Directory Thumbnail, entry 0x0201: Data area exceeds data buffer, ignoring it.
2024-09-27T13:41:27+08:00 Synology_NAS synoscgi________________________________________________________[10002]: 403 Forbidden: Cannot chdir to script directory (/usr/syno/synoman/~DSFile/queryWebdav.cgi)
2024-09-27T16:54:48+08:00 Synology_NAS synoscgi________________________________________________________[10002]: 403 Forbidden: Cannot chdir to script directory (/usr/syno/synoman/~DSFile/queryWebdav.cgi)
2024-09-27T17:19:31+08:00 Synology_NAS synoscgi________________________________________________________[10002]: Error: XMP Toolkit error 201: Error in XMLValidator
2024-09-27T17:19:31+08:00 Synology_NAS synoscgi________________________________________________________[10002]: Warning: Failed to decode XMP metadata.
2024-09-27T17:20:44+08:00 Synology_NAS synoscgi________________________________________________________[10002]: Error: XMP Toolkit error 201: Error in XMLValidator
2024-09-27T17:20:44+08:00 Synology_NAS synoscgi________________________________________________________[10002]: Warning: Failed to decode XMP metadata.
2024-09-27T18:50:50+08:00 Synology_NAS synoscgi________________________________________________________[10002]: Warning: Failed to decode Exif metadata.
2024-09-27T21:57:47+08:00 Synology_NAS synoscgi________________________________________________________[10002]: Error: Directory Image: IFD exceeds data buffer, cannot read next pointer.
2024-09-27T22:30:32+08:00 Synology_NAS synoscgi________________________________________________________[10002]: Error: Directory Sony1 with 8704 entries considered invalid; not read.
2024-09-27T22:31:27+08:00 Synology_NAS synoscgi________________________________________________________[10002]: Error: Directory Sony1 with 8704 entries considered invalid; not read.
2024-09-27T22:31:31+08:00 Synology_NAS synoscgi________________________________________________________[10002]: Error: Directory Sony1 with 8704 entries considered invalid; not read.
2024-09-27T22:31:35+08:00 Synology_NAS synoscgi________________________________________________________[10002]: Error: Directory Sony1 with 8704 entries considered invalid; not read.
2024-09-27T22:32:00+08:00 Synology_NAS synoscgi________________________________________________________[7605]: SYSTEM:	Last message 'Error: Directory Son' repeated 4 times, suppressed by syslog-ng on Synology_NAS
2024-09-27T22:32:07+08:00 Synology_NAS synoscgi________________________________________________________[10002]: Error: Directory Sony1 with 8704 entries considered invalid; not read.
2024-09-27T22:32:20+08:00 Synology_NAS synoscgi________________________________________________________[10002]: Error: Directory Sony1 with 8704 entries considered invalid; not read.
2024-09-27T22:32:37+08:00 Synology_NAS synoscgi________________________________________________________[10002]: Error: Directory Sony1 with 8704 entries considered invalid; not read.
2024-09-27T22:33:01+08:00 Synology_NAS synoscgi________________________________________________________[10002]: Error: Directory Sony1 with 8704 entries considered invalid; not read.
2024-09-27T22:34:50+08:00 Synology_NAS synoscgi________________________________________________________[10002]: Error: Directory Sony1 with 8704 entries considered invalid; not read.
2024-09-27T22:34:51+08:00 Synology_NAS synoscgi________________________________________________________[10002]: Error: Directory Sony1 with 8704 entries considered invalid; not read.
2024-09-27T22:34:53+08:00 Synology_NAS synoscgi________________________________________________________[10002]: Error: Directory Sony1 with 8704 entries considered invalid; not read.
2024-09-27T22:35:21+08:00 Synology_NAS synoscgi________________________________________________________[7605]: SYSTEM:	Last message 'Error: Directory Son' repeated 12 times, suppressed by syslog-ng on Synology_NAS
2024-09-27T22:35:22+08:00 Synology_NAS synoscgi________________________________________________________[10002]: Error: Directory Sony1 with 8704 entries considered invalid; not read.
2024-09-27T22:35:23+08:00 Synology_NAS synoscgi________________________________________________________[10002]: Error: Directory Sony1 with 8704 entries considered invalid; not read.
2024-09-27T22:35:24+08:00 Synology_NAS synoscgi________________________________________________________[10002]: Error: Directory Sony1 with 8704 entries considered invalid; not read.
2024-09-27T22:35:53+08:00 Synology_NAS synoscgi________________________________________________________[7605]: SYSTEM:	Last message 'Error: Directory Son' repeated 3 times, suppressed by syslog-ng on Synology_NAS
2024-09-27T22:36:04+08:00 Synology_NAS synoscgi________________________________________________________[10002]: Error: Directory Sony1 with 8704 entries considered invalid; not read.
2024-09-27T22:36:07+08:00 Synology_NAS synoscgi________________________________________________________[10002]: Error: Directory Sony1 with 8704 entries considered invalid; not read.
2024-09-27T22:36:08+08:00 Synology_NAS synoscgi________________________________________________________[10002]: Error: Directory Sony1 with 8704 entries considered invalid; not read.
2024-09-27T22:36:36+08:00 Synology_NAS synoscgi________________________________________________________[7605]: SYSTEM:	Last message 'Error: Directory Son' repeated 4 times, suppressed by syslog-ng on Synology_NAS
2024-09-27T22:38:23+08:00 Synology_NAS synoscgi________________________________________________________[10002]: Error: Directory Sony1 with 8704 entries considered invalid; not read.
2024-09-27T22:38:32+08:00 Synology_NAS synoscgi________________________________________________________[10002]: Error: Directory Sony1 with 8704 entries considered invalid; not read.
2024-09-27T22:38:53+08:00 Synology_NAS synoscgi________________________________________________________[10002]: Error: Directory Sony1 with 8704 entries considered invalid; not read.
2024-09-27T22:38:54+08:00 Synology_NAS synoscgi________________________________________________________[10002]: Error: Directory Sony1 with 8704 entries considered invalid; not read.
2024-09-27T22:38:56+08:00 Synology_NAS synoscgi________________________________________________________[10002]: Error: Directory Sony1 with 8704 entries considered invalid; not read.
2024-09-27T22:38:59+08:00 Synology_NAS synoscgi________________________________________________________[10002]: Error: Directory Sony1 with 8704 entries considered invalid; not read.
2024-09-27T22:39:25+08:00 Synology_NAS synoscgi________________________________________________________[7605]: SYSTEM:	Last message 'Error: Directory Son' repeated 5 times, suppressed by syslog-ng on Synology_NAS
2024-09-27T22:39:25+08:00 Synology_NAS synoscgi________________________________________________________[10002]: Error: Directory Sony1 with 8704 entries considered invalid; not read.
2024-09-27T22:39:26+08:00 Synology_NAS synoscgi________________________________________________________[10002]: Error: Directory Sony1 with 8704 entries considered invalid; not read.
2024-09-27T22:39:39+08:00 Synology_NAS synoscgi________________________________________________________[10002]: Error: Directory Sony1 with 8704 entries considered invalid; not read.
2024-09-27T22:39:56+08:00 Synology_NAS synoscgi________________________________________________________[7605]: SYSTEM:	Last message 'Error: Directory Son' repeated 3 times, suppressed by syslog-ng on Synology_NAS
2024-09-27T22:39:58+08:00 Synology_NAS synoscgi________________________________________________________[10002]: Error: Directory Sony1 with 8704 entries considered invalid; not read.
2024-09-27T22:40:01+08:00 Synology_NAS synoscgi________________________________________________________[10002]: Error: Directory Sony1 with 8704 entries considered invalid; not read.
2024-09-27T22:40:02+08:00 Synology_NAS synoscgi________________________________________________________[10002]: Error: Directory Sony1 with 8704 entries considered invalid; not read.
2024-09-27T22:40:30+08:00 Synology_NAS synoscgi________________________________________________________[7605]: SYSTEM:	Last message 'Error: Directory Son' repeated 3 times, suppressed by syslog-ng on Synology_NAS
2024-09-27T22:40:35+08:00 Synology_NAS synoscgi________________________________________________________[10002]: Error: Directory Sony1 with 8704 entries considered invalid; not read.
2024-09-27T22:40:38+08:00 Synology_NAS synoscgi________________________________________________________[10002]: Error: Directory Sony1 with 8704 entries considered invalid; not read.
2024-09-27T22:40:42+08:00 Synology_NAS synoscgi________________________________________________________[10002]: Error: Directory Sony1 with 8704 entries considered invalid; not read.
2024-09-27T22:41:07+08:00 Synology_NAS synoscgi________________________________________________________[7605]: SYSTEM:	Last message 'Error: Directory Son' repeated 4 times, suppressed by syslog-ng on Synology_NAS
2024-09-27T22:41:38+08:00 Synology_NAS synoscgi________________________________________________________[10002]: Error: Directory Sony1 with 8704 entries considered invalid; not read.
2024-09-27T22:41:43+08:00 Synology_NAS synoscgi________________________________________________________[10002]: Error: Directory Sony1 with 8704 entries considered invalid; not read.
2024-09-27T22:41:45+08:00 Synology_NAS synoscgi________________________________________________________[10002]: Error: Directory Sony1 with 8704 entries considered invalid; not read.
2024-09-27T22:42:10+08:00 Synology_NAS synoscgi________________________________________________________[7605]: SYSTEM:	Last message 'Error: Directory Son' repeated 10 times, suppressed by syslog-ng on Synology_NAS
2024-09-27T22:42:10+08:00 Synology_NAS synoscgi________________________________________________________[10002]: Error: Directory Sony1 with 8704 entries considered invalid; not read.
2024-09-27T22:43:01+08:00 Synology_NAS synoscgi________________________________________________________[10002]: Error: Directory Sony1 with 8704 entries considered invalid; not read.
2024-09-27T22:43:04+08:00 Synology_NAS synoscgi________________________________________________________[10002]: Error: Directory Sony1 with 8704 entries considered invalid; not read.
2024-09-27T22:43:09+08:00 Synology_NAS synoscgi________________________________________________________[10002]: Error: Directory Sony1 with 8704 entries considered invalid; not read.
2024-09-27T22:43:34+08:00 Synology_NAS synoscgi________________________________________________________[7605]: SYSTEM:	Last message 'Error: Directory Son' repeated 3 times, suppressed by syslog-ng on Synology_NAS
2024-09-27T22:44:10+08:00 Synology_NAS synoscgi________________________________________________________[10002]: Error: Directory Sony1 with 8704 entries considered invalid; not read.
2024-09-27T22:44:11+08:00 Synology_NAS synoscgi________________________________________________________[10002]: Error: Directory Sony1 with 8704 entries considered invalid; not read.
2024-09-27T22:44:12+08:00 Synology_NAS synoscgi________________________________________________________[10002]: Error: Directory Sony1 with 8704 entries considered invalid; not read.
2024-09-27T22:44:41+08:00 Synology_NAS synoscgi________________________________________________________[7605]: SYSTEM:	Last message 'Error: Directory Son' repeated 4 times, suppressed by syslog-ng on Synology_NAS
2024-09-27T22:45:00+08:00 Synology_NAS synoscgi________________________________________________________[10002]: Error: Directory Sony1 with 8704 entries considered invalid; not read.
2024-09-27T22:45:01+08:00 Synology_NAS synoscgi________________________________________________________[10002]: Error: Directory Sony1 with 8704 entries considered invalid; not read.
2024-09-27T22:50:51+08:00 Synology_NAS synoscgi________________________________________________________[10002]: Error: Directory Sony1 with 8704 entries considered invalid; not read.
2024-09-30T23:33:59+08:00 Synology_NAS synoscgi________________________________________________________[10002]: 403 Forbidden: Cannot chdir to script directory (/usr/syno/synoman/cgi-bin/authLogin.cgi)
2024-10-03T01:47:33+08:00 Synology_NAS synoscgi________________________________________________________[10002]: 403 Forbidden: Cannot chdir to script directory (/usr/syno/synoman/cgi-bin/authLogin.cgi)
2024-10-07T16:02:02+08:00 Yasuraokaa_Site synoscgi________________________________________________________[10002]: 403 Forbidden: Cannot chdir to script directory (/usr/syno/synoman/~DSFile/queryWebdav.cgi)
2024-10-17T02:24:13+08:00 Yasuraokaa_Site synoscgi________________________________________________________[10073]: 500 Internal Server Error: cannot reset credential (/usr/syno/synoman/main.cgi)
2024-10-17T02:24:17+08:00 Yasuraokaa_Site synoscgi________________________________________________________[10073]: 403 Forbidden: Cannot chdir to script directory (/usr/syno/synoman/cgi-bin/info.cgi)
2024-10-17T02:24:19+08:00 Yasuraokaa_Site synoscgi________________________________________________________[10073]: 403 Forbidden: Cannot chdir to script directory (/usr/syno/synoman/cgi-bin/info.cgi)
2024-10-17T02:24:19+08:00 Yasuraokaa_Site synoscgi________________________________________________________[10073]: 500 Internal Server Error: cannot reset credential (/usr/syno/synoman/main.cgi)
2024-10-17T02:24:19+08:00 Yasuraokaa_Site synoscgi________________________________________________________[10073]: 500 Internal Server Error: cannot reset credential (/usr/syno/synoman/admin.cgi)
2024-10-17T02:24:22+08:00 Yasuraokaa_Site synoscgi________________________________________________________[10073]: 500 Internal Server Error: cannot reset credential (/usr/syno/synoman/menu.cgi)
