2024-09-08T17:16:50-07:00 SynologyNAS synocheckshare[10015]: synocheckshare: Pass SYNOCheckShareSyncConf()
2024-09-08T17:16:50-07:00 SynologyNAS synocheckshare[10015]: synocheckshare: Pass SYNOCheckShareRestore()
2024-09-08T17:16:50-07:00 SynologyNAS synocheckshare[10015]: synocheckshare: Pass SYNOICheckServiceLink()
2024-09-08T17:16:50-07:00 SynologyNAS synocheckshare[10015]: synocheckshare: Pass SYNOCheckShareMoveKeyFiles()
2024-09-08T17:16:50-07:00 SynologyNAS synocheckshare[10015]: synocheckshare: Pass SYNOCheckShareAutoMount()
2024-09-08T17:16:50-07:00 SynologyNAS synocheckshare[10015]: synocheckshare: Pass SYNOIServiceShareEnableDefaultDS()
2024-09-08T17:16:50-07:00 SynologyNAS synocheckshare[10015]: synocheckshare: Pass SYNOCheckShareSetEadirPerm()
2024-09-10T07:08:53+08:00 Synology_NAS synocheckshare[10201]: synocheckshare: Pass SYNOCheckShareSyncConf()
2024-09-10T07:08:53+08:00 Synology_NAS synocheckshare[10201]: synocheckshare: Pass SYNOCheckShareRestore()
2024-09-10T07:08:53+08:00 Synology_NAS synocheckshare[10201]: synocheckshare: Pass SYNOICheckServiceLink()
2024-09-10T07:08:53+08:00 Synology_NAS synocheckshare[10201]: synocheckshare: Pass SYNOCheckShareMoveKeyFiles()
2024-09-10T07:08:54+08:00 Synology_NAS synocheckshare[10201]: synocheckshare: Pass SYNOCheckShareAutoMount()
2024-09-10T07:08:54+08:00 Synology_NAS synocheckshare[10201]: synocheckshare: Pass SYNOIServiceShareEnableDefaultDS()
2024-09-10T07:08:54+08:00 Synology_NAS synocheckshare[10201]: synocheckshare: Pass SYNOCheckShareSetEadirPerm()
2024-09-11T20:05:37+08:00 Synology_NAS synocheckshare[9560]: synocheckshare: Pass SYNOCheckShareSyncConf()
2024-09-11T20:05:37+08:00 Synology_NAS synocheckshare[9560]: synocheckshare: Pass SYNOCheckShareRestore()
2024-09-11T20:05:37+08:00 Synology_NAS synocheckshare[9560]: synocheckshare: Pass SYNOICheckServiceLink()
2024-09-11T20:05:37+08:00 Synology_NAS synocheckshare[9560]: synocheckshare: Pass SYNOCheckShareMoveKeyFiles()
2024-09-11T20:05:38+08:00 Synology_NAS synocheckshare[9560]: synocheckshare: Pass SYNOCheckShareAutoMount()
2024-09-11T20:05:38+08:00 Synology_NAS synocheckshare[9560]: synocheckshare: Pass SYNOIServiceShareEnableDefaultDS()
2024-09-11T20:05:38+08:00 Synology_NAS synocheckshare[9560]: synocheckshare: Pass SYNOCheckShareSetEadirPerm()
2024-09-12T00:30:27+08:00 Synology_NAS synocheckshare[12167]: synocheckshare: Pass SYNOCheckShareSyncConf()
2024-09-12T00:30:27+08:00 Synology_NAS synocheckshare[12167]: synocheckshare: Pass SYNOCheckShareRestore()
2024-09-12T00:30:27+08:00 Synology_NAS synocheckshare[12167]: synocheckshare: Pass SYNOICheckServiceLink()
2024-09-12T00:30:27+08:00 Synology_NAS synocheckshare[12167]: synocheckshare: Pass SYNOCheckShareMoveKeyFiles()
2024-09-12T00:30:27+08:00 Synology_NAS synocheckshare[12167]: synocheckshare: Pass SYNOCheckShareAutoMount()
2024-09-12T00:30:27+08:00 Synology_NAS synocheckshare[12167]: synocheckshare: Pass SYNOIServiceShareEnableDefaultDS()
2024-09-12T00:30:27+08:00 Synology_NAS synocheckshare[12167]: synocheckshare: Pass SYNOCheckShareSetEadirPerm()
2024-09-14T23:16:56+08:00 Synology_NAS synocheckshare[13343]: synocheckshare: Pass SYNOCheckShareSyncConf()
2024-09-14T23:16:56+08:00 Synology_NAS synocheckshare[13343]: synocheckshare: Pass SYNOCheckShareRestore()
2024-09-14T23:16:56+08:00 Synology_NAS synocheckshare[13343]: synocheckshare: Pass SYNOICheckServiceLink()
2024-09-14T23:16:56+08:00 Synology_NAS synocheckshare[13343]: synocheckshare: Pass SYNOCheckShareMoveKeyFiles()
2024-09-14T23:16:56+08:00 Synology_NAS synocheckshare[13343]: synocheckshare: Pass SYNOCheckShareAutoMount()
2024-09-14T23:16:56+08:00 Synology_NAS synocheckshare[13343]: synocheckshare: Pass SYNOIServiceShareEnableDefaultDS()
2024-09-14T23:16:56+08:00 Synology_NAS synocheckshare[13343]: synocheckshare: Pass SYNOCheckShareSetEadirPerm()
2024-09-15T01:14:19+08:00 Synology_NAS synocheckshare[13345]: synocheckshare: Pass SYNOCheckShareSyncConf()
2024-09-15T01:14:19+08:00 Synology_NAS synocheckshare[13345]: synocheckshare: Pass SYNOCheckShareRestore()
2024-09-15T01:14:19+08:00 Synology_NAS synocheckshare[13345]: synocheckshare: Pass SYNOICheckServiceLink()
2024-09-15T01:14:19+08:00 Synology_NAS synocheckshare[13345]: synocheckshare: Pass SYNOCheckShareMoveKeyFiles()
2024-09-15T01:14:19+08:00 Synology_NAS synocheckshare[13345]: synocheckshare: Pass SYNOCheckShareAutoMount()
2024-09-15T01:14:19+08:00 Synology_NAS synocheckshare[13345]: synocheckshare: Pass SYNOIServiceShareEnableDefaultDS()
2024-09-15T01:14:19+08:00 Synology_NAS synocheckshare[13345]: synocheckshare: Pass SYNOCheckShareSetEadirPerm()
2024-09-15T01:22:08+08:00 Synology_NAS synocheckshare[13401]: synocheckshare: Pass SYNOCheckShareSyncConf()
2024-09-15T01:22:08+08:00 Synology_NAS synocheckshare[13401]: synocheckshare: Pass SYNOCheckShareRestore()
2024-09-15T01:22:08+08:00 Synology_NAS synocheckshare[13401]: synocheckshare: Pass SYNOICheckServiceLink()
2024-09-15T01:22:08+08:00 Synology_NAS synocheckshare[13401]: synocheckshare: Pass SYNOCheckShareMoveKeyFiles()
2024-09-15T01:22:08+08:00 Synology_NAS synocheckshare[13401]: synocheckshare: Pass SYNOCheckShareAutoMount()
2024-09-15T01:22:08+08:00 Synology_NAS synocheckshare[13401]: synocheckshare: Pass SYNOIServiceShareEnableDefaultDS()
2024-09-15T01:22:08+08:00 Synology_NAS synocheckshare[13401]: synocheckshare: Pass SYNOCheckShareSetEadirPerm()
2024-09-15T01:31:02+08:00 Synology_NAS synocheckshare[13614]: synocheckshare: Pass SYNOCheckShareSyncConf()
2024-09-15T01:31:02+08:00 Synology_NAS synocheckshare[13614]: synocheckshare: Pass SYNOCheckShareRestore()
2024-09-15T01:31:02+08:00 Synology_NAS synocheckshare[13614]: synocheckshare: Pass SYNOICheckServiceLink()
2024-09-15T01:31:02+08:00 Synology_NAS synocheckshare[13614]: synocheckshare: Pass SYNOCheckShareMoveKeyFiles()
2024-09-15T01:31:02+08:00 Synology_NAS synocheckshare[13614]: synocheckshare: Pass SYNOCheckShareAutoMount()
2024-09-15T01:31:02+08:00 Synology_NAS synocheckshare[13614]: synocheckshare: Pass SYNOIServiceShareEnableDefaultDS()
2024-09-15T01:31:02+08:00 Synology_NAS synocheckshare[13614]: synocheckshare: Pass SYNOCheckShareSetEadirPerm()
2024-09-15T05:06:19+08:00 Synology_NAS synocheckshare[11200]: synocheckshare: Pass SYNOCheckShareSyncConf()
2024-09-15T05:06:19+08:00 Synology_NAS synocheckshare[11200]: synocheckshare: Pass SYNOCheckShareRestore()
2024-09-15T05:06:19+08:00 Synology_NAS synocheckshare[11200]: synocheckshare: Pass SYNOICheckServiceLink()
2024-09-15T05:06:19+08:00 Synology_NAS synocheckshare[11200]: synocheckshare: Pass SYNOCheckShareMoveKeyFiles()
2024-09-15T05:06:19+08:00 Synology_NAS synocheckshare[11200]: synocheckshare: Pass SYNOCheckShareAutoMount()
2024-09-15T05:06:19+08:00 Synology_NAS synocheckshare[11200]: synocheckshare: Pass SYNOIServiceShareEnableDefaultDS()
2024-09-15T05:06:19+08:00 Synology_NAS synocheckshare[11200]: synocheckshare: Pass SYNOCheckShareSetEadirPerm()
2024-09-15T05:15:22+08:00 Synology_NAS synocheckshare[13363]: synocheckshare: Pass SYNOCheckShareSyncConf()
2024-09-15T05:15:22+08:00 Synology_NAS synocheckshare[13363]: synocheckshare: Pass SYNOCheckShareRestore()
2024-09-15T05:15:22+08:00 Synology_NAS synocheckshare[13363]: synocheckshare: Pass SYNOICheckServiceLink()
2024-09-15T05:15:22+08:00 Synology_NAS synocheckshare[13363]: synocheckshare: Pass SYNOCheckShareMoveKeyFiles()
2024-09-15T05:15:22+08:00 Synology_NAS synocheckshare[13363]: synocheckshare: Pass SYNOCheckShareAutoMount()
2024-09-15T05:15:22+08:00 Synology_NAS synocheckshare[13363]: synocheckshare: Pass SYNOIServiceShareEnableDefaultDS()
2024-09-15T05:15:22+08:00 Synology_NAS synocheckshare[13363]: synocheckshare: Pass SYNOCheckShareSetEadirPerm()
2024-09-16T05:39:44+08:00 Synology_NAS synocheckshare[13346]: synocheckshare: Pass SYNOCheckShareSyncConf()
2024-09-16T05:39:44+08:00 Synology_NAS synocheckshare[13346]: synocheckshare: Pass SYNOCheckShareRestore()
2024-09-16T05:39:44+08:00 Synology_NAS synocheckshare[13346]: synocheckshare: Pass SYNOICheckServiceLink()
2024-09-16T05:39:44+08:00 Synology_NAS synocheckshare[13346]: synocheckshare: Pass SYNOCheckShareMoveKeyFiles()
2024-09-16T05:39:44+08:00 Synology_NAS synocheckshare[13346]: synocheckshare: Pass SYNOCheckShareAutoMount()
2024-09-16T05:39:44+08:00 Synology_NAS synocheckshare[13346]: synocheckshare: Pass SYNOIServiceShareEnableDefaultDS()
2024-09-16T05:39:44+08:00 Synology_NAS synocheckshare[13346]: synocheckshare: Pass SYNOCheckShareSetEadirPerm()
2024-09-16T19:33:06+08:00 Synology_NAS synocheckshare[13351]: synocheckshare: Pass SYNOCheckShareSyncConf()
2024-09-16T19:33:06+08:00 Synology_NAS synocheckshare[13351]: synocheckshare: Pass SYNOCheckShareRestore()
2024-09-16T19:33:06+08:00 Synology_NAS synocheckshare[13351]: synocheckshare: Pass SYNOICheckServiceLink()
2024-09-16T19:33:06+08:00 Synology_NAS synocheckshare[13351]: synocheckshare: Pass SYNOCheckShareMoveKeyFiles()
2024-09-16T19:33:06+08:00 Synology_NAS synocheckshare[13351]: synocheckshare: Pass SYNOCheckShareAutoMount()
2024-09-16T19:33:06+08:00 Synology_NAS synocheckshare[13351]: synocheckshare: Pass SYNOIServiceShareEnableDefaultDS()
2024-09-16T19:33:06+08:00 Synology_NAS synocheckshare[13351]: synocheckshare: Pass SYNOCheckShareSetEadirPerm()
2024-09-17T04:58:46+08:00 Synology_NAS synocheckshare[13405]: synocheckshare: Pass SYNOCheckShareSyncConf()
2024-09-17T04:58:46+08:00 Synology_NAS synocheckshare[13405]: synocheckshare: Pass SYNOCheckShareRestore()
2024-09-17T04:58:46+08:00 Synology_NAS synocheckshare[13405]: synocheckshare: Pass SYNOICheckServiceLink()
2024-09-17T04:58:46+08:00 Synology_NAS synocheckshare[13405]: synocheckshare: Pass SYNOCheckShareMoveKeyFiles()
2024-09-17T04:58:46+08:00 Synology_NAS synocheckshare[13405]: synocheckshare: Pass SYNOCheckShareAutoMount()
2024-09-17T04:58:46+08:00 Synology_NAS synocheckshare[13405]: synocheckshare: Pass SYNOIServiceShareEnableDefaultDS()
2024-09-17T04:58:46+08:00 Synology_NAS synocheckshare[13405]: synocheckshare: Pass SYNOCheckShareSetEadirPerm()
2024-09-17T05:50:55+08:00 Synology_NAS synocheckshare[13349]: synocheckshare: Pass SYNOCheckShareSyncConf()
2024-09-17T05:50:55+08:00 Synology_NAS synocheckshare[13349]: synocheckshare: Pass SYNOCheckShareRestore()
2024-09-17T05:50:55+08:00 Synology_NAS synocheckshare[13349]: synocheckshare: Pass SYNOICheckServiceLink()
2024-09-17T05:50:55+08:00 Synology_NAS synocheckshare[13349]: synocheckshare: Pass SYNOCheckShareMoveKeyFiles()
2024-09-17T05:50:55+08:00 Synology_NAS synocheckshare[13349]: synocheckshare: Pass SYNOCheckShareAutoMount()
2024-09-17T05:50:55+08:00 Synology_NAS synocheckshare[13349]: synocheckshare: Pass SYNOIServiceShareEnableDefaultDS()
2024-09-17T05:50:55+08:00 Synology_NAS synocheckshare[13349]: synocheckshare: Pass SYNOCheckShareSetEadirPerm()
2024-09-17T10:46:09+08:00 Synology_NAS synocheckshare[13339]: synocheckshare: Pass SYNOCheckShareSyncConf()
2024-09-17T10:46:09+08:00 Synology_NAS synocheckshare[13339]: synocheckshare: Pass SYNOCheckShareRestore()
2024-09-17T10:46:09+08:00 Synology_NAS synocheckshare[13339]: synocheckshare: Pass SYNOICheckServiceLink()
2024-09-17T10:46:09+08:00 Synology_NAS synocheckshare[13339]: synocheckshare: Pass SYNOCheckShareMoveKeyFiles()
2024-09-17T10:46:09+08:00 Synology_NAS synocheckshare[13339]: synocheckshare: Pass SYNOCheckShareAutoMount()
2024-09-17T10:46:09+08:00 Synology_NAS synocheckshare[13339]: synocheckshare: Pass SYNOIServiceShareEnableDefaultDS()
2024-09-17T10:46:09+08:00 Synology_NAS synocheckshare[13339]: synocheckshare: Pass SYNOCheckShareSetEadirPerm()
2024-09-20T07:51:26+08:00 Synology_NAS synocheckshare[13523]: synocheckshare: Pass SYNOCheckShareSyncConf()
2024-09-20T07:51:26+08:00 Synology_NAS synocheckshare[13523]: synocheckshare: Pass SYNOCheckShareRestore()
2024-09-20T07:51:26+08:00 Synology_NAS synocheckshare[13523]: synocheckshare: Pass SYNOICheckServiceLink()
2024-09-20T07:51:26+08:00 Synology_NAS synocheckshare[13523]: synocheckshare: Pass SYNOCheckShareMoveKeyFiles()
2024-09-20T07:51:26+08:00 Synology_NAS synocheckshare[13523]: synocheckshare: Pass SYNOCheckShareAutoMount()
2024-09-20T07:51:26+08:00 Synology_NAS synocheckshare[13523]: synocheckshare: Pass SYNOIServiceShareEnableDefaultDS()
2024-09-20T07:51:26+08:00 Synology_NAS synocheckshare[13523]: synocheckshare: Pass SYNOCheckShareSetEadirPerm()
2024-09-20T11:34:48+08:00 Synology_NAS synocheckshare[14041]: synocheckshare: Pass SYNOCheckShareSyncConf()
2024-09-20T11:34:48+08:00 Synology_NAS synocheckshare[14041]: synocheckshare: Pass SYNOCheckShareRestore()
2024-09-20T11:34:48+08:00 Synology_NAS synocheckshare[14041]: synocheckshare: Pass SYNOICheckServiceLink()
2024-09-20T11:34:48+08:00 Synology_NAS synocheckshare[14041]: synocheckshare: Pass SYNOCheckShareMoveKeyFiles()
2024-09-20T11:34:48+08:00 Synology_NAS synocheckshare[14041]: synocheckshare: Pass SYNOCheckShareAutoMount()
2024-09-20T11:34:48+08:00 Synology_NAS synocheckshare[14041]: synocheckshare: Pass SYNOIServiceShareEnableDefaultDS()
2024-09-20T11:34:48+08:00 Synology_NAS synocheckshare[14041]: synocheckshare: Pass SYNOCheckShareSetEadirPerm()
2024-10-09T04:33:31+08:00 Yasuraokaa_Site synocheckshare[14175]: synocheckshare: Pass SYNOCheckShareSyncConf()
2024-10-09T04:33:31+08:00 Yasuraokaa_Site synocheckshare[14175]: synocheckshare: Pass SYNOCheckShareRestore()
2024-10-09T04:33:31+08:00 Yasuraokaa_Site synocheckshare[14175]: synocheckshare: Pass SYNOICheckServiceLink()
2024-10-09T04:33:31+08:00 Yasuraokaa_Site synocheckshare[14175]: synocheckshare: Pass SYNOCheckShareMoveKeyFiles()
2024-10-09T04:33:31+08:00 Yasuraokaa_Site synocheckshare[14175]: synocheckshare: Pass SYNOCheckShareAutoMount()
2024-10-09T04:33:31+08:00 Yasuraokaa_Site synocheckshare[14175]: synocheckshare: Pass SYNOIServiceShareEnableDefaultDS()
2024-10-09T04:33:31+08:00 Yasuraokaa_Site synocheckshare[14175]: synocheckshare: Pass SYNOCheckShareSetEadirPerm()
2024-11-05T07:06:37+08:00 Yasuraokaa_Site synocheckshare[14208]: synocheckshare: Pass SYNOCheckShareSyncConf()
2024-11-05T07:06:37+08:00 Yasuraokaa_Site synocheckshare[14208]: synocheckshare: Pass SYNOCheckShareRestore()
2024-11-05T07:06:37+08:00 Yasuraokaa_Site synocheckshare[14208]: synocheckshare: Pass SYNOICheckServiceLink()
2024-11-05T07:06:37+08:00 Yasuraokaa_Site synocheckshare[14208]: synocheckshare: Pass SYNOCheckShareMoveKeyFiles()
2024-11-05T07:06:38+08:00 Yasuraokaa_Site synocheckshare[14208]: synocheckshare: Pass SYNOCheckShareAutoMount()
2024-11-05T07:06:38+08:00 Yasuraokaa_Site synocheckshare[14208]: synocheckshare: Pass SYNOIServiceShareEnableDefaultDS()
2024-11-05T07:06:38+08:00 Yasuraokaa_Site synocheckshare[14208]: synocheckshare: Pass SYNOCheckShareSetEadirPerm()
