2024-09-08T17:15:19-07:00 SynologyNAS syno-sysctl-conf.sh[7624]: kernel.panic = 3
2024-09-08T17:15:19-07:00 SynologyNAS syno-sysctl-conf.sh[7624]: net.core.somaxconn = 65535
2024-09-08T17:15:19-07:00 SynologyNAS syno-sysctl-conf.sh[7624]: net.ipv4.tcp_tw_reuse = 1
2024-09-08T17:15:19-07:00 SynologyNAS syno-sysctl-conf.sh[7624]: fs.protected_hardlinks = 1
2024-09-08T17:15:19-07:00 SynologyNAS syno-sysctl-conf.sh[7624]: fs.protected_symlinks = 1
2024-09-08T17:15:19-07:00 SynologyNAS syno-sysctl-conf.sh[7624]: kernel.syno_forbid_console = 0
2024-09-08T17:15:19-07:00 SynologyNAS syno-sysctl-conf.sh[7624]: kernel.syno_forbid_usb = 0
2024-09-08T17:15:19-07:00 SynologyNAS syno-sysctl-conf.sh[7624]: net.ipv6.conf.default.accept_ra_defrtr = 0
2024-09-08T17:15:19-07:00 SynologyNAS syno-sysctl-conf.sh[7624]: net.ipv4.conf.default.accept_redirects = 0
2024-09-08T17:15:19-07:00 SynologyNAS syno-sysctl-conf.sh[7624]: net.ipv6.conf.default.accept_redirects = 0
2024-09-08T17:15:19-07:00 SynologyNAS syno-sysctl-conf.sh[7624]: net.ipv4.conf.default.send_redirects = 0
2024-09-08T17:15:19-07:00 SynologyNAS syno-sysctl-conf.sh[7624]: net.ipv4.conf.default.secure_redirects = 0
2024-09-08T17:15:19-07:00 SynologyNAS syno-sysctl-conf.sh[7624]: net.ipv6.conf.default.accept_ra = 0
2024-09-08T17:15:19-07:00 SynologyNAS syno-sysctl-conf.sh[7624]: kernel.panic = 3
2024-09-08T17:15:19-07:00 SynologyNAS syno-sysctl-conf.sh[7624]: net.core.somaxconn = 65535
2024-09-08T17:15:19-07:00 SynologyNAS syno-sysctl-conf.sh[7624]: net.ipv4.tcp_tw_reuse = 1
2024-09-08T17:15:19-07:00 SynologyNAS syno-sysctl-conf.sh[7624]: fs.protected_hardlinks = 1
2024-09-08T17:15:19-07:00 SynologyNAS syno-sysctl-conf.sh[7624]: fs.protected_symlinks = 1
2024-09-08T17:15:19-07:00 SynologyNAS syno-sysctl-conf.sh[7624]: kernel.syno_forbid_console = 0
2024-09-08T17:15:19-07:00 SynologyNAS syno-sysctl-conf.sh[7624]: kernel.syno_forbid_usb = 0
2024-09-08T17:15:19-07:00 SynologyNAS syno-sysctl-conf.sh[7624]: net.ipv6.conf.default.accept_ra_defrtr = 0
2024-09-08T17:15:19-07:00 SynologyNAS syno-sysctl-conf.sh[7624]: net.ipv4.conf.default.accept_redirects = 0
2024-09-08T17:15:19-07:00 SynologyNAS syno-sysctl-conf.sh[7624]: net.ipv6.conf.default.accept_redirects = 0
2024-09-08T17:15:19-07:00 SynologyNAS syno-sysctl-conf.sh[7624]: net.ipv4.conf.default.send_redirects = 0
2024-09-08T17:15:19-07:00 SynologyNAS syno-sysctl-conf.sh[7624]: net.ipv4.conf.default.secure_redirects = 0
2024-09-08T17:15:19-07:00 SynologyNAS syno-sysctl-conf.sh[7624]: net.ipv6.conf.default.accept_ra = 0
2024-09-10T07:07:22+08:00 Synology_NAS syno-sysctl-conf.sh[6944]: kernel.panic = 3
2024-09-10T07:07:22+08:00 Synology_NAS syno-sysctl-conf.sh[6944]: net.core.somaxconn = 65535
2024-09-10T07:07:22+08:00 Synology_NAS syno-sysctl-conf.sh[6944]: net.ipv4.tcp_tw_reuse = 1
2024-09-10T07:07:22+08:00 Synology_NAS syno-sysctl-conf.sh[6944]: fs.protected_hardlinks = 1
2024-09-10T07:07:22+08:00 Synology_NAS syno-sysctl-conf.sh[6944]: fs.protected_symlinks = 1
2024-09-10T07:07:22+08:00 Synology_NAS syno-sysctl-conf.sh[6944]: kernel.syno_forbid_console = 0
2024-09-10T07:07:22+08:00 Synology_NAS syno-sysctl-conf.sh[6944]: kernel.syno_forbid_usb = 0
2024-09-10T07:07:22+08:00 Synology_NAS syno-sysctl-conf.sh[6944]: net.ipv6.conf.default.accept_ra_defrtr = 0
2024-09-10T07:07:22+08:00 Synology_NAS syno-sysctl-conf.sh[6944]: net.ipv4.conf.default.accept_redirects = 0
2024-09-10T07:07:22+08:00 Synology_NAS syno-sysctl-conf.sh[6944]: net.ipv6.conf.default.accept_redirects = 0
2024-09-10T07:07:22+08:00 Synology_NAS syno-sysctl-conf.sh[6944]: net.ipv4.conf.default.send_redirects = 0
2024-09-10T07:07:22+08:00 Synology_NAS syno-sysctl-conf.sh[6944]: net.ipv4.conf.default.secure_redirects = 0
2024-09-10T07:07:22+08:00 Synology_NAS syno-sysctl-conf.sh[6944]: net.ipv6.conf.default.accept_ra = 0
2024-09-10T07:07:22+08:00 Synology_NAS syno-sysctl-conf.sh[6944]: kernel.panic = 3
2024-09-10T07:07:22+08:00 Synology_NAS syno-sysctl-conf.sh[6944]: net.core.somaxconn = 65535
2024-09-10T07:07:22+08:00 Synology_NAS syno-sysctl-conf.sh[6944]: net.ipv4.tcp_tw_reuse = 1
2024-09-10T07:07:22+08:00 Synology_NAS syno-sysctl-conf.sh[6944]: fs.protected_hardlinks = 1
2024-09-10T07:07:22+08:00 Synology_NAS syno-sysctl-conf.sh[6944]: fs.protected_symlinks = 1
2024-09-10T07:07:22+08:00 Synology_NAS syno-sysctl-conf.sh[6944]: kernel.syno_forbid_console = 0
2024-09-10T07:07:22+08:00 Synology_NAS syno-sysctl-conf.sh[6944]: kernel.syno_forbid_usb = 0
2024-09-10T07:07:22+08:00 Synology_NAS syno-sysctl-conf.sh[6944]: net.ipv6.conf.default.accept_ra_defrtr = 0
2024-09-10T07:07:22+08:00 Synology_NAS syno-sysctl-conf.sh[6944]: net.ipv4.conf.default.accept_redirects = 0
2024-09-10T07:07:22+08:00 Synology_NAS syno-sysctl-conf.sh[6944]: net.ipv6.conf.default.accept_redirects = 0
2024-09-10T07:07:22+08:00 Synology_NAS syno-sysctl-conf.sh[6944]: net.ipv4.conf.default.send_redirects = 0
2024-09-10T07:07:22+08:00 Synology_NAS syno-sysctl-conf.sh[6944]: net.ipv4.conf.default.secure_redirects = 0
2024-09-10T07:07:22+08:00 Synology_NAS syno-sysctl-conf.sh[6944]: net.ipv6.conf.default.accept_ra = 0
2024-09-11T20:04:05+08:00 Synology_NAS syno-sysctl-conf.sh[7015]: kernel.panic = 3
2024-09-11T20:04:05+08:00 Synology_NAS syno-sysctl-conf.sh[7015]: net.core.somaxconn = 65535
2024-09-11T20:04:05+08:00 Synology_NAS syno-sysctl-conf.sh[7015]: net.ipv4.tcp_tw_reuse = 1
2024-09-11T20:04:05+08:00 Synology_NAS syno-sysctl-conf.sh[7015]: fs.protected_hardlinks = 1
2024-09-11T20:04:05+08:00 Synology_NAS syno-sysctl-conf.sh[7015]: fs.protected_symlinks = 1
2024-09-11T20:04:05+08:00 Synology_NAS syno-sysctl-conf.sh[7015]: kernel.syno_forbid_console = 0
2024-09-11T20:04:05+08:00 Synology_NAS syno-sysctl-conf.sh[7015]: kernel.syno_forbid_usb = 0
2024-09-11T20:04:05+08:00 Synology_NAS syno-sysctl-conf.sh[7015]: net.ipv6.conf.default.accept_ra_defrtr = 0
2024-09-11T20:04:05+08:00 Synology_NAS syno-sysctl-conf.sh[7015]: net.ipv4.conf.default.accept_redirects = 0
2024-09-11T20:04:05+08:00 Synology_NAS syno-sysctl-conf.sh[7015]: net.ipv6.conf.default.accept_redirects = 0
2024-09-11T20:04:05+08:00 Synology_NAS syno-sysctl-conf.sh[7015]: net.ipv4.conf.default.send_redirects = 0
2024-09-11T20:04:05+08:00 Synology_NAS syno-sysctl-conf.sh[7015]: net.ipv4.conf.default.secure_redirects = 0
2024-09-11T20:04:05+08:00 Synology_NAS syno-sysctl-conf.sh[7015]: net.ipv6.conf.default.accept_ra = 0
2024-09-11T20:04:05+08:00 Synology_NAS syno-sysctl-conf.sh[7015]: kernel.panic = 3
2024-09-11T20:04:05+08:00 Synology_NAS syno-sysctl-conf.sh[7015]: net.core.somaxconn = 65535
2024-09-11T20:04:05+08:00 Synology_NAS syno-sysctl-conf.sh[7015]: net.ipv4.tcp_tw_reuse = 1
2024-09-11T20:04:05+08:00 Synology_NAS syno-sysctl-conf.sh[7015]: fs.protected_hardlinks = 1
2024-09-11T20:04:05+08:00 Synology_NAS syno-sysctl-conf.sh[7015]: fs.protected_symlinks = 1
2024-09-11T20:04:05+08:00 Synology_NAS syno-sysctl-conf.sh[7015]: kernel.syno_forbid_console = 0
2024-09-11T20:04:05+08:00 Synology_NAS syno-sysctl-conf.sh[7015]: kernel.syno_forbid_usb = 0
2024-09-11T20:04:05+08:00 Synology_NAS syno-sysctl-conf.sh[7015]: net.ipv6.conf.default.accept_ra_defrtr = 0
2024-09-11T20:04:05+08:00 Synology_NAS syno-sysctl-conf.sh[7015]: net.ipv4.conf.default.accept_redirects = 0
2024-09-11T20:04:05+08:00 Synology_NAS syno-sysctl-conf.sh[7015]: net.ipv6.conf.default.accept_redirects = 0
2024-09-11T20:04:05+08:00 Synology_NAS syno-sysctl-conf.sh[7015]: net.ipv4.conf.default.send_redirects = 0
2024-09-11T20:04:05+08:00 Synology_NAS syno-sysctl-conf.sh[7015]: net.ipv4.conf.default.secure_redirects = 0
2024-09-11T20:04:05+08:00 Synology_NAS syno-sysctl-conf.sh[7015]: net.ipv6.conf.default.accept_ra = 0
2024-09-12T00:28:51+08:00 Synology_NAS syno-sysctl-conf.sh[7279]: kernel.panic = 3
2024-09-12T00:28:51+08:00 Synology_NAS syno-sysctl-conf.sh[7279]: net.core.somaxconn = 65535
2024-09-12T00:28:51+08:00 Synology_NAS syno-sysctl-conf.sh[7279]: net.ipv4.tcp_tw_reuse = 1
2024-09-12T00:28:51+08:00 Synology_NAS syno-sysctl-conf.sh[7279]: fs.protected_hardlinks = 1
2024-09-12T00:28:51+08:00 Synology_NAS syno-sysctl-conf.sh[7279]: fs.protected_symlinks = 1
2024-09-12T00:28:51+08:00 Synology_NAS syno-sysctl-conf.sh[7279]: kernel.syno_forbid_console = 0
2024-09-12T00:28:51+08:00 Synology_NAS syno-sysctl-conf.sh[7279]: kernel.syno_forbid_usb = 0
2024-09-12T00:28:51+08:00 Synology_NAS syno-sysctl-conf.sh[7279]: net.ipv6.conf.default.accept_ra_defrtr = 0
2024-09-12T00:28:51+08:00 Synology_NAS syno-sysctl-conf.sh[7279]: net.ipv4.conf.default.accept_redirects = 0
2024-09-12T00:28:51+08:00 Synology_NAS syno-sysctl-conf.sh[7279]: net.ipv6.conf.default.accept_redirects = 0
2024-09-12T00:28:51+08:00 Synology_NAS syno-sysctl-conf.sh[7279]: net.ipv4.conf.default.send_redirects = 0
2024-09-12T00:28:51+08:00 Synology_NAS syno-sysctl-conf.sh[7279]: net.ipv4.conf.default.secure_redirects = 0
2024-09-12T00:28:51+08:00 Synology_NAS syno-sysctl-conf.sh[7279]: net.ipv6.conf.default.accept_ra = 0
2024-09-12T00:28:51+08:00 Synology_NAS syno-sysctl-conf.sh[7279]: kernel.panic = 3
2024-09-12T00:28:51+08:00 Synology_NAS syno-sysctl-conf.sh[7279]: net.core.somaxconn = 65535
2024-09-12T00:28:51+08:00 Synology_NAS syno-sysctl-conf.sh[7279]: net.ipv4.tcp_tw_reuse = 1
2024-09-12T00:28:51+08:00 Synology_NAS syno-sysctl-conf.sh[7279]: fs.protected_hardlinks = 1
2024-09-12T00:28:51+08:00 Synology_NAS syno-sysctl-conf.sh[7279]: fs.protected_symlinks = 1
2024-09-12T00:28:51+08:00 Synology_NAS syno-sysctl-conf.sh[7279]: kernel.syno_forbid_console = 0
2024-09-12T00:28:51+08:00 Synology_NAS syno-sysctl-conf.sh[7279]: kernel.syno_forbid_usb = 0
2024-09-12T00:28:51+08:00 Synology_NAS syno-sysctl-conf.sh[7279]: net.ipv6.conf.default.accept_ra_defrtr = 0
2024-09-12T00:28:51+08:00 Synology_NAS syno-sysctl-conf.sh[7279]: net.ipv4.conf.default.accept_redirects = 0
2024-09-12T00:28:51+08:00 Synology_NAS syno-sysctl-conf.sh[7279]: net.ipv6.conf.default.accept_redirects = 0
2024-09-12T00:28:51+08:00 Synology_NAS syno-sysctl-conf.sh[7279]: net.ipv4.conf.default.send_redirects = 0
2024-09-12T00:28:51+08:00 Synology_NAS syno-sysctl-conf.sh[7279]: net.ipv4.conf.default.secure_redirects = 0
2024-09-12T00:28:51+08:00 Synology_NAS syno-sysctl-conf.sh[7279]: net.ipv6.conf.default.accept_ra = 0
2024-09-14T23:15:16+08:00 Synology_NAS syno-sysctl-conf.sh[7234]: kernel.panic = 3
2024-09-14T23:15:16+08:00 Synology_NAS syno-sysctl-conf.sh[7234]: net.core.somaxconn = 65535
2024-09-14T23:15:16+08:00 Synology_NAS syno-sysctl-conf.sh[7234]: net.ipv4.tcp_tw_reuse = 1
2024-09-14T23:15:16+08:00 Synology_NAS syno-sysctl-conf.sh[7234]: fs.protected_hardlinks = 1
2024-09-14T23:15:16+08:00 Synology_NAS syno-sysctl-conf.sh[7234]: fs.protected_symlinks = 1
2024-09-14T23:15:16+08:00 Synology_NAS syno-sysctl-conf.sh[7234]: kernel.syno_forbid_console = 0
2024-09-14T23:15:16+08:00 Synology_NAS syno-sysctl-conf.sh[7234]: kernel.syno_forbid_usb = 0
2024-09-14T23:15:16+08:00 Synology_NAS syno-sysctl-conf.sh[7234]: net.ipv6.conf.default.accept_ra_defrtr = 0
2024-09-14T23:15:16+08:00 Synology_NAS syno-sysctl-conf.sh[7234]: net.ipv4.conf.default.accept_redirects = 0
2024-09-14T23:15:16+08:00 Synology_NAS syno-sysctl-conf.sh[7234]: net.ipv6.conf.default.accept_redirects = 0
2024-09-14T23:15:16+08:00 Synology_NAS syno-sysctl-conf.sh[7234]: net.ipv4.conf.default.send_redirects = 0
2024-09-14T23:15:16+08:00 Synology_NAS syno-sysctl-conf.sh[7234]: net.ipv4.conf.default.secure_redirects = 0
2024-09-14T23:15:16+08:00 Synology_NAS syno-sysctl-conf.sh[7234]: net.ipv6.conf.default.accept_ra = 0
2024-09-14T23:15:16+08:00 Synology_NAS syno-sysctl-conf.sh[7234]: kernel.panic = 3
2024-09-14T23:15:16+08:00 Synology_NAS syno-sysctl-conf.sh[7234]: net.core.somaxconn = 65535
2024-09-14T23:15:16+08:00 Synology_NAS syno-sysctl-conf.sh[7234]: net.ipv4.tcp_tw_reuse = 1
2024-09-14T23:15:16+08:00 Synology_NAS syno-sysctl-conf.sh[7234]: fs.protected_hardlinks = 1
2024-09-14T23:15:16+08:00 Synology_NAS syno-sysctl-conf.sh[7234]: fs.protected_symlinks = 1
2024-09-14T23:15:16+08:00 Synology_NAS syno-sysctl-conf.sh[7234]: kernel.syno_forbid_console = 0
2024-09-14T23:15:16+08:00 Synology_NAS syno-sysctl-conf.sh[7234]: kernel.syno_forbid_usb = 0
2024-09-14T23:15:16+08:00 Synology_NAS syno-sysctl-conf.sh[7234]: net.ipv6.conf.default.accept_ra_defrtr = 0
2024-09-14T23:15:16+08:00 Synology_NAS syno-sysctl-conf.sh[7234]: net.ipv4.conf.default.accept_redirects = 0
2024-09-14T23:15:16+08:00 Synology_NAS syno-sysctl-conf.sh[7234]: net.ipv6.conf.default.accept_redirects = 0
2024-09-14T23:15:16+08:00 Synology_NAS syno-sysctl-conf.sh[7234]: net.ipv4.conf.default.send_redirects = 0
2024-09-14T23:15:16+08:00 Synology_NAS syno-sysctl-conf.sh[7234]: net.ipv4.conf.default.secure_redirects = 0
2024-09-14T23:15:16+08:00 Synology_NAS syno-sysctl-conf.sh[7234]: net.ipv6.conf.default.accept_ra = 0
2024-09-15T01:12:41+08:00 Synology_NAS syno-sysctl-conf.sh[7289]: kernel.panic = 3
2024-09-15T01:12:41+08:00 Synology_NAS syno-sysctl-conf.sh[7289]: net.core.somaxconn = 65535
2024-09-15T01:12:41+08:00 Synology_NAS syno-sysctl-conf.sh[7289]: net.ipv4.tcp_tw_reuse = 1
2024-09-15T01:12:41+08:00 Synology_NAS syno-sysctl-conf.sh[7289]: fs.protected_hardlinks = 1
2024-09-15T01:12:41+08:00 Synology_NAS syno-sysctl-conf.sh[7289]: fs.protected_symlinks = 1
2024-09-15T01:12:41+08:00 Synology_NAS syno-sysctl-conf.sh[7289]: kernel.syno_forbid_console = 0
2024-09-15T01:12:41+08:00 Synology_NAS syno-sysctl-conf.sh[7289]: kernel.syno_forbid_usb = 0
2024-09-15T01:12:41+08:00 Synology_NAS syno-sysctl-conf.sh[7289]: net.ipv6.conf.default.accept_ra_defrtr = 0
2024-09-15T01:12:41+08:00 Synology_NAS syno-sysctl-conf.sh[7289]: net.ipv4.conf.default.accept_redirects = 0
2024-09-15T01:12:41+08:00 Synology_NAS syno-sysctl-conf.sh[7289]: net.ipv6.conf.default.accept_redirects = 0
2024-09-15T01:12:41+08:00 Synology_NAS syno-sysctl-conf.sh[7289]: net.ipv4.conf.default.send_redirects = 0
2024-09-15T01:12:41+08:00 Synology_NAS syno-sysctl-conf.sh[7289]: net.ipv4.conf.default.secure_redirects = 0
2024-09-15T01:12:41+08:00 Synology_NAS syno-sysctl-conf.sh[7289]: net.ipv6.conf.default.accept_ra = 0
2024-09-15T01:12:41+08:00 Synology_NAS syno-sysctl-conf.sh[7289]: kernel.panic = 3
2024-09-15T01:12:41+08:00 Synology_NAS syno-sysctl-conf.sh[7289]: net.core.somaxconn = 65535
2024-09-15T01:12:41+08:00 Synology_NAS syno-sysctl-conf.sh[7289]: net.ipv4.tcp_tw_reuse = 1
2024-09-15T01:12:41+08:00 Synology_NAS syno-sysctl-conf.sh[7289]: fs.protected_hardlinks = 1
2024-09-15T01:12:41+08:00 Synology_NAS syno-sysctl-conf.sh[7289]: fs.protected_symlinks = 1
2024-09-15T01:12:41+08:00 Synology_NAS syno-sysctl-conf.sh[7289]: kernel.syno_forbid_console = 0
2024-09-15T01:12:41+08:00 Synology_NAS syno-sysctl-conf.sh[7289]: kernel.syno_forbid_usb = 0
2024-09-15T01:12:41+08:00 Synology_NAS syno-sysctl-conf.sh[7289]: net.ipv6.conf.default.accept_ra_defrtr = 0
2024-09-15T01:12:41+08:00 Synology_NAS syno-sysctl-conf.sh[7289]: net.ipv4.conf.default.accept_redirects = 0
2024-09-15T01:12:41+08:00 Synology_NAS syno-sysctl-conf.sh[7289]: net.ipv6.conf.default.accept_redirects = 0
2024-09-15T01:12:41+08:00 Synology_NAS syno-sysctl-conf.sh[7289]: net.ipv4.conf.default.send_redirects = 0
2024-09-15T01:12:41+08:00 Synology_NAS syno-sysctl-conf.sh[7289]: net.ipv4.conf.default.secure_redirects = 0
2024-09-15T01:12:41+08:00 Synology_NAS syno-sysctl-conf.sh[7289]: net.ipv6.conf.default.accept_ra = 0
2024-09-15T01:17:46+08:00 Synology_NAS syno-sysctl-conf.sh[7259]: kernel.panic = 3
2024-09-15T01:17:46+08:00 Synology_NAS syno-sysctl-conf.sh[7259]: net.core.somaxconn = 65535
2024-09-15T01:17:46+08:00 Synology_NAS syno-sysctl-conf.sh[7259]: net.ipv4.tcp_tw_reuse = 1
2024-09-15T01:17:46+08:00 Synology_NAS syno-sysctl-conf.sh[7259]: fs.protected_hardlinks = 1
2024-09-15T01:17:46+08:00 Synology_NAS syno-sysctl-conf.sh[7259]: fs.protected_symlinks = 1
2024-09-15T01:17:46+08:00 Synology_NAS syno-sysctl-conf.sh[7259]: kernel.syno_forbid_console = 0
2024-09-15T01:17:46+08:00 Synology_NAS syno-sysctl-conf.sh[7259]: kernel.syno_forbid_usb = 0
2024-09-15T01:17:46+08:00 Synology_NAS syno-sysctl-conf.sh[7259]: net.ipv6.conf.default.accept_ra_defrtr = 0
2024-09-15T01:17:46+08:00 Synology_NAS syno-sysctl-conf.sh[7259]: net.ipv4.conf.default.accept_redirects = 0
2024-09-15T01:17:46+08:00 Synology_NAS syno-sysctl-conf.sh[7259]: net.ipv6.conf.default.accep2024-09-15T01:20:28+08:00 Synology_NAS syno-sysctl-conf.sh[7251]: kernel.panic = 3
2024-09-15T01:20:28+08:00 Synology_NAS syno-sysctl-conf.sh[7251]: net.core.somaxconn = 65535
2024-09-15T01:20:28+08:00 Synology_NAS syno-sysctl-conf.sh[7251]: net.ipv4.tcp_tw_reuse = 1
2024-09-15T01:20:28+08:00 Synology_NAS syno-sysctl-conf.sh[7251]: fs.protected_hardlinks = 1
2024-09-15T01:20:28+08:00 Synology_NAS syno-sysctl-conf.sh[7251]: fs.protected_symlinks = 1
2024-09-15T01:20:28+08:00 Synology_NAS syno-sysctl-conf.sh[7251]: kernel.syno_forbid_console = 0
2024-09-15T01:20:28+08:00 Synology_NAS syno-sysctl-conf.sh[7251]: kernel.syno_forbid_usb = 0
2024-09-15T01:20:28+08:00 Synology_NAS syno-sysctl-conf.sh[7251]: net.ipv6.conf.default.accept_ra_defrtr = 0
2024-09-15T01:20:28+08:00 Synology_NAS syno-sysctl-conf.sh[7251]: net.ipv4.conf.default.accept_redirects = 0
2024-09-15T01:20:28+08:00 Synology_NAS syno-sysctl-conf.sh[7251]: net.ipv6.conf.default.accept_redirects = 0
2024-09-15T01:20:28+08:00 Synology_NAS syno-sysctl-conf.sh[7251]: net.ipv4.conf.default.send_redirects = 0
2024-09-15T01:20:28+08:00 Synology_NAS syno-sysctl-conf.sh[7251]: net.ipv4.conf.default.secure_redirects = 0
2024-09-15T01:20:28+08:00 Synology_NAS syno-sysctl-conf.sh[7251]: net.ipv6.conf.default.accept_ra = 0
2024-09-15T01:20:28+08:00 Synology_NAS syno-sysctl-conf.sh[7251]: kernel.panic = 3
2024-09-15T01:20:28+08:00 Synology_NAS syno-sysctl-conf.sh[7251]: net.core.somaxconn = 65535
2024-09-15T01:20:28+08:00 Synology_NAS syno-sysctl-conf.sh[7251]: net.ipv4.tcp_tw_reuse = 1
2024-09-15T01:20:28+08:00 Synology_NAS syno-sysctl-conf.sh[7251]: fs.protected_hardlinks = 1
2024-09-15T01:20:28+08:00 Synology_NAS syno-sysctl-conf.sh[7251]: fs.protected_symlinks = 1
2024-09-15T01:20:28+08:00 Synology_NAS syno-sysctl-conf.sh[7251]: kernel.syno_forbid_console = 0
2024-09-15T01:20:28+08:00 Synology_NAS syno-sysctl-conf.sh[7251]: kernel.syno_forbid_usb = 0
2024-09-15T01:20:28+08:00 Synology_NAS syno-sysctl-conf.sh[7251]: net.ipv6.conf.default.accept_ra_defrtr = 0
2024-09-15T01:20:28+08:00 Synology_NAS syno-sysctl-conf.sh[7251]: net.ipv4.conf.default.accept_redirects = 0
2024-09-15T01:20:28+08:00 Synology_NAS syno-sysctl-conf.sh[7251]: net.ipv6.conf.default.accept_redirects = 0
2024-09-15T01:20:28+08:00 Synology_NAS syno-sysctl-conf.sh[7251]: net.ipv4.conf.default.send_redirects = 0
2024-09-15T01:20:28+08:00 Synology_NAS syno-sysctl-conf.sh[7251]: net.ipv4.conf.default.secure_redirects = 0
2024-09-15T01:20:28+08:00 Synology_NAS syno-sysctl-conf.sh[7251]: net.ipv6.conf.default.accept_ra = 0
2024-09-15T01:29:23+08:00 Synology_NAS syno-sysctl-conf.sh[7301]: kernel.panic = 3
2024-09-15T01:29:23+08:00 Synology_NAS syno-sysctl-conf.sh[7301]: net.core.somaxconn = 65535
2024-09-15T01:29:23+08:00 Synology_NAS syno-sysctl-conf.sh[7301]: net.ipv4.tcp_tw_reuse = 1
2024-09-15T01:29:23+08:00 Synology_NAS syno-sysctl-conf.sh[7301]: fs.protected_hardlinks = 1
2024-09-15T01:29:23+08:00 Synology_NAS syno-sysctl-conf.sh[7301]: fs.protected_symlinks = 1
2024-09-15T01:29:23+08:00 Synology_NAS syno-sysctl-conf.sh[7301]: kernel.syno_forbid_console = 0
2024-09-15T01:29:23+08:00 Synology_NAS syno-sysctl-conf.sh[7301]: kernel.syno_forbid_usb = 0
2024-09-15T01:29:23+08:00 Synology_NAS syno-sysctl-conf.sh[7301]: net.ipv6.conf.default.accept_ra_defrtr = 0
2024-09-15T01:29:23+08:00 Synology_NAS syno-sysctl-conf.sh[7301]: net.ipv4.conf.default.accept_redirects = 0
2024-09-15T01:29:23+08:00 Synology_NAS syno-sysctl-conf.sh[7301]: net.ipv6.conf.default.accept_redirects = 0
2024-09-15T01:29:23+08:00 Synology_NAS syno-sysctl-conf.sh[7301]: net.ipv4.conf.default.send_redirects = 0
2024-09-15T01:29:23+08:00 Synology_NAS syno-sysctl-conf.sh[7301]: net.ipv4.conf.default.secure_redirects = 0
2024-09-15T01:29:23+08:00 Synology_NAS syno-sysctl-conf.sh[7301]: net.ipv6.conf.default.accept_ra = 0
2024-09-15T01:29:23+08:00 Synology_NAS syno-sysctl-conf.sh[7301]: kernel.panic = 3
2024-09-15T01:29:23+08:00 Synology_NAS syno-sysctl-conf.sh[7301]: net.core.somaxconn = 65535
2024-09-15T01:29:23+08:00 Synology_NAS syno-sysctl-conf.sh[7301]: net.ipv4.tcp_tw_reuse = 1
2024-09-15T01:29:23+08:00 Synology_NAS syno-sysctl-conf.sh[7301]: fs.protected_hardlinks = 1
2024-09-15T01:29:23+08:00 Synology_NAS syno-sysctl-conf.sh[7301]: fs.protected_symlinks = 1
2024-09-15T01:29:23+08:00 Synology_NAS syno-sysctl-conf.sh[7301]: kernel.syno_forbid_console = 0
2024-09-15T01:29:23+08:00 Synology_NAS syno-sysctl-conf.sh[7301]: kernel.syno_forbid_usb = 0
2024-09-15T01:29:23+08:00 Synology_NAS syno-sysctl-conf.sh[7301]: net.ipv6.conf.default.accept_ra_defrtr = 0
2024-09-15T01:29:23+08:00 Synology_NAS syno-sysctl-conf.sh[7301]: net.ipv4.conf.default.accept_redirects = 0
2024-09-15T01:29:23+08:00 Synology_NAS syno-sysctl-conf.sh[7301]: net.ipv6.conf.default.accept_redirects = 0
2024-09-15T01:29:23+08:00 Synology_NAS syno-sysctl-conf.sh[7301]: net.ipv4.conf.default.send_redirects = 0
2024-09-15T01:29:23+08:00 Synology_NAS syno-sysctl-conf.sh[7301]: net.ipv4.conf.default.secure_redirects = 0
2024-09-15T01:29:23+08:00 Synology_NAS syno-sysctl-conf.sh[7301]: net.ipv6.conf.default.accept_ra = 0
2024-09-15T05:04:35+08:00 Synology_NAS syno-sysctl-conf.sh[6988]: kernel.panic = 3
2024-09-15T05:04:35+08:00 Synology_NAS syno-sysctl-conf.sh[6988]: net.core.somaxconn = 65535
2024-09-15T05:04:35+08:00 Synology_NAS syno-sysctl-conf.sh[6988]: net.ipv4.tcp_tw_reuse = 1
2024-09-15T05:04:35+08:00 Synology_NAS syno-sysctl-conf.sh[6988]: fs.protected_hardlinks = 1
2024-09-15T05:04:35+08:00 Synology_NAS syno-sysctl-conf.sh[6988]: fs.protected_symlinks = 1
2024-09-15T05:04:35+08:00 Synology_NAS syno-sysctl-conf.sh[6988]: kernel.syno_forbid_console = 0
2024-09-15T05:04:35+08:00 Synology_NAS syno-sysctl-conf.sh[6988]: kernel.syno_forbid_usb = 0
2024-09-15T05:04:35+08:00 Synology_NAS syno-sysctl-conf.sh[6988]: net.ipv6.conf.default.accept_ra_defrtr = 0
2024-09-15T05:04:35+08:00 Synology_NAS syno-sysctl-conf.sh[6988]: net.ipv4.conf.default.accept_redirects = 0
2024-09-15T05:04:35+08:00 Synology_NAS syno-sysctl-conf.sh[6988]: net.ipv6.conf.default.accept_redirects = 0
2024-09-15T05:04:35+08:00 Synology_NAS syno-sysctl-conf.sh[6988]: net.ipv4.conf.default.send_redirects = 0
2024-09-15T05:04:35+08:00 Synology_NAS syno-sysctl-conf.sh[6988]: net.ipv4.conf.default.secure_redirects = 0
2024-09-15T05:04:35+08:00 Synology_NAS syno-sysctl-conf.sh[6988]: net.ipv6.conf.default.accept_ra = 0
2024-09-15T05:04:35+08:00 Synology_NAS syno-sysctl-conf.sh[6988]: kernel.panic = 3
2024-09-15T05:04:35+08:00 Synology_NAS syno-sysctl-conf.sh[6988]: net.core.somaxconn = 65535
2024-09-15T05:04:35+08:00 Synology_NAS syno-sysctl-conf.sh[6988]: net.ipv4.tcp_tw_reuse = 1
2024-09-15T05:04:35+08:00 Synology_NAS syno-sysctl-conf.sh[6988]: fs.protected_hardlinks = 1
2024-09-15T05:04:35+08:00 Synology_NAS syno-sysctl-conf.sh[6988]: fs.protected_symlinks = 1
2024-09-15T05:04:35+08:00 Synology_NAS syno-sysctl-conf.sh[6988]: kernel.syno_forbid_console = 0
2024-09-15T05:04:35+08:00 Synology_NAS syno-sysctl-conf.sh[6988]: kernel.syno_forbid_usb = 0
2024-09-15T05:04:35+08:00 Synology_NAS syno-sysctl-conf.sh[6988]: net.ipv6.conf.default.accept_ra_defrtr = 0
2024-09-15T05:04:35+08:00 Synology_NAS syno-sysctl-conf.sh[6988]: net.ipv4.conf.default.accept_redirects = 0
2024-09-15T05:04:35+08:00 Synology_NAS syno-sysctl-conf.sh[6988]: net.ipv6.conf.default.accept_redirects = 0
2024-09-15T05:04:35+08:00 Synology_NAS syno-sysctl-conf.sh[6988]: net.ipv4.conf.default.send_redirects = 0
2024-09-15T05:04:35+08:00 Synology_NAS syno-sysctl-conf.sh[6988]: net.ipv4.conf.default.secure_redirects = 0
2024-09-15T05:04:35+08:00 Synology_NAS syno-sysctl-conf.sh[6988]: net.ipv6.conf.default.accept_ra = 0
2024-09-15T05:13:36+08:00 Synology_NAS syno-sysctl-conf.sh[7251]: kernel.panic = 3
2024-09-15T05:13:36+08:00 Synology_NAS syno-sysctl-conf.sh[7251]: net.core.somaxconn = 65535
2024-09-15T05:13:36+08:00 Synology_NAS syno-sysctl-conf.sh[7251]: net.ipv4.tcp_tw_reuse = 1
2024-09-15T05:13:36+08:00 Synology_NAS syno-sysctl-conf.sh[7251]: fs.protected_hardlinks = 1
2024-09-15T05:13:36+08:00 Synology_NAS syno-sysctl-conf.sh[7251]: fs.protected_symlinks = 1
2024-09-15T05:13:36+08:00 Synology_NAS syno-sysctl-conf.sh[7251]: kernel.syno_forbid_console = 0
2024-09-15T05:13:36+08:00 Synology_NAS syno-sysctl-conf.sh[7251]: kernel.syno_forbid_usb = 0
2024-09-15T05:13:36+08:00 Synology_NAS syno-sysctl-conf.sh[7251]: net.ipv6.conf.default.accept_ra_defrtr = 0
2024-09-15T05:13:36+08:00 Synology_NAS syno-sysctl-conf.sh[7251]: net.ipv4.conf.default.accept_redirects = 0
2024-09-15T05:13:36+08:00 Synology_NAS syno-sysctl-conf.sh[7251]: net.ipv6.conf.default.accept_redirects = 0
2024-09-15T05:13:36+08:00 Synology_NAS syno-sysctl-conf.sh[7251]: net.ipv4.conf.default.send_redirects = 0
2024-09-15T05:13:36+08:00 Synology_NAS syno-sysctl-conf.sh[7251]: net.ipv4.conf.default.secure_redirects = 0
2024-09-15T05:13:36+08:00 Synology_NAS syno-sysctl-conf.sh[7251]: net.ipv6.conf.default.accept_ra = 0
2024-09-15T05:13:36+08:00 Synology_NAS syno-sysctl-conf.sh[7251]: kernel.panic = 3
2024-09-15T05:13:36+08:00 Synology_NAS syno-sysctl-conf.sh[7251]: net.core.somaxconn = 65535
2024-09-15T05:13:36+08:00 Synology_NAS syno-sysctl-conf.sh[7251]: net.ipv4.tcp_tw_reuse = 1
2024-09-15T05:13:36+08:00 Synology_NAS syno-sysctl-conf.sh[7251]: fs.protected_hardlinks = 1
2024-09-15T05:13:36+08:00 Synology_NAS syno-sysctl-conf.sh[7251]: fs.protected_symlinks = 1
2024-09-15T05:13:36+08:00 Synology_NAS syno-sysctl-conf.sh[7251]: kernel.syno_forbid_console = 0
2024-09-15T05:13:36+08:00 Synology_NAS syno-sysctl-conf.sh[7251]: kernel.syno_forbid_usb = 0
2024-09-15T05:13:36+08:00 Synology_NAS syno-sysctl-conf.sh[7251]: net.ipv6.conf.default.accept_ra_defrtr = 0
2024-09-15T05:13:36+08:00 Synology_NAS syno-sysctl-conf.sh[7251]: net.ipv4.conf.default.accept_redirects = 0
2024-09-15T05:13:36+08:00 Synology_NAS syno-sysctl-conf.sh[7251]: net.ipv6.conf.default.accept_redirects = 0
2024-09-15T05:13:36+08:00 Synology_NAS syno-sysctl-conf.sh[7251]: net.ipv4.conf.default.send_redirects = 0
2024-09-15T05:13:36+08:00 Synology_NAS syno-sysctl-conf.sh[7251]: net.ipv4.conf.default.secure_redirects = 0
2024-09-15T05:13:36+08:00 Synology_NAS syno-sysctl-conf.sh[7251]: net.ipv6.conf.default.accept_ra = 0
2024-09-16T05:38:03+08:00 Synology_NAS syno-sysctl-conf.sh[7284]: kernel.panic = 3
2024-09-16T05:38:03+08:00 Synology_NAS syno-sysctl-conf.sh[7284]: net.core.somaxconn = 65535
2024-09-16T05:38:03+08:00 Synology_NAS syno-sysctl-conf.sh[7284]: net.ipv4.tcp_tw_reuse = 1
2024-09-16T05:38:03+08:00 Synology_NAS syno-sysctl-conf.sh[7284]: fs.protected_hardlinks = 1
2024-09-16T05:38:03+08:00 Synology_NAS syno-sysctl-conf.sh[7284]: fs.protected_symlinks = 1
2024-09-16T05:38:03+08:00 Synology_NAS syno-sysctl-conf.sh[7284]: kernel.syno_forbid_console = 0
2024-09-16T05:38:03+08:00 Synology_NAS syno-sysctl-conf.sh[7284]: kernel.syno_forbid_usb = 0
2024-09-16T05:38:03+08:00 Synology_NAS syno-sysctl-conf.sh[7284]: net.ipv6.conf.default.accept_ra_defrtr = 0
2024-09-16T05:38:03+08:00 Synology_NAS syno-sysctl-conf.sh[7284]: net.ipv4.conf.default.accept_redirects = 0
2024-09-16T05:38:03+08:00 Synology_NAS syno-sysctl-conf.sh[7284]: net.ipv6.conf.default.accept_redirects = 0
2024-09-16T05:38:03+08:00 Synology_NAS syno-sysctl-conf.sh[7284]: net.ipv4.conf.default.send_redirects = 0
2024-09-16T05:38:03+08:00 Synology_NAS syno-sysctl-conf.sh[7284]: net.ipv4.conf.default.secure_redirects = 0
2024-09-16T05:38:03+08:00 Synology_NAS syno-sysctl-conf.sh[7284]: net.ipv6.conf.default.accept_ra = 0
2024-09-16T05:38:03+08:00 Synology_NAS syno-sysctl-conf.sh[7284]: kernel.panic = 3
2024-09-16T05:38:03+08:00 Synology_NAS syno-sysctl-conf.sh[7284]: net.core.somaxconn = 65535
2024-09-16T05:38:03+08:00 Synology_NAS syno-sysctl-conf.sh[7284]: net.ipv4.tcp_tw_reuse = 1
2024-09-16T05:38:03+08:00 Synology_NAS syno-sysctl-conf.sh[7284]: fs.protected_hardlinks = 1
2024-09-16T05:38:03+08:00 Synology_NAS syno-sysctl-conf.sh[7284]: fs.protected_symlinks = 1
2024-09-16T05:38:03+08:00 Synology_NAS syno-sysctl-conf.sh[7284]: kernel.syno_forbid_console = 0
2024-09-16T05:38:03+08:00 Synology_NAS syno-sysctl-conf.sh[7284]: kernel.syno_forbid_usb = 0
2024-09-16T05:38:03+08:00 Synology_NAS syno-sysctl-conf.sh[7284]: net.ipv6.conf.default.accept_ra_defrtr = 0
2024-09-16T05:38:03+08:00 Synology_NAS syno-sysctl-conf.sh[7284]: net.ipv4.conf.default.accept_redirects = 0
2024-09-16T05:38:03+08:00 Synology_NAS syno-sysctl-conf.sh[7284]: net.ipv6.conf.default.accept_redirects = 0
2024-09-16T05:38:03+08:00 Synology_NAS syno-sysctl-conf.sh[7284]: net.ipv4.conf.default.send_redirects = 0
2024-09-16T05:38:03+08:00 Synology_NAS syno-sysctl-conf.sh[7284]: net.ipv4.conf.default.secure_redirects = 0
2024-09-16T05:38:03+08:00 Synology_NAS syno-sysctl-conf.sh[7284]: net.ipv6.conf.default.accept_ra = 0
2024-09-16T19:31:26+08:00 Synology_NAS syno-sysctl-conf.sh[7258]: kernel.panic = 3
2024-09-16T19:31:26+08:00 Synology_NAS syno-sysctl-conf.sh[7258]: net.core.somaxconn = 65535
2024-09-16T19:31:26+08:00 Synology_NAS syno-sysctl-conf.sh[7258]: net.ipv4.tcp_tw_reuse = 1
2024-09-16T19:31:26+08:00 Synology_NAS syno-sysctl-conf.sh[7258]: fs.protected_hardlinks = 1
2024-09-16T19:31:26+08:00 Synology_NAS syno-sysctl-conf.sh[7258]: fs.protected_symlinks = 1
2024-09-16T19:31:26+08:00 Synology_NAS syno-sysctl-conf.sh[7258]: kernel.syno_forbid_console = 0
2024-09-16T19:31:26+08:00 Synology_NAS syno-sysctl-conf.sh[7258]: kernel.syno_forbid_usb = 0
2024-09-16T19:31:26+08:00 Synology_NAS syno-sysctl-conf.sh[7258]: net.ipv6.conf.default.accept_ra_defrtr = 0
2024-09-16T19:31:26+08:00 Synology_NAS syno-sysctl-conf.sh[7258]: net.ipv4.conf.default.accept_redirects = 0
2024-09-16T19:31:26+08:00 Synology_NAS syno-sysctl-conf.sh[7258]: net.ipv6.conf.default.accept_redirects = 0
2024-09-16T19:31:26+08:00 Synology_NAS syno-sysctl-conf.sh[7258]: net.ipv4.conf.default.send_redirects = 0
2024-09-16T19:31:26+08:00 Synology_NAS syno-sysctl-conf.sh[7258]: net.ipv4.conf.default.secure_redirects = 0
2024-09-16T19:31:26+08:00 Synology_NAS syno-sysctl-conf.sh[7258]: net.ipv6.conf.default.accept_ra = 0
2024-09-16T19:31:26+08:00 Synology_NAS syno-sysctl-conf.sh[7258]: kernel.panic = 3
2024-09-16T19:31:26+08:00 Synology_NAS syno-sysctl-conf.sh[7258]: net.core.somaxconn = 65535
2024-09-16T19:31:26+08:00 Synology_NAS syno-sysctl-conf.sh[7258]: net.ipv4.tcp_tw_reuse = 1
2024-09-16T19:31:26+08:00 Synology_NAS syno-sysctl-conf.sh[7258]: fs.protected_hardlinks = 1
2024-09-16T19:31:26+08:00 Synology_NAS syno-sysctl-conf.sh[7258]: fs.protected_symlinks = 1
2024-09-16T19:31:26+08:00 Synology_NAS syno-sysctl-conf.sh[7258]: kernel.syno_forbid_console = 0
2024-09-16T19:31:26+08:00 Synology_NAS syno-sysctl-conf.sh[7258]: kernel.syno_forbid_usb = 0
2024-09-16T19:31:26+08:00 Synology_NAS syno-sysctl-conf.sh[7258]: net.ipv6.conf.default.accept_ra_defrtr = 0
2024-09-16T19:31:26+08:00 Synology_NAS syno-sysctl-conf.sh[7258]: net.ipv4.conf.default.accept_redirects = 0
2024-09-16T19:31:26+08:00 Synology_NAS syno-sysctl-conf.sh[7258]: net.ipv6.conf.default.accept_redirects = 0
2024-09-16T19:31:26+08:00 Synology_NAS syno-sysctl-conf.sh[7258]: net.ipv4.conf.default.send_redirects = 0
2024-09-16T19:31:26+08:00 Synology_NAS syno-sysctl-conf.sh[7258]: net.ipv4.conf.default.secure_redirects = 0
2024-09-16T19:31:26+08:00 Synology_NAS syno-sysctl-conf.sh[7258]: net.ipv6.conf.default.accept_ra = 0
2024-09-17T04:57:05+08:00 Synology_NAS syno-sysctl-conf.sh[7278]: kernel.panic = 3
2024-09-17T04:57:05+08:00 Synology_NAS syno-sysctl-conf.sh[7278]: net.core.somaxconn = 65535
2024-09-17T04:57:05+08:00 Synology_NAS syno-sysctl-conf.sh[7278]: net.ipv4.tcp_tw_reuse = 1
2024-09-17T04:57:05+08:00 Synology_NAS syno-sysctl-conf.sh[7278]: fs.protected_hardlinks = 1
2024-09-17T04:57:05+08:00 Synology_NAS syno-sysctl-conf.sh[7278]: fs.protected_symlinks = 1
2024-09-17T04:57:05+08:00 Synology_NAS syno-sysctl-conf.sh[7278]: kernel.syno_forbid_console = 0
2024-09-17T04:57:05+08:00 Synology_NAS syno-sysctl-conf.sh[7278]: kernel.syno_forbid_usb = 0
2024-09-17T04:57:05+08:00 Synology_NAS syno-sysctl-conf.sh[7278]: net.ipv6.conf.default.accept_ra_defrtr = 0
2024-09-17T04:57:05+08:00 Synology_NAS syno-sysctl-conf.sh[7278]: net.ipv4.conf.default.accept_redirects = 0
2024-09-17T04:57:05+08:00 Synology_NAS syno-sysctl-conf.sh[7278]: net.ipv6.conf.default.accept_redirects = 0
2024-09-17T04:57:05+08:00 Synology_NAS syno-sysctl-conf.sh[7278]: net.ipv4.conf.default.send_redirects = 0
2024-09-17T04:57:05+08:00 Synology_NAS syno-sysctl-conf.sh[7278]: net.ipv4.conf.default.secure_redirects = 0
2024-09-17T04:57:05+08:00 Synology_NAS syno-sysctl-conf.sh[7278]: net.ipv6.conf.default.accept_ra = 0
2024-09-17T04:57:05+08:00 Synology_NAS syno-sysctl-conf.sh[7278]: kernel.panic = 3
2024-09-17T04:57:05+08:00 Synology_NAS syno-sysctl-conf.sh[7278]: net.core.somaxconn = 65535
2024-09-17T04:57:05+08:00 Synology_NAS syno-sysctl-conf.sh[7278]: net.ipv4.tcp_tw_reuse = 1
2024-09-17T04:57:05+08:00 Synology_NAS syno-sysctl-conf.sh[7278]: fs.protected_hardlinks = 1
2024-09-17T04:57:05+08:00 Synology_NAS syno-sysctl-conf.sh[7278]: fs.protected_symlinks = 1
2024-09-17T04:57:05+08:00 Synology_NAS syno-sysctl-conf.sh[7278]: kernel.syno_forbid_console = 0
2024-09-17T04:57:05+08:00 Synology_NAS syno-sysctl-conf.sh[7278]: kernel.syno_forbid_usb = 0
2024-09-17T04:57:05+08:00 Synology_NAS syno-sysctl-conf.sh[7278]: net.ipv6.conf.default.accept_ra_defrtr = 0
2024-09-17T04:57:05+08:00 Synology_NAS syno-sysctl-conf.sh[7278]: net.ipv4.conf.default.accept_redirects = 0
2024-09-17T04:57:05+08:00 Synology_NAS syno-sysctl-conf.sh[7278]: net.ipv6.conf.default.accept_redirects = 0
2024-09-17T04:57:05+08:00 Synology_NAS syno-sysctl-conf.sh[7278]: net.ipv4.conf.default.send_redirects = 0
2024-09-17T04:57:05+08:00 Synology_NAS syno-sysctl-conf.sh[7278]: net.ipv4.conf.default.secure_redirects = 0
2024-09-17T04:57:05+08:00 Synology_NAS syno-sysctl-conf.sh[7278]: net.ipv6.conf.default.accept_ra = 0
2024-09-17T05:49:15+08:00 Synology_NAS syno-sysctl-conf.sh[7283]: kernel.panic = 3
2024-09-17T05:49:15+08:00 Synology_NAS syno-sysctl-conf.sh[7283]: net.core.somaxconn = 65535
2024-09-17T05:49:15+08:00 Synology_NAS syno-sysctl-conf.sh[7283]: net.ipv4.tcp_tw_reuse = 1
2024-09-17T05:49:15+08:00 Synology_NAS syno-sysctl-conf.sh[7283]: fs.protected_hardlinks = 1
2024-09-17T05:49:15+08:00 Synology_NAS syno-sysctl-conf.sh[7283]: fs.protected_symlinks = 1
2024-09-17T05:49:15+08:00 Synology_NAS syno-sysctl-conf.sh[7283]: kernel.syno_forbid_console = 0
2024-09-17T05:49:15+08:00 Synology_NAS syno-sysctl-conf.sh[7283]: kernel.syno_forbid_usb = 0
2024-09-17T05:49:15+08:00 Synology_NAS syno-sysctl-conf.sh[7283]: net.ipv6.conf.default.accept_ra_defrtr = 0
2024-09-17T05:49:15+08:00 Synology_NAS syno-sysctl-conf.sh[7283]: net.ipv4.conf.default.accept_redirects = 0
2024-09-17T05:49:15+08:00 Synology_NAS syno-sysctl-conf.sh[7283]: net.ipv6.conf.default.accept_redirects = 0
2024-09-17T05:49:15+08:00 Synology_NAS syno-sysctl-conf.sh[7283]: net.ipv4.conf.default.send_redirects = 0
2024-09-17T05:49:15+08:00 Synology_NAS syno-sysctl-conf.sh[7283]: net.ipv4.conf.default.secure_redirects = 0
2024-09-17T05:49:15+08:00 Synology_NAS syno-sysctl-conf.sh[7283]: net.ipv6.conf.default.accept_ra = 0
2024-09-17T05:49:15+08:00 Synology_NAS syno-sysctl-conf.sh[7283]: kernel.panic = 3
2024-09-17T05:49:15+08:00 Synology_NAS syno-sysctl-conf.sh[7283]: net.core.somaxconn = 65535
2024-09-17T05:49:15+08:00 Synology_NAS syno-sysctl-conf.sh[7283]: net.ipv4.tcp_tw_reuse = 1
2024-09-17T05:49:15+08:00 Synology_NAS syno-sysctl-conf.sh[7283]: fs.protected_hardlinks = 1
2024-09-17T05:49:15+08:00 Synology_NAS syno-sysctl-conf.sh[7283]: fs.protected_symlinks = 1
2024-09-17T05:49:15+08:00 Synology_NAS syno-sysctl-conf.sh[7283]: kernel.syno_forbid_console = 0
2024-09-17T05:49:15+08:00 Synology_NAS syno-sysctl-conf.sh[7283]: kernel.syno_forbid_usb = 0
2024-09-17T05:49:15+08:00 Synology_NAS syno-sysctl-conf.sh[7283]: net.ipv6.conf.default.accept_ra_defrtr = 0
2024-09-17T05:49:15+08:00 Synology_NAS syno-sysctl-conf.sh[7283]: net.ipv4.conf.default.accept_redirects = 0
2024-09-17T05:49:15+08:00 Synology_NAS syno-sysctl-conf.sh[7283]: net.ipv6.conf.default.accept_redirects = 0
2024-09-17T05:49:15+08:00 Synology_NAS syno-sysctl-conf.sh[7283]: net.ipv4.conf.default.send_redirects = 0
2024-09-17T05:49:15+08:00 Synology_NAS syno-sysctl-conf.sh[7283]: net.ipv4.conf.default.secure_redirects = 0
2024-09-17T05:49:15+08:00 Synology_NAS syno-sysctl-conf.sh[7283]: net.ipv6.conf.default.accept_ra = 0
2024-09-17T10:44:30+08:00 Synology_NAS syno-sysctl-conf.sh[7280]: kernel.panic = 3
2024-09-17T10:44:30+08:00 Synology_NAS syno-sysctl-conf.sh[7280]: net.core.somaxconn = 65535
2024-09-17T10:44:30+08:00 Synology_NAS syno-sysctl-conf.sh[7280]: net.ipv4.tcp_tw_reuse = 1
2024-09-17T10:44:30+08:00 Synology_NAS syno-sysctl-conf.sh[7280]: fs.protected_hardlinks = 1
2024-09-17T10:44:30+08:00 Synology_NAS syno-sysctl-conf.sh[7280]: fs.protected_symlinks = 1
2024-09-17T10:44:30+08:00 Synology_NAS syno-sysctl-conf.sh[7280]: kernel.syno_forbid_console = 0
2024-09-17T10:44:30+08:00 Synology_NAS syno-sysctl-conf.sh[7280]: kernel.syno_forbid_usb = 0
2024-09-17T10:44:30+08:00 Synology_NAS syno-sysctl-conf.sh[7280]: net.ipv6.conf.default.accept_ra_defrtr = 0
2024-09-17T10:44:30+08:00 Synology_NAS syno-sysctl-conf.sh[7280]: net.ipv4.conf.default.accept_redirects = 0
2024-09-17T10:44:30+08:00 Synology_NAS syno-sysctl-conf.sh[7280]: net.ipv6.conf.default.accept_redirects = 0
2024-09-17T10:44:30+08:00 Synology_NAS syno-sysctl-conf.sh[7280]: net.ipv4.conf.default.send_redirects = 0
2024-09-17T10:44:30+08:00 Synology_NAS syno-sysctl-conf.sh[7280]: net.ipv4.conf.default.secure_redirects = 0
2024-09-17T10:44:30+08:00 Synology_NAS syno-sysctl-conf.sh[7280]: net.ipv6.conf.default.accept_ra = 0
2024-09-17T10:44:30+08:00 Synology_NAS syno-sysctl-conf.sh[7280]: kernel.panic = 3
2024-09-17T10:44:30+08:00 Synology_NAS syno-sysctl-conf.sh[7280]: net.core.somaxconn = 65535
2024-09-17T10:44:30+08:00 Synology_NAS syno-sysctl-conf.sh[7280]: net.ipv4.tcp_tw_reuse = 1
2024-09-17T10:44:30+08:00 Synology_NAS syno-sysctl-conf.sh[7280]: fs.protected_hardlinks = 1
2024-09-17T10:44:30+08:00 Synology_NAS syno-sysctl-conf.sh[7280]: fs.protected_symlinks = 1
2024-09-17T10:44:30+08:00 Synology_NAS syno-sysctl-conf.sh[7280]: kernel.syno_forbid_console = 0
2024-09-17T10:44:30+08:00 Synology_NAS syno-sysctl-conf.sh[7280]: kernel.syno_forbid_usb = 0
2024-09-17T10:44:30+08:00 Synology_NAS syno-sysctl-conf.sh[7280]: net.ipv6.conf.default.accept_ra_defrtr = 0
2024-09-17T10:44:30+08:00 Synology_NAS syno-sysctl-conf.sh[7280]: net.ipv4.conf.default.accept_redirects = 0
2024-09-17T10:44:30+08:00 Synology_NAS syno-sysctl-conf.sh[7280]: net.ipv6.conf.default.accept_redirects = 0
2024-09-17T10:44:30+08:00 Synology_NAS syno-sysctl-conf.sh[7280]: net.ipv4.conf.default.send_redirects = 0
2024-09-17T10:44:30+08:00 Synology_NAS syno-sysctl-conf.sh[7280]: net.ipv4.conf.default.secure_redirects = 0
2024-09-17T10:44:30+08:00 Synology_NAS syno-sysctl-conf.sh[7280]: net.ipv6.conf.default.accept_ra = 0
2024-09-20T07:49:47+08:00 Synology_NAS syno-sysctl-conf.sh[7357]: kernel.panic = 3
2024-09-20T07:49:47+08:00 Synology_NAS syno-sysctl-conf.sh[7357]: net.core.somaxconn = 65535
2024-09-20T07:49:47+08:00 Synology_NAS syno-sysctl-conf.sh[7357]: net.ipv4.tcp_tw_reuse = 1
2024-09-20T07:49:47+08:00 Synology_NAS syno-sysctl-conf.sh[7357]: fs.protected_hardlinks = 1
2024-09-20T07:49:47+08:00 Synology_NAS syno-sysctl-conf.sh[7357]: fs.protected_symlinks = 1
2024-09-20T07:49:47+08:00 Synology_NAS syno-sysctl-conf.sh[7357]: kernel.syno_forbid_console = 0
2024-09-20T07:49:47+08:00 Synology_NAS syno-sysctl-conf.sh[7357]: kernel.syno_forbid_usb = 0
2024-09-20T07:49:47+08:00 Synology_NAS syno-sysctl-conf.sh[7357]: net.ipv6.conf.default.accept_ra_defrtr = 0
2024-09-20T07:49:47+08:00 Synology_NAS syno-sysctl-conf.sh[7357]: net.ipv4.conf.default.accept_redirects = 0
2024-09-20T07:49:47+08:00 Synology_NAS syno-sysctl-conf.sh[7357]: net.ipv6.conf.default.accept_redirects = 0
2024-09-20T07:49:47+08:00 Synology_NAS syno-sysctl-conf.sh[7357]: net.ipv4.conf.default.send_redirects = 0
2024-09-20T07:49:47+08:00 Synology_NAS syno-sysctl-conf.sh[7357]: net.ipv4.conf.default.secure_redirects = 0
2024-09-20T07:49:47+08:00 Synology_NAS syno-sysctl-conf.sh[7357]: net.ipv6.conf.default.accept_ra = 0
2024-09-20T07:49:47+08:00 Synology_NAS syno-sysctl-conf.sh[7357]: kernel.panic = 3
2024-09-20T07:49:47+08:00 Synology_NAS syno-sysctl-conf.sh[7357]: net.core.somaxconn = 65535
2024-09-20T07:49:47+08:00 Synology_NAS syno-sysctl-conf.sh[7357]: net.ipv4.tcp_tw_reuse = 1
2024-09-20T07:49:47+08:00 Synology_NAS syno-sysctl-conf.sh[7357]: fs.protected_hardlinks = 1
2024-09-20T07:49:47+08:00 Synology_NAS syno-sysctl-conf.sh[7357]: fs.protected_symlinks = 1
2024-09-20T07:49:47+08:00 Synology_NAS syno-sysctl-conf.sh[7357]: kernel.syno_forbid_console = 0
2024-09-20T07:49:47+08:00 Synology_NAS syno-sysctl-conf.sh[7357]: kernel.syno_forbid_usb = 0
2024-09-20T07:49:47+08:00 Synology_NAS syno-sysctl-conf.sh[7357]: net.ipv6.conf.default.accept_ra_defrtr = 0
2024-09-20T07:49:47+08:00 Synology_NAS syno-sysctl-conf.sh[7357]: net.ipv4.conf.default.accept_redirects = 0
2024-09-20T07:49:47+08:00 Synology_NAS syno-sysctl-conf.sh[7357]: net.ipv6.conf.default.accept_redirects = 0
2024-09-20T07:49:47+08:00 Synology_NAS syno-sysctl-conf.sh[7357]: net.ipv4.conf.default.send_redirects = 0
2024-09-20T07:49:47+08:00 Synology_NAS syno-sysctl-conf.sh[7357]: net.ipv4.conf.default.secure_redirects = 0
2024-09-20T07:49:47+08:00 Synology_NAS syno-sysctl-conf.sh[7357]: net.ipv6.conf.default.accept_ra = 0
2024-09-20T11:33:06+08:00 Synology_NAS syno-sysctl-conf.sh[7401]: kernel.panic = 3
2024-09-20T11:33:06+08:00 Synology_NAS syno-sysctl-conf.sh[7401]: net.core.somaxconn = 65535
2024-09-20T11:33:06+08:00 Synology_NAS syno-sysctl-conf.sh[7401]: net.ipv4.tcp_tw_reuse = 1
2024-09-20T11:33:06+08:00 Synology_NAS syno-sysctl-conf.sh[7401]: fs.protected_hardlinks = 1
2024-09-20T11:33:06+08:00 Synology_NAS syno-sysctl-conf.sh[7401]: fs.protected_symlinks = 1
2024-09-20T11:33:06+08:00 Synology_NAS syno-sysctl-conf.sh[7401]: kernel.syno_forbid_console = 0
2024-09-20T11:33:06+08:00 Synology_NAS syno-sysctl-conf.sh[7401]: kernel.syno_forbid_usb = 0
2024-09-20T11:33:06+08:00 Synology_NAS syno-sysctl-conf.sh[7401]: net.ipv6.conf.default.accept_ra_defrtr = 0
2024-09-20T11:33:06+08:00 Synology_NAS syno-sysctl-conf.sh[7401]: net.ipv4.conf.default.accept_redirects = 0
2024-09-20T11:33:06+08:00 Synology_NAS syno-sysctl-conf.sh[7401]: net.ipv6.conf.default.accept_redirects = 0
2024-09-20T11:33:06+08:00 Synology_NAS syno-sysctl-conf.sh[7401]: net.ipv4.conf.default.send_redirects = 0
2024-09-20T11:33:06+08:00 Synology_NAS syno-sysctl-conf.sh[7401]: net.ipv4.conf.default.secure_redirects = 0
2024-09-20T11:33:06+08:00 Synology_NAS syno-sysctl-conf.sh[7401]: net.ipv6.conf.default.accept_ra = 0
2024-09-20T11:33:06+08:00 Synology_NAS syno-sysctl-conf.sh[7401]: kernel.panic = 3
2024-09-20T11:33:06+08:00 Synology_NAS syno-sysctl-conf.sh[7401]: net.core.somaxconn = 65535
2024-09-20T11:33:06+08:00 Synology_NAS syno-sysctl-conf.sh[7401]: net.ipv4.tcp_tw_reuse = 1
2024-09-20T11:33:06+08:00 Synology_NAS syno-sysctl-conf.sh[7401]: fs.protected_hardlinks = 1
2024-09-20T11:33:06+08:00 Synology_NAS syno-sysctl-conf.sh[7401]: fs.protected_symlinks = 1
2024-09-20T11:33:06+08:00 Synology_NAS syno-sysctl-conf.sh[7401]: kernel.syno_forbid_console = 0
2024-09-20T11:33:06+08:00 Synology_NAS syno-sysctl-conf.sh[7401]: kernel.syno_forbid_usb = 0
2024-09-20T11:33:06+08:00 Synology_NAS syno-sysctl-conf.sh[7401]: net.ipv6.conf.default.accept_ra_defrtr = 0
2024-09-20T11:33:06+08:00 Synology_NAS syno-sysctl-conf.sh[7401]: net.ipv4.conf.default.accept_redirects = 0
2024-09-20T11:33:06+08:00 Synology_NAS syno-sysctl-conf.sh[7401]: net.ipv6.conf.default.accept_redirects = 0
2024-09-20T11:33:06+08:00 Synology_NAS syno-sysctl-conf.sh[7401]: net.ipv4.conf.default.send_redirects = 0
2024-09-20T11:33:06+08:00 Synology_NAS syno-sysctl-conf.sh[7401]: net.ipv4.conf.default.secure_redirects = 0
2024-09-20T11:33:06+08:00 Synology_NAS syno-sysctl-conf.sh[7401]: net.ipv6.conf.default.accept_ra = 0
2024-10-09T04:31:48+08:00 Yasuraokaa_Site syno-sysctl-conf.sh[7333]: kernel.panic = 3
2024-10-09T04:31:48+08:00 Yasuraokaa_Site syno-sysctl-conf.sh[7333]: net.core.somaxconn = 65535
2024-10-09T04:31:48+08:00 Yasuraokaa_Site syno-sysctl-conf.sh[7333]: net.ipv4.tcp_tw_reuse = 1
2024-10-09T04:31:48+08:00 Yasuraokaa_Site syno-sysctl-conf.sh[7333]: fs.protected_hardlinks = 1
2024-10-09T04:31:48+08:00 Yasuraokaa_Site syno-sysctl-conf.sh[7333]: fs.protected_symlinks = 1
2024-10-09T04:31:48+08:00 Yasuraokaa_Site syno-sysctl-conf.sh[7333]: kernel.syno_forbid_console = 0
2024-10-09T04:31:48+08:00 Yasuraokaa_Site syno-sysctl-conf.sh[7333]: kernel.syno_forbid_usb = 0
2024-10-09T04:31:48+08:00 Yasuraokaa_Site syno-sysctl-conf.sh[7333]: net.ipv6.conf.default.accept_ra_defrtr = 0
2024-10-09T04:31:48+08:00 Yasuraokaa_Site syno-sysctl-conf.sh[7333]: net.ipv4.conf.default.accept_redirects = 0
2024-10-09T04:31:48+08:00 Yasuraokaa_Site syno-sysctl-conf.sh[7333]: net.ipv6.conf.default.accept_redirects = 0
2024-10-09T04:31:48+08:00 Yasuraokaa_Site syno-sysctl-conf.sh[7333]: net.ipv4.conf.default.send_redirects = 0
2024-10-09T04:31:48+08:00 Yasuraokaa_Site syno-sysctl-conf.sh[7333]: net.ipv4.conf.default.secure_redirects = 0
2024-10-09T04:31:48+08:00 Yasuraokaa_Site syno-sysctl-conf.sh[7333]: net.ipv6.conf.default.accept_ra = 0
2024-10-09T04:31:48+08:00 Yasuraokaa_Site syno-sysctl-conf.sh[7333]: kernel.panic = 3
2024-10-09T04:31:48+08:00 Yasuraokaa_Site syno-sysctl-conf.sh[7333]: net.core.somaxconn = 65535
2024-10-09T04:31:48+08:00 Yasuraokaa_Site syno-sysctl-conf.sh[7333]: net.ipv4.tcp_tw_reuse = 1
2024-10-09T04:31:48+08:00 Yasuraokaa_Site syno-sysctl-conf.sh[7333]: fs.protected_hardlinks = 1
2024-10-09T04:31:48+08:00 Yasuraokaa_Site syno-sysctl-conf.sh[7333]: fs.protected_symlinks = 1
2024-10-09T04:31:48+08:00 Yasuraokaa_Site syno-sysctl-conf.sh[7333]: kernel.syno_forbid_console = 0
2024-10-09T04:31:48+08:00 Yasuraokaa_Site syno-sysctl-conf.sh[7333]: kernel.syno_forbid_usb = 0
2024-10-09T04:31:48+08:00 Yasuraokaa_Site syno-sysctl-conf.sh[7333]: net.ipv6.conf.default.accept_ra_defrtr = 0
2024-10-09T04:31:48+08:00 Yasuraokaa_Site syno-sysctl-conf.sh[7333]: net.ipv4.conf.default.accept_redirects = 0
2024-10-09T04:31:48+08:00 Yasuraokaa_Site syno-sysctl-conf.sh[7333]: net.ipv6.conf.default.accept_redirects = 0
2024-10-09T04:31:48+08:00 Yasuraokaa_Site syno-sysctl-conf.sh[7333]: net.ipv4.conf.default.send_redirects = 0
2024-10-09T04:31:48+08:00 Yasuraokaa_Site syno-sysctl-conf.sh[7333]: net.ipv4.conf.default.secure_redirects = 0
2024-10-09T04:31:48+08:00 Yasuraokaa_Site syno-sysctl-conf.sh[7333]: net.ipv6.conf.default.accept_ra = 0
2024-11-05T07:05:06+08:00 Yasuraokaa_Site syno-sysctl-conf.sh[7337]: kernel.panic = 3
2024-11-05T07:05:06+08:00 Yasuraokaa_Site syno-sysctl-conf.sh[7337]: net.core.somaxconn = 65535
2024-11-05T07:05:06+08:00 Yasuraokaa_Site syno-sysctl-conf.sh[7337]: net.ipv4.tcp_tw_reuse = 1
2024-11-05T07:05:06+08:00 Yasuraokaa_Site syno-sysctl-conf.sh[7337]: fs.protected_hardlinks = 1
2024-11-05T07:05:06+08:00 Yasuraokaa_Site syno-sysctl-conf.sh[7337]: fs.protected_symlinks = 1
2024-11-05T07:05:06+08:00 Yasuraokaa_Site syno-sysctl-conf.sh[7337]: kernel.syno_forbid_console = 0
2024-11-05T07:05:06+08:00 Yasuraokaa_Site syno-sysctl-conf.sh[7337]: kernel.syno_forbid_usb = 0
2024-11-05T07:05:06+08:00 Yasuraokaa_Site syno-sysctl-conf.sh[7337]: net.ipv6.conf.default.accept_ra_defrtr = 0
2024-11-05T07:05:06+08:00 Yasuraokaa_Site syno-sysctl-conf.sh[7337]: net.ipv4.conf.default.accept_redirects = 0
2024-11-05T07:05:06+08:00 Yasuraokaa_Site syno-sysctl-conf.sh[7337]: net.ipv6.conf.default.accept_redirects = 0
2024-11-05T07:05:06+08:00 Yasuraokaa_Site syno-sysctl-conf.sh[7337]: net.ipv4.conf.default.send_redirects = 0
2024-11-05T07:05:06+08:00 Yasuraokaa_Site syno-sysctl-conf.sh[7337]: net.ipv4.conf.default.secure_redirects = 0
2024-11-05T07:05:06+08:00 Yasuraokaa_Site syno-sysctl-conf.sh[7337]: net.ipv6.conf.default.accept_ra = 0
2024-11-05T07:05:06+08:00 Yasuraokaa_Site syno-sysctl-conf.sh[7337]: kernel.panic = 3
2024-11-05T07:05:06+08:00 Yasuraokaa_Site syno-sysctl-conf.sh[7337]: net.core.somaxconn = 65535
2024-11-05T07:05:06+08:00 Yasuraokaa_Site syno-sysctl-conf.sh[7337]: net.ipv4.tcp_tw_reuse = 1
2024-11-05T07:05:06+08:00 Yasuraokaa_Site syno-sysctl-conf.sh[7337]: fs.protected_hardlinks = 1
2024-11-05T07:05:06+08:00 Yasuraokaa_Site syno-sysctl-conf.sh[7337]: fs.protected_symlinks = 1
2024-11-05T07:05:06+08:00 Yasuraokaa_Site syno-sysctl-conf.sh[7337]: kernel.syno_forbid_console = 0
2024-11-05T07:05:06+08:00 Yasuraokaa_Site syno-sysctl-conf.sh[7337]: kernel.syno_forbid_usb = 0
2024-11-05T07:05:06+08:00 Yasuraokaa_Site syno-sysctl-conf.sh[7337]: net.ipv6.conf.default.accept_ra_defrtr = 0
2024-11-05T07:05:06+08:00 Yasuraokaa_Site syno-sysctl-conf.sh[7337]: net.ipv4.conf.default.accept_redirects = 0
2024-11-05T07:05:06+08:00 Yasuraokaa_Site syno-sysctl-conf.sh[7337]: net.ipv6.conf.default.accept_redirects = 0
2024-11-05T07:05:06+08:00 Yasuraokaa_Site syno-sysctl-conf.sh[7337]: net.ipv4.conf.default.send_redirects = 0
2024-11-05T07:05:06+08:00 Yasuraokaa_Site syno-sysctl-conf.sh[7337]: net.ipv4.conf.default.secure_redirects = 0
2024-11-05T07:05:06+08:00 Yasuraokaa_Site syno-sysctl-conf.sh[7337]: net.ipv6.conf.default.accept_ra = 0
