2024-09-08T17:16:50-07:00 SynologyNAS synolog-linker[10230]: /bin/grep: /run/synostorage/volumetab: No such file or directory
2024-09-10T07:08:54+08:00 Synology_NAS synolog-linker[10384]: /bin/grep: /run/synostorage/volumetab: No such file or directory
2024-09-11T20:05:38+08:00 Synology_NAS synolog-linker[9709]: /bin/grep: /run/synostorage/volumetab: No such file or directory
2024-09-12T00:30:28+08:00 Synology_NAS synolog-linker[12478]: /volume1 is writable with
2024-09-12T00:30:28+08:00 Synology_NAS synolog-linker[12478]: summary status: [pool_normal]
2024-09-12T00:30:28+08:00 Synology_NAS synolog-linker[12478]: original status: [fs_normal]
2024-09-12T00:30:28+08:00 Synology_NAS synolog-linker[12478]: /volume1 is writable with
2024-09-12T00:30:28+08:00 Synology_NAS synolog-linker[12478]: summary status: [pool_normal]
2024-09-12T00:30:28+08:00 Synology_NAS synolog-linker[12478]: original status: [fs_normal]
2024-09-12T00:30:28+08:00 Synology_NAS synolog-linker[12478]: [syslog-ng] reloaded.
2024-09-14T23:16:56+08:00 Synology_NAS synolog-linker[13988]: /volume1 is writable with
2024-09-14T23:16:56+08:00 Synology_NAS synolog-linker[13988]: summary status: [pool_normal]
2024-09-14T23:16:56+08:00 Synology_NAS synolog-linker[13988]: original status: [fs_normal]
2024-09-14T23:16:56+08:00 Synology_NAS synolog-linker[13988]: /volume1 is writable with
2024-09-14T23:16:56+08:00 Synology_NAS synolog-linker[13988]: summary status: [pool_normal]
2024-09-14T23:16:56+08:00 Synology_NAS synolog-linker[13988]: original status: [fs_normal]
2024-09-14T23:16:56+08:00 Synology_NAS synolog-linker[13988]: [syslog-ng] reloaded.
2024-09-15T01:14:19+08:00 Synology_NAS synolog-linker[13626]: /volume1 is writable with
2024-09-15T01:14:19+08:00 Synology_NAS synolog-linker[13626]: summary status: [pool_normal]
2024-09-15T01:14:19+08:00 Synology_NAS synolog-linker[13626]: original status: [fs_normal]
2024-09-15T01:14:19+08:00 Synology_NAS synolog-linker[13626]: /volume1 is writable with
2024-09-15T01:14:19+08:00 Synology_NAS synolog-linker[13626]: summary status: [pool_normal]
2024-09-15T01:14:19+08:00 Synology_NAS synolog-linker[13626]: original status: [fs_normal]
2024-09-15T01:14:19+08:00 Synology_NAS synolog-linker[13626]: [syslog-ng] reloaded.
2024-09-15T01:22:08+08:00 Synology_NAS synolog-linker[14250]: /volume1 is writable with
2024-09-15T01:22:08+08:00 Synology_NAS synolog-linker[14250]: summary status: [pool_normal]
2024-09-15T01:22:08+08:00 Synology_NAS synolog-linker[14250]: original status: [fs_normal]
2024-09-15T01:22:08+08:00 Synology_NAS synolog-linker[14250]: /volume1 is writable with
2024-09-15T01:22:08+08:00 Synology_NAS synolog-linker[14250]: summary status: [pool_normal]
2024-09-15T01:22:08+08:00 Synology_NAS synolog-linker[14250]: original status: [fs_normal]
2024-09-15T01:22:08+08:00 Synology_NAS synolog-linker[14250]: [syslog-ng] reloaded.
2024-09-15T01:31:02+08:00 Synology_NAS synolog-linker[14347]: /volume1 is writable with
2024-09-15T01:31:02+08:00 Synology_NAS synolog-linker[14347]: summary status: [pool_normal]
2024-09-15T01:31:02+08:00 Synology_NAS synolog-linker[14347]: original status: [fs_normal]
2024-09-15T01:31:02+08:00 Synology_NAS synolog-linker[14347]: /volume1 is writable with
2024-09-15T01:31:02+08:00 Synology_NAS synolog-linker[14347]: summary status: [pool_normal]
2024-09-15T01:31:02+08:00 Synology_NAS synolog-linker[14347]: original status: [fs_normal]
2024-09-15T01:31:02+08:00 Synology_NAS synolog-linker[14347]: [syslog-ng] reloaded.
2024-09-15T05:06:19+08:00 Synology_NAS synolog-linker[12559]: /volume3 is writable with
2024-09-15T05:06:19+08:00 Synology_NAS synolog-linker[12559]: summary status: [pool_normal]
2024-09-15T05:06:19+08:00 Synology_NAS synolog-linker[12559]: original status: [fs_normal]
2024-09-15T05:06:19+08:00 Synology_NAS synolog-linker[12559]: /volume3 is writable with
2024-09-15T05:06:19+08:00 Synology_NAS synolog-linker[12559]: summary status: [pool_normal]
2024-09-15T05:06:19+08:00 Synology_NAS synolog-linker[12559]: original status: [fs_normal]
2024-09-15T05:06:19+08:00 Synology_NAS synolog-linker[12559]: [syslog-ng] reloaded.
2024-09-15T05:15:22+08:00 Synology_NAS synolog-linker[14394]: /volume3 is writable with
2024-09-15T05:15:22+08:00 Synology_NAS synolog-linker[14394]: summary status: [pool_normal]
2024-09-15T05:15:22+08:00 Synology_NAS synolog-linker[14394]: original status: [fs_normal]
2024-09-15T05:15:22+08:00 Synology_NAS synolog-linker[14394]: /volume3 is writable with
2024-09-15T05:15:22+08:00 Synology_NAS synolog-linker[14394]: summary status: [pool_normal]
2024-09-15T05:15:22+08:00 Synology_NAS synolog-linker[14394]: original status: [fs_normal]
2024-09-15T05:15:22+08:00 Synology_NAS synolog-linker[14394]: [syslog-ng] reloaded.
2024-09-16T05:39:44+08:00 Synology_NAS synolog-linker[14090]: /volume3 is writable with
2024-09-16T05:39:44+08:00 Synology_NAS synolog-linker[14090]: summary status: [pool_normal]
2024-09-16T05:39:44+08:00 Synology_NAS synolog-linker[14090]: original status: [fs_normal]
2024-09-16T05:39:44+08:00 Synology_NAS synolog-linker[14090]: /volume3 is writable with
2024-09-16T05:39:44+08:00 Synology_NAS synolog-linker[14090]: summary status: [pool_normal]
2024-09-16T05:39:44+08:00 Synology_NAS synolog-linker[14090]: original status: [fs_normal]
2024-09-16T05:39:44+08:00 Synology_NAS synolog-linker[14090]: [syslog-ng] reloaded.
2024-09-16T19:33:06+08:00 Synology_NAS synolog-linker[14015]: /volume3 is writable with
2024-09-16T19:33:06+08:00 Synology_NAS synolog-linker[14015]: summary status: [pool_normal]
2024-09-16T19:33:06+08:00 Synology_NAS synolog-linker[14015]: original status: [fs_normal]
2024-09-16T19:33:06+08:00 Synology_NAS synolog-linker[14015]: /volume3 is writable with
2024-09-16T19:33:06+08:00 Synology_NAS synolog-linker[14015]: summary status: [pool_normal]
2024-09-16T19:33:06+08:00 Synology_NAS synolog-linker[14015]: original status: [fs_normal]
2024-09-16T19:33:06+08:00 Synology_NAS synolog-linker[14015]: [syslog-ng] reloaded.
2024-09-17T04:58:46+08:00 Synology_NAS synolog-linker[14033]: /volume3 is writable with
2024-09-17T04:58:46+08:00 Synology_NAS synolog-linker[14033]: summary status: [pool_normal]
2024-09-17T04:58:46+08:00 Synology_NAS synolog-linker[14033]: original status: [fs_normal]
2024-09-17T04:58:46+08:00 Synology_NAS synolog-linker[14033]: /volume3 is writable with
2024-09-17T04:58:46+08:00 Synology_NAS synolog-linker[14033]: summary status: [pool_normal]
2024-09-17T04:58:46+08:00 Synology_NAS synolog-linker[14033]: original status: [fs_normal]
2024-09-17T04:58:46+08:00 Synology_NAS synolog-linker[14033]: [syslog-ng] reloaded.
2024-09-17T05:50:55+08:00 Synology_NAS synolog-linker[14074]: /volume3 is writable with
2024-09-17T05:50:55+08:00 Synology_NAS synolog-linker[14074]: summary status: [pool_normal]
2024-09-17T05:50:55+08:00 Synology_NAS synolog-linker[14074]: original status: [fs_normal]
2024-09-17T05:50:55+08:00 Synology_NAS synolog-linker[14074]: /volume3 is writable with
2024-09-17T05:50:55+08:00 Synology_NAS synolog-linker[14074]: summary status: [pool_normal]
2024-09-17T05:50:55+08:00 Synology_NAS synolog-linker[14074]: original status: [fs_normal]
2024-09-17T05:50:55+08:00 Synology_NAS synolog-linker[14074]: [syslog-ng] reloaded.
2024-09-17T10:46:10+08:00 Synology_NAS synolog-linker[14039]: /volume3 is writable with
2024-09-17T10:46:10+08:00 Synology_NAS synolog-linker[14039]: summary status: [pool_normal]
2024-09-17T10:46:10+08:00 Synology_NAS synolog-linker[14039]: original status: [fs_normal]
2024-09-17T10:46:10+08:00 Synology_NAS synolog-linker[14039]: /volume3 is writable with
2024-09-17T10:46:10+08:00 Synology_NAS synolog-linker[14039]: summary status: [pool_normal]
2024-09-17T10:46:10+08:00 Synology_NAS synolog-linker[14039]: original status: [fs_normal]
2024-09-17T10:46:10+08:00 Synology_NAS synolog-linker[14039]: [syslog-ng] reloaded.
2024-09-20T07:51:26+08:00 Synology_NAS synolog-linker[13810]: /volume3 is writable with
2024-09-20T07:51:26+08:00 Synology_NAS synolog-linker[13810]: summary status: [pool_normal]
2024-09-20T07:51:26+08:00 Synology_NAS synolog-linker[13810]: original status: [fs_normal]
2024-09-20T07:51:26+08:00 Synology_NAS synolog-linker[13810]: /volume3 is writable with
2024-09-20T07:51:26+08:00 Synology_NAS synolog-linker[13810]: summary status: [pool_normal]
2024-09-20T07:51:26+08:00 Synology_NAS synolog-linker[13810]: original status: [fs_normal]
2024-09-20T07:51:26+08:00 Synology_NAS synolog-linker[13810]: [syslog-ng] reloaded.
2024-09-20T11:34:48+08:00 Synology_NAS synolog-linker[14686]: /volume3 is writable with
2024-09-20T11:34:48+08:00 Synology_NAS synolog-linker[14686]: summary status: [pool_normal]
2024-09-20T11:34:48+08:00 Synology_NAS synolog-linker[14686]: original status: [fs_normal]
2024-09-20T11:34:48+08:00 Synology_NAS synolog-linker[14686]: /volume3 is writable with
2024-09-20T11:34:48+08:00 Synology_NAS synolog-linker[14686]: summary status: [pool_normal]
2024-09-20T11:34:48+08:00 Synology_NAS synolog-linker[14686]: original status: [fs_normal]
2024-09-20T11:34:48+08:00 Synology_NAS synolog-linker[14686]: [syslog-ng] reloaded.
2024-10-09T04:33:31+08:00 Yasuraokaa_Site synolog-linker[14524]: /volume3 is writable with
2024-10-09T04:33:31+08:00 Yasuraokaa_Site synolog-linker[14524]: summary status: [pool_normal]
2024-10-09T04:33:31+08:00 Yasuraokaa_Site synolog-linker[14524]: original status: [fs_normal]
2024-10-09T04:33:31+08:00 Yasuraokaa_Site synolog-linker[14524]: /volume3 is writable with
2024-10-09T04:33:31+08:00 Yasuraokaa_Site synolog-linker[14524]: summary status: [pool_normal]
2024-10-09T04:33:31+08:00 Yasuraokaa_Site synolog-linker[14524]: original status: [fs_normal]
2024-10-09T04:33:31+08:00 Yasuraokaa_Site synolog-linker[14524]: [syslog-ng] reloaded.
2024-11-05T07:06:38+08:00 Yasuraokaa_Site synolog-linker[14571]: /volume3 is writable with
2024-11-05T07:06:38+08:00 Yasuraokaa_Site synolog-linker[14571]: summary status: [pool_normal]
2024-11-05T07:06:38+08:00 Yasuraokaa_Site synolog-linker[14571]: original status: [fs_normal]
2024-11-05T07:06:38+08:00 Yasuraokaa_Site synolog-linker[14571]: /volume3 is writable with
2024-11-05T07:06:38+08:00 Yasuraokaa_Site synolog-linker[14571]: summary status: [pool_normal]
2024-11-05T07:06:38+08:00 Yasuraokaa_Site synolog-linker[14571]: original status: [fs_normal]
2024-11-05T07:06:38+08:00 Yasuraokaa_Site synolog-linker[14571]: [syslog-ng] reloaded.
