2024-09-08T17:16:50-07:00 SynologyNAS synocachepinfiletool.sh[10003]: nosynocachepinfiletool.sh: Skip unpin-all in non-ha env
2024-09-08T17:16:50-07:00 SynologyNAS synocachepinfiletool.sh[10003]: nosynocachepinfiletool.sh: Skip reload-blocks in non-ha env
2024-09-09T08:24:45+08:00 Synology_NAS synocachepinfiletool.sh[26575]: nosynocachepinfiletool.sh: Skip unpin-all in non-ha env
2024-09-10T07:08:53+08:00 Synology_NAS synocachepinfiletool.sh[10200]: nosynocachepinfiletool.sh: Skip unpin-all in non-ha env
2024-09-10T07:08:53+08:00 Synology_NAS synocachepinfiletool.sh[10200]: nosynocachepinfiletool.sh: Skip reload-blocks in non-ha env
2024-09-11T19:57:37+08:00 Synology_NAS synocachepinfiletool.sh[901]: nosynocachepinfiletool.sh: Skip unpin-all in non-ha env
2024-09-11T20:05:37+08:00 Synology_NAS synocachepinfiletool.sh[9557]: nosynocachepinfiletool.sh: Skip unpin-all in non-ha env
2024-09-11T20:05:37+08:00 Synology_NAS synocachepinfiletool.sh[9557]: nosynocachepinfiletool.sh: Skip reload-blocks in non-ha env
2024-09-12T00:26:24+08:00 Synology_NAS synocachepinfiletool.sh[18474]: nosynocachepinfiletool.sh: Skip unpin-all in non-ha env
2024-09-12T00:30:27+08:00 Synology_NAS synocachepinfiletool.sh[12174]: nosynocachepinfiletool.sh: Skip unpin-all in non-ha env
2024-09-12T00:30:27+08:00 Synology_NAS synocachepinfiletool.sh[12174]: nosynocachepinfiletool.sh: Skip reload-blocks in non-ha env
2024-09-14T22:43:06+08:00 Synology_NAS synocachepinfiletool.sh[10108]: nosynocachepinfiletool.sh: Skip unpin-all in non-ha env
2024-09-14T23:16:54+08:00 Synology_NAS synocachepinfiletool.sh[13355]: nosynocachepinfiletool.sh: Skip unpin-all in non-ha env
2024-09-14T23:16:54+08:00 Synology_NAS synocachepinfiletool.sh[13355]: nosynocachepinfiletool.sh: Skip reload-blocks in non-ha env
2024-09-15T00:50:04+08:00 Synology_NAS synocachepinfiletool.sh[26339]: nosynocachepinfiletool.sh: Skip unpin-all in non-ha env
2024-09-15T01:14:19+08:00 Synology_NAS synocachepinfiletool.sh[13362]: nosynocachepinfiletool.sh: Skip unpin-all in non-ha env
2024-09-15T01:14:19+08:00 Synology_NAS synocachepinfiletool.sh[13362]: nosynocachepinfiletool.sh: Skip reload-blocks in non-ha env
2024-09-15T01:22:06+08:00 Synology_NAS synocachepinfiletool.sh[13376]: nosynocachepinfiletool.sh: Skip unpin-all in non-ha env
2024-09-15T01:22:06+08:00 Synology_NAS synocachepinfiletool.sh[13376]: nosynocachepinfiletool.sh: Skip reload-blocks in non-ha env
2024-09-15T01:31:00+08:00 Synology_NAS synocachepinfiletool.sh[13619]: nosynocachepinfiletool.sh: Skip unpin-all in non-ha env
2024-09-15T01:31:00+08:00 Synology_NAS synocachepinfiletool.sh[13619]: nosynocachepinfiletool.sh: Skip reload-blocks in non-ha env
2024-09-15T05:06:13+08:00 Synology_NAS synocachepinfiletool.sh[11223]: nosynocachepinfiletool.sh: Skip unpin-all in non-ha env
2024-09-15T05:06:13+08:00 Synology_NAS synocachepinfiletool.sh[11223]: nosynocachepinfiletool.sh: Skip reload-blocks in non-ha env
2024-09-15T05:15:18+08:00 Synology_NAS synocachepinfiletool.sh[13355]: nosynocachepinfiletool.sh: Skip unpin-all in non-ha env
2024-09-15T05:15:18+08:00 Synology_NAS synocachepinfiletool.sh[13355]: nosynocachepinfiletool.sh: Skip reload-blocks in non-ha env
2024-09-16T05:35:26+08:00 Synology_NAS synocachepinfiletool.sh[10591]: nosynocachepinfiletool.sh: Skip unpin-all in non-ha env
2024-09-16T05:39:42+08:00 Synology_NAS synocachepinfiletool.sh[13372]: nosynocachepinfiletool.sh: Skip unpin-all in non-ha env
2024-09-16T05:39:42+08:00 Synology_NAS synocachepinfiletool.sh[13372]: nosynocachepinfiletool.sh: Skip reload-blocks in non-ha env
2024-09-16T19:28:48+08:00 Synology_NAS synocachepinfiletool.sh[17595]: nosynocachepinfiletool.sh: Skip unpin-all in non-ha env
2024-09-16T19:33:04+08:00 Synology_NAS synocachepinfiletool.sh[13335]: nosynocachepinfiletool.sh: Skip unpin-all in non-ha env
2024-09-16T19:33:04+08:00 Synology_NAS synocachepinfiletool.sh[13335]: nosynocachepinfiletool.sh: Skip reload-blocks in non-ha env
2024-09-17T04:54:30+08:00 Synology_NAS synocachepinfiletool.sh[20355]: nosynocachepinfiletool.sh: Skip unpin-all in non-ha env
2024-09-17T04:58:44+08:00 Synology_NAS synocachepinfiletool.sh[13411]: nosynocachepinfiletool.sh: Skip unpin-all in non-ha env
2024-09-17T04:58:44+08:00 Synology_NAS synocachepinfiletool.sh[13411]: nosynocachepinfiletool.sh: Skip reload-blocks in non-ha env
2024-09-17T05:46:37+08:00 Synology_NAS synocachepinfiletool.sh[1823]: nosynocachepinfiletool.sh: Skip unpin-all in non-ha env
2024-09-17T05:50:53+08:00 Synology_NAS synocachepinfiletool.sh[13367]: nosynocachepinfiletool.sh: Skip unpin-all in non-ha env
2024-09-17T05:50:53+08:00 Synology_NAS synocachepinfiletool.sh[13367]: nosynocachepinfiletool.sh: Skip reload-blocks in non-ha env
2024-09-17T10:41:53+08:00 Synology_NAS synocachepinfiletool.sh[3758]: nosynocachepinfiletool.sh: Skip unpin-all in non-ha env
2024-09-17T10:46:07+08:00 Synology_NAS synocachepinfiletool.sh[13355]: nosynocachepinfiletool.sh: Skip unpin-all in non-ha env
2024-09-17T10:46:07+08:00 Synology_NAS synocachepinfiletool.sh[13355]: nosynocachepinfiletool.sh: Skip reload-blocks in non-ha env
2024-09-20T07:36:41+08:00 Synology_NAS synocachepinfiletool.sh[8538]: nosynocachepinfiletool.sh: Skip unpin-all in non-ha env
2024-09-20T07:51:25+08:00 Synology_NAS synocachepinfiletool.sh[13509]: nosynocachepinfiletool.sh: Skip unpin-all in non-ha env
2024-09-20T07:51:25+08:00 Synology_NAS synocachepinfiletool.sh[13509]: nosynocachepinfiletool.sh: Skip reload-blocks in non-ha env
2024-09-20T11:29:02+08:00 Synology_NAS synocachepinfiletool.sh[480]: nosynocachepinfiletool.sh: Skip unpin-all in non-ha env
2024-09-20T11:34:46+08:00 Synology_NAS synocachepinfiletool.sh[14019]: nosynocachepinfiletool.sh: Skip unpin-all in non-ha env
2024-09-20T11:34:46+08:00 Synology_NAS synocachepinfiletool.sh[14019]: nosynocachepinfiletool.sh: Skip reload-blocks in non-ha env
2024-10-09T04:29:15+08:00 Yasuraokaa_Site synocachepinfiletool.sh[3102]: nosynocachepinfiletool.sh: Skip unpin-all in non-ha env
2024-10-09T04:33:30+08:00 Yasuraokaa_Site synocachepinfiletool.sh[14174]: nosynocachepinfiletool.sh: Skip unpin-all in non-ha env
2024-10-09T04:33:30+08:00 Yasuraokaa_Site synocachepinfiletool.sh[14174]: nosynocachepinfiletool.sh: Skip reload-blocks in non-ha env
2024-11-05T00:53:46+08:00 Yasuraokaa_Site synocachepinfiletool.sh[25109]: nosynocachepinfiletool.sh: Skip unpin-all in non-ha env
2024-11-05T07:06:37+08:00 Yasuraokaa_Site synocachepinfiletool.sh[14223]: nosynocachepinfiletool.sh: Skip unpin-all in non-ha env
2024-11-05T07:06:37+08:00 Yasuraokaa_Site synocachepinfiletool.sh[14223]: nosynocachepinfiletool.sh: Skip reload-blocks in non-ha env
