2024-09-08T17:15:18-07:00 SynologyNAS swap-on.sh[7357]: Sun Sep 8 17:15:18 PDT 2024: start turn on swap
2024-09-08T17:15:18-07:00 SynologyNAS swap-on.sh[7357]: Couldn't open blob from '/run/model.dtb': No such file or directory
2024-09-09T08:24:46+08:00 Synology_NAS swap-off.sh[27593]: Mon Sep 9 08:24:46 CST 2024: start turn off swap
2024-09-09T08:24:46+08:00 Synology_NAS swap-off.sh[27593]: zram                   24576  0
2024-09-10T07:07:21+08:00 Synology_NAS swap-on.sh[6705]: Tue Sep 10 07:07:21 CST 2024: start turn on swap
2024-09-10T07:07:21+08:00 Synology_NAS swap-on.sh[6705]: Couldn't open blob from '/run/model.dtb': No such file or directory
2024-09-11T19:57:38+08:00 Synology_NAS swap-off.sh[1939]: Wed Sep 11 19:57:38 CST 2024: start turn off swap
2024-09-11T20:04:04+08:00 Synology_NAS swap-on.sh[6809]: Wed Sep 11 20:04:04 CST 2024: start turn on swap
2024-09-11T20:04:05+08:00 Synology_NAS swap-on.sh[6809]: Couldn't open blob from '/run/model.dtb': No such file or directory
2024-09-12T00:26:27+08:00 Synology_NAS swap-off.sh[19778]: Thu Sep 12 00:26:27 CST 2024: start turn off swap
2024-09-12T00:28:50+08:00 Synology_NAS swap-on.sh[7089]: Thu Sep 12 00:28:50 CST 2024: start turn on swap
2024-09-12T00:28:50+08:00 Synology_NAS swap-on.sh[7089]: Couldn't open blob from '/run/model.dtb': No such file or directory
2024-09-14T22:43:11+08:00 Synology_NAS swap-off.sh[11976]: Sat Sep 14 22:43:11 CST 2024: start turn off swap
2024-09-14T23:15:15+08:00 Synology_NAS swap-on.sh[7063]: Sat Sep 14 23:15:15 CST 2024: start turn on swap
2024-09-14T23:15:16+08:00 Synology_NAS swap-on.sh[7063]: Couldn't open blob from '/run/model.dtb': No such file or directory
2024-09-15T00:50:09+08:00 Synology_NAS swap-off.sh[27845]: Sun Sep 15 00:50:09 CST 2024: start turn off swap
2024-09-15T01:12:40+08:00 Synology_NAS swap-on.sh[7099]: Sun Sep 15 01:12:40 CST 2024: start turn on swap
2024-09-15T01:12:40+08:00 Synology_NAS swap-on.sh[7099]: Couldn't open blob from '/run/model.dtb': No such file or directory
2024-09-15T01:17:46+08:00 Synology_NAS swap-on.sh[7093]: Sun Sep 15 01:17:46 CST 2024: start turn on swap
2024-09-15T01:17:46+08:00 Synology_NAS swap-on.sh[7093]: Couldn't open blob from '/run/model.dtb': No such file or directory
2024-09-15T01:20:28+08:00 Synology_NAS swap-on.sh[7094]: Sun Sep 15 01:20:28 CST 2024: start turn on swap
2024-09-15T01:20:29+08:00 Synology_NAS swap-on.sh[7094]: Couldn't open blob from '/run/model.dtb': No such file or directory
2024-09-15T01:29:22+08:00 Synology_NAS swap-on.sh[7116]: Sun Sep 15 01:29:22 CST 2024: start turn on swap
2024-09-15T01:29:22+08:00 Synology_NAS swap-on.sh[7116]: Couldn't open blob from '/run/model.dtb': No such file or directory
2024-09-15T05:04:33+08:00 Synology_NAS swap-on.sh[6722]: Sun Sep 15 05:04:33 CST 2024: start turn on swap
2024-09-15T05:04:34+08:00 Synology_NAS swap-on.sh[6722]: Couldn't open blob from '/run/model.dtb': No such file or directory
2024-09-15T05:13:35+08:00 Synology_NAS swap-on.sh[7039]: Sun Sep 15 05:13:35 CST 2024: start turn on swap
2024-09-15T05:13:35+08:00 Synology_NAS swap-on.sh[7039]: Couldn't open blob from '/run/model.dtb': No such file or directory
2024-09-16T05:35:32+08:00 Synology_NAS swap-off.sh[12594]: Mon Sep 16 05:35:32 CST 2024: start turn off swap
2024-09-16T05:38:02+08:00 Synology_NAS swap-on.sh[7104]: Mon Sep 16 05:38:02 CST 2024: start turn on swap
2024-09-16T05:38:02+08:00 Synology_NAS swap-on.sh[7104]: Couldn't open blob from '/run/model.dtb': No such file or directory
2024-09-16T19:28:54+08:00 Synology_NAS swap-off.sh[19553]: Mon Sep 16 19:28:54 CST 2024: start turn off swap
2024-09-16T19:31:26+08:00 Synology_NAS swap-on.sh[7100]: Mon Sep 16 19:31:25 CST 2024: start turn on swap
2024-09-16T19:31:26+08:00 Synology_NAS swap-on.sh[7100]: Couldn't open blob from '/run/model.dtb': No such file or directory
2024-09-17T04:57:04+08:00 Synology_NAS swap-on.sh[7101]: Tue Sep 17 04:57:04 CST 2024: start turn on swap
2024-09-17T04:57:04+08:00 Synology_NAS swap-on.sh[7101]: Couldn't open blob from '/run/model.dtb': No such file or directory
2024-09-17T05:46:43+08:00 Synology_NAS swap-off.sh[3796]: Tue Sep 17 05:46:43 CST 2024: start turn off swap
2024-09-17T05:49:14+08:00 Synology_NAS swap-on.sh[7106]: Tue Sep 17 05:49:14 CST 2024: start turn on swap
2024-09-17T05:49:14+08:00 Synology_NAS swap-on.sh[7106]: Couldn't open blob from '/run/model.dtb': No such file or directory
2024-09-17T10:41:59+08:00 Synology_NAS swap-off.sh[5792]: Tue Sep 17 10:41:59 CST 2024: start turn off swap
2024-09-17T10:44:29+08:00 Synology_NAS swap-on.sh[7103]: Tue Sep 17 10:44:29 CST 2024: start turn on swap
2024-09-17T10:44:29+08:00 Synology_NAS swap-on.sh[7103]: Couldn't open blob from '/run/model.dtb': No such file or directory
2024-09-20T07:36:49+08:00 Synology_NAS swap-off.sh[10748]: Fri Sep 20 07:36:49 CST 2024: start turn off swap
2024-09-20T07:49:47+08:00 Synology_NAS swap-on.sh[7201]: Fri Sep 20 07:49:46 CST 2024: start turn on swap
2024-09-20T07:49:47+08:00 Synology_NAS swap-on.sh[7201]: Couldn't open blob from '/run/model.dtb': No such file or directory
2024-09-20T11:29:09+08:00 Synology_NAS swap-off.sh[2538]: Fri Sep 20 11:29:09 CST 2024: start turn off swap
2024-09-20T11:33:06+08:00 Synology_NAS swap-on.sh[7248]: Fri Sep 20 11:33:06 CST 2024: start turn on swap
2024-09-20T11:33:06+08:00 Synology_NAS swap-on.sh[7248]: Couldn't open blob from '/run/model.dtb': No such file or directory
2024-10-09T04:29:20+08:00 Yasuraokaa_Site swap-off.sh[4795]: Wed Oct 9 04:29:20 CST 2024: start turn off swap
2024-10-09T04:31:48+08:00 Yasuraokaa_Site swap-on.sh[7231]: Wed Oct 9 04:31:48 CST 2024: start turn on swap
2024-10-09T04:31:48+08:00 Yasuraokaa_Site swap-on.sh[7231]: Couldn't open blob from '/run/model.dtb': No such file or directory
2024-11-05T00:53:54+08:00 Yasuraokaa_Site swap-off.sh[26668]: Tue Nov 5 00:53:54 CST 2024: start turn off swap
2024-11-05T07:05:05+08:00 Yasuraokaa_Site swap-on.sh[7227]: Tue Nov 5 07:05:05 CST 2024: start turn on swap
2024-11-05T07:05:06+08:00 Yasuraokaa_Site swap-on.sh[7227]: Couldn't open blob from '/run/model.dtb': No such file or directory
