2024-09-08T17:16:48-07:00 SynologyNAS syslog-notify.sh[9529]: ready to start syslog-notify for DSM
2024-09-08T17:16:49-07:00 SynologyNAS syslog-notify.sh[9529]: INFO: loaded sub-generator "synologand" from "/usr/syno/lib/synosyslog/subgens/synologand.py"
2024-09-08T17:16:49-07:00 SynologyNAS syslog-notify.sh[9529]: INFO: loaded sub-generator "debug" from "/usr/syno/lib/synosyslog/subgens/debug.py"
2024-09-08T17:16:49-07:00 SynologyNAS syslog-notify.sh[9529]: INFO: loaded sub-generator "system" from "/usr/syno/lib/synosyslog/subgens/system.py"
2024-09-08T17:16:49-07:00 SynologyNAS syslog-notify.sh[9529]: INFO: loaded sub-generator "logcenter" from "/usr/syno/lib/synosyslog/subgens/logcenter.py"
2024-09-08T17:16:49-07:00 SynologyNAS syslog-notify.sh[9529]: INFO: loaded sub-generator "local" from "/usr/syno/lib/synosyslog/subgens/local.py"
2024-09-08T17:16:49-07:00 SynologyNAS syslog-notify.sh[9529]: INFO: systemd unit synologand is not up
2024-09-08T17:16:49-07:00 SynologyNAS syslog-notify.sh[9529]: INFO: loaded synolog config "synosystemd" from "/usr/syno/share/synolog/configs/synosystemd"
2024-09-08T17:16:49-07:00 SynologyNAS syslog-notify.sh[9529]: INFO: loaded synolog config "S2S" from "/usr/syno/share/synolog/configs/S2S"
2024-09-08T17:16:49-07:00 SynologyNAS syslog-notify.sh[9529]: INFO: loaded synolog config "disk" from "/usr/syno/share/synolog/configs/disk"
2024-09-08T17:16:49-07:00 SynologyNAS syslog-notify.sh[9529]: INFO: loaded synolog config "disk_test" from "/usr/syno/share/synolog/configs/disk_test"
2024-09-08T17:16:49-07:00 SynologyNAS syslog-notify.sh[9529]: INFO: loaded synolog config "auth" from "/usr/syno/share/synolog/configs/auth"
2024-09-08T17:16:49-07:00 SynologyNAS syslog-notify.sh[9529]: WARN: synolog conf for app "synosystemd" did not pass the validation in "synologand"
2024-09-08T17:16:49-07:00 SynologyNAS syslog-notify.sh[9529]: INFO: generated syslog-ng config for app "synosystemd" on "/etc/syslog-ng/syno.d/synosyslog.conf.gen.gen.tmp/app/synosystemd"
2024-09-08T17:16:49-07:00 SynologyNAS syslog-notify.sh[9529]: WARN: synolog conf for app "S2S" did not pass the validation in "synologand"
2024-09-08T17:16:49-07:00 SynologyNAS syslog-notify.sh[9529]: INFO: generated syslog-ng config for app "S2S" on "/etc/syslog-ng/syno.d/synosyslog.conf.gen.gen.tmp/app/S2S"
2024-09-08T17:16:49-07:00 SynologyNAS syslog-notify.sh[9529]: WARN: synolog conf for app "disk" did not pass the validation in "synologand"
2024-09-08T17:16:49-07:00 SynologyNAS syslog-notify.sh[9529]: INFO: generated syslog-ng config for app "disk" on "/etc/syslog-ng/syno.d/synosyslog.conf.gen.gen.tmp/app/disk"
2024-09-08T17:16:49-07:00 SynologyNAS syslog-notify.sh[9529]: WARN: synolog conf for app "disk_test" did not pass the validation in "synologand"
2024-09-08T17:16:49-07:00 SynologyNAS syslog-notify.sh[9529]: INFO: generated syslog-ng config for app "disk_test" on "/etc/syslog-ng/syno.d/synosyslog.conf.gen.gen.tmp/app/disk_test"
2024-09-08T17:16:49-07:00 SynologyNAS syslog-notify.sh[9529]: WARN: synolog conf for app "auth" did not pass the validation in "synologand"
2024-09-08T17:16:49-07:00 SynologyNAS syslog-notify.sh[9529]: INFO: generated syslog-ng config for app "auth" on "/etc/syslog-ng/syno.d/synosyslog.conf.gen.gen.tmp/app/auth"
2024-09-08T17:16:49-07:00 SynologyNAS syslog-notify.sh[9529]: INFO: syslog-ng config generation for synolog is done
2024-09-08T17:16:49-07:00 SynologyNAS syslog-notify.sh[9529]: [syslog-ng] reloaded.
2024-09-10T07:08:50+08:00 Synology_NAS syslog-notify.sh[8709]: ready to start syslog-notify for DSM
2024-09-10T07:08:50+08:00 Synology_NAS syslog-notify.sh[8709]: INFO: loaded sub-generator "synologand" from "/usr/syno/lib/synosyslog/subgens/synologand.py"
2024-09-10T07:08:50+08:00 Synology_NAS syslog-notify.sh[8709]: INFO: loaded sub-generator "debug" from "/usr/syno/lib/synosyslog/subgens/debug.py"
2024-09-10T07:08:50+08:00 Synology_NAS syslog-notify.sh[8709]: INFO: loaded sub-generator "system" from "/usr/syno/lib/synosyslog/subgens/system.py"
2024-09-10T07:08:50+08:00 Synology_NAS syslog-notify.sh[8709]: INFO: loaded sub-generator "logcenter" from "/usr/syno/lib/synosyslog/subgens/logcenter.py"
2024-09-10T07:08:50+08:00 Synology_NAS syslog-notify.sh[8709]: INFO: loaded sub-generator "local" from "/usr/syno/lib/synosyslog/subgens/local.py"
2024-09-10T07:08:50+08:00 Synology_NAS syslog-notify.sh[8709]: INFO: systemd unit synologand is not up
2024-09-10T07:08:50+08:00 Synology_NAS syslog-notify.sh[8709]: INFO: loaded synolog config "synosystemd" from "/usr/syno/share/synolog/configs/synosystemd"
2024-09-10T07:08:50+08:00 Synology_NAS syslog-notify.sh[8709]: INFO: loaded synolog config "S2S" from "/usr/syno/share/synolog/configs/S2S"
2024-09-10T07:08:50+08:00 Synology_NAS syslog-notify.sh[8709]: INFO: loaded synolog config "disk" from "/usr/syno/share/synolog/configs/disk"
2024-09-10T07:08:50+08:00 Synology_NAS syslog-notify.sh[8709]: INFO: loaded synolog config "disk_test" from "/usr/syno/share/synolog/configs/disk_test"
2024-09-10T07:08:50+08:00 Synology_NAS syslog-notify.sh[8709]: INFO: loaded synolog config "auth" from "/usr/syno/share/synolog/configs/auth"
2024-09-10T07:08:50+08:00 Synology_NAS syslog-notify.sh[8709]: WARN: synolog conf for app "synosystemd" did not pass the validation in "synologand"
2024-09-10T07:08:50+08:00 Synology_NAS syslog-notify.sh[8709]: INFO: generated syslog-ng config for app "synosystemd" on "/etc/syslog-ng/syno.d/synosyslog.conf.gen.gen.tmp/app/synosystemd"
2024-09-10T07:08:50+08:00 Synology_NAS syslog-notify.sh[8709]: WARN: synolog conf for app "S2S" did not pass the validation in "synologand"
2024-09-10T07:08:50+08:00 Synology_NAS syslog-notify.sh[8709]: INFO: generated syslog-ng config for app "S2S" on "/etc/syslog-ng/syno.d/synosyslog.conf.gen.gen.tmp/app/S2S"
2024-09-10T07:08:50+08:00 Synology_NAS syslog-notify.sh[8709]: WARN: synolog conf for app "disk" did not pass the validation in "synologand"
2024-09-10T07:08:50+08:00 Synology_NAS syslog-notify.sh[8709]: INFO: generated syslog-ng config for app "disk" on "/etc/syslog-ng/syno.d/synosyslog.conf.gen.gen.tmp/app/disk"
2024-09-10T07:08:50+08:00 Synology_NAS syslog-notify.sh[8709]: WARN: synolog conf for app "disk_test" did not pass the validation in "synologand"
2024-09-10T07:08:50+08:00 Synology_NAS syslog-notify.sh[8709]: INFO: generated syslog-ng config for app "disk_test" on "/etc/syslog-ng/syno.d/synosyslog.conf.gen.gen.tmp/app/disk_test"
2024-09-10T07:08:50+08:00 Synology_NAS syslog-notify.sh[8709]: WARN: synolog conf for app "auth" did not pass the validation in "synologand"
2024-09-10T07:08:50+08:00 Synology_NAS syslog-notify.sh[8709]: INFO: generated syslog-ng config for app "auth" on "/etc/syslog-ng/syno.d/synosyslog.conf.gen.gen.tmp/app/auth"
2024-09-10T07:08:50+08:00 Synology_NAS syslog-notify.sh[8709]: INFO: syslog-ng config generation for synolog is done
2024-09-10T07:08:50+08:00 Synology_NAS syslog-notify.sh[8709]: [syslog-ng] reloaded.
2024-09-11T20:05:35+08:00 Synology_NAS syslog-notify.sh[8925]: ready to start syslog-notify for DSM
2024-09-11T20:05:35+08:00 Synology_NAS syslog-notify.sh[8925]: INFO: loaded sub-generator "synologand" from "/usr/syno/lib/synosyslog/subgens/synologand.py"
2024-09-11T20:05:35+08:00 Synology_NAS syslog-notify.sh[8925]: INFO: loaded sub-generator "debug" from "/usr/syno/lib/synosyslog/subgens/debug.py"
2024-09-11T20:05:35+08:00 Synology_NAS syslog-notify.sh[8925]: INFO: loaded sub-generator "system" from "/usr/syno/lib/synosyslog/subgens/system.py"
2024-09-11T20:05:35+08:00 Synology_NAS syslog-notify.sh[8925]: INFO: loaded sub-generator "logcenter" from "/usr/syno/lib/synosyslog/subgens/logcenter.py"
2024-09-11T20:05:35+08:00 Synology_NAS syslog-notify.sh[8925]: INFO: loaded sub-generator "local" from "/usr/syno/lib/synosyslog/subgens/local.py"
2024-09-11T20:05:35+08:00 Synology_NAS syslog-notify.sh[8925]: INFO: systemd unit synologand is not up
2024-09-11T20:05:35+08:00 Synology_NAS syslog-notify.sh[8925]: INFO: loaded synolog config "synosystemd" from "/usr/syno/share/synolog/configs/synosystemd"
2024-09-11T20:05:35+08:00 Synology_NAS syslog-notify.sh[8925]: INFO: loaded synolog config "S2S" from "/usr/syno/share/synolog/configs/S2S"
2024-09-11T20:05:35+08:00 Synology_NAS syslog-notify.sh[8925]: INFO: loaded synolog config "disk" from "/usr/syno/share/synolog/configs/disk"
2024-09-11T20:05:35+08:00 Synology_NAS syslog-notify.sh[8925]: INFO: loaded synolog config "disk_test" from "/usr/syno/share/synolog/configs/disk_test"
2024-09-11T20:05:35+08:00 Synology_NAS syslog-notify.sh[8925]: INFO: loaded synolog config "auth" from "/usr/syno/share/synolog/configs/auth"
2024-09-11T20:05:35+08:00 Synology_NAS syslog-notify.sh[8925]: WARN: synolog conf for app "synosystemd" did not pass the validation in "synologand"
2024-09-11T20:05:35+08:00 Synology_NAS syslog-notify.sh[8925]: INFO: generated syslog-ng config for app "synosystemd" on "/etc/syslog-ng/syno.d/synosyslog.conf.gen.gen.tmp/app/synosystemd"
2024-09-11T20:05:35+08:00 Synology_NAS syslog-notify.sh[8925]: WARN: synolog conf for app "S2S" did not pass the validation in "synologand"
2024-09-11T20:05:35+08:00 Synology_NAS syslog-notify.sh[8925]: INFO: generated syslog-ng config for app "S2S" on "/etc/syslog-ng/syno.d/synosyslog.conf.gen.gen.tmp/app/S2S"
2024-09-11T20:05:35+08:00 Synology_NAS syslog-notify.sh[8925]: WARN: synolog conf for app "disk" did not pass the validation in "synologand"
2024-09-11T20:05:35+08:00 Synology_NAS syslog-notify.sh[8925]: INFO: generated syslog-ng config for app "disk" on "/etc/syslog-ng/syno.d/synosyslog.conf.gen.gen.tmp/app/disk"
2024-09-11T20:05:35+08:00 Synology_NAS syslog-notify.sh[8925]: WARN: synolog conf for app "disk_test" did not pass the validation in "synologand"
2024-09-11T20:05:35+08:00 Synology_NAS syslog-notify.sh[8925]: INFO: generated syslog-ng config for app "disk_test" on "/etc/syslog-ng/syno.d/synosyslog.conf.gen.gen.tmp/app/disk_test"
2024-09-11T20:05:35+08:00 Synology_NAS syslog-notify.sh[8925]: WARN: synolog conf for app "auth" did not pass the validation in "synologand"
2024-09-11T20:05:35+08:00 Synology_NAS syslog-notify.sh[8925]: INFO: generated syslog-ng config for app "auth" on "/etc/syslog-ng/syno.d/synosyslog.conf.gen.gen.tmp/app/auth"
2024-09-11T20:05:35+08:00 Synology_NAS syslog-notify.sh[8925]: INFO: syslog-ng config generation for synolog is done
2024-09-11T20:05:35+08:00 Synology_NAS syslog-notify.sh[8925]: [syslog-ng] reloaded.
2024-09-12T00:30:20+08:00 Synology_NAS syslog-notify.sh[9307]: ready to start syslog-notify for DSM
2024-09-12T00:30:20+08:00 Synology_NAS syslog-notify.sh[9307]: INFO: loaded sub-generator "synologand" from "/usr/syno/lib/synosyslog/subgens/synologand.py"
2024-09-12T00:30:20+08:00 Synology_NAS syslog-notify.sh[9307]: INFO: loaded sub-generator "debug" from "/usr/syno/lib/synosyslog/subgens/debug.py"
2024-09-12T00:30:20+08:00 Synology_NAS syslog-notify.sh[9307]: INFO: loaded sub-generator "system" from "/usr/syno/lib/synosyslog/subgens/system.py"
2024-09-12T00:30:20+08:00 Synology_NAS syslog-notify.sh[9307]: INFO: loaded sub-generator "logcenter" from "/usr/syno/lib/synosyslog/subgens/logcenter.py"
2024-09-12T00:30:20+08:00 Synology_NAS syslog-notify.sh[9307]: INFO: loaded sub-generator "local" from "/usr/syno/lib/synosyslog/subgens/local.py"
2024-09-12T00:30:20+08:00 Synology_NAS syslog-notify.sh[9307]: INFO: systemd unit synologand is not up
2024-09-12T00:30:20+08:00 Synology_NAS syslog-notify.sh[9307]: INFO: loaded synolog config "synosystemd" from "/usr/syno/share/synolog/configs/synosystemd"
2024-09-12T00:30:20+08:00 Synology_NAS syslog-notify.sh[9307]: INFO: loaded synolog config "S2S" from "/usr/syno/share/synolog/configs/S2S"
2024-09-12T00:30:20+08:00 Synology_NAS syslog-notify.sh[9307]: INFO: loaded synolog config "disk" from "/usr/syno/share/synolog/configs/disk"
2024-09-12T00:30:20+08:00 Synology_NAS syslog-notify.sh[9307]: INFO: loaded synolog config "disk_test" from "/usr/syno/share/synolog/configs/disk_test"
2024-09-12T00:30:20+08:00 Synology_NAS syslog-notify.sh[9307]: INFO: loaded synolog config "auth" from "/usr/syno/share/synolog/configs/auth"
2024-09-12T00:30:20+08:00 Synology_NAS syslog-notify.sh[9307]: WARN: synolog conf for app "synosystemd" did not pass the validation in "synologand"
2024-09-12T00:30:20+08:00 Synology_NAS syslog-notify.sh[9307]: INFO: generated syslog-ng config for app "synosystemd" on "/etc/syslog-ng/syno.d/synosyslog.conf.gen.gen.tmp/app/synosystemd"
2024-09-12T00:30:20+08:00 Synology_NAS syslog-notify.sh[9307]: WARN: synolog conf for app "S2S" did not pass the validation in "synologand"
2024-09-12T00:30:20+08:00 Synology_NAS syslog-notify.sh[9307]: INFO: generated syslog-ng config for app "S2S" on "/etc/syslog-ng/syno.d/synosyslog.conf.gen.gen.tmp/app/S2S"
2024-09-12T00:30:20+08:00 Synology_NAS syslog-notify.sh[9307]: WARN: synolog conf for app "disk" did not pass the validation in "synologand"
2024-09-12T00:30:20+08:00 Synology_NAS syslog-notify.sh[9307]: INFO: generated syslog-ng config for app "disk" on "/etc/syslog-ng/syno.d/synosyslog.conf.gen.gen.tmp/app/disk"
2024-09-12T00:30:20+08:00 Synology_NAS syslog-notify.sh[9307]: WARN: synolog conf for app "disk_test" did not pass the validation in "synologand"
2024-09-12T00:30:20+08:00 Synology_NAS syslog-notify.sh[9307]: INFO: generated syslog-ng config for app "disk_test" on "/etc/syslog-ng/syno.d/synosyslog.conf.gen.gen.tmp/app/disk_test"
2024-09-12T00:30:20+08:00 Synology_NAS syslog-notify.sh[9307]: WARN: synolog conf for app "auth" did not pass the validation in "synologand"
2024-09-12T00:30:20+08:00 Synology_NAS syslog-notify.sh[9307]: INFO: generated syslog-ng config for app "auth" on "/etc/syslog-ng/syno.d/synosyslog.conf.gen.gen.tmp/app/auth"
2024-09-12T00:30:20+08:00 Synology_NAS syslog-notify.sh[9307]: INFO: syslog-ng config generation for synolog is done
2024-09-12T00:30:20+08:00 Synology_NAS syslog-notify.sh[9307]: [syslog-ng] reloaded.
2024-09-14T23:16:45+08:00 Synology_NAS syslog-notify.sh[9484]: ready to start syslog-notify for DSM
2024-09-14T23:16:45+08:00 Synology_NAS syslog-notify.sh[9484]: INFO: loaded sub-generator "synologand" from "/usr/syno/lib/synosyslog/subgens/synologand.py"
2024-09-14T23:16:45+08:00 Synology_NAS syslog-notify.sh[9484]: INFO: loaded sub-generator "debug" from "/usr/syno/lib/synosyslog/subgens/debug.py"
2024-09-14T23:16:45+08:00 Synology_NAS syslog-notify.sh[9484]: INFO: loaded sub-generator "system" from "/usr/syno/lib/synosyslog/subgens/system.py"
2024-09-14T23:16:45+08:00 Synology_NAS syslog-notify.sh[9484]: INFO: loaded sub-generator "logcenter" from "/usr/syno/lib/synosyslog/subgens/logcenter.py"
2024-09-14T23:16:45+08:00 Synology_NAS syslog-notify.sh[9484]: INFO: loaded sub-generator "local" from "/usr/syno/lib/synosyslog/subgens/local.py"
2024-09-14T23:16:45+08:00 Synology_NAS syslog-notify.sh[9484]: INFO: systemd unit synologand is not up
2024-09-14T23:16:45+08:00 Synology_NAS syslog-notify.sh[9484]: INFO: loaded synolog config "synosystemd" from "/usr/syno/share/synolog/configs/synosystemd"
2024-09-14T23:16:45+08:00 Synology_NAS syslog-notify.sh[9484]: INFO: loaded synolog config "S2S" from "/usr/syno/share/synolog/configs/S2S"
2024-09-14T23:16:45+08:00 Synology_NAS syslog-notify.sh[9484]: INFO: loaded synolog config "disk" from "/usr/syno/share/synolog/configs/disk"
2024-09-14T23:16:45+08:00 Synology_NAS syslog-notify.sh[9484]: INFO: loaded synolog config "disk_test" from "/usr/syno/share/synolog/configs/disk_test"
2024-09-14T23:16:45+08:00 Synology_NAS syslog-notify.sh[9484]: INFO: loaded synolog config "auth" from "/usr/syno/share/synolog/configs/auth"
2024-09-14T23:16:45+08:00 Synology_NAS syslog-notify.sh[9484]: WARN: synolog conf for app "synosystemd" did not pass the validation in "synologand"
2024-09-14T23:16:45+08:00 Synology_NAS syslog-notify.sh[9484]: INFO: generated syslog-ng config for app "synosystemd" on "/etc/syslog-ng/syno.d/synosyslog.conf.gen.gen.tmp/app/synosystemd"
2024-09-14T23:16:45+08:00 Synology_NAS syslog-notify.sh[9484]: WARN: synolog conf for app "S2S" did not pass the validation in "synologand"
2024-09-14T23:16:45+08:00 Synology_NAS syslog-notify.sh[9484]: INFO: generated syslog-ng config for app "S2S" on "/etc/syslog-ng/syno.d/synosyslog.conf.gen.gen.tmp/app/S2S"
2024-09-14T23:16:45+08:00 Synology_NAS syslog-notify.sh[9484]: WARN: synolog conf for app "disk" did not pass the validation in "synologand"
2024-09-14T23:16:45+08:00 Synology_NAS syslog-notify.sh[9484]: INFO: generated syslog-ng config for app "disk" on "/etc/syslog-ng/syno.d/synosyslog.conf.gen.gen.tmp/app/disk"
2024-09-14T23:16:45+08:00 Synology_NAS syslog-notify.sh[9484]: WARN: synolog conf for app "disk_test" did not pass the validation in "synologand"
2024-09-14T23:16:45+08:00 Synology_NAS syslog-notify.sh[9484]: INFO: generated syslog-ng config for app "disk_test" on "/etc/syslog-ng/syno.d/synosyslog.conf.gen.gen.tmp/app/disk_test"
2024-09-14T23:16:45+08:00 Synology_NAS syslog-notify.sh[9484]: WARN: synolog conf for app "auth" did not pass the validation in "synologand"
2024-09-14T23:16:45+08:00 Synology_NAS syslog-notify.sh[9484]: INFO: generated syslog-ng config for app "auth" on "/etc/syslog-ng/syno.d/synosyslog.conf.gen.gen.tmp/app/auth"
2024-09-14T23:16:45+08:00 Synology_NAS syslog-notify.sh[9484]: INFO: syslog-ng config generation for synolog is done
2024-09-14T23:16:45+08:00 Synology_NAS syslog-notify.sh[9484]: [syslog-ng] reloaded.
2024-09-15T01:14:11+08:00 Synology_NAS syslog-notify.sh[9529]: ready to start syslog-notify for DSM
2024-09-15T01:14:11+08:00 Synology_NAS syslog-notify.sh[9529]: INFO: loaded sub-generator "synologand" from "/usr/syno/lib/synosyslog/subgens/synologand.py"
2024-09-15T01:14:11+08:00 Synology_NAS syslog-notify.sh[9529]: INFO: loaded sub-generator "debug" from "/usr/syno/lib/synosyslog/subgens/debug.py"
2024-09-15T01:14:11+08:00 Synology_NAS syslog-notify.sh[9529]: INFO: loaded sub-generator "system" from "/usr/syno/lib/synosyslog/subgens/system.py"
2024-09-15T01:14:11+08:00 Synology_NAS syslog-notify.sh[9529]: INFO: loaded sub-generator "logcenter" from "/usr/syno/lib/synosyslog/subgens/logcenter.py"
2024-09-15T01:14:11+08:00 Synology_NAS syslog-notify.sh[9529]: INFO: loaded sub-generator "local" from "/usr/syno/lib/synosyslog/subgens/local.py"
2024-09-15T01:14:11+08:00 Synology_NAS syslog-notify.sh[9529]: INFO: systemd unit synologand is not up
2024-09-15T01:14:11+08:00 Synology_NAS syslog-notify.sh[9529]: INFO: loaded synolog config "synosystemd" from "/usr/syno/share/synolog/configs/synosystemd"
2024-09-15T01:14:11+08:00 Synology_NAS syslog-notify.sh[9529]: INFO: loaded synolog config "S2S" from "/usr/syno/share/synolog/configs/S2S"
2024-09-15T01:14:11+08:00 Synology_NAS syslog-notify.sh[9529]: INFO: loaded synolog config "disk" from "/usr/syno/share/synolog/configs/disk"
2024-09-15T01:14:11+08:00 Synology_NAS syslog-notify.sh[9529]: INFO: loaded synolog config "disk_test" from "/usr/syno/share/synolog/configs/disk_test"
2024-09-15T01:14:11+08:00 Synology_NAS syslog-notify.sh[9529]: INFO: loaded synolog config "auth" from "/usr/syno/share/synolog/configs/auth"
2024-09-15T01:14:11+08:00 Synology_NAS syslog-notify.sh[9529]: WARN: synolog conf for app "synosystemd" did not pass the validation in "synologand"
2024-09-15T01:14:11+08:00 Synology_NAS syslog-notify.sh[9529]: INFO: generated syslog-ng config for app "synosystemd" on "/etc/syslog-ng/syno.d/synosyslog.conf.gen.gen.tmp/app/synosystemd"
2024-09-15T01:14:11+08:00 Synology_NAS syslog-notify.sh[9529]: WARN: synolog conf for app "S2S" did not pass the validation in "synologand"
2024-09-15T01:14:11+08:00 Synology_NAS syslog-notify.sh[9529]: INFO: generated syslog-ng config for app "S2S" on "/etc/syslog-ng/syno.d/synosyslog.conf.gen.gen.tmp/app/S2S"
2024-09-15T01:14:11+08:00 Synology_NAS syslog-notify.sh[9529]: WARN: synolog conf for app "disk" did not pass the validation in "synologand"
2024-09-15T01:14:11+08:00 Synology_NAS syslog-notify.sh[9529]: INFO: generated syslog-ng config for app "disk" on "/etc/syslog-ng/syno.d/synosyslog.conf.gen.gen.tmp/app/disk"
2024-09-15T01:14:11+08:00 Synology_NAS syslog-notify.sh[9529]: WARN: synolog conf for app "disk_test" did not pass the validation in "synologand"
2024-09-15T01:14:11+08:00 Synology_NAS syslog-notify.sh[9529]: INFO: generated syslog-ng config for app "disk_test" on "/etc/syslog-ng/syno.d/synosyslog.conf.gen.gen.tmp/app/disk_test"
2024-09-15T01:14:11+08:00 Synology_NAS syslog-notify.sh[9529]: WARN: synolog conf for app "auth" did not pass the validation in "synologand"
2024-09-15T01:14:11+08:00 Synology_NAS syslog-notify.sh[9529]: INFO: generated syslog-ng config for app "auth" on "/etc/syslog-ng/syno.d/synosyslog.conf.gen.gen.tmp/app/auth"
2024-09-15T01:14:11+08:00 Synology_NAS syslog-notify.sh[9529]: INFO: syslog-ng config generation for synolog is done
2024-09-15T01:14:11+08:00 Synology_NAS syslog-notify.sh[9529]: [syslog-ng] reloaded.
2024-09-15T01:21:58+08:00 Synology_NAS syslog-notify.sh[9547]: ready to start syslog-notify for DSM
2024-09-15T01:21:58+08:00 Synology_NAS syslog-notify.sh[9547]: INFO: loaded sub-generator "synologand" from "/usr/syno/lib/synosyslog/subgens/synologand.py"
2024-09-15T01:21:58+08:00 Synology_NAS syslog-notify.sh[9547]: INFO: loaded sub-generator "debug" from "/usr/syno/lib/synosyslog/subgens/debug.py"
2024-09-15T01:21:58+08:00 Synology_NAS syslog-notify.sh[9547]: INFO: loaded sub-generator "system" from "/usr/syno/lib/synosyslog/subgens/system.py"
2024-09-15T01:21:58+08:00 Synology_NAS syslog-notify.sh[9547]: INFO: loaded sub-generator "logcenter" from "/usr/syno/lib/synosyslog/subgens/logcenter.py"
2024-09-15T01:21:58+08:00 Synology_NAS syslog-notify.sh[9547]: INFO: loaded sub-generator "local" from "/usr/syno/lib/synosyslog/subgens/local.py"
2024-09-15T01:21:58+08:00 Synology_NAS syslog-notify.sh[9547]: INFO: systemd unit synologand is not up
2024-09-15T01:21:58+08:00 Synology_NAS syslog-notify.sh[9547]: INFO: loaded synolog config "synosystemd" from "/usr/syno/share/synolog/configs/synosystemd"
2024-09-15T01:21:58+08:00 Synology_NAS syslog-notify.sh[9547]: INFO: loaded synolog config "S2S" from "/usr/syno/share/synolog/configs/S2S"
2024-09-15T01:21:58+08:00 Synology_NAS syslog-notify.sh[9547]: INFO: loaded synolog config "disk" from "/usr/syno/share/synolog/configs/disk"
2024-09-15T01:21:58+08:00 Synology_NAS syslog-notify.sh[9547]: INFO: loaded synolog config "disk_test" from "/usr/syno/share/synolog/configs/disk_test"
2024-09-15T01:21:58+08:00 Synology_NAS syslog-notify.sh[9547]: INFO: loaded synolog config "auth" from "/usr/syno/share/synolog/configs/auth"
2024-09-15T01:21:58+08:00 Synology_NAS syslog-notify.sh[9547]: INFO: loaded synolog config "ScsiTarget" from "/usr/local/share/synolog/configs/ScsiTarget"
2024-09-15T01:21:58+08:00 Synology_NAS syslog-notify.sh[9547]: INFO: loaded synolog config "ContainerManager" from "/usr/local/share/synolog/configs/ContainerManager"
2024-09-15T01:21:58+08:00 Synology_NAS syslog-notify.sh[9547]: INFO: loaded synolog config "HybridShare" from "/usr/local/share/synolog/configs/HybridShare"
2024-09-15T01:21:58+08:00 Synology_NAS syslog-notify.sh[9547]: WARN: synolog conf for app "synosystemd" did not pass the validation in "synologand"
2024-09-15T01:21:58+08:00 Synology_NAS syslog-notify.sh[9547]: INFO: generated syslog-ng config for app "synosystemd" on "/etc/syslog-ng/syno.d/synosyslog.conf.gen.gen.tmp/app/synosystemd"
2024-09-15T01:21:58+08:00 Synology_NAS syslog-notify.sh[9547]: WARN: synolog conf for app "S2S" did not pass the validation in "synologand"
2024-09-15T01:21:58+08:00 Synology_NAS syslog-notify.sh[9547]: INFO: generated syslog-ng config for app "S2S" on "/etc/syslog-ng/syno.d/synosyslog.conf.gen.gen.tmp/app/S2S"
2024-09-15T01:21:58+08:00 Synology_NAS syslog-notify.sh[9547]: WARN: synolog conf for app "disk" did not pass the validation in "synologand"
2024-09-15T01:21:58+08:00 Synology_NAS syslog-notify.sh[9547]: INFO: generated syslog-ng config for app "disk" on "/etc/syslog-ng/syno.d/synosyslog.conf.gen.gen.tmp/app/disk"
2024-09-15T01:21:58+08:00 Synology_NAS syslog-notify.sh[9547]: WARN: synolog conf for app "disk_test" did not pass the validation in "synologand"
2024-09-15T01:21:58+08:00 Synology_NAS syslog-notify.sh[9547]: INFO: generated syslog-ng config for app "disk_test" on "/etc/syslog-ng/syno.d/synosyslog.conf.gen.gen.tmp/app/disk_test"
2024-09-15T01:21:58+08:00 Synology_NAS syslog-notify.sh[9547]: WARN: synolog conf for app "auth" did not pass the validation in "synologand"
2024-09-15T01:21:58+08:00 Synology_NAS syslog-notify.sh[9547]: INFO: generated syslog-ng config for app "auth" on "/etc/syslog-ng/syno.d/synosyslog.conf.gen.gen.tmp/app/auth"
2024-09-15T01:21:58+08:00 Synology_NAS syslog-notify.sh[9547]: WARN: synolog conf for app "ScsiTarget" did not pass the validation in "synologand"
2024-09-15T01:21:58+08:00 Synology_NAS syslog-notify.sh[9547]: INFO: generated syslog-ng config for app "ScsiTarget" on "/etc/syslog-ng/syno.d/synosyslog.conf.gen.gen.tmp/app/ScsiTarget"
2024-09-15T01:21:58+08:00 Synology_NAS syslog-notify.sh[9547]: WARN: synolog conf for app "ContainerManager" did not pass the validation in "synologand"
2024-09-15T01:21:58+08:00 Synology_NAS syslog-notify.sh[9547]: INFO: generated syslog-ng config for app "ContainerManager" on "/etc/syslog-ng/syno.d/synosyslog.conf.gen.gen.tmp/app/ContainerManager"
2024-09-15T01:21:58+08:00 Synology_NAS syslog-notify.sh[9547]: WARN: synolog conf for app "HybridShare" did not pass the validation in "synologand"
2024-09-15T01:21:58+08:00 Synology_NAS syslog-notify.sh[9547]: INFO: generated syslog-ng config for app "HybridShare" on "/etc/syslog-ng/syno.d/synosyslog.conf.gen.gen.tmp/app/HybridShare"
2024-09-15T01:21:58+08:00 Synology_NAS syslog-notify.sh[9547]: INFO: syslog-ng config generation for synolog is done
2024-09-15T01:21:58+08:00 Synology_NAS syslog-notify.sh[9547]: [syslog-ng] reloaded.
2024-09-15T01:30:52+08:00 Synology_NAS syslog-notify.sh[9842]: ready to start syslog-notify for DSM
2024-09-15T01:30:52+08:00 Synology_NAS syslog-notify.sh[9842]: INFO: loaded sub-generator "synologand" from "/usr/syno/lib/synosyslog/subgens/synologand.py"
2024-09-15T01:30:52+08:00 Synology_NAS syslog-notify.sh[9842]: INFO: loaded sub-generator "debug" from "/usr/syno/lib/synosyslog/subgens/debug.py"
2024-09-15T01:30:52+08:00 Synology_NAS syslog-notify.sh[9842]: INFO: loaded sub-generator "system" from "/usr/syno/lib/synosyslog/subgens/system.py"
2024-09-15T01:30:52+08:00 Synology_NAS syslog-notify.sh[9842]: INFO: loaded sub-generator "logcenter" from "/usr/syno/lib/synosyslog/subgens/logcenter.py"
2024-09-15T01:30:52+08:00 Synology_NAS syslog-notify.sh[9842]: INFO: loaded sub-generator "local" from "/usr/syno/lib/synosyslog/subgens/local.py"
2024-09-15T01:30:52+08:00 Synology_NAS syslog-notify.sh[9842]: INFO: systemd unit synologand is not up
2024-09-15T01:30:52+08:00 Synology_NAS syslog-notify.sh[9842]: INFO: loaded synolog config "synosystemd" from "/usr/syno/share/synolog/configs/synosystemd"
2024-09-15T01:30:52+08:00 Synology_NAS syslog-notify.sh[9842]: INFO: loaded synolog config "S2S" from "/usr/syno/share/synolog/configs/S2S"
2024-09-15T01:30:52+08:00 Synology_NAS syslog-notify.sh[9842]: INFO: loaded synolog config "disk" from "/usr/syno/share/synolog/configs/disk"
2024-09-15T01:30:52+08:00 Synology_NAS syslog-notify.sh[9842]: INFO: loaded synolog config "disk_test" from "/usr/syno/share/synolog/configs/disk_test"
2024-09-15T01:30:52+08:00 Synology_NAS syslog-notify.sh[9842]: INFO: loaded synolog config "auth" from "/usr/syno/share/synolog/configs/auth"
2024-09-15T01:30:52+08:00 Synology_NAS syslog-notify.sh[9842]: INFO: loaded synolog config "ScsiTarget" from "/usr/local/share/synolog/configs/ScsiTarget"
2024-09-15T01:30:52+08:00 Synology_NAS syslog-notify.sh[9842]: INFO: loaded synolog config "ContainerManager" from "/usr/local/share/synolog/configs/ContainerManager"
2024-09-15T01:30:52+08:00 Synology_NAS syslog-notify.sh[9842]: INFO: loaded synolog config "HybridShare" from "/usr/local/share/synolog/configs/HybridShare"
2024-09-15T01:30:52+08:00 Synology_NAS syslog-notify.sh[9842]: WARN: synolog conf for app "synosystemd" did not pass the validation in "synologand"
2024-09-15T01:30:52+08:00 Synology_NAS syslog-notify.sh[9842]: INFO: generated syslog-ng config for app "synosystemd" on "/etc/syslog-ng/syno.d/synosyslog.conf.gen.gen.tmp/app/synosystemd"
2024-09-15T01:30:52+08:00 Synology_NAS syslog-notify.sh[9842]: WARN: synolog conf for app "S2S" did not pass the validation in "synologand"
2024-09-15T01:30:52+08:00 Synology_NAS syslog-notify.sh[9842]: INFO: generated syslog-ng config for app "S2S" on "/etc/syslog-ng/syno.d/synosyslog.conf.gen.gen.tmp/app/S2S"
2024-09-15T01:30:52+08:00 Synology_NAS syslog-notify.sh[9842]: WARN: synolog conf for app "disk" did not pass the validation in "synologand"
2024-09-15T01:30:52+08:00 Synology_NAS syslog-notify.sh[9842]: INFO: generated syslog-ng config for app "disk" on "/etc/syslog-ng/syno.d/synosyslog.conf.gen.gen.tmp/app/disk"
2024-09-15T01:30:52+08:00 Synology_NAS syslog-notify.sh[9842]: WARN: synolog conf for app "disk_test" did not pass the validation in "synologand"
2024-09-15T01:30:52+08:00 Synology_NAS syslog-notify.sh[9842]: INFO: generated syslog-ng config for app "disk_test" on "/etc/syslog-ng/syno.d/synosyslog.conf.gen.gen.tmp/app/disk_test"
2024-09-15T01:30:52+08:00 Synology_NAS syslog-notify.sh[9842]: WARN: synolog conf for app "auth" did not pass the validation in "synologand"
2024-09-15T01:30:52+08:00 Synology_NAS syslog-notify.sh[9842]: INFO: generated syslog-ng config for app "auth" on "/etc/syslog-ng/syno.d/synosyslog.conf.gen.gen.tmp/app/auth"
2024-09-15T01:30:52+08:00 Synology_NAS syslog-notify.sh[9842]: WARN: synolog conf for app "ScsiTarget" did not pass the validation in "synologand"
2024-09-15T01:30:52+08:00 Synology_NAS syslog-notify.sh[9842]: INFO: generated syslog-ng config for app "ScsiTarget" on "/etc/syslog-ng/syno.d/synosyslog.conf.gen.gen.tmp/app/ScsiTarget"
2024-09-15T01:30:52+08:00 Synology_NAS syslog-notify.sh[9842]: WARN: synolog conf for app "ContainerManager" did not pass the validation in "synologand"
2024-09-15T01:30:52+08:00 Synology_NAS syslog-notify.sh[9842]: INFO: generated syslog-ng config for app "ContainerManager" on "/etc/syslog-ng/syno.d/synosyslog.conf.gen.gen.tmp/app/ContainerManager"
2024-09-15T01:30:52+08:00 Synology_NAS syslog-notify.sh[9842]: WARN: synolog conf for app "HybridShare" did not pass the validation in "synologand"
2024-09-15T01:30:52+08:00 Synology_NAS syslog-notify.sh[9842]: INFO: generated syslog-ng config for app "HybridShare" on "/etc/syslog-ng/syno.d/synosyslog.conf.gen.gen.tmp/app/HybridShare"
2024-09-15T01:30:52+08:00 Synology_NAS syslog-notify.sh[9842]: INFO: syslog-ng config generation for synolog is done
2024-09-15T01:30:52+08:00 Synology_NAS syslog-notify.sh[9842]: [syslog-ng] reloaded.
2024-09-15T05:06:03+08:00 Synology_NAS syslog-notify.sh[8806]: ready to start syslog-notify for DSM
2024-09-15T05:06:03+08:00 Synology_NAS syslog-notify.sh[8806]: INFO: loaded sub-generator "synologand" from "/usr/syno/lib/synosyslog/subgens/synologand.py"
2024-09-15T05:06:03+08:00 Synology_NAS syslog-notify.sh[8806]: INFO: loaded sub-generator "debug" from "/usr/syno/lib/synosyslog/subgens/debug.py"
2024-09-15T05:06:03+08:00 Synology_NAS syslog-notify.sh[8806]: INFO: loaded sub-generator "system" from "/usr/syno/lib/synosyslog/subgens/system.py"
2024-09-15T05:06:03+08:00 Synology_NAS syslog-notify.sh[8806]: INFO: loaded sub-generator "logcenter" from "/usr/syno/lib/synosyslog/subgens/logcenter.py"
2024-09-15T05:06:03+08:00 Synology_NAS syslog-notify.sh[8806]: INFO: loaded sub-generator "local" from "/usr/syno/lib/synosyslog/subgens/local.py"
2024-09-15T05:06:03+08:00 Synology_NAS syslog-notify.sh[8806]: INFO: systemd unit synologand is not up
2024-09-15T05:06:03+08:00 Synology_NAS syslog-notify.sh[8806]: INFO: loaded synolog config "synosystemd" from "/usr/syno/share/synolog/configs/synosystemd"
2024-09-15T05:06:03+08:00 Synology_NAS syslog-notify.sh[8806]: INFO: loaded synolog config "S2S" from "/usr/syno/share/synolog/configs/S2S"
2024-09-15T05:06:03+08:00 Synology_NAS syslog-notify.sh[8806]: INFO: loaded synolog config "disk" from "/usr/syno/share/synolog/configs/disk"
2024-09-15T05:06:03+08:00 Synology_NAS syslog-notify.sh[8806]: INFO: loaded synolog config "disk_test" from "/usr/syno/share/synolog/configs/disk_test"
2024-09-15T05:06:03+08:00 Synology_NAS syslog-notify.sh[8806]: INFO: loaded synolog config "auth" from "/usr/syno/share/synolog/configs/auth"
2024-09-15T05:06:03+08:00 Synology_NAS syslog-notify.sh[8806]: INFO: loaded synolog config "ScsiTarget" from "/usr/local/share/synolog/configs/ScsiTarget"
2024-09-15T05:06:03+08:00 Synology_NAS syslog-notify.sh[8806]: INFO: loaded synolog config "ContainerManager" from "/usr/local/share/synolog/configs/ContainerManager"
2024-09-15T05:06:03+08:00 Synology_NAS syslog-notify.sh[8806]: INFO: loaded synolog config "HybridShare" from "/usr/local/share/synolog/configs/HybridShare"
2024-09-15T05:06:03+08:00 Synology_NAS syslog-notify.sh[8806]: WARN: synolog conf for app "synosystemd" did not pass the validation in "synologand"
2024-09-15T05:06:03+08:00 Synology_NAS syslog-notify.sh[8806]: INFO: generated syslog-ng config for app "synosystemd" on "/etc/syslog-ng/syno.d/synosyslog.conf.gen.gen.tmp/app/synosystemd"
2024-09-15T05:06:03+08:00 Synology_NAS syslog-notify.sh[8806]: WARN: synolog conf for app "S2S" did not pass the validation in "synologand"
2024-09-15T05:06:03+08:00 Synology_NAS syslog-notify.sh[8806]: INFO: generated syslog-ng config for app "S2S" on "/etc/syslog-ng/syno.d/synosyslog.conf.gen.gen.tmp/app/S2S"
2024-09-15T05:06:03+08:00 Synology_NAS syslog-notify.sh[8806]: WARN: synolog conf for app "disk" did not pass the validation in "synologand"
2024-09-15T05:06:03+08:00 Synology_NAS syslog-notify.sh[8806]: INFO: generated syslog-ng config for app "disk" on "/etc/syslog-ng/syno.d/synosyslog.conf.gen.gen.tmp/app/disk"
2024-09-15T05:06:03+08:00 Synology_NAS syslog-notify.sh[8806]: WARN: synolog conf for app "disk_test" did not pass the validation in "synologand"
2024-09-15T05:06:03+08:00 Synology_NAS syslog-notify.sh[8806]: INFO: generated syslog-ng config for app "disk_test" on "/etc/syslog-ng/syno.d/synosyslog.conf.gen.gen.tmp/app/disk_test"
2024-09-15T05:06:03+08:00 Synology_NAS syslog-notify.sh[8806]: WARN: synolog conf for app "auth" did not pass the validation in "synologand"
2024-09-15T05:06:03+08:00 Synology_NAS syslog-notify.sh[8806]: INFO: generated syslog-ng config for app "auth" on "/etc/syslog-ng/syno.d/synosyslog.conf.gen.gen.tmp/app/auth"
2024-09-15T05:06:03+08:00 Synology_NAS syslog-notify.sh[8806]: WARN: synolog conf for app "ScsiTarget" did not pass the validation in "synologand"
2024-09-15T05:06:03+08:00 Synology_NAS syslog-notify.sh[8806]: INFO: generated syslog-ng config for app "ScsiTarget" on "/etc/syslog-ng/syno.d/synosyslog.conf.gen.gen.tmp/app/ScsiTarget"
2024-09-15T05:06:03+08:00 Synology_NAS syslog-notify.sh[8806]: WARN: synolog conf for app "ContainerManager" did not pass the validation in "synologand"
2024-09-15T05:06:03+08:00 Synology_NAS syslog-notify.sh[8806]: INFO: generated syslog-ng config for app "ContainerManager" on "/etc/syslog-ng/syno.d/synosyslog.conf.gen.gen.tmp/app/ContainerManager"
2024-09-15T05:06:03+08:00 Synology_NAS syslog-notify.sh[8806]: WARN: synolog conf for app "HybridShare" did not pass the validation in "synologand"
2024-09-15T05:06:03+08:00 Synology_NAS syslog-notify.sh[8806]: INFO: generated syslog-ng config for app "HybridShare" on "/etc/syslog-ng/syno.d/synosyslog.conf.gen.gen.tmp/app/HybridShare"
2024-09-15T05:06:03+08:00 Synology_NAS syslog-notify.sh[8806]: INFO: syslog-ng config generation for synolog is done
2024-09-15T05:06:03+08:00 Synology_NAS syslog-notify.sh[8806]: [syslog-ng] reloaded.
2024-09-15T05:15:04+08:00 Synology_NAS syslog-notify.sh[9556]: ready to start syslog-notify for DSM
2024-09-15T05:15:04+08:00 Synology_NAS syslog-notify.sh[9556]: INFO: loaded sub-generator "synologand" from "/usr/syno/lib/synosyslog/subgens/synologand.py"
2024-09-15T05:15:04+08:00 Synology_NAS syslog-notify.sh[9556]: INFO: loaded sub-generator "debug" from "/usr/syno/lib/synosyslog/subgens/debug.py"
2024-09-15T05:15:04+08:00 Synology_NAS syslog-notify.sh[9556]: INFO: loaded sub-generator "system" from "/usr/syno/lib/synosyslog/subgens/system.py"
2024-09-15T05:15:04+08:00 Synology_NAS syslog-notify.sh[9556]: INFO: loaded sub-generator "logcenter" from "/usr/syno/lib/synosyslog/subgens/logcenter.py"
2024-09-15T05:15:04+08:00 Synology_NAS syslog-notify.sh[9556]: INFO: loaded sub-generator "local" from "/usr/syno/lib/synosyslog/subgens/local.py"
2024-09-15T05:15:04+08:00 Synology_NAS syslog-notify.sh[9556]: INFO: systemd unit synologand is not up
2024-09-15T05:15:04+08:00 Synology_NAS syslog-notify.sh[9556]: INFO: loaded synolog config "synosystemd" from "/usr/syno/share/synolog/configs/synosystemd"
2024-09-15T05:15:04+08:00 Synology_NAS syslog-notify.sh[9556]: INFO: loaded synolog config "S2S" from "/usr/syno/share/synolog/configs/S2S"
2024-09-15T05:15:04+08:00 Synology_NAS syslog-notify.sh[9556]: INFO: loaded synolog config "disk" from "/usr/syno/share/synolog/configs/disk"
2024-09-15T05:15:04+08:00 Synology_NAS syslog-notify.sh[9556]: INFO: loaded synolog config "disk_test" from "/usr/syno/share/synolog/configs/disk_test"
2024-09-15T05:15:04+08:00 Synology_NAS syslog-notify.sh[9556]: INFO: loaded synolog config "auth" from "/usr/syno/share/synolog/configs/auth"
2024-09-15T05:15:04+08:00 Synology_NAS syslog-notify.sh[9556]: INFO: loaded synolog config "ScsiTarget" from "/usr/local/share/synolog/configs/ScsiTarget"
2024-09-15T05:15:04+08:00 Synology_NAS syslog-notify.sh[9556]: WARN: synolog conf for app "synosystemd" did not pass the validation in "synologand"
2024-09-15T05:15:04+08:00 Synology_NAS syslog-notify.sh[9556]: INFO: generated syslog-ng config for app "synosystemd" on "/etc/syslog-ng/syno.d/synosyslog.conf.gen.gen.tmp/app/synosystemd"
2024-09-15T05:15:04+08:00 Synology_NAS syslog-notify.sh[9556]: WARN: synolog conf for app "S2S" did not pass the validation in "synologand"
2024-09-15T05:15:04+08:00 Synology_NAS syslog-notify.sh[9556]: INFO: generated syslog-ng config for app "S2S" on "/etc/syslog-ng/syno.d/synosyslog.conf.gen.gen.tmp/app/S2S"
2024-09-15T05:15:04+08:00 Synology_NAS syslog-notify.sh[9556]: WARN: synolog conf for app "disk" did not pass the validation in "synologand"
2024-09-15T05:15:04+08:00 Synology_NAS syslog-notify.sh[9556]: INFO: generated syslog-ng config for app "disk" on "/etc/syslog-ng/syno.d/synosyslog.conf.gen.gen.tmp/app/disk"
2024-09-15T05:15:04+08:00 Synology_NAS syslog-notify.sh[9556]: WARN: synolog conf for app "disk_test" did not pass the validation in "synologand"
2024-09-15T05:15:04+08:00 Synology_NAS syslog-notify.sh[9556]: INFO: generated syslog-ng config for app "disk_test" on "/etc/syslog-ng/syno.d/synosyslog.conf.gen.gen.tmp/app/disk_test"
2024-09-15T05:15:04+08:00 Synology_NAS syslog-notify.sh[9556]: WARN: synolog conf for app "auth" did not pass the validation in "synologand"
2024-09-15T05:15:04+08:00 Synology_NAS syslog-notify.sh[9556]: INFO: generated syslog-ng config for app "auth" on "/etc/syslog-ng/syno.d/synosyslog.conf.gen.gen.tmp/app/auth"
2024-09-15T05:15:04+08:00 Synology_NAS syslog-notify.sh[9556]: WARN: synolog conf for app "ScsiTarget" did not pass the validation in "synologand"
2024-09-15T05:15:04+08:00 Synology_NAS syslog-notify.sh[9556]: INFO: generated syslog-ng config for app "ScsiTarget" on "/etc/syslog-ng/syno.d/synosyslog.conf.gen.gen.tmp/app/ScsiTarget"
2024-09-15T05:15:04+08:00 Synology_NAS syslog-notify.sh[9556]: INFO: syslog-ng config generation for synolog is done
2024-09-15T05:15:04+08:00 Synology_NAS syslog-notify.sh[9556]: [syslog-ng] reloaded.
2024-09-16T05:39:33+08:00 Synology_NAS syslog-notify.sh[9567]: ready to start syslog-notify for DSM
2024-09-16T05:39:33+08:00 Synology_NAS syslog-notify.sh[9567]: INFO: loaded sub-generator "synologand" from "/usr/syno/lib/synosyslog/subgens/synologand.py"
2024-09-16T05:39:33+08:00 Synology_NAS syslog-notify.sh[9567]: INFO: loaded sub-generator "debug" from "/usr/syno/lib/synosyslog/subgens/debug.py"
2024-09-16T05:39:33+08:00 Synology_NAS syslog-notify.sh[9567]: INFO: loaded sub-generator "system" from "/usr/syno/lib/synosyslog/subgens/system.py"
2024-09-16T05:39:33+08:00 Synology_NAS syslog-notify.sh[9567]: INFO: loaded sub-generator "logcenter" from "/usr/syno/lib/synosyslog/subgens/logcenter.py"
2024-09-16T05:39:33+08:00 Synology_NAS syslog-notify.sh[9567]: INFO: loaded sub-generator "local" from "/usr/syno/lib/synosyslog/subgens/local.py"
2024-09-16T05:39:33+08:00 Synology_NAS syslog-notify.sh[9567]: INFO: systemd unit synologand is not up
2024-09-16T05:39:33+08:00 Synology_NAS syslog-notify.sh[9567]: INFO: loaded synolog config "synosystemd" from "/usr/syno/share/synolog/configs/synosystemd"
2024-09-16T05:39:33+08:00 Synology_NAS syslog-notify.sh[9567]: INFO: loaded synolog config "S2S" from "/usr/syno/share/synolog/configs/S2S"
2024-09-16T05:39:33+08:00 Synology_NAS syslog-notify.sh[9567]: INFO: loaded synolog config "disk" from "/usr/syno/share/synolog/configs/disk"
2024-09-16T05:39:33+08:00 Synology_NAS syslog-notify.sh[9567]: INFO: loaded synolog config "disk_test" from "/usr/syno/share/synolog/configs/disk_test"
2024-09-16T05:39:33+08:00 Synology_NAS syslog-notify.sh[9567]: INFO: loaded synolog config "auth" from "/usr/syno/share/synolog/configs/auth"
2024-09-16T05:39:33+08:00 Synology_NAS syslog-notify.sh[9567]: WARN: synolog conf for app "synosystemd" did not pass the validation in "synologand"
2024-09-16T05:39:33+08:00 Synology_NAS syslog-notify.sh[9567]: INFO: generated syslog-ng config for app "synosystemd" on "/etc/syslog-ng/syno.d/synosyslog.conf.gen.gen.tmp/app/synosystemd"
2024-09-16T05:39:33+08:00 Synology_NAS syslog-notify.sh[9567]: WARN: synolog conf for app "S2S" did not pass the validation in "synologand"
2024-09-16T05:39:33+08:00 Synology_NAS syslog-notify.sh[9567]: INFO: generated syslog-ng config for app "S2S" on "/etc/syslog-ng/syno.d/synosyslog.conf.gen.gen.tmp/app/S2S"
2024-09-16T05:39:33+08:00 Synology_NAS syslog-notify.sh[9567]: WARN: synolog conf for app "disk" did not pass the validation in "synologand"
2024-09-16T05:39:33+08:00 Synology_NAS syslog-notify.sh[9567]: INFO: generated syslog-ng config for app "disk" on "/etc/syslog-ng/syno.d/synosyslog.conf.gen.gen.tmp/app/disk"
2024-09-16T05:39:33+08:00 Synology_NAS syslog-notify.sh[9567]: WARN: synolog conf for app "disk_test" did not pass the validation in "synologand"
2024-09-16T05:39:33+08:00 Synology_NAS syslog-notify.sh[9567]: INFO: generated syslog-ng config for app "disk_test" on "/etc/syslog-ng/syno.d/synosyslog.conf.gen.gen.tmp/app/disk_test"
2024-09-16T05:39:33+08:00 Synology_NAS syslog-notify.sh[9567]: WARN: synolog conf for app "auth" did not pass the validation in "synologand"
2024-09-16T05:39:33+08:00 Synology_NAS syslog-notify.sh[9567]: INFO: generated syslog-ng config for app "auth" on "/etc/syslog-ng/syno.d/synosyslog.conf.gen.gen.tmp/app/auth"
2024-09-16T05:39:33+08:00 Synology_NAS syslog-notify.sh[9567]: INFO: syslog-ng config generation for synolog is done
2024-09-16T05:39:33+08:00 Synology_NAS syslog-notify.sh[9567]: [syslog-ng] reloaded.
2024-09-16T19:32:56+08:00 Synology_NAS syslog-notify.sh[9580]: ready to start syslog-notify for DSM
2024-09-16T19:32:56+08:00 Synology_NAS syslog-notify.sh[9580]: INFO: loaded sub-generator "synologand" from "/usr/syno/lib/synosyslog/subgens/synologand.py"
2024-09-16T19:32:56+08:00 Synology_NAS syslog-notify.sh[9580]: INFO: loaded sub-generator "debug" from "/usr/syno/lib/synosyslog/subgens/debug.py"
2024-09-16T19:32:56+08:00 Synology_NAS syslog-notify.sh[9580]: INFO: loaded sub-generator "system" from "/usr/syno/lib/synosyslog/subgens/system.py"
2024-09-16T19:32:56+08:00 Synology_NAS syslog-notify.sh[9580]: INFO: loaded sub-generator "logcenter" from "/usr/syno/lib/synosyslog/subgens/logcenter.py"
2024-09-16T19:32:56+08:00 Synology_NAS syslog-notify.sh[9580]: INFO: loaded sub-generator "local" from "/usr/syno/lib/synosyslog/subgens/local.py"
2024-09-16T19:32:56+08:00 Synology_NAS syslog-notify.sh[9580]: INFO: systemd unit synologand is not up
2024-09-16T19:32:56+08:00 Synology_NAS syslog-notify.sh[9580]: INFO: loaded synolog config "synosystemd" from "/usr/syno/share/synolog/configs/synosystemd"
2024-09-16T19:32:56+08:00 Synology_NAS syslog-notify.sh[9580]: INFO: loaded synolog config "S2S" from "/usr/syno/share/synolog/configs/S2S"
2024-09-16T19:32:56+08:00 Synology_NAS syslog-notify.sh[9580]: INFO: loaded synolog config "disk" from "/usr/syno/share/synolog/configs/disk"
2024-09-16T19:32:56+08:00 Synology_NAS syslog-notify.sh[9580]: INFO: loaded synolog config "disk_test" from "/usr/syno/share/synolog/configs/disk_test"
2024-09-16T19:32:56+08:00 Synology_NAS syslog-notify.sh[9580]: INFO: loaded synolog config "auth" from "/usr/syno/share/synolog/configs/auth"
2024-09-16T19:32:56+08:00 Synology_NAS syslog-notify.sh[9580]: WARN: synolog conf for app "synosystemd" did not pass the validation in "synologand"
2024-09-16T19:32:56+08:00 Synology_NAS syslog-notify.sh[9580]: INFO: generated syslog-ng config for app "synosystemd" on "/etc/syslog-ng/syno.d/synosyslog.conf.gen.gen.tmp/app/synosystemd"
2024-09-16T19:32:56+08:00 Synology_NAS syslog-notify.sh[9580]: WARN: synolog conf for app "S2S" did not pass the validation in "synologand"
2024-09-16T19:32:56+08:00 Synology_NAS syslog-notify.sh[9580]: INFO: generated syslog-ng config for app "S2S" on "/etc/syslog-ng/syno.d/synosyslog.conf.gen.gen.tmp/app/S2S"
2024-09-16T19:32:56+08:00 Synology_NAS syslog-notify.sh[9580]: WARN: synolog conf for app "disk" did not pass the validation in "synologand"
2024-09-16T19:32:56+08:00 Synology_NAS syslog-notify.sh[9580]: INFO: generated syslog-ng config for app "disk" on "/etc/syslog-ng/syno.d/synosyslog.conf.gen.gen.tmp/app/disk"
2024-09-16T19:32:56+08:00 Synology_NAS syslog-notify.sh[9580]: WARN: synolog conf for app "disk_test" did not pass the validation in "synologand"
2024-09-16T19:32:56+08:00 Synology_NAS syslog-notify.sh[9580]: INFO: generated syslog-ng config for app "disk_test" on "/etc/syslog-ng/syno.d/synosyslog.conf.gen.gen.tmp/app/disk_test"
2024-09-16T19:32:56+08:00 Synology_NAS syslog-notify.sh[9580]: WARN: synolog conf for app "auth" did not pass the validation in "synologand"
2024-09-16T19:32:56+08:00 Synology_NAS syslog-notify.sh[9580]: INFO: generated syslog-ng config for app "auth" on "/etc/syslog-ng/syno.d/synosyslog.conf.gen.gen.tmp/app/auth"
2024-09-16T19:32:56+08:00 Synology_NAS syslog-notify.sh[9580]: INFO: syslog-ng config generation for synolog is done
2024-09-16T19:32:56+08:00 Synology_NAS syslog-notify.sh[9580]: [syslog-ng] reloaded.
2024-09-17T04:58:34+08:00 Synology_NAS syslog-notify.sh[9568]: ready to start syslog-notify for DSM
2024-09-17T04:58:34+08:00 Synology_NAS syslog-notify.sh[9568]: INFO: loaded sub-generator "synologand" from "/usr/syno/lib/synosyslog/subgens/synologand.py"
2024-09-17T04:58:34+08:00 Synology_NAS syslog-notify.sh[9568]: INFO: loaded sub-generator "debug" from "/usr/syno/lib/synosyslog/subgens/debug.py"
2024-09-17T04:58:34+08:00 Synology_NAS syslog-notify.sh[9568]: INFO: loaded sub-generator "system" from "/usr/syno/lib/synosyslog/subgens/system.py"
2024-09-17T04:58:34+08:00 Synology_NAS syslog-notify.sh[9568]: INFO: loaded sub-generator "logcenter" from "/usr/syno/lib/synosyslog/subgens/logcenter.py"
2024-09-17T04:58:34+08:00 Synology_NAS syslog-notify.sh[9568]: INFO: loaded sub-generator "local" from "/usr/syno/lib/synosyslog/subgens/local.py"
2024-09-17T04:58:34+08:00 Synology_NAS syslog-notify.sh[9568]: INFO: systemd unit synologand is not up
2024-09-17T04:58:34+08:00 Synology_NAS syslog-notify.sh[9568]: INFO: loaded synolog config "synosystemd" from "/usr/syno/share/synolog/configs/synosystemd"
2024-09-17T04:58:34+08:00 Synology_NAS syslog-notify.sh[9568]: INFO: loaded synolog config "S2S" from "/usr/syno/share/synolog/configs/S2S"
2024-09-17T04:58:34+08:00 Synology_NAS syslog-notify.sh[9568]: INFO: loaded synolog config "disk" from "/usr/syno/share/synolog/configs/disk"
2024-09-17T04:58:34+08:00 Synology_NAS syslog-notify.sh[9568]: INFO: loaded synolog config "disk_test" from "/usr/syno/share/synolog/configs/disk_test"
2024-09-17T04:58:34+08:00 Synology_NAS syslog-notify.sh[9568]: INFO: loaded synolog config "auth" from "/usr/syno/share/synolog/configs/auth"
2024-09-17T04:58:34+08:00 Synology_NAS syslog-notify.sh[9568]: INFO: loaded synolog config "ContainerManager" from "/usr/local/share/synolog/configs/ContainerManager"
2024-09-17T04:58:34+08:00 Synology_NAS syslog-notify.sh[9568]: WARN: synolog conf for app "synosystemd" did not pass the validation in "synologand"
2024-09-17T04:58:34+08:00 Synology_NAS syslog-notify.sh[9568]: INFO: generated syslog-ng config for app "synosystemd" on "/etc/syslog-ng/syno.d/synosyslog.conf.gen.gen.tmp/app/synosystemd"
2024-09-17T04:58:34+08:00 Synology_NAS syslog-notify.sh[9568]: WARN: synolog conf for app "S2S" did not pass the validation in "synologand"
2024-09-17T04:58:34+08:00 Synology_NAS syslog-notify.sh[9568]: INFO: generated syslog-ng config for app "S2S" on "/etc/syslog-ng/syno.d/synosyslog.conf.gen.gen.tmp/app/S2S"
2024-09-17T04:58:34+08:00 Synology_NAS syslog-notify.sh[9568]: WARN: synolog conf for app "disk" did not pass the validation in "synologand"
2024-09-17T04:58:34+08:00 Synology_NAS syslog-notify.sh[9568]: INFO: generated syslog-ng config for app "disk" on "/etc/syslog-ng/syno.d/synosyslog.conf.gen.gen.tmp/app/disk"
2024-09-17T04:58:34+08:00 Synology_NAS syslog-notify.sh[9568]: WARN: synolog conf for app "disk_test" did not pass the validation in "synologand"
2024-09-17T04:58:34+08:00 Synology_NAS syslog-notify.sh[9568]: INFO: generated syslog-ng config for app "disk_test" on "/etc/syslog-ng/syno.d/synosyslog.conf.gen.gen.tmp/app/disk_test"
2024-09-17T04:58:34+08:00 Synology_NAS syslog-notify.sh[9568]: WARN: synolog conf for app "auth" did not pass the validation in "synologand"
2024-09-17T04:58:34+08:00 Synology_NAS syslog-notify.sh[9568]: INFO: generated syslog-ng config for app "auth" on "/etc/syslog-ng/syno.d/synosyslog.conf.gen.gen.tmp/app/auth"
2024-09-17T04:58:34+08:00 Synology_NAS syslog-notify.sh[9568]: WARN: synolog conf for app "ContainerManager" did not pass the validation in "synologand"
2024-09-17T04:58:34+08:00 Synology_NAS syslog-notify.sh[9568]: INFO: generated syslog-ng config for app "ContainerManager" on "/etc/syslog-ng/syno.d/synosyslog.conf.gen.gen.tmp/app/ContainerManager"
2024-09-17T04:58:34+08:00 Synology_NAS syslog-notify.sh[9568]: INFO: syslog-ng config generation for synolog is done
2024-09-17T04:58:34+08:00 Synology_NAS syslog-notify.sh[9568]: [syslog-ng] reloaded.
2024-09-17T05:50:44+08:00 Synology_NAS syslog-notify.sh[9517]: ready to start syslog-notify for DSM
2024-09-17T05:50:44+08:00 Synology_NAS syslog-notify.sh[9517]: INFO: loaded sub-generator "synologand" from "/usr/syno/lib/synosyslog/subgens/synologand.py"
2024-09-17T05:50:44+08:00 Synology_NAS syslog-notify.sh[9517]: INFO: loaded sub-generator "debug" from "/usr/syno/lib/synosyslog/subgens/debug.py"
2024-09-17T05:50:44+08:00 Synology_NAS syslog-notify.sh[9517]: INFO: loaded sub-generator "system" from "/usr/syno/lib/synosyslog/subgens/system.py"
2024-09-17T05:50:44+08:00 Synology_NAS syslog-notify.sh[9517]: INFO: loaded sub-generator "logcenter" from "/usr/syno/lib/synosyslog/subgens/logcenter.py"
2024-09-17T05:50:44+08:00 Synology_NAS syslog-notify.sh[9517]: INFO: loaded sub-generator "local" from "/usr/syno/lib/synosyslog/subgens/local.py"
2024-09-17T05:50:44+08:00 Synology_NAS syslog-notify.sh[9517]: INFO: systemd unit synologand is not up
2024-09-17T05:50:44+08:00 Synology_NAS syslog-notify.sh[9517]: INFO: loaded synolog config "synosystemd" from "/usr/syno/share/synolog/configs/synosystemd"
2024-09-17T05:50:44+08:00 Synology_NAS syslog-notify.sh[9517]: INFO: loaded synolog config "S2S" from "/usr/syno/share/synolog/configs/S2S"
2024-09-17T05:50:44+08:00 Synology_NAS syslog-notify.sh[9517]: INFO: loaded synolog config "disk" from "/usr/syno/share/synolog/configs/disk"
2024-09-17T05:50:44+08:00 Synology_NAS syslog-notify.sh[9517]: INFO: loaded synolog config "disk_test" from "/usr/syno/share/synolog/configs/disk_test"
2024-09-17T05:50:44+08:00 Synology_NAS syslog-notify.sh[9517]: INFO: loaded synolog config "auth" from "/usr/syno/share/synolog/configs/auth"
2024-09-17T05:50:44+08:00 Synology_NAS syslog-notify.sh[9517]: WARN: synolog conf for app "synosystemd" did not pass the validation in "synologand"
2024-09-17T05:50:44+08:00 Synology_NAS syslog-notify.sh[9517]: INFO: generated syslog-ng config for app "synosystemd" on "/etc/syslog-ng/syno.d/synosyslog.conf.gen.gen.tmp/app/synosystemd"
2024-09-17T05:50:44+08:00 Synology_NAS syslog-notify.sh[9517]: WARN: synolog conf for app "S2S" did not pass the validation in "synologand"
2024-09-17T05:50:44+08:00 Synology_NAS syslog-notify.sh[9517]: INFO: generated syslog-ng config for app "S2S" on "/etc/syslog-ng/syno.d/synosyslog.conf.gen.gen.tmp/app/S2S"
2024-09-17T05:50:44+08:00 Synology_NAS syslog-notify.sh[9517]: WARN: synolog conf for app "disk" did not pass the validation in "synologand"
2024-09-17T05:50:44+08:00 Synology_NAS syslog-notify.sh[9517]: INFO: generated syslog-ng config for app "disk" on "/etc/syslog-ng/syno.d/synosyslog.conf.gen.gen.tmp/app/disk"
2024-09-17T05:50:44+08:00 Synology_NAS syslog-notify.sh[9517]: WARN: synolog conf for app "disk_test" did not pass the validation in "synologand"
2024-09-17T05:50:44+08:00 Synology_NAS syslog-notify.sh[9517]: INFO: generated syslog-ng config for app "disk_test" on "/etc/syslog-ng/syno.d/synosyslog.conf.gen.gen.tmp/app/disk_test"
2024-09-17T05:50:44+08:00 Synology_NAS syslog-notify.sh[9517]: WARN: synolog conf for app "auth" did not pass the validation in "synologand"
2024-09-17T05:50:44+08:00 Synology_NAS syslog-notify.sh[9517]: INFO: generated syslog-ng config for app "auth" on "/etc/syslog-ng/syno.d/synosyslog.conf.gen.gen.tmp/app/auth"
2024-09-17T05:50:44+08:00 Synology_NAS syslog-notify.sh[9517]: INFO: syslog-ng config generation for synolog is done
2024-09-17T05:50:44+08:00 Synology_NAS syslog-notify.sh[9517]: [syslog-ng] reloaded.
2024-09-17T10:45:59+08:00 Synology_NAS syslog-notify.sh[9554]: ready to start syslog-notify for DSM
2024-09-17T10:45:59+08:00 Synology_NAS syslog-notify.sh[9554]: INFO: loaded sub-generator "synologand" from "/usr/syno/lib/synosyslog/subgens/synologand.py"
2024-09-17T10:45:59+08:00 Synology_NAS syslog-notify.sh[9554]: INFO: loaded sub-generator "debug" from "/usr/syno/lib/synosyslog/subgens/debug.py"
2024-09-17T10:45:59+08:00 Synology_NAS syslog-notify.sh[9554]: INFO: loaded sub-generator "system" from "/usr/syno/lib/synosyslog/subgens/system.py"
2024-09-17T10:45:59+08:00 Synology_NAS syslog-notify.sh[9554]: INFO: loaded sub-generator "logcenter" from "/usr/syno/lib/synosyslog/subgens/logcenter.py"
2024-09-17T10:45:59+08:00 Synology_NAS syslog-notify.sh[9554]: INFO: loaded sub-generator "local" from "/usr/syno/lib/synosyslog/subgens/local.py"
2024-09-17T10:45:59+08:00 Synology_NAS syslog-notify.sh[9554]: INFO: systemd unit synologand is not up
2024-09-17T10:45:59+08:00 Synology_NAS syslog-notify.sh[9554]: INFO: loaded synolog config "synosystemd" from "/usr/syno/share/synolog/configs/synosystemd"
2024-09-17T10:45:59+08:00 Synology_NAS syslog-notify.sh[9554]: INFO: loaded synolog config "S2S" from "/usr/syno/share/synolog/configs/S2S"
2024-09-17T10:45:59+08:00 Synology_NAS syslog-notify.sh[9554]: INFO: loaded synolog config "disk" from "/usr/syno/share/synolog/configs/disk"
2024-09-17T10:45:59+08:00 Synology_NAS syslog-notify.sh[9554]: INFO: loaded synolog config "disk_test" from "/usr/syno/share/synolog/configs/disk_test"
2024-09-17T10:45:59+08:00 Synology_NAS syslog-notify.sh[9554]: INFO: loaded synolog config "auth" from "/usr/syno/share/synolog/configs/auth"
2024-09-17T10:45:59+08:00 Synology_NAS syslog-notify.sh[9554]: WARN: synolog conf for app "synosystemd" did not pass the validation in "synologand"
2024-09-17T10:45:59+08:00 Synology_NAS syslog-notify.sh[9554]: INFO: generated syslog-ng config for app "synosystemd" on "/etc/syslog-ng/syno.d/synosyslog.conf.gen.gen.tmp/app/synosystemd"
2024-09-17T10:45:59+08:00 Synology_NAS syslog-notify.sh[9554]: WARN: synolog conf for app "S2S" did not pass the validation in "synologand"
2024-09-17T10:45:59+08:00 Synology_NAS syslog-notify.sh[9554]: INFO: generated syslog-ng config for app "S2S" on "/etc/syslog-ng/syno.d/synosyslog.conf.gen.gen.tmp/app/S2S"
2024-09-17T10:45:59+08:00 Synology_NAS syslog-notify.sh[9554]: WARN: synolog conf for app "disk" did not pass the validation in "synologand"
2024-09-17T10:45:59+08:00 Synology_NAS syslog-notify.sh[9554]: INFO: generated syslog-ng config for app "disk" on "/etc/syslog-ng/syno.d/synosyslog.conf.gen.gen.tmp/app/disk"
2024-09-17T10:45:59+08:00 Synology_NAS syslog-notify.sh[9554]: WARN: synolog conf for app "disk_test" did not pass the validation in "synologand"
2024-09-17T10:45:59+08:00 Synology_NAS syslog-notify.sh[9554]: INFO: generated syslog-ng config for app "disk_test" on "/etc/syslog-ng/syno.d/synosyslog.conf.gen.gen.tmp/app/disk_test"
2024-09-17T10:45:59+08:00 Synology_NAS syslog-notify.sh[9554]: WARN: synolog conf for app "auth" did not pass the validation in "synologand"
2024-09-17T10:45:59+08:00 Synology_NAS syslog-notify.sh[9554]: INFO: generated syslog-ng config for app "auth" on "/etc/syslog-ng/syno.d/synosyslog.conf.gen.gen.tmp/app/auth"
2024-09-17T10:45:59+08:00 Synology_NAS syslog-notify.sh[9554]: INFO: syslog-ng config generation for synolog is done
2024-09-17T10:45:59+08:00 Synology_NAS syslog-notify.sh[9554]: [syslog-ng] reloaded.
2024-09-20T07:51:16+08:00 Synology_NAS syslog-notify.sh[9722]: ready to start syslog-notify for DSM
2024-09-20T07:51:16+08:00 Synology_NAS syslog-notify.sh[9722]: INFO: loaded sub-generator "synologand" from "/usr/syno/lib/synosyslog/subgens/synologand.py"
2024-09-20T07:51:16+08:00 Synology_NAS syslog-notify.sh[9722]: INFO: loaded sub-generator "debug" from "/usr/syno/lib/synosyslog/subgens/debug.py"
2024-09-20T07:51:16+08:00 Synology_NAS syslog-notify.sh[9722]: INFO: loaded sub-generator "system" from "/usr/syno/lib/synosyslog/subgens/system.py"
2024-09-20T07:51:16+08:00 Synology_NAS syslog-notify.sh[9722]: INFO: loaded sub-generator "logcenter" from "/usr/syno/lib/synosyslog/subgens/logcenter.py"
2024-09-20T07:51:16+08:00 Synology_NAS syslog-notify.sh[9722]: INFO: loaded sub-generator "local" from "/usr/syno/lib/synosyslog/subgens/local.py"
2024-09-20T07:51:16+08:00 Synology_NAS syslog-notify.sh[9722]: INFO: systemd unit synologand is not up
2024-09-20T07:51:16+08:00 Synology_NAS syslog-notify.sh[9722]: INFO: loaded synolog config "synosystemd" from "/usr/syno/share/synolog/configs/synosystemd"
2024-09-20T07:51:16+08:00 Synology_NAS syslog-notify.sh[9722]: INFO: loaded synolog config "S2S" from "/usr/syno/share/synolog/configs/S2S"
2024-09-20T07:51:16+08:00 Synology_NAS syslog-notify.sh[9722]: INFO: loaded synolog config "disk" from "/usr/syno/share/synolog/configs/disk"
2024-09-20T07:51:16+08:00 Synology_NAS syslog-notify.sh[9722]: INFO: loaded synolog config "disk_test" from "/usr/syno/share/synolog/configs/disk_test"
2024-09-20T07:51:16+08:00 Synology_NAS syslog-notify.sh[9722]: INFO: loaded synolog config "auth" from "/usr/syno/share/synolog/configs/auth"
2024-09-20T07:51:16+08:00 Synology_NAS syslog-notify.sh[9722]: WARN: synolog conf for app "synosystemd" did not pass the validation in "synologand"
2024-09-20T07:51:16+08:00 Synology_NAS syslog-notify.sh[9722]: INFO: generated syslog-ng config for app "synosystemd" on "/etc/syslog-ng/syno.d/synosyslog.conf.gen.gen.tmp/app/synosystemd"
2024-09-20T07:51:16+08:00 Synology_NAS syslog-notify.sh[9722]: WARN: synolog conf for app "S2S" did not pass the validation in "synologand"
2024-09-20T07:51:16+08:00 Synology_NAS syslog-notify.sh[9722]: INFO: generated syslog-ng config for app "S2S" on "/etc/syslog-ng/syno.d/synosyslog.conf.gen.gen.tmp/app/S2S"
2024-09-20T07:51:16+08:00 Synology_NAS syslog-notify.sh[9722]: WARN: synolog conf for app "disk" did not pass the validation in "synologand"
2024-09-20T07:51:16+08:00 Synology_NAS syslog-notify.sh[9722]: INFO: generated syslog-ng config for app "disk" on "/etc/syslog-ng/syno.d/synosyslog.conf.gen.gen.tmp/app/disk"
2024-09-20T07:51:16+08:00 Synology_NAS syslog-notify.sh[9722]: WARN: synolog conf for app "disk_test" did not pass the validation in "synologand"
2024-09-20T07:51:16+08:00 Synology_NAS syslog-notify.sh[9722]: INFO: generated syslog-ng config for app "disk_test" on "/etc/syslog-ng/syno.d/synosyslog.conf.gen.gen.tmp/app/disk_test"
2024-09-20T07:51:16+08:00 Synology_NAS syslog-notify.sh[9722]: WARN: synolog conf for app "auth" did not pass the validation in "synologand"
2024-09-20T07:51:16+08:00 Synology_NAS syslog-notify.sh[9722]: INFO: generated syslog-ng config for app "auth" on "/etc/syslog-ng/syno.d/synosyslog.conf.gen.gen.tmp/app/auth"
2024-09-20T07:51:16+08:00 Synology_NAS syslog-notify.sh[9722]: INFO: syslog-ng config generation for synolog is done
2024-09-20T07:51:16+08:00 Synology_NAS syslog-notify.sh[9722]: [syslog-ng] reloaded.
2024-09-20T11:34:35+08:00 Synology_NAS syslog-notify.sh[9767]: ready to start syslog-notify for DSM
2024-09-20T11:34:35+08:00 Synology_NAS syslog-notify.sh[9767]: INFO: loaded sub-generator "synologand" from "/usr/syno/lib/synosyslog/subgens/synologand.py"
2024-09-20T11:34:35+08:00 Synology_NAS syslog-notify.sh[9767]: INFO: loaded sub-generator "debug" from "/usr/syno/lib/synosyslog/subgens/debug.py"
2024-09-20T11:34:35+08:00 Synology_NAS syslog-notify.sh[9767]: INFO: loaded sub-generator "system" from "/usr/syno/lib/synosyslog/subgens/system.py"
2024-09-20T11:34:35+08:00 Synology_NAS syslog-notify.sh[9767]: INFO: loaded sub-generator "logcenter" from "/usr/syno/lib/synosyslog/subgens/logcenter.py"
2024-09-20T11:34:35+08:00 Synology_NAS syslog-notify.sh[9767]: INFO: loaded sub-generator "local" from "/usr/syno/lib/synosyslog/subgens/local.py"
2024-09-20T11:34:35+08:00 Synology_NAS syslog-notify.sh[9767]: INFO: systemd unit synologand is not up
2024-09-20T11:34:35+08:00 Synology_NAS syslog-notify.sh[9767]: INFO: loaded synolog config "synosystemd" from "/usr/syno/share/synolog/configs/synosystemd"
2024-09-20T11:34:35+08:00 Synology_NAS syslog-notify.sh[9767]: INFO: loaded synolog config "S2S" from "/usr/syno/share/synolog/configs/S2S"
2024-09-20T11:34:35+08:00 Synology_NAS syslog-notify.sh[9767]: INFO: loaded synolog config "disk" from "/usr/syno/share/synolog/configs/disk"
2024-09-20T11:34:35+08:00 Synology_NAS syslog-notify.sh[9767]: INFO: loaded synolog config "disk_test" from "/usr/syno/share/synolog/configs/disk_test"
2024-09-20T11:34:35+08:00 Synology_NAS syslog-notify.sh[9767]: INFO: loaded synolog config "auth" from "/usr/syno/share/synolog/configs/auth"
2024-09-20T11:34:35+08:00 Synology_NAS syslog-notify.sh[9767]: WARN: synolog conf for app "synosystemd" did not pass the validation in "synologand"
2024-09-20T11:34:35+08:00 Synology_NAS syslog-notify.sh[9767]: INFO: generated syslog-ng config for app "synosystemd" on "/etc/syslog-ng/syno.d/synosyslog.conf.gen.gen.tmp/app/synosystemd"
2024-09-20T11:34:35+08:00 Synology_NAS syslog-notify.sh[9767]: WARN: synolog conf for app "S2S" did not pass the validation in "synologand"
2024-09-20T11:34:35+08:00 Synology_NAS syslog-notify.sh[9767]: INFO: generated syslog-ng config for app "S2S" on "/etc/syslog-ng/syno.d/synosyslog.conf.gen.gen.tmp/app/S2S"
2024-09-20T11:34:35+08:00 Synology_NAS syslog-notify.sh[9767]: WARN: synolog conf for app "disk" did not pass the validation in "synologand"
2024-09-20T11:34:35+08:00 Synology_NAS syslog-notify.sh[9767]: INFO: generated syslog-ng config for app "disk" on "/etc/syslog-ng/syno.d/synosyslog.conf.gen.gen.tmp/app/disk"
2024-09-20T11:34:35+08:00 Synology_NAS syslog-notify.sh[9767]: WARN: synolog conf for app "disk_test" did not pass the validation in "synologand"
2024-09-20T11:34:35+08:00 Synology_NAS syslog-notify.sh[9767]: INFO: generated syslog-ng config for app "disk_test" on "/etc/syslog-ng/syno.d/synosyslog.conf.gen.gen.tmp/app/disk_test"
2024-09-20T11:34:35+08:00 Synology_NAS syslog-notify.sh[9767]: WARN: synolog conf for app "auth" did not pass the validation in "synologand"
2024-09-20T11:34:35+08:00 Synology_NAS syslog-notify.sh[9767]: INFO: generated syslog-ng config for app "auth" on "/etc/syslog-ng/syno.d/synosyslog.conf.gen.gen.tmp/app/auth"
2024-09-20T11:34:35+08:00 Synology_NAS syslog-notify.sh[9767]: INFO: syslog-ng config generation for synolog is done
2024-09-20T11:34:35+08:00 Synology_NAS syslog-notify.sh[9767]: [syslog-ng] reloaded.
2024-10-09T04:33:18+08:00 Yasuraokaa_Site syslog-notify.sh[9816]: ready to start syslog-notify for DSM
2024-10-09T04:33:18+08:00 Yasuraokaa_Site syslog-notify.sh[9816]: INFO: loaded sub-generator "synologand" from "/usr/syno/lib/synosyslog/subgens/synologand.py"
2024-10-09T04:33:18+08:00 Yasuraokaa_Site syslog-notify.sh[9816]: INFO: loaded sub-generator "debug" from "/usr/syno/lib/synosyslog/subgens/debug.py"
2024-10-09T04:33:18+08:00 Yasuraokaa_Site syslog-notify.sh[9816]: INFO: loaded sub-generator "system" from "/usr/syno/lib/synosyslog/subgens/system.py"
2024-10-09T04:33:18+08:00 Yasuraokaa_Site syslog-notify.sh[9816]: INFO: loaded sub-generator "logcenter" from "/usr/syno/lib/synosyslog/subgens/logcenter.py"
2024-10-09T04:33:18+08:00 Yasuraokaa_Site syslog-notify.sh[9816]: INFO: loaded sub-generator "local" from "/usr/syno/lib/synosyslog/subgens/local.py"
2024-10-09T04:33:18+08:00 Yasuraokaa_Site syslog-notify.sh[9816]: INFO: systemd unit synologand is not up
2024-10-09T04:33:18+08:00 Yasuraokaa_Site syslog-notify.sh[9816]: INFO: loaded synolog config "synosystemd" from "/usr/syno/share/synolog/configs/synosystemd"
2024-10-09T04:33:18+08:00 Yasuraokaa_Site syslog-notify.sh[9816]: INFO: loaded synolog config "S2S" from "/usr/syno/share/synolog/configs/S2S"
2024-10-09T04:33:18+08:00 Yasuraokaa_Site syslog-notify.sh[9816]: INFO: loaded synolog config "disk" from "/usr/syno/share/synolog/configs/disk"
2024-10-09T04:33:18+08:00 Yasuraokaa_Site syslog-notify.sh[9816]: INFO: loaded synolog config "disk_test" from "/usr/syno/share/synolog/configs/disk_test"
2024-10-09T04:33:18+08:00 Yasuraokaa_Site syslog-notify.sh[9816]: INFO: loaded synolog config "auth" from "/usr/syno/share/synolog/configs/auth"
2024-10-09T04:33:18+08:00 Yasuraokaa_Site syslog-notify.sh[9816]: WARN: synolog conf for app "synosystemd" did not pass the validation in "synologand"
2024-10-09T04:33:18+08:00 Yasuraokaa_Site syslog-notify.sh[9816]: INFO: generated syslog-ng config for app "synosystemd" on "/etc/syslog-ng/syno.d/synosyslog.conf.gen.gen.tmp/app/synosystemd"
2024-10-09T04:33:18+08:00 Yasuraokaa_Site syslog-notify.sh[9816]: WARN: synolog conf for app "S2S" did not pass the validation in "synologand"
2024-10-09T04:33:18+08:00 Yasuraokaa_Site syslog-notify.sh[9816]: INFO: generated syslog-ng config for app "S2S" on "/etc/syslog-ng/syno.d/synosyslog.conf.gen.gen.tmp/app/S2S"
2024-10-09T04:33:18+08:00 Yasuraokaa_Site syslog-notify.sh[9816]: WARN: synolog conf for app "disk" did not pass the validation in "synologand"
2024-10-09T04:33:18+08:00 Yasuraokaa_Site syslog-notify.sh[9816]: INFO: generated syslog-ng config for app "disk" on "/etc/syslog-ng/syno.d/synosyslog.conf.gen.gen.tmp/app/disk"
2024-10-09T04:33:18+08:00 Yasuraokaa_Site syslog-notify.sh[9816]: WARN: synolog conf for app "disk_test" did not pass the validation in "synologand"
2024-10-09T04:33:18+08:00 Yasuraokaa_Site syslog-notify.sh[9816]: INFO: generated syslog-ng config for app "disk_test" on "/etc/syslog-ng/syno.d/synosyslog.conf.gen.gen.tmp/app/disk_test"
2024-10-09T04:33:18+08:00 Yasuraokaa_Site syslog-notify.sh[9816]: WARN: synolog conf for app "auth" did not pass the validation in "synologand"
2024-10-09T04:33:18+08:00 Yasuraokaa_Site syslog-notify.sh[9816]: INFO: generated syslog-ng config for app "auth" on "/etc/syslog-ng/syno.d/synosyslog.conf.gen.gen.tmp/app/auth"
2024-10-09T04:33:18+08:00 Yasuraokaa_Site syslog-notify.sh[9816]: INFO: syslog-ng config generation for synolog is done
2024-10-09T04:33:18+08:00 Yasuraokaa_Site syslog-notify.sh[9816]: [syslog-ng] reloaded.
2024-11-05T07:06:35+08:00 Yasuraokaa_Site syslog-notify.sh[9895]: ready to start syslog-notify for DSM
2024-11-05T07:06:35+08:00 Yasuraokaa_Site syslog-notify.sh[9895]: INFO: loaded sub-generator "synologand" from "/usr/syno/lib/synosyslog/subgens/synologand.py"
2024-11-05T07:06:35+08:00 Yasuraokaa_Site syslog-notify.sh[9895]: INFO: loaded sub-generator "debug" from "/usr/syno/lib/synosyslog/subgens/debug.py"
2024-11-05T07:06:35+08:00 Yasuraokaa_Site syslog-notify.sh[9895]: INFO: loaded sub-generator "system" from "/usr/syno/lib/synosyslog/subgens/system.py"
2024-11-05T07:06:35+08:00 Yasuraokaa_Site syslog-notify.sh[9895]: INFO: loaded sub-generator "logcenter" from "/usr/syno/lib/synosyslog/subgens/logcenter.py"
2024-11-05T07:06:35+08:00 Yasuraokaa_Site syslog-notify.sh[9895]: INFO: loaded sub-generator "local" from "/usr/syno/lib/synosyslog/subgens/local.py"
2024-11-05T07:06:35+08:00 Yasuraokaa_Site syslog-notify.sh[9895]: INFO: systemd unit synologand is not up
2024-11-05T07:06:35+08:00 Yasuraokaa_Site syslog-notify.sh[9895]: INFO: loaded synolog config "synosystemd" from "/usr/syno/share/synolog/configs/synosystemd"
2024-11-05T07:06:35+08:00 Yasuraokaa_Site syslog-notify.sh[9895]: INFO: loaded synolog config "S2S" from "/usr/syno/share/synolog/configs/S2S"
2024-11-05T07:06:35+08:00 Yasuraokaa_Site syslog-notify.sh[9895]: INFO: loaded synolog config "disk" from "/usr/syno/share/synolog/configs/disk"
2024-11-05T07:06:35+08:00 Yasuraokaa_Site syslog-notify.sh[9895]: INFO: loaded synolog config "disk_test" from "/usr/syno/share/synolog/configs/disk_test"
2024-11-05T07:06:35+08:00 Yasuraokaa_Site syslog-notify.sh[9895]: INFO: loaded synolog config "auth" from "/usr/syno/share/synolog/configs/auth"
2024-11-05T07:06:35+08:00 Yasuraokaa_Site syslog-notify.sh[9895]: WARN: synolog conf for app "synosystemd" did not pass the validation in "synologand"
2024-11-05T07:06:35+08:00 Yasuraokaa_Site syslog-notify.sh[9895]: INFO: generated syslog-ng config for app "synosystemd" on "/etc/syslog-ng/syno.d/synosyslog.conf.gen.gen.tmp/app/synosystemd"
2024-11-05T07:06:35+08:00 Yasuraokaa_Site syslog-notify.sh[9895]: WARN: synolog conf for app "S2S" did not pass the validation in "synologand"
2024-11-05T07:06:35+08:00 Yasuraokaa_Site syslog-notify.sh[9895]: INFO: generated syslog-ng config for app "S2S" on "/etc/syslog-ng/syno.d/synosyslog.conf.gen.gen.tmp/app/S2S"
2024-11-05T07:06:35+08:00 Yasuraokaa_Site syslog-notify.sh[9895]: WARN: synolog conf for app "disk" did not pass the validation in "synologand"
2024-11-05T07:06:35+08:00 Yasuraokaa_Site syslog-notify.sh[9895]: INFO: generated syslog-ng config for app "disk" on "/etc/syslog-ng/syno.d/synosyslog.conf.gen.gen.tmp/app/disk"
2024-11-05T07:06:35+08:00 Yasuraokaa_Site syslog-notify.sh[9895]: WARN: synolog conf for app "disk_test" did not pass the validation in "synologand"
2024-11-05T07:06:35+08:00 Yasuraokaa_Site syslog-notify.sh[9895]: INFO: generated syslog-ng config for app "disk_test" on "/etc/syslog-ng/syno.d/synosyslog.conf.gen.gen.tmp/app/disk_test"
2024-11-05T07:06:35+08:00 Yasuraokaa_Site syslog-notify.sh[9895]: WARN: synolog conf for app "auth" did not pass the validation in "synologand"
2024-11-05T07:06:35+08:00 Yasuraokaa_Site syslog-notify.sh[9895]: INFO: generated syslog-ng config for app "auth" on "/etc/syslog-ng/syno.d/synosyslog.conf.gen.gen.tmp/app/auth"
2024-11-05T07:06:35+08:00 Yasuraokaa_Site syslog-notify.sh[9895]: INFO: syslog-ng config generation for synolog is done
2024-11-05T07:06:35+08:00 Yasuraokaa_Site syslog-notify.sh[9895]: [syslog-ng] reloaded.
