2024-09-08T17:16:50-07:00 SynologyNAS update-dir-preference.sh[10005]: pid: 10005, run updateUserFolder
2024-09-08T17:16:50-07:00 SynologyNAS update-dir-preference.sh[10005]: pid: 10005, finish updateUserFolder
2024-09-10T07:08:53+08:00 Synology_NAS update-dir-preference.sh[10195]: pid: 10195, run updateUserFolder
2024-09-10T07:08:53+08:00 Synology_NAS update-dir-preference.sh[10195]: pid: 10195, finish updateUserFolder
2024-09-11T20:05:37+08:00 Synology_NAS update-dir-preference.sh[9574]: pid: 9574, run updateUserFolder
2024-09-11T20:05:37+08:00 Synology_NAS update-dir-preference.sh[9574]: pid: 9574, finish updateUserFolder
2024-09-12T00:30:27+08:00 Synology_NAS update-dir-preference.sh[12165]: pid: 12165, run updateUserFolder
2024-09-12T00:30:27+08:00 Synology_NAS update-dir-preference.sh[12165]: pid: 12165, finish updateUserFolder
2024-09-14T23:16:54+08:00 Synology_NAS update-dir-preference.sh[13336]: pid: 13336, run updateUserFolder
2024-09-14T23:16:54+08:00 Synology_NAS update-dir-preference.sh[13336]: pid: 13336, finish updateUserFolder
2024-09-15T01:14:19+08:00 Synology_NAS update-dir-preference.sh[13357]: pid: 13357, run updateUserFolder
2024-09-15T01:14:19+08:00 Synology_NAS update-dir-preference.sh[13357]: pid: 13357, finish updateUserFolder
2024-09-15T01:22:06+08:00 Synology_NAS update-dir-preference.sh[13383]: pid: 13383, run updateUserFolder
2024-09-15T01:22:06+08:00 Synology_NAS update-dir-preference.sh[13383]: pid: 13383, finish updateUserFolder
2024-09-15T01:31:00+08:00 Synology_NAS update-dir-preference.sh[13630]: pid: 13630, run updateUserFolder
2024-09-15T01:31:00+08:00 Synology_NAS update-dir-preference.sh[13630]: pid: 13630, finish updateUserFolder
2024-09-15T05:06:13+08:00 Synology_NAS update-dir-preference.sh[11212]: pid: 11212, run updateUserFolder
2024-09-15T05:06:13+08:00 Synology_NAS update-dir-preference.sh[11212]: pid: 11212, finish updateUserFolder
2024-09-15T05:15:18+08:00 Synology_NAS update-dir-preference.sh[13361]: pid: 13361, run updateUserFolder
2024-09-15T05:15:18+08:00 Synology_NAS update-dir-preference.sh[13361]: pid: 13361, finish updateUserFolder
2024-09-16T05:39:42+08:00 Synology_NAS update-dir-preference.sh[13363]: pid: 13363, run updateUserFolder
2024-09-16T05:39:42+08:00 Synology_NAS update-dir-preference.sh[13363]: pid: 13363, finish updateUserFolder
2024-09-16T19:33:04+08:00 Synology_NAS update-dir-preference.sh[13349]: pid: 13349, run updateUserFolder
2024-09-16T19:33:04+08:00 Synology_NAS update-dir-preference.sh[13349]: pid: 13349, finish updateUserFolder
2024-09-17T04:58:44+08:00 Synology_NAS update-dir-preference.sh[13415]: pid: 13415, run updateUserFolder
2024-09-17T04:58:44+08:00 Synology_NAS update-dir-preference.sh[13415]: pid: 13415, finish updateUserFolder
2024-09-17T05:50:53+08:00 Synology_NAS update-dir-preference.sh[13348]: pid: 13348, run updateUserFolder
2024-09-17T05:50:53+08:00 Synology_NAS update-dir-preference.sh[13348]: pid: 13348, finish updateUserFolder
2024-09-17T10:46:07+08:00 Synology_NAS update-dir-preference.sh[13341]: pid: 13341, run updateUserFolder
2024-09-17T10:46:07+08:00 Synology_NAS update-dir-preference.sh[13341]: pid: 13341, finish updateUserFolder
2024-09-20T07:51:25+08:00 Synology_NAS update-dir-preference.sh[13502]: pid: 13502, run updateUserFolder
2024-09-20T07:51:25+08:00 Synology_NAS update-dir-preference.sh[13502]: pid: 13502, finish updateUserFolder
2024-09-20T11:34:46+08:00 Synology_NAS update-dir-preference.sh[14029]: pid: 14029, run updateUserFolder
2024-09-20T11:34:46+08:00 Synology_NAS update-dir-preference.sh[14029]: pid: 14029, finish updateUserFolder
2024-10-09T04:33:30+08:00 Yasuraokaa_Site update-dir-preference.sh[14177]: pid: 14177, run updateUserFolder
2024-10-09T04:33:30+08:00 Yasuraokaa_Site update-dir-preference.sh[14177]: pid: 14177, finish updateUserFolder
2024-11-05T07:06:37+08:00 Yasuraokaa_Site update-dir-preference.sh[14226]: pid: 14226, run updateUserFolder
2024-11-05T07:06:37+08:00 Yasuraokaa_Site update-dir-preference.sh[14226]: pid: 14226, finish updateUserFolder
