2024-09-08T17:16:50-07:00 SynologyNAS user-preference.sh[10022]: pid: 10022, run movepreferencetovolumeFn
2024-09-08T17:16:50-07:00 SynologyNAS user-preference.sh[10022]: pid: 10036, movepreferencetovolumeFn
2024-09-08T17:16:50-07:00 SynologyNAS user-preference.sh[10022]: pid: 10022, finish movepreferencetovolumeFn
2024-09-10T07:08:53+08:00 Synology_NAS user-preference.sh[10212]: pid: 10212, run movepreferencetovolumeFn
2024-09-10T07:08:53+08:00 Synology_NAS user-preference.sh[10212]: pid: 10262, movepreferencetovolumeFn
2024-09-10T07:08:54+08:00 Synology_NAS user-preference.sh[10212]: pid: 10212, finish movepreferencetovolumeFn
2024-09-11T20:05:37+08:00 Synology_NAS user-preference.sh[9575]: pid: 9575, run movepreferencetovolumeFn
2024-09-11T20:05:37+08:00 Synology_NAS user-preference.sh[9575]: pid: 9638, movepreferencetovolumeFn
2024-09-11T20:05:38+08:00 Synology_NAS user-preference.sh[9575]: pid: 9575, finish movepreferencetovolumeFn
2024-09-12T00:30:27+08:00 Synology_NAS user-preference.sh[12160]: pid: 12160, run movepreferencetovolumeFn
2024-09-12T00:30:27+08:00 Synology_NAS user-preference.sh[12160]: pid: 12179, movepreferencetovolumeFn
2024-09-12T00:30:27+08:00 Synology_NAS user-preference.sh[12160]: pid: 12160, finish movepreferencetovolumeFn
2024-09-14T23:16:54+08:00 Synology_NAS user-preference.sh[13346]: pid: 13346, run movepreferencetovolumeFn
2024-09-14T23:16:54+08:00 Synology_NAS user-preference.sh[13346]: pid: 13352, movepreferencetovolumeFn
2024-09-14T23:16:54+08:00 Synology_NAS user-preference.sh[13346]: pid: 13346, finish movepreferencetovolumeFn
2024-09-15T01:14:19+08:00 Synology_NAS user-preference.sh[13351]: pid: 13351, run movepreferencetovolumeFn
2024-09-15T01:14:19+08:00 Synology_NAS user-preference.sh[13351]: pid: 13361, movepreferencetovolumeFn
2024-09-15T01:14:19+08:00 Synology_NAS user-preference.sh[13351]: pid: 13351, finish movepreferencetovolumeFn
2024-09-15T01:22:06+08:00 Synology_NAS user-preference.sh[13390]: pid: 13390, run movepreferencetovolumeFn
2024-09-15T01:22:06+08:00 Synology_NAS user-preference.sh[13390]: pid: 13397, movepreferencetovolumeFn
2024-09-15T01:22:06+08:00 Synology_NAS user-preference.sh[13390]: pid: 13390, finish movepreferencetovolumeFn
2024-09-15T01:31:00+08:00 Synology_NAS user-preference.sh[13623]: pid: 13623, run movepreferencetovolumeFn
2024-09-15T01:31:00+08:00 Synology_NAS user-preference.sh[13623]: pid: 13629, movepreferencetovolumeFn
2024-09-15T01:31:00+08:00 Synology_NAS user-preference.sh[13623]: pid: 13623, finish movepreferencetovolumeFn
2024-09-15T05:06:13+08:00 Synology_NAS user-preference.sh[11211]: pid: 11211, run movepreferencetovolumeFn
2024-09-15T05:06:13+08:00 Synology_NAS user-preference.sh[11211]: pid: 11217, movepreferencetovolumeFn
2024-09-15T05:06:13+08:00 Synology_NAS user-preference.sh[11211]: /bin/cp: cannot stat '/usr/syno/etc/preference/*': No such file or directory
2024-09-15T05:06:13+08:00 Synology_NAS user-preference.sh[11211]: pid: 11211, finish movepreferencetovolumeFn
2024-09-15T05:15:18+08:00 Synology_NAS user-preference.sh[13367]: pid: 13367, run movepreferencetovolumeFn
2024-09-15T05:15:18+08:00 Synology_NAS user-preference.sh[13367]: pid: 13374, movepreferencetovolumeFn
2024-09-15T05:15:18+08:00 Synology_NAS user-preference.sh[13367]: pid: 13367, finish movepreferencetovolumeFn
2024-09-16T05:39:42+08:00 Synology_NAS user-preference.sh[13359]: pid: 13359, run movepreferencetovolumeFn
2024-09-16T05:39:42+08:00 Synology_NAS user-preference.sh[13359]: pid: 13364, movepreferencetovolumeFn
2024-09-16T05:39:42+08:00 Synology_NAS user-preference.sh[13359]: pid: 13359, finish movepreferencetovolumeFn
2024-09-16T19:33:04+08:00 Synology_NAS user-preference.sh[13342]: pid: 13342, run movepreferencetovolumeFn
2024-09-16T19:33:04+08:00 Synology_NAS user-preference.sh[13342]: pid: 13356, movepreferencetovolumeFn
2024-09-16T19:33:04+08:00 Synology_NAS user-preference.sh[13342]: pid: 13342, finish movepreferencetovolumeFn
2024-09-17T04:58:44+08:00 Synology_NAS user-preference.sh[13424]: pid: 13424, run movepreferencetovolumeFn
2024-09-17T04:58:44+08:00 Synology_NAS user-preference.sh[13424]: pid: 13428, movepreferencetovolumeFn
2024-09-17T04:58:44+08:00 Synology_NAS user-preference.sh[13424]: pid: 13424, finish movepreferencetovolumeFn
2024-09-17T05:50:53+08:00 Synology_NAS user-preference.sh[13356]: pid: 13356, run movepreferencetovolumeFn
2024-09-17T05:50:53+08:00 Synology_NAS user-preference.sh[13356]: pid: 13376, movepreferencetovolumeFn
2024-09-17T05:50:53+08:00 Synology_NAS user-preference.sh[13356]: pid: 13356, finish movepreferencetovolumeFn
2024-09-17T10:46:07+08:00 Synology_NAS user-preference.sh[13351]: pid: 13351, run movepreferencetovolumeFn
2024-09-17T10:46:07+08:00 Synology_NAS user-preference.sh[13351]: pid: 13368, movepreferencetovolumeFn
2024-09-17T10:46:07+08:00 Synology_NAS user-preference.sh[13351]: pid: 13351, finish movepreferencetovolumeFn
2024-09-20T07:51:25+08:00 Synology_NAS user-preference.sh[13510]: pid: 13510, run movepreferencetovolumeFn
2024-09-20T07:51:25+08:00 Synology_NAS user-preference.sh[13510]: pid: 13516, movepreferencetovolumeFn
2024-09-20T07:51:25+08:00 Synology_NAS user-preference.sh[13510]: pid: 13510, finish movepreferencetovolumeFn
2024-09-20T11:34:46+08:00 Synology_NAS user-preference.sh[14021]: pid: 14021, run movepreferencetovolumeFn
2024-09-20T11:34:46+08:00 Synology_NAS user-preference.sh[14021]: pid: 14030, movepreferencetovolumeFn
2024-09-20T11:34:46+08:00 Synology_NAS user-preference.sh[14021]: pid: 14021, finish movepreferencetovolumeFn
2024-10-09T04:33:30+08:00 Yasuraokaa_Site user-preference.sh[14178]: pid: 14178, run movepreferencetovolumeFn
2024-10-09T04:33:30+08:00 Yasuraokaa_Site user-preference.sh[14178]: pid: 14185, movepreferencetovolumeFn
2024-10-09T04:33:30+08:00 Yasuraokaa_Site user-preference.sh[14178]: pid: 14178, finish movepreferencetovolumeFn
2024-11-05T07:06:37+08:00 Yasuraokaa_Site user-preference.sh[14199]: pid: 14199, run movepreferencetovolumeFn
2024-11-05T07:06:37+08:00 Yasuraokaa_Site user-preference.sh[14199]: pid: 14205, movepreferencetovolumeFn
2024-11-05T07:06:37+08:00 Yasuraokaa_Site user-preference.sh[14199]: pid: 14199, finish movepreferencetovolumeFn
