2024-09-12T10:52:54+08:00 Synology_NAS -sh[14550]: HISTORY: PID=14550 UID=1026 docker
2024-09-12T10:53:01+08:00 Synology_NAS -sh[14550]: HISTORY: PID=14550 UID=1026 docker pull amilys/embyserver
2024-09-23T23:27:59+08:00 Synology_NAS -sh[2211]: HISTORY: PID=2211 UID=1026 docker
2024-09-23T23:28:12+08:00 Synology_NAS -sh[2211]: HISTORY: PID=2211 UID=1026 docker pull nyanmisaka/jellyfin:latest-legacy
2024-09-23T23:29:14+08:00 Synology_NAS -sh[2211]: HISTORY: PID=2211 UID=1026 sudo systemctl status docker
2024-09-28T12:55:22+08:00 Synology_NAS -sh[27014]: HISTORY: PID=27014 UID=1026 cd /volume1/docker/jellyfin/config
2024-09-28T12:55:28+08:00 Synology_NAS -sh[27014]: HISTORY: PID=27014 UID=1026 cd /var/packages/jellyfin/target/config
2024-09-28T12:55:52+08:00 Synology_NAS -sh[27014]: HISTORY: PID=27014 UID=1026 cd ..
2024-09-28T12:55:54+08:00 Synology_NAS -sh[27014]: HISTORY: PID=27014 UID=1026 find / -name "passwordreset*.json"
2024-09-28T12:56:48+08:00 Synology_NAS -sh[27014]: HISTORY: PID=27014 UID=1026 cd volume 1
2024-09-28T12:56:51+08:00 Synology_NAS -sh[27014]: HISTORY: PID=27014 UID=1026 ls
2024-09-28T12:56:56+08:00 Synology_NAS -sh[27014]: HISTORY: PID=27014 UID=1026 cd volume1
2024-09-28T12:56:57+08:00 Synology_NAS -sh[27014]: HISTORY: PID=27014 UID=1026 ls
2024-09-28T12:57:07+08:00 Synology_NAS -sh[27014]: HISTORY: PID=27014 UID=1026 cd @docker
2024-09-28T12:57:21+08:00 Synology_NAS -sh[27014]: HISTORY: PID=27014 UID=1026 cd docker
2024-09-28T12:57:22+08:00 Synology_NAS -sh[27014]: HISTORY: PID=27014 UID=1026 ls
2024-09-28T12:57:33+08:00 Synology_NAS -sh[27014]: HISTORY: PID=27014 UID=1026 cd @eaDir
2024-09-28T12:57:34+08:00 Synology_NAS -sh[27014]: HISTORY: PID=27014 UID=1026 ls
2024-09-28T12:57:38+08:00 Synology_NAS -sh[27014]: HISTORY: PID=27014 UID=1026 cd ..
2024-09-28T12:58:26+08:00 Synology_NAS -sh[27014]: HISTORY: PID=27014 UID=1026 sudo su
2024-09-28T12:58:33+08:00 Synology_NAS ash[28667]: HISTORY: PID=28667 UID=0 ls
2024-09-28T12:58:36+08:00 Synology_NAS ash[28667]: HISTORY: PID=28667 UID=0 cd ..
2024-09-28T12:58:46+08:00 Synology_NAS ash[28667]: HISTORY: PID=28667 UID=0 cd /volume1/@docker
2024-09-28T12:58:47+08:00 Synology_NAS ash[28667]: HISTORY: PID=28667 UID=0 ls
2024-09-28T12:59:17+08:00 Synology_NAS ash[28667]: HISTORY: PID=28667 UID=0 cd volumes
2024-09-28T12:59:18+08:00 Synology_NAS ash[28667]: HISTORY: PID=28667 UID=0 ls
2024-09-28T12:59:41+08:00 Synology_NAS ash[28667]: HISTORY: PID=28667 UID=0 cd 602f772272e84fa1182e3fdaabb9ace027128a123cce08f0a7a8ee60326b8d30
2024-09-28T12:59:41+08:00 Synology_NAS ash[28667]: HISTORY: PID=28667 UID=0 ls
2024-09-28T12:59:50+08:00 Synology_NAS ash[28667]: HISTORY: PID=28667 UID=0 cd ..
2024-09-28T12:59:51+08:00 Synology_NAS ash[28667]: HISTORY: PID=28667 UID=0 ls
2024-09-28T12:59:54+08:00 Synology_NAS ash[28667]: HISTORY: PID=28667 UID=0 cd ..
2024-09-28T12:59:55+08:00 Synology_NAS ash[28667]: HISTORY: PID=28667 UID=0 ls
2024-09-28T13:00:44+08:00 Synology_NAS ash[28667]: HISTORY: PID=28667 UID=0  find / -name "passwordreset*.json"
2024-09-28T13:01:21+08:00 Synology_NAS ash[28667]: HISTORY: PID=28667 UID=0 find . -name "passwordreset*.json"
2024-09-28T13:01:40+08:00 Synology_NAS ash[28667]: HISTORY: PID=28667 UID=0 cd ./volumes/f62fd2ed9b2feb571e1b0dc5a6a6deb56d5a330944d9b0579b5fa563d6cfc637/_data/p
2024-09-28T13:01:44+08:00 Synology_NAS ash[28667]: HISTORY: PID=28667 UID=0 ./volumes/f62fd2ed9b2feb571e1b0dc5a6a6deb56d5a330944d9b0579b5fa563d6cfc637/_data
2024-09-28T13:01:56+08:00 Synology_NAS ash[28667]: HISTORY: PID=28667 UID=0 cd ./volumes/f62fd2ed9b2feb571e1b0dc5a6a6deb56d5a330944d9b0579b5fa563d6cfc637/_data
2024-09-28T13:01:58+08:00 Synology_NAS ash[28667]: HISTORY: PID=28667 UID=0 ls
2024-09-28T13:02:05+08:00 Synology_NAS ash[28667]: HISTORY: PID=28667 UID=0 cd config
2024-09-28T13:02:06+08:00 Synology_NAS ash[28667]: HISTORY: PID=28667 UID=0 ls
2024-09-28T13:02:10+08:00 Synology_NAS ash[28667]: HISTORY: PID=28667 UID=0 cd ..
2024-09-28T13:02:36+08:00 Synology_NAS ash[28667]: HISTORY: PID=28667 UID=0 cat passwordreset76443db0-9ed2-4839-b56f-9108c34de606.json
2024-09-28T13:04:20+08:00 Synology_NAS ash[28667]: HISTORY: PID=28667 UID=0 LS
2024-09-28T13:04:21+08:00 Synology_NAS ash[28667]: HISTORY: PID=28667 UID=0 ls
2024-09-28T13:04:30+08:00 Synology_NAS ash[28667]: HISTORY: PID=28667 UID=0 cat passwordreset76443db0-9ed2-4839-b56f-9108c34de606.json
2024-10-05T07:35:19+08:00 Synology_NAS -sh[32685]: HISTORY: PID=32685 UID=1026 docker run --network host --name jellyfin -d jellyfin/jellyfin
2024-10-05T07:35:25+08:00 Synology_NAS -sh[32685]: HISTORY: PID=32685 UID=1026 sudo
2024-10-05T07:35:57+08:00 Synology_NAS -sh[32685]: HISTORY: PID=32685 UID=1026 sudo docker run --network host --name jellyfin -d jellyfin/jellyfin
2024-10-05T07:38:00+08:00 Synology_NAS -sh[32685]: HISTORY: PID=32685 UID=1026 sudo docker run --network host --name jellyfin -d nyanmisaka/jellyfin
2024-10-05T07:38:39+08:00 Synology_NAS -sh[32685]: HISTORY: PID=32685 UID=1026 sudo docker ps
2024-10-05T07:39:35+08:00 Synology_NAS -sh[32685]: HISTORY: PID=32685 UID=1026 sudo docker logs nyanmisaka-jellyfin-1
2024-10-05T07:41:04+08:00 Synology_NAS -sh[32685]: HISTORY: PID=32685 UID=1026 sudo docker inspect nyanmisaka-jellyfin-1 | grep -i ip
2024-10-05T07:41:31+08:00 Synology_NAS -sh[32685]: HISTORY: PID=32685 UID=1026 sudo docker stop nyanmisaka-jellyfin-1
2024-10-05T07:41:54+08:00 Synology_NAS -sh[32685]: HISTORY: PID=32685 UID=1026 sudo docker rm nyanmisaka-jellyfin-1
2024-10-05T07:42:03+08:00 Synology_NAS -sh[32685]: HISTORY: PID=32685 UID=1026 sudo docker run --network host --name jellyfin -d nyanmisaka/jellyfin
2024-10-05T07:42:49+08:00 Synology_NAS -sh[32685]: HISTORY: PID=32685 UID=1026 sudo docker rm 63309f8eec38
2024-10-05T07:42:55+08:00 Synology_NAS -sh[32685]: HISTORY: PID=32685 UID=1026 sudo docker run --network host --name jellyfin -d nyanmisaka/jellyfin
2024-10-05T07:43:21+08:00 Synology_NAS -sh[32685]: HISTORY: PID=32685 UID=1026 sudo docker inspect nyanmisaka-jellyfin-1 | grep -i ip
2024-10-05T07:44:11+08:00 Synology_NAS -sh[32685]: HISTORY: PID=32685 UID=1026 sudo netstat -tuln | grep 8096
2024-10-05T07:44:36+08:00 Synology_NAS -sh[32685]: HISTORY: PID=32685 UID=1026 sudo docker logs jellyfin
2024-10-05T07:45:05+08:00 Synology_NAS -sh[32685]: HISTORY: PID=32685 UID=1026 sudo lsof -i :8096
2024-10-05T07:45:19+08:00 Synology_NAS -sh[32685]: HISTORY: PID=32685 UID=1026 sudo netstat -tuln | grep 8096
2024-10-05T07:45:38+08:00 Synology_NAS -sh[32685]: HISTORY: PID=32685 UID=1026 sudo netstat -tulnp | grep 8096
2024-10-05T07:45:59+08:00 Synology_NAS -sh[32685]: HISTORY: PID=32685 UID=1026 sudo kill 14580
2024-10-05T07:46:03+08:00 Synology_NAS -sh[32685]: HISTORY: PID=32685 UID=1026 sudo docker start jellyfin
2024-10-05T07:46:26+08:00 Synology_NAS -sh[32685]: HISTORY: PID=32685 UID=1026 docker
2024-10-05T07:46:32+08:00 Synology_NAS -sh[32685]: HISTORY: PID=32685 UID=1026 sudo /usr/local/bin/docker start jellyfin
2024-10-05T07:46:39+08:00 Synology_NAS -sh[32685]: HISTORY: PID=32685 UID=1026 which docker
2024-10-05T08:38:27+08:00 Synology_NAS -sh[19215]: HISTORY: PID=19215 UID=1026 docker logs --tail 100 nyanmisaka-jellyfin
2024-10-05T08:38:30+08:00 Synology_NAS -sh[19215]: HISTORY: PID=19215 UID=1026 sudo docker logs --tail 100 nyanmisaka-jellyfin
2024-10-05T08:41:07+08:00 Synology_NAS -sh[19215]: HISTORY: PID=19215 UID=1026 sudo lsof -i :8096
2024-10-05T08:41:31+08:00 Synology_NAS -sh[19215]: HISTORY: PID=19215 UID=1026 sudo wget
2024-10-05T08:41:38+08:00 Synology_NAS -sh[19215]: HISTORY: PID=19215 UID=1026 sudo wget -O - https://raw.githubusercontent.com/Entware/Entware/master/scripts/installer/generic.sh | /bin/sh
2024-10-05T08:42:01+08:00 Synology_NAS -sh[19215]: HISTORY: PID=19215 UID=1026 sudo wget -O - http://bin.entware.net/other/install-entware.sh | /bin/sh
2024-10-05T08:42:10+08:00 Synology_NAS -sh[19215]: HISTORY: PID=19215 UID=1026 opkg update
2024-10-05T08:42:55+08:00 Synology_NAS -sh[19215]: HISTORY: PID=19215 UID=1026 sudo netstat -tuln | grep 8096
2024-10-05T08:43:16+08:00 Synology_NAS -sh[19215]: HISTORY: PID=19215 UID=1026 tcp        0      0 0.0.0.0:8096            0.0.0.0:*               LISTEN      1234/process_name
2024-10-05T08:43:29+08:00 Synology_NAS -sh[19215]: HISTORY: PID=19215 UID=1026 sudo netstat -tulnp | grep 8096
2024-10-05T08:44:04+08:00 Synology_NAS -sh[19215]: HISTORY: PID=19215 UID=1026 sudo docker stop nyanmisaka-jellyfin
2024-10-05T08:44:59+08:00 Synology_NAS -sh[19215]: HISTORY: PID=19215 UID=1026 sudo docker run -d --name nyanmisaka-jellyfin -p 8097:8096 nyanmisaka/jellyfin
2024-10-05T08:45:21+08:00 Synology_NAS -sh[19215]: HISTORY: PID=19215 UID=1026 sudo docker stop nyanmisaka-jellyfin
2024-10-05T08:45:21+08:00 Synology_NAS -sh[19215]: HISTORY: PID=19215 UID=1026 sudo docker rm nyanmisaka-jellyfin
2024-10-05T08:45:29+08:00 Synology_NAS -sh[19215]: HISTORY: PID=19215 UID=1026 sudo docker run -d --name nyanmisaka-jellyfin -p 8097:8096 nyanmisaka/jellyfin
2024-10-05T08:49:09+08:00 Synology_NAS -sh[19215]: HISTORY: PID=19215 UID=1026 cd /etc/nginx/conf.d
2024-10-05T08:49:15+08:00 Synology_NAS -sh[19215]: HISTORY: PID=19215 UID=1026 sudo nano jellyfin.conf
2024-10-05T08:49:32+08:00 Synology_NAS -sh[19215]: HISTORY: PID=19215 UID=1026 sudo vi /etc/nginx/conf.d/jellyfin.conf
2024-10-05T08:50:20+08:00 Synology_NAS -sh[19215]: HISTORY: PID=19215 UID=1026 sudo nginx -t
2024-10-05T08:50:39+08:00 Synology_NAS -sh[19215]: HISTORY: PID=19215 UID=1026 sudo systemctl reload nginx
2024-10-05T08:51:27+08:00 Synology_NAS -sh[19215]: HISTORY: PID=19215 UID=1026 sudo systemctl reload nginx
2024-10-05T09:04:43+08:00 Synology_NAS -sh[19215]: HISTORY: PID=19215 UID=1026 cat /var/log/nginx/error.log
2024-10-05T09:04:48+08:00 Synology_NAS -sh[19215]: HISTORY: PID=19215 UID=1026 sudo cat /var/log/nginx/error.log
2024-10-05T10:13:59+08:00 Synology_NAS -sh[8228]: HISTORY: PID=8228 UID=1026 sudo
2024-10-05T10:14:06+08:00 Synology_NAS -sh[8228]: HISTORY: PID=8228 UID=1026 sudo docker logs --tail 100 nextcloud
2024-10-05T10:14:14+08:00 Synology_NAS -sh[8228]: HISTORY: PID=8228 UID=1026 sudo docker logs --tail 100 nextCloud
2024-10-05T10:14:36+08:00 Synology_NAS -sh[8228]: HISTORY: PID=8228 UID=1026 sudo netstat -tulnp | grep :80
2024-10-05T10:15:05+08:00 Synology_NAS -sh[8228]: HISTORY: PID=8228 UID=1026 sudo docker stop nextcloud
2024-10-05T10:15:10+08:00 Synology_NAS -sh[8228]: HISTORY: PID=8228 UID=1026 sudo docker stop nextCloud
2024-10-05T10:15:25+08:00 Synology_NAS -sh[8228]: HISTORY: PID=8228 UID=1026 sudo docker run -d --name nextCloud -p 8081:80 nextCloud
2024-10-05T10:15:40+08:00 Synology_NAS -sh[8228]: HISTORY: PID=8228 UID=1026 sudo docker run -d --name nextcloud -p 8081:80 nextCloud
2024-10-05T10:15:47+08:00 Synology_NAS -sh[8228]: HISTORY: PID=8228 UID=1026 sudo docker run -d --name nextCloud -p 8081:80 nextcloud
2024-10-05T10:16:02+08:00 Synology_NAS -sh[8228]: HISTORY: PID=8228 UID=1026 sudo docker stop nextCloud
2024-10-05T10:16:02+08:00 Synology_NAS -sh[8228]: HISTORY: PID=8228 UID=1026 sudo docker rm nextCloud
2024-10-05T10:16:12+08:00 Synology_NAS -sh[8228]: HISTORY: PID=8228 UID=1026 sudo docker run -d --name nextCloud -p 8081:80 nextcloud
2024-10-05T10:17:25+08:00 Synology_NAS -sh[8228]: HISTORY: PID=8228 UID=1026 sudo vi /etc/nginx/conf.d/nextcloud.conf
2024-10-05T10:18:02+08:00 Synology_NAS -sh[8228]: HISTORY: PID=8228 UID=1026 sudo nginx -t
2024-10-05T10:18:08+08:00 Synology_NAS -sh[8228]: HISTORY: PID=8228 UID=1026 sudo systemctl reload nginx
2024-10-05T10:49:07+08:00 Synology_NAS -sh[8228]: HISTORY: PID=8228 UID=1026 sudo vi /etc/nginx/conf.d/nextcloud.conf
2024-10-05T10:50:01+08:00 Synology_NAS -sh[8228]: HISTORY: PID=8228 UID=1026 sudo nginx -t
2024-10-05T10:50:18+08:00 Synology_NAS -sh[8228]: HISTORY: PID=8228 UID=1026 sudo systemctl reload nginx
2024-10-05T10:50:20+08:00 Synology_NAS -sh[8228]: HISTORY: PID=8228 UID=1026 exit
2024-10-05T10:55:43+08:00 Synology_NAS -sh[27728]: HISTORY: PID=27728 UID=1026 sudo docker logs --tail 100 nextCloud
2024-10-05T10:57:49+08:00 Synology_NAS -sh[27728]: HISTORY: PID=27728 UID=1026 sudo docker exec -it nextCloud /bin/bash
2024-10-05T11:00:18+08:00 Synology_NAS -sh[27728]: HISTORY: PID=27728 UID=1026 cd /etc/nginx/
2024-10-05T11:00:20+08:00 Synology_NAS -sh[27728]: HISTORY: PID=27728 UID=1026 ls
2024-10-05T11:00:29+08:00 Synology_NAS -sh[27728]: HISTORY: PID=27728 UID=1026 cd conf.d
2024-10-05T11:00:30+08:00 Synology_NAS -sh[27728]: HISTORY: PID=27728 UID=1026 ls
2024-10-05T11:00:41+08:00 Synology_NAS -sh[27728]: HISTORY: PID=27728 UID=1026 rm nextcloud.conf
2024-10-05T11:00:52+08:00 Synology_NAS -sh[27728]: HISTORY: PID=27728 UID=1026 sudo rm nextcloud.conf
2024-10-05T11:00:54+08:00 Synology_NAS -sh[27728]: HISTORY: PID=27728 UID=1026 ls
2024-10-05T11:01:06+08:00 Synology_NAS -sh[27728]: HISTORY: PID=27728 UID=1026 sudo rm jellyfin.conf
2024-10-05T11:01:31+08:00 Synology_NAS -sh[27728]: HISTORY: PID=27728 UID=1026 ls
2024-10-05T11:12:39+08:00 Synology_NAS -sh[27728]: HISTORY: PID=27728 UID=1026 sudo cat /var/log/nginx/access.log
2024-10-05T11:13:06+08:00 Synology_NAS -sh[27728]: HISTORY: PID=27728 UID=1026 sudo vi /etc/nginx/nginx.conf
2024-10-05T11:13:50+08:00 Synology_NAS -sh[27728]: HISTORY: PID=27728 UID=1026 sudo vi /etc/nginx/nginx.conf
2024-10-05T11:15:12+08:00 Synology_NAS -sh[4148]: HISTORY: PID=4148 UID=1026 sudo docker logs --tail 100 nextCloud
2024-10-05T11:16:45+08:00 Synology_NAS -sh[4148]: HISTORY: PID=4148 UID=1026 sudo docker ps
2024-10-05T11:17:04+08:00 Synology_NAS -sh[4148]: HISTORY: PID=4148 UID=1026 sudo docker logs --tail 100 nextcloud
2024-10-05T11:18:07+08:00 Synology_NAS -sh[4148]: HISTORY: PID=4148 UID=1026 curl http://localhost:8082
2024-10-05T11:18:30+08:00 Synology_NAS -sh[4148]: HISTORY: PID=4148 UID=1026 sudo docker exec -it nextcloud /bin/bash
2024-10-24T03:22:18+08:00 Yasuraokaa_Site -sh[10890]: HISTORY: PID=10890 UID=1026 docker
2024-10-24T03:24:01+08:00 Yasuraokaa_Site -sh[10890]: HISTORY: PID=10890 UID=1026 https://71.192.153.36:8443
2024-10-24T04:18:28+08:00 Yasuraokaa_Site -sh[2871]: HISTORY: PID=2871 UID=1026 docker exec -u 0 -it linuxserver-code-server-1 /bin/bash
2024-10-24T04:19:03+08:00 Yasuraokaa_Site -sh[2871]: HISTORY: PID=2871 UID=1026 sudo usermod -aG docker $USER
2024-10-24T04:19:38+08:00 Yasuraokaa_Site -sh[2871]: HISTORY: PID=2871 UID=1026 sudo apt-get update
2024-10-24T04:19:38+08:00 Yasuraokaa_Site -sh[2871]: HISTORY: PID=2871 UID=1026 sudo apt-get install passwd
2024-10-24T04:19:48+08:00 Yasuraokaa_Site -sh[2871]: HISTORY: PID=2871 UID=1026 suto install apt
2024-10-24T04:19:57+08:00 Yasuraokaa_Site -sh[2871]: HISTORY: PID=2871 UID=1026 sudo apt
2024-11-05T00:45:24+08:00 Yasuraokaa_Site -sh[19113]: HISTORY: PID=19113 UID=1026 ls -l /proc/10870/exe
2024-11-05T00:45:45+08:00 Yasuraokaa_Site -sh[19113]: HISTORY: PID=19113 UID=1026 sudo ls -l /proc/10870/exe
2024-11-05T00:46:07+08:00 Yasuraokaa_Site -sh[19113]: HISTORY: PID=19113 UID=1026 kill -9 10870
2024-11-05T00:46:14+08:00 Yasuraokaa_Site -sh[19113]: HISTORY: PID=19113 UID=1026 sudo kill -9 10870
2024-11-05T00:46:22+08:00 Yasuraokaa_Site -sh[19113]: HISTORY: PID=19113 UID=1026 sudo rm -rf /tmp/xmrig
2024-11-05T00:47:41+08:00 Yasuraokaa_Site -sh[19113]: HISTORY: PID=19113 UID=1026 sudo crontab -l
2024-11-05T00:47:41+08:00 Yasuraokaa_Site -sh[19113]: HISTORY: PID=19113 UID=1026 sudo ls /etc/cron.d
2024-11-05T00:48:11+08:00 Yasuraokaa_Site -sh[19113]: HISTORY: PID=19113 UID=1026 sudo ls /etc/crontab
2024-11-05T00:48:11+08:00 Yasuraokaa_Site -sh[19113]: HISTORY: PID=19113 UID=1026 sudo ls /etc/cron.daily
2024-11-05T00:48:11+08:00 Yasuraokaa_Site -sh[19113]: HISTORY: PID=19113 UID=1026 sudo ls /etc/cron.hourly
2024-11-05T00:48:11+08:00 Yasuraokaa_Site -sh[19113]: HISTORY: PID=19113 UID=1026 sudo ls /etc/cron.weekly
2024-11-05T00:48:11+08:00 Yasuraokaa_Site -sh[19113]: HISTORY: PID=19113 UID=1026 sudo ls /etc/cron.monthly
2024-11-05T00:49:02+08:00 Yasuraokaa_Site -sh[19113]: HISTORY: PID=19113 UID=1026 sudo ls /etc/systemd/system/
2024-11-05T00:49:02+08:00 Yasuraokaa_Site -sh[19113]: HISTORY: PID=19113 UID=1026 sudo ls /lib/systemd/system/
2024-11-05T00:49:37+08:00 Yasuraokaa_Site -sh[19113]: HISTORY: PID=19113 UID=1026 sudo inotifywait -m /tmp
2024-11-05T00:49:52+08:00 Yasuraokaa_Site -sh[19113]: HISTORY: PID=19113 UID=1026 ls -lt /tmp
2024-11-05T07:37:40+08:00 Yasuraokaa_Site -sh[31698]: HISTORY: PID=31698 UID=1026 cat /var/log/auth.log | grep 'sshd'
2024-11-05T07:37:44+08:00 Yasuraokaa_Site -sh[31698]: HISTORY: PID=31698 UID=1026 sudo cat /var/log/auth.log | grep 'sshd'
2024-11-05T07:39:56+08:00 Yasuraokaa_Site -sh[31698]: HISTORY: PID=31698 UID=1026 # Export all SSH login attempts
2024-11-05T07:39:56+08:00 Yasuraokaa_Site -sh[31698]: HISTORY: PID=31698 UID=1026 cat /var/log/auth.log | grep 'sshd' > ssh_login_history.txt
2024-11-05T07:39:56+08:00 Yasuraokaa_Site -sh[31698]: HISTORY: PID=31698 UID=1026 # Export only successful login attempts
2024-11-05T07:39:56+08:00 Yasuraokaa_Site -sh[31698]: HISTORY: PID=31698 UID=1026 cat /var/log/auth.log | grep 'sshd' | grep 'Accepted' > ssh_login_success.txt
2024-11-05T07:39:56+08:00 Yasuraokaa_Site -sh[31698]: HISTORY: PID=31698 UID=1026 # Export only failed login attempts
2024-11-05T07:39:56+08:00 Yasuraokaa_Site -sh[31698]: HISTORY: PID=31698 UID=1026 cat /var/log/auth.log | grep 'sshd' | grep 'Failed' > ssh_login_failed.txt
2024-11-05T07:40:08+08:00 Yasuraokaa_Site -sh[31698]: HISTORY: PID=31698 UID=1026 sudo cat /var/log/auth.log | grep 'sshd' > ssh_login_history.txt
2024-11-05T07:40:18+08:00 Yasuraokaa_Site -sh[31698]: HISTORY: PID=31698 UID=1026 ls
2024-11-05T07:40:31+08:00 Yasuraokaa_Site -sh[31698]: HISTORY: PID=31698 UID=1026 cd volume1
2024-11-05T07:40:32+08:00 Yasuraokaa_Site -sh[31698]: HISTORY: PID=31698 UID=1026 ls
2024-11-05T07:40:36+08:00 Yasuraokaa_Site -sh[31698]: HISTORY: PID=31698 UID=1026 cd ..
2024-11-05T07:40:42+08:00 Yasuraokaa_Site -sh[31698]: HISTORY: PID=31698 UID=1026 cd volume2
2024-11-05T07:40:43+08:00 Yasuraokaa_Site -sh[31698]: HISTORY: PID=31698 UID=1026 ls
2024-11-05T07:40:45+08:00 Yasuraokaa_Site -sh[31698]: HISTORY: PID=31698 UID=1026 cd ..
2024-11-05T07:43:31+08:00 Yasuraokaa_Site -sh[31698]: HISTORY: PID=31698 UID=1026 sudo cat /var/log/auth.log | grep 'sshd' | sudo tee ssh_login_history.txt > /dev/null
2024-11-05T07:44:33+08:00 Yasuraokaa_Site -sh[31698]: HISTORY: PID=31698 UID=1026 cd volume4
2024-11-05T07:44:34+08:00 Yasuraokaa_Site -sh[31698]: HISTORY: PID=31698 UID=1026 ls
2024-11-05T07:45:09+08:00 Yasuraokaa_Site -sh[31698]: HISTORY: PID=31698 UID=1026 sudo mv /home/Yasuraokaa/ssh_login_history.txt /volume4/WUH721414ALE604/
2024-11-05T07:45:34+08:00 Yasuraokaa_Site -sh[31698]: HISTORY: PID=31698 UID=1026 cd ..
2024-11-05T07:45:39+08:00 Yasuraokaa_Site -sh[31698]: HISTORY: PID=31698 UID=1026 sudo mv /home/Yasuraokaa/ssh_login_history.txt /volume4/WUH721414ALE604/
2024-11-05T07:45:45+08:00 Yasuraokaa_Site -sh[31698]: HISTORY: PID=31698 UID=1026 ls /home/Yasuraokaa/
2024-11-05T07:46:10+08:00 Yasuraokaa_Site -sh[31698]: HISTORY: PID=31698 UID=1026 cd dev/null
2024-11-05T07:46:15+08:00 Yasuraokaa_Site -sh[31698]: HISTORY: PID=31698 UID=1026 cd dev
2024-11-05T07:46:17+08:00 Yasuraokaa_Site -sh[31698]: HISTORY: PID=31698 UID=1026 ls
2024-11-05T07:46:42+08:00 Yasuraokaa_Site -sh[31698]: HISTORY: PID=31698 UID=1026 sudo cat /var/log/auth.log
2024-11-05T07:47:30+08:00 Yasuraokaa_Site -sh[31698]: HISTORY: PID=31698 UID=1026 cd ..
2024-11-05T07:47:37+08:00 Yasuraokaa_Site -sh[31698]: HISTORY: PID=31698 UID=1026 cd volume4
2024-11-05T07:47:38+08:00 Yasuraokaa_Site -sh[31698]: HISTORY: PID=31698 UID=1026 ls
2024-11-05T07:47:49+08:00 Yasuraokaa_Site -sh[31698]: HISTORY: PID=31698 UID=1026 cd WUH721414ALE604
2024-11-05T07:48:00+08:00 Yasuraokaa_Site -sh[31698]: HISTORY: PID=31698 UID=1026 MKDIR LOGS
2024-11-05T07:48:06+08:00 Yasuraokaa_Site -sh[31698]: HISTORY: PID=31698 UID=1026 mkdir Logs
2024-11-05T07:48:07+08:00 Yasuraokaa_Site -sh[31698]: HISTORY: PID=31698 UID=1026 cd ..
2024-11-05T07:48:12+08:00 Yasuraokaa_Site -sh[31698]: HISTORY: PID=31698 UID=1026 cd ..
2024-11-05T07:49:04+08:00 Yasuraokaa_Site -sh[31698]: HISTORY: PID=31698 UID=1026 sudo cp dev/var/log/*.log /volume4/WUH721414ALE604
2024-11-05T07:49:18+08:00 Yasuraokaa_Site -sh[31698]: HISTORY: PID=31698 UID=1026 sudo cd dev/var/log/
2024-11-05T07:49:28+08:00 Yasuraokaa_Site -sh[31698]: HISTORY: PID=31698 UID=1026 ls
2024-11-05T07:49:34+08:00 Yasuraokaa_Site -sh[31698]: HISTORY: PID=31698 UID=1026 cd dev/var
2024-11-05T07:49:40+08:00 Yasuraokaa_Site -sh[31698]: HISTORY: PID=31698 UID=1026 cd dev
2024-11-05T07:49:41+08:00 Yasuraokaa_Site -sh[31698]: HISTORY: PID=31698 UID=1026 ls
2024-11-05T07:49:47+08:00 Yasuraokaa_Site -sh[31698]: HISTORY: PID=31698 UID=1026 cd log
2024-11-05T07:50:06+08:00 Yasuraokaa_Site -sh[31698]: HISTORY: PID=31698 UID=1026 sudo cat /var/log/auth.log
2024-11-05T07:50:19+08:00 Yasuraokaa_Site -sh[31698]: HISTORY: PID=31698 UID=1026 cd /var/log/
2024-11-05T07:50:21+08:00 Yasuraokaa_Site -sh[31698]: HISTORY: PID=31698 UID=1026 ls
2024-11-05T07:50:44+08:00 Yasuraokaa_Site -sh[31698]: HISTORY: PID=31698 UID=1026 whereami
2024-11-05T07:50:47+08:00 Yasuraokaa_Site -sh[31698]: HISTORY: PID=31698 UID=1026 where am i
2024-11-05T07:51:12+08:00 Yasuraokaa_Site -sh[31698]: HISTORY: PID=31698 UID=1026 pwd
2024-11-05T07:51:20+08:00 Yasuraokaa_Site -sh[31698]: HISTORY: PID=31698 UID=1026 cd ..
2024-11-05T07:51:22+08:00 Yasuraokaa_Site -sh[31698]: HISTORY: PID=31698 UID=1026 cd ..
2024-11-05T07:51:23+08:00 Yasuraokaa_Site -sh[31698]: HISTORY: PID=31698 UID=1026 ls
2024-11-05T07:52:05+08:00 Yasuraokaa_Site -sh[31698]: HISTORY: PID=31698 UID=1026 cd volume4
2024-11-05T07:52:06+08:00 Yasuraokaa_Site -sh[31698]: HISTORY: PID=31698 UID=1026 ls
2024-11-05T07:52:16+08:00 Yasuraokaa_Site -sh[31698]: HISTORY: PID=31698 UID=1026 cd WUH721414ALE604
