2024-09-08T17:15:20-07:00 SynologyNAS sh[7691]: BASH_ERR: builtin_error [ (0)"" -> (1)"/sbin/init" -> (7691)"/bin/sh /usr/syno/lib/systemd/scripts/syno-sysctl-watermarks.sh" ] /usr/syno/lib/systemd/scripts/syno-sysctl-watermarks.sh:98: [: : integer expression expected
2024-09-10T07:07:22+08:00 Synology_NAS sh[7023]: BASH_ERR: builtin_error [ (0)"" -> (1)"/sbin/init" -> (7023)"/bin/sh /usr/syno/lib/systemd/scripts/syno-sysctl-watermarks.sh" ] /usr/syno/lib/systemd/scripts/syno-sysctl-watermarks.sh:98: [: : integer expression expected
2024-09-11T20:04:06+08:00 Synology_NAS sh[7076]: BASH_ERR: builtin_error [ (0)"" -> (1)"/sbin/init" -> (7076)"/bin/sh /usr/syno/lib/systemd/scripts/syno-sysctl-watermarks.sh" ] /usr/syno/lib/systemd/scripts/syno-sysctl-watermarks.sh:98: [: : integer expression expected
2024-09-12T00:28:51+08:00 Synology_NAS sh[7382]: BASH_ERR: builtin_error [ (0)"" -> (1)"/sbin/init" -> (7382)"/bin/sh /usr/syno/lib/systemd/scripts/syno-sysctl-watermarks.sh" ] /usr/syno/lib/systemd/scripts/syno-sysctl-watermarks.sh:98: [: : integer expression expected
2024-09-12T10:32:49+08:00 Synology_NAS sh[5629]: BASH_ERR: builtin_error [ (5185)"synoscgi_SYNO.Core.Package.Installation_1_install" -> (5420)"/bin/sh /var/packages/DownloadStation/scripts/postinst" -> (5629)"/bin/sh /var/packages/DownloadStation/target/scripts/migrate/001_lftp_status_file.sh" ] /var/packages/DownloadStation/target/scripts/migrate/001_lftp_status_file.sh:14: [: argument expected
2024-09-12T10:36:35+08:00 Synology_NAS sh[8415]: BASH_ERR: builtin_error [ (1)"/sbin/init" -> (8413)"synoscgi_SYNO.DownloadStation2.Settings.Global_2_set" -> (8415)"/bin/sh /var/packages/DownloadStation/target/scripts/S25download.sh stop" ] /var/packages/DownloadStation/target/scripts/S25download.sh:154: kill: (6170) - No such process
2024-09-12T10:36:35+08:00 Synology_NAS sh[8437]: BASH_ERR: builtin_error [ (1)"/sbin/init" -> (8413)"synoscgi_SYNO.DownloadStation2.Settings.Global_2_set" -> (8437)"/bin/sh /var/packages/DownloadStation/target/scripts/S25download.sh start" ] /var/packages/DownloadStation/target/scripts/S25download.sh:35: kill: (6170) - No such process
2024-09-14T22:42:51+08:00 Synology_NAS sh[9535]: BASH_ERR: builtin_error [ (8877)"/usr/syno/sbin/synopkgctl stop DownloadStation" -> (9226)"/bin/sh /var/packages/DownloadStation/scripts/start-stop-status stop" -> (9535)"/bin/sh /var/packages/DownloadStation/target/scripts/S25download.sh stop" ] /var/packages/DownloadStation/target/scripts/S25download.sh:154: kill: (8593) - No such process
2024-09-14T23:15:16+08:00 Synology_NAS sh[7279]: BASH_ERR: builtin_error [ (0)"" -> (1)"/sbin/init" -> (7279)"/bin/sh /usr/syno/lib/systemd/scripts/syno-sysctl-watermarks.sh" ] /usr/syno/lib/systemd/scripts/syno-sysctl-watermarks.sh:98: [: : integer expression expected
2024-09-15T00:50:04+08:00 Synology_NAS sh[25844]: BASH_ERR: builtin_error [ (25171)"/usr/syno/sbin/synopkgctl stop DownloadStation" -> (25414)"/bin/sh /var/packages/DownloadStation/scripts/start-stop-status stop" -> (25844)"/bin/sh /var/packages/DownloadStation/target/scripts/S25download.sh stop" ] /var/packages/DownloadStation/target/scripts/S25download.sh:154: kill: (18951) - No such process
2024-09-15T01:12:42+08:00 Synology_NAS sh[7327]: BASH_ERR: builtin_error [ (0)"" -> (1)"/sbin/init" -> (7327)"/bin/sh /usr/syno/lib/systemd/scripts/syno-sysctl-watermarks.sh" ] /usr/syno/lib/systemd/scripts/syno-sysctl-watermarks.sh:98: [: : integer expression expected
2024-09-15T01:17:47+08:00 Synology_NAS sh[7352]: BASH_ERR: builtin_error [ (0)"" -> (1)"/sbin/init" -> (7352)"/bin/sh /usr/syno/lib/systemd/scripts/syno-sysctl-watermarks.sh" ] /usr/syno/lib/systemd/scripts/syno-sysctl-watermarks.sh:98: [: : integer expression expected
2024-09-15T01:20:29+08:00 Synology_NAS sh[7281]: BASH_ERR: builtin_error [ (0)"" -> (1)"/sbin/init" -> (7281)"/bin/sh /usr/syno/lib/systemd/scripts/syno-sysctl-watermarks.sh" ] /usr/syno/lib/systemd/scripts/syno-sysctl-watermarks.sh:98: [: : integer expression expected
2024-09-15T01:29:23+08:00 Synology_NAS sh[7383]: BASH_ERR: builtin_error [ (0)"" -> (1)"/sbin/init" -> (7383)"/bin/sh /usr/syno/lib/systemd/scripts/syno-sysctl-watermarks.sh" ] /usr/syno/lib/systemd/scripts/syno-sysctl-watermarks.sh:98: [: : integer expression expected
2024-09-15T05:04:35+08:00 Synology_NAS sh[7015]: BASH_ERR: builtin_error [ (0)"" -> (1)"/sbin/init" -> (7015)"/bin/sh /usr/syno/lib/systemd/scripts/syno-sysctl-watermarks.sh" ] /usr/syno/lib/systemd/scripts/syno-sysctl-watermarks.sh:98: [: : integer expression expected
2024-09-15T05:06:24+08:00 Synology_NAS sh[14024]: BASH_ERR: report_error [ (13833)"/usr/syno/sbin/synopkgctl stop ContainerManager" -> (13941)"/bin/sh /var/packages/ContainerManager/scripts/start-stop-status stop" -> (14024)"/bin/sh /var/packages/ContainerManager/scripts/start-stop-status stop" ] /var/packages/ContainerManager/scripts/start-stop-status: line 91: /var/packages/ContainerManager/target/usr/bin/docker: No such file or directory
2024-09-15T05:06:24+08:00 Synology_NAS sh[14087]: BASH_ERR: report_error [ (13798)"/usr/syno/sbin/synopkgctl stop exFAT-Free" -> (13944)"/bin/sh /var/packages/exFAT-Free/scripts/start-stop-status stop" -> (14087)"/bin/sh /var/packages/exFAT-Free/scripts/start-stop-status stop" ] /var/packages/exFAT-Free/scripts/start-stop-status: line 18: /var/packages/exFAT-Free/target/src/tool/synoexfatutil: No such file or directory
2024-09-15T05:06:24+08:00 Synology_NAS sh[14089]: BASH_ERR: report_error [ (13798)"/usr/syno/sbin/synopkgctl stop exFAT-Free" -> (13944)"/bin/sh /var/packages/exFAT-Free/scripts/start-stop-status stop" -> (14089)"/bin/sh /var/packages/exFAT-Free/scripts/start-stop-status stop" ] /var/packages/exFAT-Free/scripts/common: line 33: /var/packages/exFAT-Free/target/src/tool/synoexfatutil: No such file or directory
2024-09-15T05:06:43+08:00 Synology_NAS sh[15416]: BASH_ERR: report_error [ (15361)"/usr/syno/sbin/synopkgctl stop DownloadStation" -> (15399)"/bin/sh /var/packages/DownloadStation/scripts/start-stop-status stop" -> (15416)"/bin/sh /var/packages/DownloadStation/scripts/start-stop-status stop" ] /var/packages/DownloadStation/scripts/start-stop-status: line 60: /var/packages/DownloadStation/target/scripts/S25download.sh: No such file or directory
2024-09-15T05:13:36+08:00 Synology_NAS sh[7320]: BASH_ERR: builtin_error [ (0)"" -> (1)"/sbin/init" -> (7320)"/bin/sh /usr/syno/lib/systemd/scripts/syno-sysctl-watermarks.sh" ] /usr/syno/lib/systemd/scripts/syno-sysctl-watermarks.sh:98: [: : integer expression expected
2024-09-16T05:35:23+08:00 Synology_NAS sh[9972]: BASH_ERR: builtin_error [ (9340)"/usr/syno/sbin/synopkgctl stop DownloadStation" -> (9545)"/bin/sh /var/packages/DownloadStation/scripts/start-stop-status stop" -> (9972)"/bin/sh /var/packages/DownloadStation/target/scripts/S25download.sh stop" ] /var/packages/DownloadStation/target/scripts/S25download.sh:154: kill: (20051) - No such process
2024-09-16T05:38:04+08:00 Synology_NAS sh[7317]: BASH_ERR: builtin_error [ (0)"" -> (1)"/sbin/init" -> (7317)"/bin/sh /usr/syno/lib/systemd/scripts/syno-sysctl-watermarks.sh" ] /usr/syno/lib/systemd/scripts/syno-sysctl-watermarks.sh:98: [: : integer expression expected
2024-09-16T19:28:32+08:00 Synology_NAS sh[17032]: BASH_ERR: builtin_error [ (16357)"/usr/syno/sbin/synopkgctl stop DownloadStation" -> (16752)"/bin/sh /var/packages/DownloadStation/scripts/start-stop-status stop" -> (17032)"/bin/sh /var/packages/DownloadStation/target/scripts/S25download.sh stop" ] /var/packages/DownloadStation/target/scripts/S25download.sh:154: kill: (18761) - No such process
2024-09-16T19:28:54+08:00 Synology_NAS sh[19618]: BASH_ERR: builtin_error [ (17437)"/usr/lib/systemd/systemd-udevd" -> (19584)"/bin/sh /lib/udev/script/usb.sh usb1" -> (19618)"/bin/sh /lib/udev/script/hotplugd-util.sh prepare_hotplug_event_file" ] /lib/udev/script/hotplugd-util.sh:157: kill: (14199) - No such process
2024-09-16T19:31:26+08:00 Synology_NAS sh[7403]: BASH_ERR: builtin_error [ (0)"" -> (1)"/sbin/init" -> (7403)"/bin/sh /usr/syno/lib/systemd/scripts/syno-sysctl-watermarks.sh" ] /usr/syno/lib/systemd/scripts/syno-sysctl-watermarks.sh:98: [: : integer expression expected
2024-09-17T04:54:28+08:00 Synology_NAS sh[19997]: BASH_ERR: builtin_error [ (19500)"/usr/syno/sbin/synopkgctl stop DownloadStation" -> (19665)"/bin/sh /var/packages/DownloadStation/scripts/start-stop-status stop" -> (19997)"/bin/sh /var/packages/DownloadStation/target/scripts/S25download.sh stop" ] /var/packages/DownloadStation/target/scripts/S25download.sh:154: kill: (18763) - No such process
2024-09-17T04:57:05+08:00 Synology_NAS sh[7316]: BASH_ERR: builtin_error [ (0)"" -> (1)"/sbin/init" -> (7316)"/bin/sh /usr/syno/lib/systemd/scripts/syno-sysctl-watermarks.sh" ] /usr/syno/lib/systemd/scripts/syno-sysctl-watermarks.sh:98: [: : integer expression expected
2024-09-17T05:46:21+08:00 Synology_NAS sh[1244]: BASH_ERR: builtin_error [ (755)"/usr/syno/sbin/synopkgctl stop DownloadStation" -> (946)"/bin/sh /var/packages/DownloadStation/scripts/start-stop-status stop" -> (1244)"/bin/sh /var/packages/DownloadStation/target/scripts/S25download.sh stop" ] /var/packages/DownloadStation/target/scripts/S25download.sh:154: kill: (18845) - No such process
2024-09-17T05:49:15+08:00 Synology_NAS sh[7327]: BASH_ERR: builtin_error [ (0)"" -> (1)"/sbin/init" -> (7327)"/bin/sh /usr/syno/lib/systemd/scripts/syno-sysctl-watermarks.sh" ] /usr/syno/lib/systemd/scripts/syno-sysctl-watermarks.sh:98: [: : integer expression expected
2024-09-17T10:41:38+08:00 Synology_NAS sh[3190]: BASH_ERR: builtin_error [ (2689)"/usr/syno/sbin/synopkgctl stop DownloadStation" -> (2904)"/bin/sh /var/packages/DownloadStation/scripts/start-stop-status stop" -> (3190)"/bin/sh /var/packages/DownloadStation/target/scripts/S25download.sh stop" ] /var/packages/DownloadStation/target/scripts/S25download.sh:154: kill: (18739) - No such process
2024-09-17T10:41:59+08:00 Synology_NAS sh[5855]: BASH_ERR: builtin_error [ (3584)"/usr/lib/systemd/systemd-udevd" -> (5809)"/bin/sh /lib/udev/script/usb.sh usb1" -> (5855)"/bin/sh /lib/udev/script/hotplugd-util.sh prepare_hotplug_event_file" ] /lib/udev/script/hotplugd-util.sh:157: kill: (14193) - No such process
2024-09-17T10:44:30+08:00 Synology_NAS sh[7323]: BASH_ERR: builtin_error [ (0)"" -> (1)"/sbin/init" -> (7323)"/bin/sh /usr/syno/lib/systemd/scripts/syno-sysctl-watermarks.sh" ] /usr/syno/lib/systemd/scripts/syno-sysctl-watermarks.sh:98: [: : integer expression expected
2024-09-20T07:36:40+08:00 Synology_NAS sh[7752]: BASH_ERR: builtin_error [ (7307)"/usr/syno/sbin/synopkgctl stop DownloadStation" -> (7486)"/bin/sh /var/packages/DownloadStation/scripts/start-stop-status stop" -> (7752)"/bin/sh /var/packages/DownloadStation/target/scripts/S25download.sh stop" ] /var/packages/DownloadStation/target/scripts/S25download.sh:154: kill: (18699) - No such process
2024-09-20T07:36:49+08:00 Synology_NAS sh[10814]: BASH_ERR: builtin_error [ (8851)"/usr/lib/systemd/systemd-udevd" -> (10780)"/bin/sh /lib/udev/script/usb.sh usb1" -> (10814)"/bin/sh /lib/udev/script/hotplugd-util.sh prepare_hotplug_event_file" ] /lib/udev/script/hotplugd-util.sh:157: kill: (14211) - No such process
2024-09-20T07:49:47+08:00 Synology_NAS sh[7416]: BASH_ERR: builtin_error [ (0)"" -> (1)"/sbin/init" -> (7416)"/bin/sh /usr/syno/lib/systemd/scripts/syno-sysctl-watermarks.sh" ] /usr/syno/lib/systemd/scripts/syno-sysctl-watermarks.sh:98: [: : integer expression expected
2024-09-20T11:28:55+08:00 Synology_NAS sh[32380]: BASH_ERR: builtin_error [ (31894)"/usr/syno/sbin/synopkgctl stop DownloadStation" -> (32061)"/bin/sh /var/packages/DownloadStation/scripts/start-stop-status stop" -> (32380)"/bin/sh /var/packages/DownloadStation/target/scripts/S25download.sh stop" ] /var/packages/DownloadStation/target/scripts/S25download.sh:154: kill: (18804) - No such process
2024-09-20T11:33:06+08:00 Synology_NAS sh[7474]: BASH_ERR: builtin_error [ (0)"" -> (1)"/sbin/init" -> (7474)"/bin/sh /usr/syno/lib/systemd/scripts/syno-sysctl-watermarks.sh" ] /usr/syno/lib/systemd/scripts/syno-sysctl-watermarks.sh:98: [: : integer expression expected
2024-09-28T12:55:22+08:00 Synology_NAS -sh[27014]: BASH_ERR: builtin_error [ (26961)"sshd: Allen [priv]" -> (27013)"sshd: Allen@pts/0" -> (27014)"-sh" ] -sh:0: cd: /volume1/docker/jellyfin/config: No such file or directory
2024-09-28T12:55:28+08:00 Synology_NAS -sh[27014]: BASH_ERR: builtin_error [ (26961)"sshd: Allen [priv]" -> (27013)"sshd: Allen@pts/0" -> (27014)"-sh" ] -sh:0: cd: /var/packages/jellyfin/target/config: No such file or directory
2024-09-28T12:56:48+08:00 Synology_NAS -sh[27014]: BASH_ERR: builtin_error [ (26961)"sshd: Allen [priv]" -> (27013)"sshd: Allen@pts/0" -> (27014)"-sh" ] -sh:0: cd: too many arguments
2024-09-28T12:57:07+08:00 Synology_NAS -sh[27014]: BASH_ERR: builtin_error [ (26961)"sshd: Allen [priv]" -> (27013)"sshd: Allen@pts/0" -> (27014)"-sh" ] -sh:0: cd: @docker: Permission denied
2024-09-28T13:01:40+08:00 Synology_NAS ash[28667]: BASH_ERR: builtin_error [ (28611)"sudo su" -> (28666)"su" -> (28667)"ash" ] ash:0: cd: ./volumes/f62fd2ed9b2feb571e1b0dc5a6a6deb56d5a330944d9b0579b5fa563d6cfc637/_data/p: No such file or directory
2024-09-28T13:01:44+08:00 Synology_NAS ash[30053]: BASH_ERR: internal_error [ (28666)"su" -> (28667)"ash" -> (30053)"ash" ] ash: ./volumes/f62fd2ed9b2feb571e1b0dc5a6a6deb56d5a330944d9b0579b5fa563d6cfc637/_data: Is a directory
2024-09-28T13:04:20+08:00 Synology_NAS ash[31017]: BASH_ERR: internal_error [ (28666)"su" -> (28667)"ash" -> (31017)"ash" ] ash: LS: command not found
2024-10-05T01:16:31+08:00 Synology_NAS -sh[17414]: BASH_ERR: builtin_error [ (17321)"/bin/sh /usr/local/mariadb10/share/mysql/mysql.server stop" -> (17413)"su - mysql -s /bin/sh -c kill -0 17298" -> (17414)"-sh -c kill -0 17298" ] -sh:0: kill: (17298) - No such process
2024-10-05T07:46:18+08:00 Synology_NAS sh[4195]: BASH_ERR: builtin_error [ (3939)"/usr/syno/sbin/synopkgctl stop DownloadStation" -> (4042)"/bin/sh /var/packages/DownloadStation/scripts/start-stop-status stop" -> (4195)"/bin/sh /var/packages/DownloadStation/target/scripts/S25download.sh stop" ] /var/packages/DownloadStation/target/scripts/S25download.sh:154: kill: (19509) - No such process
2024-10-05T07:46:26+08:00 Synology_NAS -sh[5104]: BASH_ERR: internal_error [ (32684)"sshd: Yasuraokaa@pts/0" -> (32685)"-sh" -> (5104)"-sh" ] -sh: docker: command not found
2024-10-05T07:50:00+08:00 Synology_NAS sh[11600]: BASH_ERR: builtin_error [ (6005)"/usr/syno/sbin/synopkgctl start DownloadStation" -> (11591)"/bin/sh /var/packages/DownloadStation/scripts/start-stop-status start" -> (11600)"/bin/sh /var/packages/DownloadStation/target/scripts/S25download.sh start" ] /var/packages/DownloadStation/target/scripts/S25download.sh:35: kill: (19509) - No such process
2024-10-05T08:13:42+08:00 Synology_NAS sh[32652]: BASH_ERR: report_error [ (31661)"synoscgi_SYNO.Core.Package_2_list" -> (31727)"/bin/sh /var/packages/MariaDB10/scripts/start-stop-status status" -> (32652)"/bin/sh /usr/local/mariadb10/share/mysql/mysql.server status" ] /bin/sh: /usr/local/mariadb10/share/mysql/mysql.server: No such file or directory
2024-10-05T08:42:10+08:00 Synology_NAS -sh[22203]: BASH_ERR: internal_error [ (19214)"sshd: Yasuraokaa@pts/0" -> (19215)"-sh" -> (22203)"-sh" ] -sh: opkg: command not found
2024-10-05T08:43:16+08:00 Synology_NAS -sh[22565]: BASH_ERR: internal_error [ (19214)"sshd: Yasuraokaa@pts/0" -> (19215)"-sh" -> (22565)"-sh" ] -sh: tcp: command not found
2024-10-07T03:30:44+08:00 Yasuraokaa_Site sh[24370]: BASH_ERR: report_error [ (19844)"synoscgi_SYNO.Core.Package_2_list" -> (23308)"/bin/sh /var/packages/MariaDB10/scripts/start-stop-status status" -> (24370)"/bin/sh /var/packages/MariaDB10/scripts/start-stop-status status" ] /var/packages/MariaDB10/scripts/start-stop-status: line 142: /usr/local/mariadb10/share/mysql/mysql.server: No such file or directory
2024-10-09T04:28:37+08:00 Yasuraokaa_Site -sh[1674]: BASH_ERR: builtin_error [ (1289)"/bin/sh /usr/local/mariadb10/share/mysql/mysql.server stop" -> (1673)"su - mysql -s /bin/sh -c kill -0 18270" -> (1674)"-sh -c kill -0 18270" ] -sh:0: kill: (18270) - No such process
2024-10-09T04:28:50+08:00 Yasuraokaa_Site sh[1339]: BASH_ERR: builtin_error [ (479)"/usr/syno/sbin/synopkgctl stop DownloadStation" -> (782)"/bin/sh /var/packages/DownloadStation/scripts/start-stop-status stop" -> (1339)"/bin/sh /var/packages/DownloadStation/target/scripts/S25download.sh stop" ] /var/packages/DownloadStation/target/scripts/S25download.sh:154: kill: (11826) - No such process
2024-10-09T04:31:49+08:00 Yasuraokaa_Site sh[7359]: BASH_ERR: builtin_error [ (0)"" -> (1)"/sbin/init" -> (7359)"/bin/sh /usr/syno/lib/systemd/scripts/syno-sysctl-watermarks.sh" ] /usr/syno/lib/systemd/scripts/syno-sysctl-watermarks.sh:98: [: : integer expression expected
2024-10-24T03:24:01+08:00 Yasuraokaa_Site -sh[11299]: BASH_ERR: report_error [ (10889)"sshd: Yasuraokaa@pts/0" -> (10890)"-sh" -> (11299)"-sh" ] -sh: https://71.192.153.36:8443: No such file or directory
2024-10-24T04:19:48+08:00 Yasuraokaa_Site -sh[5469]: BASH_ERR: internal_error [ (2870)"sshd: Yasuraokaa@pts/0" -> (2871)"-sh" -> (5469)"-sh" ] -sh: suto: command not found
2024-11-05T00:46:07+08:00 Yasuraokaa_Site -sh[19113]: BASH_ERR: builtin_error [ (19084)"sshd: Yasuraokaa [priv]" -> (19112)"sshd: Yasuraokaa@pts/0" -> (19113)"-sh" ] -sh:0: kill: (10870) - Operation not permitted
2024-11-05T00:53:18+08:00 Yasuraokaa_Site -sh[23515]: BASH_ERR: builtin_error [ (22869)"/bin/sh /usr/local/mariadb10/share/mysql/mysql.server stop" -> (23514)"su - mysql -s /bin/sh -c kill -0 18213" -> (23515)"-sh -c kill -0 18213" ] -sh:0: kill: (18213) - No such process
2024-11-05T00:53:24+08:00 Yasuraokaa_Site sh[23082]: BASH_ERR: builtin_error [ (22029)"/usr/syno/sbin/synopkgctl stop DownloadStation" -> (22697)"/bin/sh /var/packages/DownloadStation/scripts/start-stop-status stop" -> (23082)"/bin/sh /var/packages/DownloadStation/target/scripts/S25download.sh stop" ] /var/packages/DownloadStation/target/scripts/S25download.sh:154: kill: (23501) - No such process
2024-11-05T07:05:06+08:00 Yasuraokaa_Site sh[7449]: BASH_ERR: builtin_error [ (0)"" -> (1)"/sbin/init" -> (7449)"/bin/sh /usr/syno/lib/systemd/scripts/syno-sysctl-watermarks.sh" ] /usr/syno/lib/systemd/scripts/syno-sysctl-watermarks.sh:98: [: : integer expression expected
2024-11-05T07:39:56+08:00 Yasuraokaa_Site -sh[32419]: BASH_ERR: internal_error [ (31697)"sshd: Yasuraokaa@pts/0" -> (31698)"-sh" -> (32419)"-sh" ] -sh: ssh_login_history.txt: Permission denied
2024-11-05T07:39:56+08:00 Yasuraokaa_Site -sh[32422]: BASH_ERR: internal_error [ (31697)"sshd: Yasuraokaa@pts/0" -> (31698)"-sh" -> (32422)"-sh" ] -sh: ssh_login_success.txt: Permission denied
2024-11-05T07:39:56+08:00 Yasuraokaa_Site -sh[32425]: BASH_ERR: internal_error [ (31697)"sshd: Yasuraokaa@pts/0" -> (31698)"-sh" -> (32425)"-sh" ] -sh: ssh_login_failed.txt: Permission denied
2024-11-05T07:40:08+08:00 Yasuraokaa_Site -sh[32465]: BASH_ERR: internal_error [ (31697)"sshd: Yasuraokaa@pts/0" -> (31698)"-sh" -> (32465)"-sh" ] -sh: ssh_login_history.txt: Permission denied
2024-11-05T07:46:10+08:00 Yasuraokaa_Site -sh[31698]: BASH_ERR: builtin_error [ (31678)"sshd: Yasuraokaa [priv]" -> (31697)"sshd: Yasuraokaa@pts/0" -> (31698)"-sh" ] -sh:0: cd: dev/null: Not a directory
2024-11-05T07:48:00+08:00 Yasuraokaa_Site -sh[2004]: BASH_ERR: internal_error [ (31697)"sshd: Yasuraokaa@pts/0" -> (31698)"-sh" -> (2004)"-sh" ] -sh: MKDIR: command not found
2024-11-05T07:49:34+08:00 Yasuraokaa_Site -sh[31698]: BASH_ERR: builtin_error [ (31678)"sshd: Yasuraokaa [priv]" -> (31697)"sshd: Yasuraokaa@pts/0" -> (31698)"-sh" ] -sh:0: cd: dev/var: No such file or directory
2024-11-05T07:49:47+08:00 Yasuraokaa_Site -sh[31698]: BASH_ERR: builtin_error [ (31678)"sshd: Yasuraokaa [priv]" -> (31697)"sshd: Yasuraokaa@pts/0" -> (31698)"-sh" ] -sh:0: cd: log: Not a directory
2024-11-05T07:50:44+08:00 Yasuraokaa_Site -sh[2495]: BASH_ERR: internal_error [ (31697)"sshd: Yasuraokaa@pts/0" -> (31698)"-sh" -> (2495)"-sh" ] -sh: whereami: command not found
2024-11-05T07:50:47+08:00 Yasuraokaa_Site -sh[2497]: BASH_ERR: internal_error [ (31697)"sshd: Yasuraokaa@pts/0" -> (31698)"-sh" -> (2497)"-sh" ] -sh: where: command not found
