2024-09-08T17:17:00-07:00 SynologyNAS boot-time-detail[14463]: {}
2024-09-08T17:17:00-07:00 SynologyNAS boot-time-detail[14467]: {"service":"synocheckshare.service","prop":"InactiveExitTimestampMonotonic","timestamp_s":169.808611}
2024-09-08T17:17:00-07:00 SynologyNAS boot-time-detail[14467]: {"service":"syno-login.service","prop":"ActiveEnterTimestampMonotonic","timestamp_s":175.447096}
2024-09-08T17:17:00-07:00 SynologyNAS boot-time-detail[14467]: {"service":"basic.target","prop":"ActiveEnterTimestampMonotonic","timestamp_s":168.174814}
2024-09-08T17:17:00-07:00 SynologyNAS boot-time-detail[14467]: {"service":"network-online.target","prop":"ActiveEnterTimestampMonotonic","timestamp_s":88.742106}
2024-09-08T17:17:00-07:00 SynologyNAS boot-time-detail[14467]: {"service":"syno-share.target","prop":"ActiveEnterTimestampMonotonic","timestamp_s":170.213476}
2024-09-08T17:17:00-07:00 SynologyNAS boot-time-detail[14467]: {"service":"multi-user.target","prop":"ActiveEnterTimestampMonotonic","timestamp_s":175.407851}
2024-09-08T17:17:00-07:00 SynologyNAS boot-time-detail[14467]: {"service":"syno-bootup-done.target","prop":"ActiveEnterTimestampMonotonic","timestamp_s":179.052499}
2024-09-08T17:17:00-07:00 SynologyNAS boot-time-detail[14467]: {"service":"syno-rootfs-ready.target","prop":"ActiveEnterTimestampMonotonic","timestamp_s":80.385056}
2024-09-08T17:17:00-07:00 SynologyNAS boot-time-detail[14467]: {"service":"rc-network.service","prop":"InactiveExitTimestampMonotonic","timestamp_s":80.465713}
2024-09-08T17:17:00-07:00 SynologyNAS boot-time-detail[14467]: {"service":"rc-network.service","prop":"ActiveEnterTimestampMonotonic","timestamp_s":86.61332}
2024-09-08T17:17:00-07:00 SynologyNAS boot-time-detail[14467]: {"service":"syno-volume.service","prop":"InactiveExitTimestampMonotonic","timestamp_s":169.174955}
2024-09-08T17:17:00-07:00 SynologyNAS boot-time-detail[14467]: {"service":"syno-volume.service","prop":"ActiveEnterTimestampMonotonic","timestamp_s":169.695625}
2024-09-08T17:17:36-07:00 SynologyNAS boot-time-detail[17660]: {"service":"syno-packages.target","prop":"ActiveEnterTimestampMonotonic","timestamp_s":215.145235}
2024-09-10T07:08:24+08:00 Synology_NAS boot-time-detail[11507]: {}
2024-09-10T07:08:24+08:00 Synology_NAS boot-time-detail[11528]: {"service":"synocheckshare.service","prop":"InactiveExitTimestampMonotonic","timestamp_s":142.786737}
2024-09-10T07:08:25+08:00 Synology_NAS boot-time-detail[11528]: {"service":"syno-login.service","prop":"ActiveEnterTimestampMonotonic","timestamp_s":148.748751}
2024-09-10T07:08:25+08:00 Synology_NAS boot-time-detail[11528]: {"service":"basic.target","prop":"ActiveEnterTimestampMonotonic","timestamp_s":139.76468}
2024-09-10T07:08:25+08:00 Synology_NAS boot-time-detail[11528]: {"service":"network-online.target","prop":"ActiveEnterTimestampMonotonic","timestamp_s":59.085237}
2024-09-10T07:08:25+08:00 Synology_NAS boot-time-detail[11528]: {"service":"syno-share.target","prop":"ActiveEnterTimestampMonotonic","timestamp_s":143.224951}
2024-09-10T07:08:25+08:00 Synology_NAS boot-time-detail[11528]: {"service":"multi-user.target","prop":"ActiveEnterTimestampMonotonic","timestamp_s":148.727113}
2024-09-10T07:08:25+08:00 Synology_NAS boot-time-detail[11528]: {"service":"syno-bootup-done.target","prop":"ActiveEnterTimestampMonotonic","timestamp_s":149.116193}
2024-09-10T07:08:25+08:00 Synology_NAS boot-time-detail[11528]: {"service":"syno-rootfs-ready.target","prop":"ActiveEnterTimestampMonotonic","timestamp_s":52.175273}
2024-09-10T07:08:25+08:00 Synology_NAS boot-time-detail[11528]: {"service":"rc-network.service","prop":"InactiveExitTimestampMonotonic","timestamp_s":52.186148}
2024-09-10T07:08:25+08:00 Synology_NAS boot-time-detail[11528]: {"service":"rc-network.service","prop":"ActiveEnterTimestampMonotonic","timestamp_s":56.907717}
2024-09-10T07:08:25+08:00 Synology_NAS boot-time-detail[11528]: {"service":"syno-volume.service","prop":"InactiveExitTimestampMonotonic","timestamp_s":142.150973}
2024-09-10T07:08:25+08:00 Synology_NAS boot-time-detail[11528]: {"service":"syno-volume.service","prop":"ActiveEnterTimestampMonotonic","timestamp_s":142.76023}
2024-09-10T07:08:32+08:00 Synology_NAS boot-time-detail[12831]: {"service":"syno-packages.target","prop":"ActiveEnterTimestampMonotonic","timestamp_s":157.062303}
2024-09-11T20:05:41+08:00 Synology_NAS boot-time-detail[11821]: {}
2024-09-11T20:05:41+08:00 Synology_NAS boot-time-detail[11831]: {"service":"synocheckshare.service","prop":"InactiveExitTimestampMonotonic","timestamp_s":141.497193}
2024-09-11T20:05:41+08:00 Synology_NAS boot-time-detail[11831]: {"service":"syno-login.service","prop":"ActiveEnterTimestampMonotonic","timestamp_s":145.936428}
2024-09-11T20:05:41+08:00 Synology_NAS boot-time-detail[11831]: {"service":"basic.target","prop":"ActiveEnterTimestampMonotonic","timestamp_s":138.759429}
2024-09-11T20:05:41+08:00 Synology_NAS boot-time-detail[11831]: {"service":"network-online.target","prop":"ActiveEnterTimestampMonotonic","timestamp_s":57.781847}
2024-09-11T20:05:41+08:00 Synology_NAS boot-time-detail[11831]: {"service":"syno-share.target","prop":"ActiveEnterTimestampMonotonic","timestamp_s":141.8693}
2024-09-11T20:05:41+08:00 Synology_NAS boot-time-detail[11831]: {"service":"multi-user.target","prop":"ActiveEnterTimestampMonotonic","timestamp_s":145.92304}
2024-09-11T20:05:41+08:00 Synology_NAS boot-time-detail[11831]: {"service":"syno-bootup-done.target","prop":"ActiveEnterTimestampMonotonic","timestamp_s":147.300593}
2024-09-11T20:05:41+08:00 Synology_NAS boot-time-detail[11831]: {"service":"syno-rootfs-ready.target","prop":"ActiveEnterTimestampMonotonic","timestamp_s":51.013459}
2024-09-11T20:05:41+08:00 Synology_NAS boot-time-detail[11831]: {"service":"rc-network.service","prop":"InactiveExitTimestampMonotonic","timestamp_s":51.019159}
2024-09-11T20:05:41+08:00 Synology_NAS boot-time-detail[11831]: {"service":"rc-network.service","prop":"ActiveEnterTimestampMonotonic","timestamp_s":55.604211}
2024-09-11T20:05:41+08:00 Synology_NAS boot-time-detail[11831]: {"service":"syno-volume.service","prop":"InactiveExitTimestampMonotonic","timestamp_s":140.914128}
2024-09-11T20:05:41+08:00 Synology_NAS boot-time-detail[11831]: {"service":"syno-volume.service","prop":"ActiveEnterTimestampMonotonic","timestamp_s":141.470331}
2024-09-11T20:05:48+08:00 Synology_NAS boot-time-detail[13164]: {"service":"syno-packages.target","prop":"ActiveEnterTimestampMonotonic","timestamp_s":154.201842}
2024-09-12T00:30:31+08:00 Synology_NAS boot-time-detail[13391]: {}
2024-09-12T00:30:31+08:00 Synology_NAS boot-time-detail[13410]: {"service":"synocheckshare.service","prop":"InactiveExitTimestampMonotonic","timestamp_s":147.182279}
2024-09-12T00:30:31+08:00 Synology_NAS boot-time-detail[13410]: {"service":"syno-login.service","prop":"ActiveEnterTimestampMonotonic","timestamp_s":149.64679}
2024-09-12T00:30:31+08:00 Synology_NAS boot-time-detail[13410]: {"service":"basic.target","prop":"ActiveEnterTimestampMonotonic","timestamp_s":140.519418}
2024-09-12T00:30:31+08:00 Synology_NAS boot-time-detail[13410]: {"service":"network-online.target","prop":"ActiveEnterTimestampMonotonic","timestamp_s":59.463374}
2024-09-12T00:30:31+08:00 Synology_NAS boot-time-detail[13410]: {"service":"syno-share.target","prop":"ActiveEnterTimestampMonotonic","timestamp_s":148.144206}
2024-09-12T00:30:31+08:00 Synology_NAS boot-time-detail[13410]: {"service":"multi-user.target","prop":"ActiveEnterTimestampMonotonic","timestamp_s":149.630784}
2024-09-12T00:30:31+08:00 Synology_NAS boot-time-detail[13410]: {"service":"syno-bootup-done.target","prop":"ActiveEnterTimestampMonotonic","timestamp_s":151.404524}
2024-09-12T00:30:31+08:00 Synology_NAS boot-time-detail[13410]: {"service":"syno-rootfs-ready.target","prop":"ActiveEnterTimestampMonotonic","timestamp_s":52.082188}
2024-09-12T00:30:31+08:00 Synology_NAS boot-time-detail[13410]: {"service":"rc-network.service","prop":"InactiveExitTimestampMonotonic","timestamp_s":52.105927}
2024-09-12T00:30:31+08:00 Synology_NAS boot-time-detail[13410]: {"service":"rc-network.service","prop":"ActiveEnterTimestampMonotonic","timestamp_s":57.277722}
2024-09-12T00:30:31+08:00 Synology_NAS boot-time-detail[13410]: {"service":"syno-volume.service","prop":"InactiveExitTimestampMonotonic","timestamp_s":144.716503}
2024-09-12T00:30:31+08:00 Synology_NAS boot-time-detail[13410]: {"service":"syno-volume.service","prop":"ActiveEnterTimestampMonotonic","timestamp_s":146.338275}
2024-09-12T00:30:40+08:00 Synology_NAS boot-time-detail[14965]: {"service":"syno-packages.target","prop":"ActiveEnterTimestampMonotonic","timestamp_s":160.151353}
2024-09-14T23:16:59+08:00 Synology_NAS boot-time-detail[15349]: {}
2024-09-14T23:16:59+08:00 Synology_NAS boot-time-detail[15361]: {"service":"synocheckshare.service","prop":"InactiveExitTimestampMonotonic","timestamp_s":154.060127}
2024-09-14T23:16:59+08:00 Synology_NAS boot-time-detail[15361]: {"service":"syno-login.service","prop":"ActiveEnterTimestampMonotonic","timestamp_s":157.421469}
2024-09-14T23:16:59+08:00 Synology_NAS boot-time-detail[15361]: {"service":"basic.target","prop":"ActiveEnterTimestampMonotonic","timestamp_s":144.942522}
2024-09-14T23:16:59+08:00 Synology_NAS boot-time-detail[15361]: {"service":"network-online.target","prop":"ActiveEnterTimestampMonotonic","timestamp_s":62.76868}
2024-09-14T23:16:59+08:00 Synology_NAS boot-time-detail[15361]: {"service":"syno-share.target","prop":"ActiveEnterTimestampMonotonic","timestamp_s":156.189907}
2024-09-14T23:16:59+08:00 Synology_NAS boot-time-detail[15361]: {"service":"multi-user.target","prop":"ActiveEnterTimestampMonotonic","timestamp_s":157.408474}
2024-09-14T23:16:59+08:00 Synology_NAS boot-time-detail[15361]: {"service":"syno-bootup-done.target","prop":"ActiveEnterTimestampMonotonic","timestamp_s":158.877273}
2024-09-14T23:16:59+08:00 Synology_NAS boot-time-detail[15361]: {"service":"syno-rootfs-ready.target","prop":"ActiveEnterTimestampMonotonic","timestamp_s":57.137548}
2024-09-14T23:16:59+08:00 Synology_NAS boot-time-detail[15361]: {"service":"rc-network.service","prop":"InactiveExitTimestampMonotonic","timestamp_s":57.142739}
2024-09-14T23:16:59+08:00 Synology_NAS boot-time-detail[15361]: {"service":"rc-network.service","prop":"ActiveEnterTimestampMonotonic","timestamp_s":61.596361}
2024-09-14T23:16:59+08:00 Synology_NAS boot-time-detail[15361]: {"service":"syno-volume.service","prop":"InactiveExitTimestampMonotonic","timestamp_s":150.076836}
2024-09-14T23:16:59+08:00 Synology_NAS boot-time-detail[15361]: {"service":"syno-volume.service","prop":"ActiveEnterTimestampMonotonic","timestamp_s":152.13831}
2024-09-14T23:17:10+08:00 Synology_NAS boot-time-detail[19174]: {"service":"syno-packages.target","prop":"ActiveEnterTimestampMonotonic","timestamp_s":170.259148}
2024-09-15T01:14:23+08:00 Synology_NAS boot-time-detail[15314]: {}
2024-09-15T01:14:24+08:00 Synology_NAS boot-time-detail[15328]: {"service":"synocheckshare.service","prop":"InactiveExitTimestampMonotonic","timestamp_s":153.589439}
2024-09-15T01:14:24+08:00 Synology_NAS boot-time-detail[15328]: {"service":"syno-login.service","prop":"ActiveEnterTimestampMonotonic","timestamp_s":156.364778}
2024-09-15T01:14:24+08:00 Synology_NAS boot-time-detail[15328]: {"service":"basic.target","prop":"ActiveEnterTimestampMonotonic","timestamp_s":144.844765}
2024-09-15T01:14:24+08:00 Synology_NAS boot-time-detail[15328]: {"service":"network-online.target","prop":"ActiveEnterTimestampMonotonic","timestamp_s":67.05848}
2024-09-15T01:14:24+08:00 Synology_NAS boot-time-detail[15328]: {"service":"syno-share.target","prop":"ActiveEnterTimestampMonotonic","timestamp_s":153.966812}
2024-09-15T01:14:24+08:00 Synology_NAS boot-time-detail[15328]: {"service":"multi-user.target","prop":"ActiveEnterTimestampMonotonic","timestamp_s":156.336974}
2024-09-15T01:14:24+08:00 Synology_NAS boot-time-detail[15328]: {"service":"syno-bootup-done.target","prop":"ActiveEnterTimestampMonotonic","timestamp_s":158.367562}
2024-09-15T01:14:24+08:00 Synology_NAS boot-time-detail[15328]: {"service":"syno-rootfs-ready.target","prop":"ActiveEnterTimestampMonotonic","timestamp_s":56.582478}
2024-09-15T01:14:24+08:00 Synology_NAS boot-time-detail[15328]: {"service":"rc-network.service","prop":"InactiveExitTimestampMonotonic","timestamp_s":56.60001}
2024-09-15T01:14:24+08:00 Synology_NAS boot-time-detail[15328]: {"service":"rc-network.service","prop":"ActiveEnterTimestampMonotonic","timestamp_s":60.894546}
2024-09-15T01:14:24+08:00 Synology_NAS boot-time-detail[15328]: {"service":"syno-volume.service","prop":"InactiveExitTimestampMonotonic","timestamp_s":149.882967}
2024-09-15T01:14:24+08:00 Synology_NAS boot-time-detail[15328]: {"service":"syno-volume.service","prop":"ActiveEnterTimestampMonotonic","timestamp_s":152.13673}
2024-09-15T01:14:34+08:00 Synology_NAS boot-time-detail[18916]: {"service":"syno-packages.target","prop":"ActiveEnterTimestampMonotonic","timestamp_s":168.578059}
2024-09-15T01:22:10+08:00 Synology_NAS boot-time-detail[14869]: {}
2024-09-15T01:22:10+08:00 Synology_NAS boot-time-detail[14877]: {"service":"synocheckshare.service","prop":"InactiveExitTimestampMonotonic","timestamp_s":153.269892}
2024-09-15T01:22:10+08:00 Synology_NAS boot-time-detail[14877]: {"service":"syno-login.service","prop":"ActiveEnterTimestampMonotonic","timestamp_s":156.402628}
2024-09-15T01:22:10+08:00 Synology_NAS boot-time-detail[14877]: {"service":"basic.target","prop":"ActiveEnterTimestampMonotonic","timestamp_s":144.667774}
2024-09-15T01:22:10+08:00 Synology_NAS boot-time-detail[14877]: {"service":"network-online.target","prop":"ActiveEnterTimestampMonotonic","timestamp_s":65.589288}
2024-09-15T01:22:10+08:00 Synology_NAS boot-time-detail[14877]: {"service":"syno-share.target","prop":"ActiveEnterTimestampMonotonic","timestamp_s":155.590844}
2024-09-15T01:22:10+08:00 Synology_NAS boot-time-detail[14877]: {"service":"multi-user.target","prop":"ActiveEnterTimestampMonotonic","timestamp_s":156.379133}
2024-09-15T01:22:10+08:00 Synology_NAS boot-time-detail[14877]: {"service":"syno-bootup-done.target","prop":"ActiveEnterTimestampMonotonic","timestamp_s":157.694656}
2024-09-15T01:22:10+08:00 Synology_NAS boot-time-detail[14877]: {"service":"syno-rootfs-ready.target","prop":"ActiveEnterTimestampMonotonic","timestamp_s":57.029026}
2024-09-15T01:22:10+08:00 Synology_NAS boot-time-detail[14877]: {"service":"rc-network.service","prop":"InactiveExitTimestampMonotonic","timestamp_s":57.0467}
2024-09-15T01:22:10+08:00 Synology_NAS boot-time-detail[14877]: {"service":"rc-network.service","prop":"ActiveEnterTimestampMonotonic","timestamp_s":61.434769}
2024-09-15T01:22:10+08:00 Synology_NAS boot-time-detail[14877]: {"service":"syno-volume.service","prop":"InactiveExitTimestampMonotonic","timestamp_s":149.576877}
2024-09-15T01:22:10+08:00 Synology_NAS boot-time-detail[14877]: {"service":"syno-volume.service","prop":"ActiveEnterTimestampMonotonic","timestamp_s":151.684833}
2024-09-15T01:22:46+08:00 Synology_NAS boot-time-detail[19339]: {"service":"syno-packages.target","prop":"ActiveEnterTimestampMonotonic","timestamp_s":193.808487}
2024-09-15T01:31:04+08:00 Synology_NAS boot-time-detail[15276]: {}
2024-09-15T01:31:04+08:00 Synology_NAS boot-time-detail[15292]: {"service":"synocheckshare.service","prop":"InactiveExitTimestampMonotonic","timestamp_s":153.930862}
2024-09-15T01:31:04+08:00 Synology_NAS boot-time-detail[15292]: {"service":"syno-login.service","prop":"ActiveEnterTimestampMonotonic","timestamp_s":156.904641}
2024-09-15T01:31:04+08:00 Synology_NAS boot-time-detail[15292]: {"service":"basic.target","prop":"ActiveEnterTimestampMonotonic","timestamp_s":145.046331}
2024-09-15T01:31:04+08:00 Synology_NAS boot-time-detail[15292]: {"service":"network-online.target","prop":"ActiveEnterTimestampMonotonic","timestamp_s":62.607532}
2024-09-15T01:31:04+08:00 Synology_NAS boot-time-detail[15292]: {"service":"syno-share.target","prop":"ActiveEnterTimestampMonotonic","timestamp_s":156.185946}
2024-09-15T01:31:04+08:00 Synology_NAS boot-time-detail[15292]: {"service":"multi-user.target","prop":"ActiveEnterTimestampMonotonic","timestamp_s":156.8929}
2024-09-15T01:31:04+08:00 Synology_NAS boot-time-detail[15292]: {"service":"syno-bootup-done.target","prop":"ActiveEnterTimestampMonotonic","timestamp_s":158.130625}
2024-09-15T01:31:04+08:00 Synology_NAS boot-time-detail[15292]: {"service":"syno-rootfs-ready.target","prop":"ActiveEnterTimestampMonotonic","timestamp_s":57.007182}
2024-09-15T01:31:04+08:00 Synology_NAS boot-time-detail[15292]: {"service":"rc-network.service","prop":"InactiveExitTimestampMonotonic","timestamp_s":57.013424}
2024-09-15T01:31:04+08:00 Synology_NAS boot-time-detail[15292]: {"service":"rc-network.service","prop":"ActiveEnterTimestampMonotonic","timestamp_s":61.416932}
2024-09-15T01:31:04+08:00 Synology_NAS boot-time-detail[15292]: {"service":"syno-volume.service","prop":"InactiveExitTimestampMonotonic","timestamp_s":150.033452}
2024-09-15T01:31:04+08:00 Synology_NAS boot-time-detail[15292]: {"service":"syno-volume.service","prop":"ActiveEnterTimestampMonotonic","timestamp_s":152.443911}
2024-09-15T01:31:36+08:00 Synology_NAS boot-time-detail[19501]: {"service":"syno-packages.target","prop":"ActiveEnterTimestampMonotonic","timestamp_s":190.148802}
2024-09-15T05:06:22+08:00 Synology_NAS boot-time-detail[13208]: {}
2024-09-15T05:06:22+08:00 Synology_NAS boot-time-detail[13220]: {"service":"synocheckshare.service","prop":"InactiveExitTimestampMonotonic","timestamp_s":152.577745}
2024-09-15T05:06:22+08:00 Synology_NAS boot-time-detail[13220]: {"service":"syno-login.service","prop":"ActiveEnterTimestampMonotonic","timestamp_s":160.913243}
2024-09-15T05:06:22+08:00 Synology_NAS boot-time-detail[13220]: {"service":"basic.target","prop":"ActiveEnterTimestampMonotonic","timestamp_s":142.675281}
2024-09-15T05:06:22+08:00 Synology_NAS boot-time-detail[13220]: {"service":"network-online.target","prop":"ActiveEnterTimestampMonotonic","timestamp_s":63.342071}
2024-09-15T05:06:22+08:00 Synology_NAS boot-time-detail[13220]: {"service":"syno-share.target","prop":"ActiveEnterTimestampMonotonic","timestamp_s":158.638053}
2024-09-15T05:06:22+08:00 Synology_NAS boot-time-detail[13220]: {"service":"multi-user.target","prop":"ActiveEnterTimestampMonotonic","timestamp_s":160.849213}
2024-09-15T05:06:22+08:00 Synology_NAS boot-time-detail[13220]: {"service":"syno-bootup-done.target","prop":"ActiveEnterTimestampMonotonic","timestamp_s":161.886114}
2024-09-15T05:06:22+08:00 Synology_NAS boot-time-detail[13220]: {"service":"syno-rootfs-ready.target","prop":"ActiveEnterTimestampMonotonic","timestamp_s":56.226456}
2024-09-15T05:06:22+08:00 Synology_NAS boot-time-detail[13220]: {"service":"rc-network.service","prop":"InactiveExitTimestampMonotonic","timestamp_s":56.265805}
2024-09-15T05:06:22+08:00 Synology_NAS boot-time-detail[13220]: {"service":"rc-network.service","prop":"ActiveEnterTimestampMonotonic","timestamp_s":61.948042}
2024-09-15T05:06:22+08:00 Synology_NAS boot-time-detail[13220]: {"service":"syno-volume.service","prop":"InactiveExitTimestampMonotonic","timestamp_s":148.199166}
2024-09-15T05:06:22+08:00 Synology_NAS boot-time-detail[13220]: {"service":"syno-volume.service","prop":"ActiveEnterTimestampMonotonic","timestamp_s":151.107449}
2024-09-15T05:06:42+08:00 Synology_NAS boot-time-detail[15354]: {"service":"syno-packages.target","prop":"ActiveEnterTimestampMonotonic","timestamp_s":181.951202}
2024-09-15T05:15:26+08:00 Synology_NAS boot-time-detail[15727]: {}
2024-09-15T05:15:26+08:00 Synology_NAS boot-time-detail[15749]: {"service":"synocheckshare.service","prop":"InactiveExitTimestampMonotonic","timestamp_s":161.271929}
2024-09-15T05:15:26+08:00 Synology_NAS boot-time-detail[15749]: {"service":"syno-login.service","prop":"ActiveEnterTimestampMonotonic","timestamp_s":167.261613}
2024-09-15T05:15:26+08:00 Synology_NAS boot-time-detail[15749]: {"service":"basic.target","prop":"ActiveEnterTimestampMonotonic","timestamp_s":147.647517}
2024-09-15T05:15:26+08:00 Synology_NAS boot-time-detail[15749]: {"service":"network-online.target","prop":"ActiveEnterTimestampMonotonic","timestamp_s":68.383307}
2024-09-15T05:15:26+08:00 Synology_NAS boot-time-detail[15749]: {"service":"syno-share.target","prop":"ActiveEnterTimestampMonotonic","timestamp_s":165.259003}
2024-09-15T05:15:26+08:00 Synology_NAS boot-time-detail[15749]: {"service":"multi-user.target","prop":"ActiveEnterTimestampMonotonic","timestamp_s":167.235867}
2024-09-15T05:15:26+08:00 Synology_NAS boot-time-detail[15749]: {"service":"syno-bootup-done.target","prop":"ActiveEnterTimestampMonotonic","timestamp_s":169.094439}
2024-09-15T05:15:26+08:00 Synology_NAS boot-time-detail[15749]: {"service":"syno-rootfs-ready.target","prop":"ActiveEnterTimestampMonotonic","timestamp_s":60.938259}
2024-09-15T05:15:26+08:00 Synology_NAS boot-time-detail[15749]: {"service":"rc-network.service","prop":"InactiveExitTimestampMonotonic","timestamp_s":60.966188}
2024-09-15T05:15:26+08:00 Synology_NAS boot-time-detail[15749]: {"service":"rc-network.service","prop":"ActiveEnterTimestampMonotonic","timestamp_s":66.978627}
2024-09-15T05:15:26+08:00 Synology_NAS boot-time-detail[15749]: {"service":"syno-volume.service","prop":"InactiveExitTimestampMonotonic","timestamp_s":156.737993}
2024-09-15T05:15:26+08:00 Synology_NAS boot-time-detail[15749]: {"service":"syno-volume.service","prop":"ActiveEnterTimestampMonotonic","timestamp_s":159.358282}
2024-09-15T05:16:42+08:00 Synology_NAS boot-time-detail[20170]: {"service":"syno-packages.target","prop":"ActiveEnterTimestampMonotonic","timestamp_s":245.11205}
2024-09-16T05:39:46+08:00 Synology_NAS boot-time-detail[14762]: {}
2024-09-16T05:39:46+08:00 Synology_NAS boot-time-detail[14792]: {"service":"synocheckshare.service","prop":"InactiveExitTimestampMonotonic","timestamp_s":153.717746}
2024-09-16T05:39:46+08:00 Synology_NAS boot-time-detail[14792]: {"service":"syno-login.service","prop":"ActiveEnterTimestampMonotonic","timestamp_s":156.836748}
2024-09-16T05:39:46+08:00 Synology_NAS boot-time-detail[14792]: {"service":"basic.target","prop":"ActiveEnterTimestampMonotonic","timestamp_s":144.858968}
2024-09-16T05:39:46+08:00 Synology_NAS boot-time-detail[14792]: {"service":"network-online.target","prop":"ActiveEnterTimestampMonotonic","timestamp_s":62.640744}
2024-09-16T05:39:46+08:00 Synology_NAS boot-time-detail[14792]: {"service":"syno-share.target","prop":"ActiveEnterTimestampMonotonic","timestamp_s":155.923943}
2024-09-16T05:39:46+08:00 Synology_NAS boot-time-detail[14792]: {"service":"multi-user.target","prop":"ActiveEnterTimestampMonotonic","timestamp_s":156.822102}
2024-09-16T05:39:46+08:00 Synology_NAS boot-time-detail[14792]: {"service":"syno-bootup-done.target","prop":"ActiveEnterTimestampMonotonic","timestamp_s":157.731727}
2024-09-16T05:39:46+08:00 Synology_NAS boot-time-detail[14792]: {"service":"syno-rootfs-ready.target","prop":"ActiveEnterTimestampMonotonic","timestamp_s":56.788593}
2024-09-16T05:39:46+08:00 Synology_NAS boot-time-detail[14792]: {"service":"rc-network.service","prop":"InactiveExitTimestampMonotonic","timestamp_s":56.807226}
2024-09-16T05:39:46+08:00 Synology_NAS boot-time-detail[14792]: {"service":"rc-network.service","prop":"ActiveEnterTimestampMonotonic","timestamp_s":61.482185}
2024-09-16T05:39:47+08:00 Synology_NAS boot-time-detail[14792]: {"service":"syno-volume.service","prop":"InactiveExitTimestampMonotonic","timestamp_s":149.457871}
2024-09-16T05:39:47+08:00 Synology_NAS boot-time-detail[14792]: {"service":"syno-volume.service","prop":"ActiveEnterTimestampMonotonic","timestamp_s":151.892937}
2024-09-16T05:40:23+08:00 Synology_NAS boot-time-detail[19395]: {"service":"syno-packages.target","prop":"ActiveEnterTimestampMonotonic","timestamp_s":194.888983}
2024-09-16T19:33:08+08:00 Synology_NAS boot-time-detail[14972]: {}
2024-09-16T19:33:08+08:00 Synology_NAS boot-time-detail[14990]: {"service":"synocheckshare.service","prop":"InactiveExitTimestampMonotonic","timestamp_s":154.346883}
2024-09-16T19:33:08+08:00 Synology_NAS boot-time-detail[14990]: {"service":"syno-login.service","prop":"ActiveEnterTimestampMonotonic","timestamp_s":157.244153}
2024-09-16T19:33:08+08:00 Synology_NAS boot-time-detail[14990]: {"service":"basic.target","prop":"ActiveEnterTimestampMonotonic","timestamp_s":144.89533}
2024-09-16T19:33:08+08:00 Synology_NAS boot-time-detail[14990]: {"service":"network-online.target","prop":"ActiveEnterTimestampMonotonic","timestamp_s":61.614832}
2024-09-16T19:33:08+08:00 Synology_NAS boot-time-detail[14990]: {"service":"syno-share.target","prop":"ActiveEnterTimestampMonotonic","timestamp_s":156.307177}
2024-09-16T19:33:08+08:00 Synology_NAS boot-time-detail[14990]: {"service":"multi-user.target","prop":"ActiveEnterTimestampMonotonic","timestamp_s":157.236232}
2024-09-16T19:33:08+08:00 Synology_NAS boot-time-detail[14990]: {"service":"syno-bootup-done.target","prop":"ActiveEnterTimestampMonotonic","timestamp_s":158.555144}
2024-09-16T19:33:08+08:00 Synology_NAS boot-time-detail[14990]: {"service":"syno-rootfs-ready.target","prop":"ActiveEnterTimestampMonotonic","timestamp_s":56.412945}
2024-09-16T19:33:08+08:00 Synology_NAS boot-time-detail[14990]: {"service":"rc-network.service","prop":"InactiveExitTimestampMonotonic","timestamp_s":56.418839}
2024-09-16T19:33:08+08:00 Synology_NAS boot-time-detail[14990]: {"service":"rc-network.service","prop":"ActiveEnterTimestampMonotonic","timestamp_s":60.455579}
2024-09-16T19:33:08+08:00 Synology_NAS boot-time-detail[14990]: {"service":"syno-volume.service","prop":"InactiveExitTimestampMonotonic","timestamp_s":149.88358}
2024-09-16T19:33:08+08:00 Synology_NAS boot-time-detail[14990]: {"service":"syno-volume.service","prop":"ActiveEnterTimestampMonotonic","timestamp_s":152.209214}
2024-09-16T19:33:45+08:00 Synology_NAS boot-time-detail[19419]: {"service":"syno-packages.target","prop":"ActiveEnterTimestampMonotonic","timestamp_s":195.362216}
2024-09-17T04:58:49+08:00 Synology_NAS boot-time-detail[15301]: {}
2024-09-17T04:58:49+08:00 Synology_NAS boot-time-detail[15310]: {"service":"synocheckshare.service","prop":"InactiveExitTimestampMonotonic","timestamp_s":153.668054}
2024-09-17T04:58:49+08:00 Synology_NAS boot-time-detail[15310]: {"service":"syno-login.service","prop":"ActiveEnterTimestampMonotonic","timestamp_s":156.843523}
2024-09-17T04:58:49+08:00 Synology_NAS boot-time-detail[15310]: {"service":"basic.target","prop":"ActiveEnterTimestampMonotonic","timestamp_s":143.892052}
2024-09-17T04:58:49+08:00 Synology_NAS boot-time-detail[15310]: {"service":"network-online.target","prop":"ActiveEnterTimestampMonotonic","timestamp_s":61.191387}
2024-09-17T04:58:49+08:00 Synology_NAS boot-time-detail[15310]: {"service":"syno-share.target","prop":"ActiveEnterTimestampMonotonic","timestamp_s":155.88454}
2024-09-17T04:58:49+08:00 Synology_NAS boot-time-detail[15310]: {"service":"multi-user.target","prop":"ActiveEnterTimestampMonotonic","timestamp_s":156.831717}
2024-09-17T04:58:49+08:00 Synology_NAS boot-time-detail[15310]: {"service":"syno-bootup-done.target","prop":"ActiveEnterTimestampMonotonic","timestamp_s":158.375036}
2024-09-17T04:58:49+08:00 Synology_NAS boot-time-detail[15310]: {"service":"syno-rootfs-ready.target","prop":"ActiveEnterTimestampMonotonic","timestamp_s":55.745977}
2024-09-17T04:58:49+08:00 Synology_NAS boot-time-detail[15310]: {"service":"rc-network.service","prop":"InactiveExitTimestampMonotonic","timestamp_s":55.763483}
2024-09-17T04:58:49+08:00 Synology_NAS boot-time-detail[15310]: {"service":"rc-network.service","prop":"ActiveEnterTimestampMonotonic","timestamp_s":60.022565}
2024-09-17T04:58:49+08:00 Synology_NAS boot-time-detail[15310]: {"service":"syno-volume.service","prop":"InactiveExitTimestampMonotonic","timestamp_s":149.168258}
2024-09-17T04:58:49+08:00 Synology_NAS boot-time-detail[15310]: {"service":"syno-volume.service","prop":"ActiveEnterTimestampMonotonic","timestamp_s":151.659701}
2024-09-17T04:59:31+08:00 Synology_NAS boot-time-detail[19603]: {"service":"syno-packages.target","prop":"ActiveEnterTimestampMonotonic","timestamp_s":200.042778}
2024-09-17T05:50:57+08:00 Synology_NAS boot-time-detail[14785]: {}
2024-09-17T05:50:57+08:00 Synology_NAS boot-time-detail[14805]: {"service":"synocheckshare.service","prop":"InactiveExitTimestampMonotonic","timestamp_s":153.563916}
2024-09-17T05:50:57+08:00 Synology_NAS boot-time-detail[14805]: {"service":"syno-login.service","prop":"ActiveEnterTimestampMonotonic","timestamp_s":156.641796}
2024-09-17T05:50:57+08:00 Synology_NAS boot-time-detail[14805]: {"service":"basic.target","prop":"ActiveEnterTimestampMonotonic","timestamp_s":143.887815}
2024-09-17T05:50:57+08:00 Synology_NAS boot-time-detail[14805]: {"service":"network-online.target","prop":"ActiveEnterTimestampMonotonic","timestamp_s":61.607995}
2024-09-17T05:50:57+08:00 Synology_NAS boot-time-detail[14805]: {"service":"syno-share.target","prop":"ActiveEnterTimestampMonotonic","timestamp_s":155.635904}
2024-09-17T05:50:57+08:00 Synology_NAS boot-time-detail[14805]: {"service":"multi-user.target","prop":"ActiveEnterTimestampMonotonic","timestamp_s":156.63285}
2024-09-17T05:50:57+08:00 Synology_NAS boot-time-detail[14805]: {"service":"syno-bootup-done.target","prop":"ActiveEnterTimestampMonotonic","timestamp_s":157.560254}
2024-09-17T05:50:57+08:00 Synology_NAS boot-time-detail[14805]: {"service":"syno-rootfs-ready.target","prop":"ActiveEnterTimestampMonotonic","timestamp_s":55.848651}
2024-09-17T05:50:57+08:00 Synology_NAS boot-time-detail[14805]: {"service":"rc-network.service","prop":"InactiveExitTimestampMonotonic","timestamp_s":55.85506}
2024-09-17T05:50:57+08:00 Synology_NAS boot-time-detail[14805]: {"service":"rc-network.service","prop":"ActiveEnterTimestampMonotonic","timestamp_s":60.427256}
2024-09-17T05:50:57+08:00 Synology_NAS boot-time-detail[14805]: {"service":"syno-volume.service","prop":"InactiveExitTimestampMonotonic","timestamp_s":148.873875}
2024-09-17T05:50:57+08:00 Synology_NAS boot-time-detail[14805]: {"service":"syno-volume.service","prop":"ActiveEnterTimestampMonotonic","timestamp_s":151.496666}
2024-09-17T05:51:39+08:00 Synology_NAS boot-time-detail[19458]: {"service":"syno-packages.target","prop":"ActiveEnterTimestampMonotonic","timestamp_s":199.584289}
2024-09-17T10:46:12+08:00 Synology_NAS boot-time-detail[14951]: {}
2024-09-17T10:46:12+08:00 Synology_NAS boot-time-detail[14967]: {"service":"synocheckshare.service","prop":"InactiveExitTimestampMonotonic","timestamp_s":152.611362}
2024-09-17T10:46:12+08:00 Synology_NAS boot-time-detail[14967]: {"service":"syno-login.service","prop":"ActiveEnterTimestampMonotonic","timestamp_s":155.589528}
2024-09-17T10:46:12+08:00 Synology_NAS boot-time-detail[14967]: {"service":"basic.target","prop":"ActiveEnterTimestampMonotonic","timestamp_s":143.536481}
2024-09-17T10:46:12+08:00 Synology_NAS boot-time-detail[14967]: {"service":"network-online.target","prop":"ActiveEnterTimestampMonotonic","timestamp_s":61.031542}
2024-09-17T10:46:12+08:00 Synology_NAS boot-time-detail[14967]: {"service":"syno-share.target","prop":"ActiveEnterTimestampMonotonic","timestamp_s":154.645385}
2024-09-17T10:46:12+08:00 Synology_NAS boot-time-detail[14967]: {"service":"multi-user.target","prop":"ActiveEnterTimestampMonotonic","timestamp_s":155.580165}
2024-09-17T10:46:12+08:00 Synology_NAS boot-time-detail[14967]: {"service":"syno-bootup-done.target","prop":"ActiveEnterTimestampMonotonic","timestamp_s":156.751119}
2024-09-17T10:46:12+08:00 Synology_NAS boot-time-detail[14967]: {"service":"syno-rootfs-ready.target","prop":"ActiveEnterTimestampMonotonic","timestamp_s":55.138199}
2024-09-17T10:46:12+08:00 Synology_NAS boot-time-detail[14967]: {"service":"rc-network.service","prop":"InactiveExitTimestampMonotonic","timestamp_s":55.160627}
2024-09-17T10:46:12+08:00 Synology_NAS boot-time-detail[14967]: {"service":"rc-network.service","prop":"ActiveEnterTimestampMonotonic","timestamp_s":59.781868}
2024-09-17T10:46:12+08:00 Synology_NAS boot-time-detail[14967]: {"service":"syno-volume.service","prop":"InactiveExitTimestampMonotonic","timestamp_s":148.414968}
2024-09-17T10:46:12+08:00 Synology_NAS boot-time-detail[14967]: {"service":"syno-volume.service","prop":"ActiveEnterTimestampMonotonic","timestamp_s":150.609305}
2024-09-17T10:46:49+08:00 Synology_NAS boot-time-detail[19365]: {"service":"syno-packages.target","prop":"ActiveEnterTimestampMonotonic","timestamp_s":194.545645}
2024-09-20T07:51:30+08:00 Synology_NAS boot-time-detail[15449]: {}
2024-09-20T07:51:30+08:00 Synology_NAS boot-time-detail[15463]: {"service":"synocheckshare.service","prop":"InactiveExitTimestampMonotonic","timestamp_s":153.667185}
2024-09-20T07:51:30+08:00 Synology_NAS boot-time-detail[15463]: {"service":"syno-login.service","prop":"ActiveEnterTimestampMonotonic","timestamp_s":158.105206}
2024-09-20T07:51:30+08:00 Synology_NAS boot-time-detail[15463]: {"service":"basic.target","prop":"ActiveEnterTimestampMonotonic","timestamp_s":143.970802}
2024-09-20T07:51:30+08:00 Synology_NAS boot-time-detail[15463]: {"service":"network-online.target","prop":"ActiveEnterTimestampMonotonic","timestamp_s":61.197608}
2024-09-20T07:51:30+08:00 Synology_NAS boot-time-detail[15463]: {"service":"syno-share.target","prop":"ActiveEnterTimestampMonotonic","timestamp_s":154.836552}
2024-09-20T07:51:30+08:00 Synology_NAS boot-time-detail[15463]: {"service":"multi-user.target","prop":"ActiveEnterTimestampMonotonic","timestamp_s":157.864601}
2024-09-20T07:51:30+08:00 Synology_NAS boot-time-detail[15463]: {"service":"syno-bootup-done.target","prop":"ActiveEnterTimestampMonotonic","timestamp_s":158.926269}
2024-09-20T07:51:30+08:00 Synology_NAS boot-time-detail[15463]: {"service":"syno-rootfs-ready.target","prop":"ActiveEnterTimestampMonotonic","timestamp_s":55.871047}
2024-09-20T07:51:30+08:00 Synology_NAS boot-time-detail[15463]: {"service":"rc-network.service","prop":"InactiveExitTimestampMonotonic","timestamp_s":55.87881}
2024-09-20T07:51:30+08:00 Synology_NAS boot-time-detail[15463]: {"service":"rc-network.service","prop":"ActiveEnterTimestampMonotonic","timestamp_s":60.037688}
2024-09-20T07:51:30+08:00 Synology_NAS boot-time-detail[15463]: {"service":"syno-volume.service","prop":"InactiveExitTimestampMonotonic","timestamp_s":148.922997}
2024-09-20T07:51:30+08:00 Synology_NAS boot-time-detail[15463]: {"service":"syno-volume.service","prop":"ActiveEnterTimestampMonotonic","timestamp_s":151.401208}
2024-09-20T07:52:07+08:00 Synology_NAS boot-time-detail[19415]: {"service":"syno-packages.target","prop":"ActiveEnterTimestampMonotonic","timestamp_s":196.478833}
2024-09-20T11:34:51+08:00 Synology_NAS boot-time-detail[15857]: {}
2024-09-20T11:34:51+08:00 Synology_NAS boot-time-detail[15881]: {"service":"synocheckshare.service","prop":"InactiveExitTimestampMonotonic","timestamp_s":156.148057}
2024-09-20T11:34:51+08:00 Synology_NAS boot-time-detail[15881]: {"service":"syno-login.service","prop":"ActiveEnterTimestampMonotonic","timestamp_s":159.051798}
2024-09-20T11:34:51+08:00 Synology_NAS boot-time-detail[15881]: {"service":"basic.target","prop":"ActiveEnterTimestampMonotonic","timestamp_s":145.164642}
2024-09-20T11:34:51+08:00 Synology_NAS boot-time-detail[15881]: {"service":"network-online.target","prop":"ActiveEnterTimestampMonotonic","timestamp_s":64.637454}
2024-09-20T11:34:51+08:00 Synology_NAS boot-time-detail[15881]: {"service":"syno-share.target","prop":"ActiveEnterTimestampMonotonic","timestamp_s":158.16078}
2024-09-20T11:34:51+08:00 Synology_NAS boot-time-detail[15881]: {"service":"multi-user.target","prop":"ActiveEnterTimestampMonotonic","timestamp_s":159.043394}
2024-09-20T11:34:51+08:00 Synology_NAS boot-time-detail[15881]: {"service":"syno-bootup-done.target","prop":"ActiveEnterTimestampMonotonic","timestamp_s":160.587536}
2024-09-20T11:34:51+08:00 Synology_NAS boot-time-detail[15881]: {"service":"syno-rootfs-ready.target","prop":"ActiveEnterTimestampMonotonic","timestamp_s":56.621705}
2024-09-20T11:34:51+08:00 Synology_NAS boot-time-detail[15881]: {"service":"rc-network.service","prop":"InactiveExitTimestampMonotonic","timestamp_s":56.635011}
2024-09-20T11:34:51+08:00 Synology_NAS boot-time-detail[15881]: {"service":"rc-network.service","prop":"ActiveEnterTimestampMonotonic","timestamp_s":61.498143}
2024-09-20T11:34:51+08:00 Synology_NAS boot-time-detail[15881]: {"service":"syno-volume.service","prop":"InactiveExitTimestampMonotonic","timestamp_s":150.502256}
2024-09-20T11:34:51+08:00 Synology_NAS boot-time-detail[15881]: {"service":"syno-volume.service","prop":"ActiveEnterTimestampMonotonic","timestamp_s":153.607402}
2024-09-20T11:35:28+08:00 Synology_NAS boot-time-detail[20106]: {"service":"syno-packages.target","prop":"ActiveEnterTimestampMonotonic","timestamp_s":197.455629}
2024-10-09T04:33:35+08:00 Yasuraokaa_Site boot-time-detail[15655]: {}
2024-10-09T04:33:35+08:00 Yasuraokaa_Site boot-time-detail[15685]: {"service":"synocheckshare.service","prop":"InactiveExitTimestampMonotonic","timestamp_s":155.150247}
2024-10-09T04:33:35+08:00 Yasuraokaa_Site boot-time-detail[15685]: {"service":"syno-login.service","prop":"ActiveEnterTimestampMonotonic","timestamp_s":158.51134}
2024-10-09T04:33:35+08:00 Yasuraokaa_Site boot-time-detail[15685]: {"service":"basic.target","prop":"ActiveEnterTimestampMonotonic","timestamp_s":141.822147}
2024-10-09T04:33:35+08:00 Yasuraokaa_Site boot-time-detail[15685]: {"service":"network-online.target","prop":"ActiveEnterTimestampMonotonic","timestamp_s":62.210046}
2024-10-09T04:33:35+08:00 Yasuraokaa_Site boot-time-detail[15685]: {"service":"syno-share.target","prop":"ActiveEnterTimestampMonotonic","timestamp_s":156.067999}
2024-10-09T04:33:35+08:00 Yasuraokaa_Site boot-time-detail[15685]: {"service":"multi-user.target","prop":"ActiveEnterTimestampMonotonic","timestamp_s":158.498405}
2024-10-09T04:33:35+08:00 Yasuraokaa_Site boot-time-detail[15685]: {"service":"syno-bootup-done.target","prop":"ActiveEnterTimestampMonotonic","timestamp_s":160.090297}
2024-10-09T04:33:36+08:00 Yasuraokaa_Site boot-time-detail[15685]: {"service":"syno-rootfs-ready.target","prop":"ActiveEnterTimestampMonotonic","timestamp_s":54.171316}
2024-10-09T04:33:36+08:00 Yasuraokaa_Site boot-time-detail[15685]: {"service":"rc-network.service","prop":"InactiveExitTimestampMonotonic","timestamp_s":54.17724}
2024-10-09T04:33:36+08:00 Yasuraokaa_Site boot-time-detail[15685]: {"service":"rc-network.service","prop":"ActiveEnterTimestampMonotonic","timestamp_s":58.064543}
2024-10-09T04:33:36+08:00 Yasuraokaa_Site boot-time-detail[15685]: {"service":"syno-volume.service","prop":"InactiveExitTimestampMonotonic","timestamp_s":147.05171}
2024-10-09T04:33:36+08:00 Yasuraokaa_Site boot-time-detail[15685]: {"service":"syno-volume.service","prop":"ActiveEnterTimestampMonotonic","timestamp_s":151.577106}
2024-10-09T04:35:25+08:00 Yasuraokaa_Site boot-time-detail[27996]: {"service":"syno-packages.target","prop":"ActiveEnterTimestampMonotonic","timestamp_s":270.345495}
2024-11-05T07:06:42+08:00 Yasuraokaa_Site boot-time-detail[15734]: {}
2024-11-05T07:06:42+08:00 Yasuraokaa_Site boot-time-detail[15756]: {"service":"synocheckshare.service","prop":"InactiveExitTimestampMonotonic","timestamp_s":152.998145}
2024-11-05T07:06:42+08:00 Yasuraokaa_Site boot-time-detail[15756]: {"service":"syno-login.service","prop":"ActiveEnterTimestampMonotonic","timestamp_s":156.280273}
2024-11-05T07:06:42+08:00 Yasuraokaa_Site boot-time-detail[15756]: {"service":"basic.target","prop":"ActiveEnterTimestampMonotonic","timestamp_s":141.358553}
2024-11-05T07:06:42+08:00 Yasuraokaa_Site boot-time-detail[15756]: {"service":"network-online.target","prop":"ActiveEnterTimestampMonotonic","timestamp_s":63.989183}
2024-11-05T07:06:42+08:00 Yasuraokaa_Site boot-time-detail[15756]: {"service":"syno-share.target","prop":"ActiveEnterTimestampMonotonic","timestamp_s":154.289681}
2024-11-05T07:06:42+08:00 Yasuraokaa_Site boot-time-detail[15756]: {"service":"multi-user.target","prop":"ActiveEnterTimestampMonotonic","timestamp_s":156.247474}
2024-11-05T07:06:42+08:00 Yasuraokaa_Site boot-time-detail[15756]: {"service":"syno-bootup-done.target","prop":"ActiveEnterTimestampMonotonic","timestamp_s":158.127462}
2024-11-05T07:06:42+08:00 Yasuraokaa_Site boot-time-detail[15756]: {"service":"syno-rootfs-ready.target","prop":"ActiveEnterTimestampMonotonic","timestamp_s":53.949305}
2024-11-05T07:06:42+08:00 Yasuraokaa_Site boot-time-detail[15756]: {"service":"rc-network.service","prop":"InactiveExitTimestampMonotonic","timestamp_s":53.974044}
2024-11-05T07:06:42+08:00 Yasuraokaa_Site boot-time-detail[15756]: {"service":"rc-network.service","prop":"ActiveEnterTimestampMonotonic","timestamp_s":58.657993}
2024-11-05T07:06:42+08:00 Yasuraokaa_Site boot-time-detail[15756]: {"service":"syno-volume.service","prop":"InactiveExitTimestampMonotonic","timestamp_s":146.453592}
2024-11-05T07:06:42+08:00 Yasuraokaa_Site boot-time-detail[15756]: {"service":"syno-volume.service","prop":"ActiveEnterTimestampMonotonic","timestamp_s":150.489912}
2024-11-05T07:08:34+08:00 Yasuraokaa_Site boot-time-detail[24538]: {"service":"syno-packages.target","prop":"ActiveEnterTimestampMonotonic","timestamp_s":270.186563}
