2024-09-08T17:15:22-07:00 SynologyNAS synostorage[8836]: partition_log_by_disk.c:72  [/dev/sata2][serial: 71C0A0A8FRVH][firmware: 4303][2 partition(s) found.]
2024-09-08T17:15:22-07:00 SynologyNAS synostorage[8836]: partition_log_by_disk.c:87  [/dev/sata2p1][serial: 71C0A0A8FRVH][firmware: 4303][start: 8192][size: 16777216]
2024-09-08T17:15:22-07:00 SynologyNAS synostorage[8836]: partition_log_by_disk.c:87  [/dev/sata2p2][serial: 71C0A0A8FRVH][firmware: 4303][start: 16785408][size: 4194304]
2024-09-10T07:07:24+08:00 Synology_NAS synostorage[8075]: partition_log_by_disk.c:72  [/dev/sata2][serial: 71C0A0A8FRVH][firmware: 4303][2 partition(s) found.]
2024-09-10T07:07:24+08:00 Synology_NAS synostorage[8075]: partition_log_by_disk.c:87  [/dev/sata2p1][serial: 71C0A0A8FRVH][firmware: 4303][start: 8192][size: 16777216]
2024-09-10T07:07:24+08:00 Synology_NAS synostorage[8075]: partition_log_by_disk.c:87  [/dev/sata2p2][serial: 71C0A0A8FRVH][firmware: 4303][start: 16785408][size: 4194304]
2024-09-11T20:04:08+08:00 Synology_NAS synostorage[8109]: partition_log_by_disk.c:72  [/dev/sata3][serial: 71C0A0A8FRVH][firmware: 4303][2 partition(s) found.]
2024-09-11T20:04:08+08:00 Synology_NAS synostorage[8109]: partition_log_by_disk.c:87  [/dev/sata3p1][serial: 71C0A0A8FRVH][firmware: 4303][start: 8192][size: 16777216]
2024-09-11T20:04:08+08:00 Synology_NAS synostorage[8109]: partition_log_by_disk.c:87  [/dev/sata3p2][serial: 71C0A0A8FRVH][firmware: 4303][start: 16785408][size: 4194304]
2024-09-11T20:04:08+08:00 Synology_NAS synostorage[8101]: partition_log_by_disk.c:72  [/dev/sata2][serial: Y6QEK10PF68D][firmware: FJ1B][2 partition(s) found.]
2024-09-11T20:04:08+08:00 Synology_NAS synostorage[8101]: partition_log_by_disk.c:87  [/dev/sata2p1][serial: Y6QEK10PF68D][firmware: FJ1B][start: 34][size: 262144]
2024-09-11T20:04:08+08:00 Synology_NAS synostorage[8101]: partition_log_by_disk.c:87  [/dev/sata2p2][serial: Y6QEK10PF68D][firmware: FJ1B][start: 264192][size: 7813771264]
2024-09-12T00:28:53+08:00 Synology_NAS synostorage[8384]: partition_log_by_disk.c:72  [/dev/sata4][serial: 71C0A0A8FRVH][firmware: 4303][3 partition(s) found.]
2024-09-12T00:28:53+08:00 Synology_NAS synostorage[8384]: partition_log_by_disk.c:87  [/dev/sata4p1][serial: 71C0A0A8FRVH][firmware: 4303][start: 8192][size: 16777216]
2024-09-12T00:28:53+08:00 Synology_NAS synostorage[8384]: partition_log_by_disk.c:87  [/dev/sata4p2][serial: 71C0A0A8FRVH][firmware: 4303][start: 16785408][size: 4194304]
2024-09-12T00:28:53+08:00 Synology_NAS synostorage[8384]: partition_log_by_disk.c:87  [/dev/sata4p3][serial: 71C0A0A8FRVH][firmware: 4303][start: 21241856][size: 27323318272]
2024-09-12T00:28:53+08:00 Synology_NAS synostorage[8372]: partition_log_by_disk.c:72  [/dev/sata2][serial: WL1NSDX8][firmware: SPS6][14 partition(s) found.]
2024-09-12T00:28:53+08:00 Synology_NAS synostorage[8372]: partition_log_by_disk.c:87  [/dev/sata2p1][serial: WL1NSDX8][firmware: SPS6][start: 1947985920][size: 1048576]
2024-09-12T00:28:53+08:00 Synology_NAS synostorage[8372]: partition_log_by_disk.c:87  [/dev/sata2p10][serial: WL1NSDX8][firmware: SPS6][start: 1941694464][size: 2097152]
2024-09-12T00:28:53+08:00 Synology_NAS synostorage[8372]: partition_log_by_disk.c:87  [/dev/sata2p11][serial: WL1NSDX8][firmware: SPS6][start: 1943791616][size: 2097152]
2024-09-12T00:28:53+08:00 Synology_NAS synostorage[8372]: partition_log_by_disk.c:87  [/dev/sata2p12][serial: WL1NSDX8][firmware: SPS6][start: 1945888768][size: 2097152]
2024-09-12T00:28:53+08:00 Synology_NAS synostorage[8372]: partition_log_by_disk.c:87  [/dev/sata2p13][serial: WL1NSDX8][firmware: SPS6][start: 19398656][size: 25165824]
2024-09-12T00:28:53+08:00 Synology_NAS synostorage[8372]: partition_log_by_disk.c:87  [/dev/sata2p17][serial: WL1NSDX8][firmware: SPS6][start: 524288][size: 2097152]
2024-09-12T00:28:53+08:00 Synology_NAS synostorage[8372]: partition_log_by_disk.c:87  [/dev/sata2p19][serial: WL1NSDX8][firmware: SPS6][start: 2621440][size: 16777216]
2024-09-12T00:28:53+08:00 Synology_NAS synostorage[8372]: partition_log_by_disk.c:87  [/dev/sata2p25][serial: WL1NSDX8][firmware: SPS6][start: 44564480][size: 12582912]
2024-09-12T00:28:53+08:00 Synology_NAS synostorage[8372]: partition_log_by_disk.c:87  [/dev/sata2p27][serial: WL1NSDX8][firmware: SPS6][start: 57147392][size: 1882449920]
2024-09-12T00:28:53+08:00 Synology_NAS synostorage[8372]: partition_log_by_disk.c:87  [/dev/sata2p29][serial: WL1NSDX8][firmware: SPS6][start: 1951426560][size: 2097152]
2024-09-12T00:28:53+08:00 Synology_NAS synostorage[8372]: partition_log_by_disk.c:87  [/dev/sata2p3][serial: WL1NSDX8][firmware: SPS6][start: 1949034496][size: 2097152]
2024-09-12T00:28:53+08:00 Synology_NAS synostorage[8372]: partition_log_by_disk.c:87  [/dev/sata2p5][serial: WL1NSDX8][firmware: SPS6][start: 1951131648][size: 32768]
2024-09-12T00:28:53+08:00 Synology_NAS synostorage[8372]: partition_log_by_disk.c:87  [/dev/sata2p7][serial: WL1NSDX8][firmware: SPS6][start: 1951164416][size: 262144]
2024-09-12T00:28:53+08:00 Synology_NAS synostorage[8372]: partition_log_by_disk.c:87  [/dev/sata2p9][serial: WL1NSDX8][firmware: SPS6][start: 1939597312][size: 2097152]
2024-09-12T00:28:53+08:00 Synology_NAS synostorage[8432]: partition_log_by_disk.c:72  [/dev/sata3][serial: Y6QEK10PF68D][firmware: FJ1B][3 partition(s) found.]
2024-09-12T00:28:53+08:00 Synology_NAS synostorage[8432]: partition_log_by_disk.c:87  [/dev/sata3p1][serial: Y6QEK10PF68D][firmware: FJ1B][start: 8192][size: 16777216]
2024-09-12T00:28:53+08:00 Synology_NAS synostorage[8432]: partition_log_by_disk.c:87  [/dev/sata3p2][serial: Y6QEK10PF68D][firmware: FJ1B][start: 16785408][size: 4194304]
2024-09-12T00:28:53+08:00 Synology_NAS synostorage[8432]: partition_log_by_disk.c:87  [/dev/sata3p3][serial: Y6QEK10PF68D][firmware: FJ1B][start: 21241856][size: 7792590496]
2024-09-14T23:15:19+08:00 Synology_NAS synostorage[8494]: partition_log_by_disk.c:72  [/dev/sata3][serial: 9RGA0S4C][firmware: LDGSW07G][2 partition(s) found.]
2024-09-14T23:15:19+08:00 Synology_NAS synostorage[8494]: partition_log_by_disk.c:87  [/dev/sata3p1][serial: 9RGA0S4C][firmware: LDGSW07G][start: 34][size: 32734]
2024-09-14T23:15:19+08:00 Synology_NAS synostorage[8494]: partition_log_by_disk.c:87  [/dev/sata3p2][serial: 9RGA0S4C][firmware: LDGSW07G][start: 32768][size: 27344728064]
2024-09-14T23:15:19+08:00 Synology_NAS synostorage[8509]: partition_log_by_disk.c:72  [/dev/sata5][serial: 71C0A0A8FRVH][firmware: 4303][3 partition(s) found.]
2024-09-14T23:15:19+08:00 Synology_NAS synostorage[8509]: partition_log_by_disk.c:87  [/dev/sata5p1][serial: 71C0A0A8FRVH][firmware: 4303][start: 8192][size: 16777216]
2024-09-14T23:15:19+08:00 Synology_NAS synostorage[8509]: partition_log_by_disk.c:87  [/dev/sata5p2][serial: 71C0A0A8FRVH][firmware: 4303][start: 16785408][size: 4194304]
2024-09-14T23:15:19+08:00 Synology_NAS synostorage[8509]: partition_log_by_disk.c:87  [/dev/sata5p3][serial: 71C0A0A8FRVH][firmware: 4303][start: 21241856][size: 27323318272]
2024-09-14T23:15:19+08:00 Synology_NAS synostorage[8517]: partition_log_by_disk.c:72  [/dev/sata4][serial: Y6QEK10PF68D][firmware: FJ1B][3 partition(s) found.]
2024-09-14T23:15:19+08:00 Synology_NAS synostorage[8517]: partition_log_by_disk.c:87  [/dev/sata4p1][serial: Y6QEK10PF68D][firmware: FJ1B][start: 8192][size: 16777216]
2024-09-14T23:15:19+08:00 Synology_NAS synostorage[8517]: partition_log_by_disk.c:87  [/dev/sata4p2][serial: Y6QEK10PF68D][firmware: FJ1B][start: 16785408][size: 4194304]
2024-09-14T23:15:19+08:00 Synology_NAS synostorage[8517]: partition_log_by_disk.c:87  [/dev/sata4p3][serial: Y6QEK10PF68D][firmware: FJ1B][start: 21241856][size: 7792590496]
2024-09-14T23:15:19+08:00 Synology_NAS synostorage[8501]: partition_log_by_disk.c:72  [/dev/sata2][serial: WL1NSDX8][firmware: SPS6][3 partition(s) found.]
2024-09-14T23:15:19+08:00 Synology_NAS synostorage[8501]: partition_log_by_disk.c:87  [/dev/sata2p1][serial: WL1NSDX8][firmware: SPS6][start: 8192][size: 16777216]
2024-09-14T23:15:19+08:00 Synology_NAS synostorage[8501]: partition_log_by_disk.c:87  [/dev/sata2p2][serial: WL1NSDX8][firmware: SPS6][start: 16785408][size: 4194304]
2024-09-14T23:15:19+08:00 Synology_NAS synostorage[8501]: partition_log_by_disk.c:87  [/dev/sata2p3][serial: WL1NSDX8][firmware: SPS6][start: 21241856][size: 1932078496]
2024-09-15T01:12:44+08:00 Synology_NAS synostorage[8643]: partition_log_by_disk.c:72  [/dev/sata3][serial: 9RGA0S4C][firmware: LDGSW07G][3 partition(s) found.]
2024-09-15T01:12:44+08:00 Synology_NAS synostorage[8643]: partition_log_by_disk.c:87  [/dev/sata3p1][serial: 9RGA0S4C][firmware: LDGSW07G][start: 8192][size: 16777216]
2024-09-15T01:12:44+08:00 Synology_NAS synostorage[8643]: partition_log_by_disk.c:87  [/dev/sata3p2][serial: 9RGA0S4C][firmware: LDGSW07G][start: 16785408][size: 4194304]
2024-09-15T01:12:44+08:00 Synology_NAS synostorage[8643]: partition_log_by_disk.c:87  [/dev/sata3p3][serial: 9RGA0S4C][firmware: LDGSW07G][start: 21241856][size: 27323318272]
2024-09-15T01:12:44+08:00 Synology_NAS synostorage[8830]: partition_log_by_disk.c:72  [/dev/sata5][serial: 71C0A0A8FRVH][firmware: 4303][3 partition(s) found.]
2024-09-15T01:12:44+08:00 Synology_NAS synostorage[8830]: partition_log_by_disk.c:87  [/dev/sata5p1][serial: 71C0A0A8FRVH][firmware: 4303][start: 8192][size: 16777216]
2024-09-15T01:12:44+08:00 Synology_NAS synostorage[8830]: partition_log_by_disk.c:87  [/dev/sata5p2][serial: 71C0A0A8FRVH][firmware: 4303][start: 16785408][size: 4194304]
2024-09-15T01:12:44+08:00 Synology_NAS synostorage[8830]: partition_log_by_disk.c:87  [/dev/sata5p3][serial: 71C0A0A8FRVH][firmware: 4303][start: 21241856][size: 27323318272]
2024-09-15T01:12:44+08:00 Synology_NAS synostorage[8837]: partition_log_by_disk.c:72  [/dev/sata4][serial: Y6QEK10PF68D][firmware: FJ1B][3 partition(s) found.]
2024-09-15T01:12:44+08:00 Synology_NAS synostorage[8837]: partition_log_by_disk.c:87  [/dev/sata4p1][serial: Y6QEK10PF68D][firmware: FJ1B][start: 8192][size: 16777216]
2024-09-15T01:12:44+08:00 Synology_NAS synostorage[8837]: partition_log_by_disk.c:87  [/dev/sata4p2][serial: Y6QEK10PF68D][firmware: FJ1B][start: 16785408][size: 4194304]
2024-09-15T01:12:44+08:00 Synology_NAS synostorage[8837]: partition_log_by_disk.c:87  [/dev/sata4p3][serial: Y6QEK10PF68D][firmware: FJ1B][start: 21241856][size: 7792590496]
2024-09-15T01:12:44+08:00 Synology_NAS synostorage[8486]: partition_log_by_disk.c:72  [/dev/sata2][serial: WL1NSDX8][firmware: SPS6][3 partition(s) found.]
2024-09-15T01:12:44+08:00 Synology_NAS synostorage[8486]: partition_log_by_disk.c:87  [/dev/sata2p1][serial: WL1NSDX8][firmware: SPS6][start: 8192][size: 16777216]
2024-09-15T01:12:44+08:00 Synology_NAS synostorage[8486]: partition_log_by_disk.c:87  [/dev/sata2p2][serial: WL1NSDX8][firmware: SPS6][start: 16785408][size: 4194304]
2024-09-15T01:12:44+08:00 Synology_NAS synostorage[8486]: partition_log_by_disk.c:87  [/dev/sata2p3][serial: WL1NSDX8][firmware: SPS6][start: 21241856][size: 1932078496]
2024-09-15T01:17:49+08:00 Synology_NAS synostorage[8604]: partition_log_by_disk.c:72  [/dev/sata3][serial: 9RGA0S4C][firmware: LDGSW07G][3 partition(s) found.]
2024-09-15T01:17:49+08:00 Synology_NAS synostorage[8604]: partition_log_by_disk.c:87  [/dev/sata3p1][serial: 9RGA0S4C][firmware: LDGSW07G][start: 8192][size: 16777216]
2024-09-15T01:17:49+08:00 Synology_NAS synostorage[8604]: partition_log_by_disk.c:87  [/dev/sata3p2][serial: 9RGA0S4C][firmware: LDGSW07G][start: 16785408][size: 4194304]
2024-09-15T01:17:49+08:00 Synology_NAS synostorage[8604]: partition_log_by_disk.c:87  [/dev/sata3p3][serial: 9RGA0S4C][firmware: LDGSW07G][start: 21241856][size: 27323318272]
2024-09-15T01:17:49+08:00 Synology_NAS synostorage[8603]: partition_log_by_disk.c:72  [/dev/sata5][serial: 71C0A0A8FRVH][firmware: 4303][3 partition(s) found.]
2024-09-15T01:17:49+08:00 Synology_NAS synostorage[8603]: partition_log_by_disk.c:87  [/dev/sata5p1][serial: 71C0A0A8FRVH][firmware: 4303][start: 8192][size: 16777216]
2024-09-15T01:17:49+08:00 Synology_NAS synostorage[8603]: partition_log_by_disk.c:87  [/dev/sata5p2][serial: 71C0A0A8FRVH][firmware: 4303][start: 16785408][size: 4194304]
2024-09-15T01:17:49+08:00 Synology_NAS synostorage[8603]: partition_log_by_disk2024-09-15T01:20:32+08:00 Synology_NAS synostorage[8795]: partition_log_by_disk.c:72  [/dev/sata3][serial: 9RGA0S4C][firmware: LDGSW07G][3 partition(s) found.]
2024-09-15T01:20:32+08:00 Synology_NAS synostorage[8795]: partition_log_by_disk.c:87  [/dev/sata3p1][serial: 9RGA0S4C][firmware: LDGSW07G][start: 8192][size: 16777216]
2024-09-15T01:20:32+08:00 Synology_NAS synostorage[8795]: partition_log_by_disk.c:87  [/dev/sata3p2][serial: 9RGA0S4C][firmware: LDGSW07G][start: 16785408][size: 4194304]
2024-09-15T01:20:32+08:00 Synology_NAS synostorage[8795]: partition_log_by_disk.c:87  [/dev/sata3p3][serial: 9RGA0S4C][firmware: LDGSW07G][start: 21241856][size: 27323318272]
2024-09-15T01:20:32+08:00 Synology_NAS synostorage[8863]: partition_log_by_disk.c:72  [/dev/sata5][serial: 71C0A0A8FRVH][firmware: 4303][3 partition(s) found.]
2024-09-15T01:20:32+08:00 Synology_NAS synostorage[8863]: partition_log_by_disk.c:87  [/dev/sata5p1][serial: 71C0A0A8FRVH][firmware: 4303][start: 8192][size: 16777216]
2024-09-15T01:20:32+08:00 Synology_NAS synostorage[8863]: partition_log_by_disk.c:87  [/dev/sata5p2][serial: 71C0A0A8FRVH][firmware: 4303][start: 16785408][size: 4194304]
2024-09-15T01:20:32+08:00 Synology_NAS synostorage[8863]: partition_log_by_disk.c:87  [/dev/sata5p3][serial: 71C0A0A8FRVH][firmware: 4303][start: 21241856][size: 27323318272]
2024-09-15T01:20:32+08:00 Synology_NAS synostorage[8877]: partition_log_by_disk.c:72  [/dev/sata4][serial: Y6QEK10PF68D][firmware: FJ1B][3 partition(s) found.]
2024-09-15T01:20:32+08:00 Synology_NAS synostorage[8877]: partition_log_by_disk.c:87  [/dev/sata4p1][serial: Y6QEK10PF68D][firmware: FJ1B][start: 8192][size: 16777216]
2024-09-15T01:20:32+08:00 Synology_NAS synostorage[8877]: partition_log_by_disk.c:87  [/dev/sata4p2][serial: Y6QEK10PF68D][firmware: FJ1B][start: 16785408][size: 4194304]
2024-09-15T01:20:32+08:00 Synology_NAS synostorage[8877]: partition_log_by_disk.c:87  [/dev/sata4p3][serial: Y6QEK10PF68D][firmware: FJ1B][start: 21241856][size: 7792590496]
2024-09-15T01:20:32+08:00 Synology_NAS synostorage[8504]: partition_log_by_disk.c:72  [/dev/sata2][serial: WL1NSDX8][firmware: SPS6][3 partition(s) found.]
2024-09-15T01:20:32+08:00 Synology_NAS synostorage[8504]: partition_log_by_disk.c:87  [/dev/sata2p1][serial: WL1NSDX8][firmware: SPS6][start: 8192][size: 16777216]
2024-09-15T01:20:32+08:00 Synology_NAS synostorage[8504]: partition_log_by_disk.c:87  [/dev/sata2p2][serial: WL1NSDX8][firmware: SPS6][start: 16785408][size: 4194304]
2024-09-15T01:20:32+08:00 Synology_NAS synostorage[8504]: partition_log_by_disk.c:87  [/dev/sata2p3][serial: WL1NSDX8][firmware: SPS6][start: 21241856][size: 1932078496]
2024-09-15T01:29:25+08:00 Synology_NAS synostorage[8589]: partition_log_by_disk.c:72  [/dev/sata3][serial: 9RGA0S4C][firmware: LDGSW07G][3 partition(s) found.]
2024-09-15T01:29:25+08:00 Synology_NAS synostorage[8589]: partition_log_by_disk.c:87  [/dev/sata3p1][serial: 9RGA0S4C][firmware: LDGSW07G][start: 8192][size: 16777216]
2024-09-15T01:29:25+08:00 Synology_NAS synostorage[8589]: partition_log_by_disk.c:87  [/dev/sata3p2][serial: 9RGA0S4C][firmware: LDGSW07G][start: 16785408][size: 4194304]
2024-09-15T01:29:25+08:00 Synology_NAS synostorage[8589]: partition_log_by_disk.c:87  [/dev/sata3p3][serial: 9RGA0S4C][firmware: LDGSW07G][start: 21241856][size: 27323318272]
2024-09-15T01:29:25+08:00 Synology_NAS synostorage[8547]: partition_log_by_disk.c:72  [/dev/sata5][serial: 71C0A0A8FRVH][firmware: 4303][3 partition(s) found.]
2024-09-15T01:29:25+08:00 Synology_NAS synostorage[8547]: partition_log_by_disk.c:87  [/dev/sata5p1][serial: 71C0A0A8FRVH][firmware: 4303][start: 8192][size: 16777216]
2024-09-15T01:29:25+08:00 Synology_NAS synostorage[8547]: partition_log_by_disk.c:87  [/dev/sata5p2][serial: 71C0A0A8FRVH][firmware: 4303][start: 16785408][size: 4194304]
2024-09-15T01:29:25+08:00 Synology_NAS synostorage[8547]: partition_log_by_disk.c:87  [/dev/sata5p3][serial: 71C0A0A8FRVH][firmware: 4303][start: 21241856][size: 27323318272]
2024-09-15T01:29:26+08:00 Synology_NAS synostorage[8554]: partition_log_by_disk.c:72  [/dev/sata4][serial: Y6QEK10PF68D][firmware: FJ1B][3 partition(s) found.]
2024-09-15T01:29:26+08:00 Synology_NAS synostorage[8554]: partition_log_by_disk.c:87  [/dev/sata4p1][serial: Y6QEK10PF68D][firmware: FJ1B][start: 8192][size: 16777216]
2024-09-15T01:29:26+08:00 Synology_NAS synostorage[8554]: partition_log_by_disk.c:87  [/dev/sata4p2][serial: Y6QEK10PF68D][firmware: FJ1B][start: 16785408][size: 4194304]
2024-09-15T01:29:26+08:00 Synology_NAS synostorage[8554]: partition_log_by_disk.c:87  [/dev/sata4p3][serial: Y6QEK10PF68D][firmware: FJ1B][start: 21241856][size: 7792590496]
2024-09-15T01:29:26+08:00 Synology_NAS synostorage[8538]: partition_log_by_disk.c:72  [/dev/sata2][serial: WL1NSDX8][firmware: SPS6][3 partition(s) found.]
2024-09-15T01:29:26+08:00 Synology_NAS synostorage[8538]: partition_log_by_disk.c:87  [/dev/sata2p1][serial: WL1NSDX8][firmware: SPS6][start: 8192][size: 16777216]
2024-09-15T01:29:26+08:00 Synology_NAS synostorage[8538]: partition_log_by_disk.c:87  [/dev/sata2p2][serial: WL1NSDX8][firmware: SPS6][start: 16785408][size: 4194304]
2024-09-15T01:29:26+08:00 Synology_NAS synostorage[8538]: partition_log_by_disk.c:87  [/dev/sata2p3][serial: WL1NSDX8][firmware: SPS6][start: 21241856][size: 1932078496]
2024-09-15T05:04:39+08:00 Synology_NAS synostorage[7947]: partition_log_by_disk.c:72  [/dev/sata2][serial: WL1NSDX8][firmware: SPS6][3 partition(s) found.]
2024-09-15T05:04:39+08:00 Synology_NAS synostorage[7947]: partition_log_by_disk.c:87  [/dev/sata2p1][serial: WL1NSDX8][firmware: SPS6][start: 8192][size: 16777216]
2024-09-15T05:04:39+08:00 Synology_NAS synostorage[7947]: partition_log_by_disk.c:87  [/dev/sata2p2][serial: WL1NSDX8][firmware: SPS6][start: 16785408][size: 4194304]
2024-09-15T05:04:39+08:00 Synology_NAS synostorage[7947]: partition_log_by_disk.c:87  [/dev/sata2p3][serial: WL1NSDX8][firmware: SPS6][start: 21241856][size: 1932078496]
2024-09-15T05:13:40+08:00 Synology_NAS synostorage[8534]: partition_log_by_disk.c:72  [/dev/sata3][serial: 9RGA0S4C][firmware: LDGSW07G][3 partition(s) found.]
2024-09-15T05:13:40+08:00 Synology_NAS synostorage[8534]: partition_log_by_disk.c:87  [/dev/sata3p1][serial: 9RGA0S4C][firmware: LDGSW07G][start: 8192][size: 16777216]
2024-09-15T05:13:40+08:00 Synology_NAS synostorage[8534]: partition_log_by_disk.c:87  [/dev/sata3p2][serial: 9RGA0S4C][firmware: LDGSW07G][start: 16785408][size: 4194304]
2024-09-15T05:13:40+08:00 Synology_NAS synostorage[8534]: partition_log_by_disk.c:87  [/dev/sata3p3][serial: 9RGA0S4C][firmware: LDGSW07G][start: 21241856][size: 27323318272]
2024-09-15T05:13:40+08:00 Synology_NAS synostorage[8536]: partition_log_by_disk.c:72  [/dev/sata2][serial: WL1NSDX8][firmware: SPS6][3 partition(s) found.]
2024-09-15T05:13:40+08:00 Synology_NAS synostorage[8536]: partition_log_by_disk.c:87  [/dev/sata2p1][serial: WL1NSDX8][firmware: SPS6][start: 8192][size: 16777216]
2024-09-15T05:13:40+08:00 Synology_NAS synostorage[8536]: partition_log_by_disk.c:87  [/dev/sata2p2][serial: WL1NSDX8][firmware: SPS6][start: 16785408][size: 4194304]
2024-09-15T05:13:40+08:00 Synology_NAS synostorage[8536]: partition_log_by_disk.c:87  [/dev/sata2p3][serial: WL1NSDX8][firmware: SPS6][start: 21241856][size: 1932078496]
2024-09-15T05:13:40+08:00 Synology_NAS synostorage[8565]: partition_log_by_disk.c:72  [/dev/sata5][serial: 71C0A0A8FRVH][firmware: 4303][3 partition(s) found.]
2024-09-15T05:13:40+08:00 Synology_NAS synostorage[8565]: partition_log_by_disk.c:87  [/dev/sata5p1][serial: 71C0A0A8FRVH][firmware: 4303][start: 8192][size: 16777216]
2024-09-15T05:13:40+08:00 Synology_NAS synostorage[8565]: partition_log_by_disk.c:87  [/dev/sata5p2][serial: 71C0A0A8FRVH][firmware: 4303][start: 16785408][size: 4194304]
2024-09-15T05:13:40+08:00 Synology_NAS synostorage[8565]: partition_log_by_disk.c:87  [/dev/sata5p3][serial: 71C0A0A8FRVH][firmware: 4303][start: 21241856][size: 27323318272]
2024-09-15T05:13:40+08:00 Synology_NAS synostorage[8533]: partition_log_by_disk.c:72  [/dev/sata4][serial: Y6QEK10PF68D][firmware: FJ1B][3 partition(s) found.]
2024-09-15T05:13:40+08:00 Synology_NAS synostorage[8533]: partition_log_by_disk.c:87  [/dev/sata4p1][serial: Y6QEK10PF68D][firmware: FJ1B][start: 8192][size: 16777216]
2024-09-15T05:13:40+08:00 Synology_NAS synostorage[8533]: partition_log_by_disk.c:87  [/dev/sata4p2][serial: Y6QEK10PF68D][firmware: FJ1B][start: 16785408][size: 4194304]
2024-09-15T05:13:40+08:00 Synology_NAS synostorage[8533]: partition_log_by_disk.c:87  [/dev/sata4p3][serial: Y6QEK10PF68D][firmware: FJ1B][start: 21241856][size: 7792590496]
2024-09-16T05:38:06+08:00 Synology_NAS synostorage[8663]: partition_log_by_disk.c:72  [/dev/sata3][serial: 9RGA0S4C][firmware: LDGSW07G][3 partition(s) found.]
2024-09-16T05:38:06+08:00 Synology_NAS synostorage[8663]: partition_log_by_disk.c:87  [/dev/sata3p1][serial: 9RGA0S4C][firmware: LDGSW07G][start: 8192][size: 16777216]
2024-09-16T05:38:06+08:00 Synology_NAS synostorage[8663]: partition_log_by_disk.c:87  [/dev/sata3p2][serial: 9RGA0S4C][firmware: LDGSW07G][start: 16785408][size: 4194304]
2024-09-16T05:38:06+08:00 Synology_NAS synostorage[8663]: partition_log_by_disk.c:87  [/dev/sata3p3][serial: 9RGA0S4C][firmware: LDGSW07G][start: 21241856][size: 27323318272]
2024-09-16T05:38:06+08:00 Synology_NAS synostorage[8819]: partition_log_by_disk.c:72  [/dev/sata5][serial: 71C0A0A8FRVH][firmware: 4303][3 partition(s) found.]
2024-09-16T05:38:06+08:00 Synology_NAS synostorage[8819]: partition_log_by_disk.c:87  [/dev/sata5p1][serial: 71C0A0A8FRVH][firmware: 4303][start: 8192][size: 16777216]
2024-09-16T05:38:06+08:00 Synology_NAS synostorage[8819]: partition_log_by_disk.c:87  [/dev/sata5p2][serial: 71C0A0A8FRVH][firmware: 4303][start: 16785408][size: 4194304]
2024-09-16T05:38:06+08:00 Synology_NAS synostorage[8819]: partition_log_by_disk.c:87  [/dev/sata5p3][serial: 71C0A0A8FRVH][firmware: 4303][start: 21241856][size: 27323318272]
2024-09-16T05:38:07+08:00 Synology_NAS synostorage[8724]: partition_log_by_disk.c:72  [/dev/sata4][serial: Y6QEK10PF68D][firmware: FJ1B][3 partition(s) found.]
2024-09-16T05:38:07+08:00 Synology_NAS synostorage[8724]: partition_log_by_disk.c:87  [/dev/sata4p1][serial: Y6QEK10PF68D][firmware: FJ1B][start: 8192][size: 16777216]
2024-09-16T05:38:07+08:00 Synology_NAS synostorage[8724]: partition_log_by_disk.c:87  [/dev/sata4p2][serial: Y6QEK10PF68D][firmware: FJ1B][start: 16785408][size: 4194304]
2024-09-16T05:38:07+08:00 Synology_NAS synostorage[8724]: partition_log_by_disk.c:87  [/dev/sata4p3][serial: Y6QEK10PF68D][firmware: FJ1B][start: 21241856][size: 7792590496]
2024-09-16T05:38:07+08:00 Synology_NAS synostorage[8593]: partition_log_by_disk.c:72  [/dev/sata2][serial: WL1NSDX8][firmware: SPS6][3 partition(s) found.]
2024-09-16T05:38:07+08:00 Synology_NAS synostorage[8593]: partition_log_by_disk.c:87  [/dev/sata2p1][serial: WL1NSDX8][firmware: SPS6][start: 8192][size: 16777216]
2024-09-16T05:38:07+08:00 Synology_NAS synostorage[8593]: partition_log_by_disk.c:87  [/dev/sata2p2][serial: WL1NSDX8][firmware: SPS6][start: 16785408][size: 4194304]
2024-09-16T05:38:07+08:00 Synology_NAS synostorage[8593]: partition_log_by_disk.c:87  [/dev/sata2p3][serial: WL1NSDX8][firmware: SPS6][start: 21241856][size: 1932078496]
2024-09-16T19:31:28+08:00 Synology_NAS synostorage[8792]: partition_log_by_disk.c:72  [/dev/sata3][serial: 9RGA0S4C][firmware: LDGSW07G][3 partition(s) found.]
2024-09-16T19:31:28+08:00 Synology_NAS synostorage[8792]: partition_log_by_disk.c:87  [/dev/sata3p1][serial: 9RGA0S4C][firmware: LDGSW07G][start: 8192][size: 16777216]
2024-09-16T19:31:28+08:00 Synology_NAS synostorage[8792]: partition_log_by_disk.c:87  [/dev/sata3p2][serial: 9RGA0S4C][firmware: LDGSW07G][start: 16785408][size: 4194304]
2024-09-16T19:31:28+08:00 Synology_NAS synostorage[8792]: partition_log_by_disk.c:87  [/dev/sata3p3][serial: 9RGA0S4C][firmware: LDGSW07G][start: 21241856][size: 27323318272]
2024-09-16T19:31:28+08:00 Synology_NAS synostorage[8771]: partition_log_by_disk.c:72  [/dev/sata5][serial: 71C0A0A8FRVH][firmware: 4303][3 partition(s) found.]
2024-09-16T19:31:28+08:00 Synology_NAS synostorage[8771]: partition_log_by_disk.c:87  [/dev/sata5p1][serial: 71C0A0A8FRVH][firmware: 4303][start: 8192][size: 16777216]
2024-09-16T19:31:28+08:00 Synology_NAS synostorage[8771]: partition_log_by_disk.c:87  [/dev/sata5p2][serial: 71C0A0A8FRVH][firmware: 4303][start: 16785408][size: 4194304]
2024-09-16T19:31:28+08:00 Synology_NAS synostorage[8771]: partition_log_by_disk.c:87  [/dev/sata5p3][serial: 71C0A0A8FRVH][firmware: 4303][start: 21241856][size: 27323318272]
2024-09-16T19:31:28+08:00 Synology_NAS synostorage[8748]: partition_log_by_disk.c:72  [/dev/sata4][serial: Y6QEK10PF68D][firmware: FJ1B][3 partition(s) found.]
2024-09-16T19:31:28+08:00 Synology_NAS synostorage[8748]: partition_log_by_disk.c:87  [/dev/sata4p1][serial: Y6QEK10PF68D][firmware: FJ1B][start: 8192][size: 16777216]
2024-09-16T19:31:28+08:00 Synology_NAS synostorage[8748]: partition_log_by_disk.c:87  [/dev/sata4p2][serial: Y6QEK10PF68D][firmware: FJ1B][start: 16785408][size: 4194304]
2024-09-16T19:31:28+08:00 Synology_NAS synostorage[8748]: partition_log_by_disk.c:87  [/dev/sata4p3][serial: Y6QEK10PF68D][firmware: FJ1B][start: 21241856][size: 7792590496]
2024-09-16T19:31:29+08:00 Synology_NAS synostorage[8738]: partition_log_by_disk.c:72  [/dev/sata2][serial: WL1NSDX8][firmware: SPS6][3 partition(s) found.]
2024-09-16T19:31:29+08:00 Synology_NAS synostorage[8738]: partition_log_by_disk.c:87  [/dev/sata2p1][serial: WL1NSDX8][firmware: SPS6][start: 8192][size: 16777216]
2024-09-16T19:31:29+08:00 Synology_NAS synostorage[8738]: partition_log_by_disk.c:87  [/dev/sata2p2][serial: WL1NSDX8][firmware: SPS6][start: 16785408][size: 4194304]
2024-09-16T19:31:29+08:00 Synology_NAS synostorage[8738]: partition_log_by_disk.c:87  [/dev/sata2p3][serial: WL1NSDX8][firmware: SPS6][start: 21241856][size: 1932078496]
2024-09-17T04:57:07+08:00 Synology_NAS synostorage[8840]: partition_log_by_disk.c:72  [/dev/sata3][serial: 9RGA0S4C][firmware: LDGSW07G][3 partition(s) found.]
2024-09-17T04:57:07+08:00 Synology_NAS synostorage[8840]: partition_log_by_disk.c:87  [/dev/sata3p1][serial: 9RGA0S4C][firmware: LDGSW07G][start: 8192][size: 16777216]
2024-09-17T04:57:07+08:00 Synology_NAS synostorage[8840]: partition_log_by_disk.c:87  [/dev/sata3p2][serial: 9RGA0S4C][firmware: LDGSW07G][start: 16785408][size: 4194304]
2024-09-17T04:57:07+08:00 Synology_NAS synostorage[8840]: partition_log_by_disk.c:87  [/dev/sata3p3][serial: 9RGA0S4C][firmware: LDGSW07G][start: 21241856][size: 27323318272]
2024-09-17T04:57:07+08:00 Synology_NAS synostorage[8962]: partition_log_by_disk.c:72  [/dev/sata5][serial: 71C0A0A8FRVH][firmware: 4303][3 partition(s) found.]
2024-09-17T04:57:07+08:00 Synology_NAS synostorage[8962]: partition_log_by_disk.c:87  [/dev/sata5p1][serial: 71C0A0A8FRVH][firmware: 4303][start: 8192][size: 16777216]
2024-09-17T04:57:07+08:00 Synology_NAS synostorage[8962]: partition_log_by_disk.c:87  [/dev/sata5p2][serial: 71C0A0A8FRVH][firmware: 4303][start: 16785408][size: 4194304]
2024-09-17T04:57:07+08:00 Synology_NAS synostorage[8962]: partition_log_by_disk.c:87  [/dev/sata5p3][serial: 71C0A0A8FRVH][firmware: 4303][start: 21241856][size: 27323318272]
2024-09-17T04:57:08+08:00 Synology_NAS synostorage[8794]: partition_log_by_disk.c:72  [/dev/sata4][serial: Y6QEK10PF68D][firmware: FJ1B][3 partition(s) found.]
2024-09-17T04:57:08+08:00 Synology_NAS synostorage[8794]: partition_log_by_disk.c:87  [/dev/sata4p1][serial: Y6QEK10PF68D][firmware: FJ1B][start: 8192][size: 16777216]
2024-09-17T04:57:08+08:00 Synology_NAS synostorage[8794]: partition_log_by_disk.c:87  [/dev/sata4p2][serial: Y6QEK10PF68D][firmware: FJ1B][start: 16785408][size: 4194304]
2024-09-17T04:57:08+08:00 Synology_NAS synostorage[8794]: partition_log_by_disk.c:87  [/dev/sata4p3][serial: Y6QEK10PF68D][firmware: FJ1B][start: 21241856][size: 7792590496]
2024-09-17T04:57:08+08:00 Synology_NAS synostorage[8587]: partition_log_by_disk.c:72  [/dev/sata2][serial: WL1NSDX8][firmware: SPS6][3 partition(s) found.]
2024-09-17T04:57:08+08:00 Synology_NAS synostorage[8587]: partition_log_by_disk.c:87  [/dev/sata2p1][serial: WL1NSDX8][firmware: SPS6][start: 8192][size: 16777216]
2024-09-17T04:57:08+08:00 Synology_NAS synostorage[8587]: partition_log_by_disk.c:87  [/dev/sata2p2][serial: WL1NSDX8][firmware: SPS6][start: 16785408][size: 4194304]
2024-09-17T04:57:08+08:00 Synology_NAS synostorage[8587]: partition_log_by_disk.c:87  [/dev/sata2p3][serial: WL1NSDX8][firmware: SPS6][start: 21241856][size: 1932078496]
2024-09-17T05:49:17+08:00 Synology_NAS synostorage[8644]: partition_log_by_disk.c:72  [/dev/sata3][serial: 9RGA0S4C][firmware: LDGSW07G][3 partition(s) found.]
2024-09-17T05:49:17+08:00 Synology_NAS synostorage[8644]: partition_log_by_disk.c:87  [/dev/sata3p1][serial: 9RGA0S4C][firmware: LDGSW07G][start: 8192][size: 16777216]
2024-09-17T05:49:17+08:00 Synology_NAS synostorage[8644]: partition_log_by_disk.c:87  [/dev/sata3p2][serial: 9RGA0S4C][firmware: LDGSW07G][start: 16785408][size: 4194304]
2024-09-17T05:49:17+08:00 Synology_NAS synostorage[8644]: partition_log_by_disk.c:87  [/dev/sata3p3][serial: 9RGA0S4C][firmware: LDGSW07G][start: 21241856][size: 27323318272]
2024-09-17T05:49:17+08:00 Synology_NAS synostorage[8726]: partition_log_by_disk.c:72  [/dev/sata5][serial: 71C0A0A8FRVH][firmware: 4303][3 partition(s) found.]
2024-09-17T05:49:17+08:00 Synology_NAS synostorage[8726]: partition_log_by_disk.c:87  [/dev/sata5p1][serial: 71C0A0A8FRVH][firmware: 4303][start: 8192][size: 16777216]
2024-09-17T05:49:17+08:00 Synology_NAS synostorage[8726]: partition_log_by_disk.c:87  [/dev/sata5p2][serial: 71C0A0A8FRVH][firmware: 4303][start: 16785408][size: 4194304]
2024-09-17T05:49:17+08:00 Synology_NAS synostorage[8726]: partition_log_by_disk.c:87  [/dev/sata5p3][serial: 71C0A0A8FRVH][firmware: 4303][start: 21241856][size: 27323318272]
2024-09-17T05:49:18+08:00 Synology_NAS synostorage[8734]: partition_log_by_disk.c:72  [/dev/sata4][serial: Y6QEK10PF68D][firmware: FJ1B][3 partition(s) found.]
2024-09-17T05:49:18+08:00 Synology_NAS synostorage[8734]: partition_log_by_disk.c:87  [/dev/sata4p1][serial: Y6QEK10PF68D][firmware: FJ1B][start: 8192][size: 16777216]
2024-09-17T05:49:18+08:00 Synology_NAS synostorage[8734]: partition_log_by_disk.c:87  [/dev/sata4p2][serial: Y6QEK10PF68D][firmware: FJ1B][start: 16785408][size: 4194304]
2024-09-17T05:49:18+08:00 Synology_NAS synostorage[8734]: partition_log_by_disk.c:87  [/dev/sata4p3][serial: Y6QEK10PF68D][firmware: FJ1B][start: 21241856][size: 7792590496]
2024-09-17T05:49:18+08:00 Synology_NAS synostorage[8651]: partition_log_by_disk.c:72  [/dev/sata2][serial: WL1NSDX8][firmware: SPS6][3 partition(s) found.]
2024-09-17T05:49:18+08:00 Synology_NAS synostorage[8651]: partition_log_by_disk.c:87  [/dev/sata2p1][serial: WL1NSDX8][firmware: SPS6][start: 8192][size: 16777216]
2024-09-17T05:49:18+08:00 Synology_NAS synostorage[8651]: partition_log_by_disk.c:87  [/dev/sata2p2][serial: WL1NSDX8][firmware: SPS6][start: 16785408][size: 4194304]
2024-09-17T05:49:18+08:00 Synology_NAS synostorage[8651]: partition_log_by_disk.c:87  [/dev/sata2p3][serial: WL1NSDX8][firmware: SPS6][start: 21241856][size: 1932078496]
2024-09-17T10:44:32+08:00 Synology_NAS synostorage[8548]: partition_log_by_disk.c:72  [/dev/sata3][serial: 9RGA0S4C][firmware: LDGSW07G][3 partition(s) found.]
2024-09-17T10:44:32+08:00 Synology_NAS synostorage[8548]: partition_log_by_disk.c:87  [/dev/sata3p1][serial: 9RGA0S4C][firmware: LDGSW07G][start: 8192][size: 16777216]
2024-09-17T10:44:32+08:00 Synology_NAS synostorage[8548]: partition_log_by_disk.c:87  [/dev/sata3p2][serial: 9RGA0S4C][firmware: LDGSW07G][start: 16785408][size: 4194304]
2024-09-17T10:44:32+08:00 Synology_NAS synostorage[8548]: partition_log_by_disk.c:87  [/dev/sata3p3][serial: 9RGA0S4C][firmware: LDGSW07G][start: 21241856][size: 27323318272]
2024-09-17T10:44:32+08:00 Synology_NAS synostorage[8556]: partition_log_by_disk.c:72  [/dev/sata5][serial: 71C0A0A8FRVH][firmware: 4303][3 partition(s) found.]
2024-09-17T10:44:32+08:00 Synology_NAS synostorage[8556]: partition_log_by_disk.c:87  [/dev/sata5p1][serial: 71C0A0A8FRVH][firmware: 4303][start: 8192][size: 16777216]
2024-09-17T10:44:32+08:00 Synology_NAS synostorage[8556]: partition_log_by_disk.c:87  [/dev/sata5p2][serial: 71C0A0A8FRVH][firmware: 4303][start: 16785408][size: 4194304]
2024-09-17T10:44:32+08:00 Synology_NAS synostorage[8556]: partition_log_by_disk.c:87  [/dev/sata5p3][serial: 71C0A0A8FRVH][firmware: 4303][start: 21241856][size: 27323318272]
2024-09-17T10:44:32+08:00 Synology_NAS synostorage[8662]: partition_log_by_disk.c:72  [/dev/sata4][serial: Y6QEK10PF68D][firmware: FJ1B][3 partition(s) found.]
2024-09-17T10:44:32+08:00 Synology_NAS synostorage[8662]: partition_log_by_disk.c:87  [/dev/sata4p1][serial: Y6QEK10PF68D][firmware: FJ1B][start: 8192][size: 16777216]
2024-09-17T10:44:32+08:00 Synology_NAS synostorage[8662]: partition_log_by_disk.c:87  [/dev/sata4p2][serial: Y6QEK10PF68D][firmware: FJ1B][start: 16785408][size: 4194304]
2024-09-17T10:44:32+08:00 Synology_NAS synostorage[8662]: partition_log_by_disk.c:87  [/dev/sata4p3][serial: Y6QEK10PF68D][firmware: FJ1B][start: 21241856][size: 7792590496]
2024-09-17T10:44:33+08:00 Synology_NAS synostorage[8519]: partition_log_by_disk.c:72  [/dev/sata2][serial: WL1NSDX8][firmware: SPS6][3 partition(s) found.]
2024-09-17T10:44:33+08:00 Synology_NAS synostorage[8519]: partition_log_by_disk.c:87  [/dev/sata2p1][serial: WL1NSDX8][firmware: SPS6][start: 8192][size: 16777216]
2024-09-17T10:44:33+08:00 Synology_NAS synostorage[8519]: partition_log_by_disk.c:87  [/dev/sata2p2][serial: WL1NSDX8][firmware: SPS6][start: 16785408][size: 4194304]
2024-09-17T10:44:33+08:00 Synology_NAS synostorage[8519]: partition_log_by_disk.c:87  [/dev/sata2p3][serial: WL1NSDX8][firmware: SPS6][start: 21241856][size: 1932078496]
2024-09-20T07:49:49+08:00 Synology_NAS synostorage[8873]: partition_log_by_disk.c:72  [/dev/sata4][serial: 51H0A27PFWTG][firmware: 4303][2 partition(s) found.]
2024-09-20T07:49:49+08:00 Synology_NAS synostorage[8873]: partition_log_by_disk.c:87  [/dev/sata4p1][serial: 51H0A27PFWTG][firmware: 4303][start: 34][size: 32734]
2024-09-20T07:49:49+08:00 Synology_NAS synostorage[8873]: partition_log_by_disk.c:87  [/dev/sata4p2][serial: 51H0A27PFWTG][firmware: 4303][start: 32768][size: 31251722240]
2024-09-20T07:49:49+08:00 Synology_NAS synostorage[8677]: partition_log_by_disk.c:72  [/dev/sata3][serial: 9RGA0S4C][firmware: LDGSW07G][3 partition(s) found.]
2024-09-20T07:49:49+08:00 Synology_NAS synostorage[8677]: partition_log_by_disk.c:87  [/dev/sata3p1][serial: 9RGA0S4C][firmware: LDGSW07G][start: 8192][size: 16777216]
2024-09-20T07:49:49+08:00 Synology_NAS synostorage[8677]: partition_log_by_disk.c:87  [/dev/sata3p2][serial: 9RGA0S4C][firmware: LDGSW07G][start: 16785408][size: 4194304]
2024-09-20T07:49:49+08:00 Synology_NAS synostorage[8677]: partition_log_by_disk.c:87  [/dev/sata3p3][serial: 9RGA0S4C][firmware: LDGSW07G][start: 21241856][size: 27323318272]
2024-09-20T07:49:50+08:00 Synology_NAS synostorage[8967]: partition_log_by_disk.c:72  [/dev/sata6][serial: 71C0A0A8FRVH][firmware: 4303][3 partition(s) found.]
2024-09-20T07:49:50+08:00 Synology_NAS synostorage[8967]: partition_log_by_disk.c:87  [/dev/sata6p1][serial: 71C0A0A8FRVH][firmware: 4303][start: 8192][size: 16777216]
2024-09-20T07:49:50+08:00 Synology_NAS synostorage[8967]: partition_log_by_disk.c:87  [/dev/sata6p2][serial: 71C0A0A8FRVH][firmware: 4303][start: 16785408][size: 4194304]
2024-09-20T07:49:50+08:00 Synology_NAS synostorage[8967]: partition_log_by_disk.c:87  [/dev/sata6p3][serial: 71C0A0A8FRVH][firmware: 4303][start: 21241856][size: 27323318272]
2024-09-20T07:49:50+08:00 Synology_NAS synostorage[8913]: partition_log_by_disk.c:72  [/dev/sata5][serial: Y6QEK10PF68D][firmware: FJ1B][3 partition(s) found.]
2024-09-20T07:49:50+08:00 Synology_NAS synostorage[8913]: partition_log_by_disk.c:87  [/dev/sata5p1][serial: Y6QEK10PF68D][firmware: FJ1B][start: 8192][size: 16777216]
2024-09-20T07:49:50+08:00 Synology_NAS synostorage[8913]: partition_log_by_disk.c:87  [/dev/sata5p2][serial: Y6QEK10PF68D][firmware: FJ1B][start: 16785408][size: 4194304]
2024-09-20T07:49:50+08:00 Synology_NAS synostorage[8913]: partition_log_by_disk.c:87  [/dev/sata5p3][serial: Y6QEK10PF68D][firmware: FJ1B][start: 21241856][size: 7792590496]
2024-09-20T07:49:50+08:00 Synology_NAS synostorage[8656]: partition_log_by_disk.c:72  [/dev/sata2][serial: WL1NSDX8][firmware: SPS6][3 partition(s) found.]
2024-09-20T07:49:50+08:00 Synology_NAS synostorage[8656]: partition_log_by_disk.c:87  [/dev/sata2p1][serial: WL1NSDX8][firmware: SPS6][start: 8192][size: 16777216]
2024-09-20T07:49:50+08:00 Synology_NAS synostorage[8656]: partition_log_by_disk.c:87  [/dev/sata2p2][serial: WL1NSDX8][firmware: SPS6][start: 16785408][size: 4194304]
2024-09-20T07:49:50+08:00 Synology_NAS synostorage[8656]: partition_log_by_disk.c:87  [/dev/sata2p3][serial: WL1NSDX8][firmware: SPS6][start: 21241856][size: 1932078496]
2024-09-20T11:33:08+08:00 Synology_NAS synostorage[8741]: partition_log_by_disk.c:72  [/dev/sata3][serial: 9RGA0S4C][firmware: LDGSW07G][3 partition(s) found.]
2024-09-20T11:33:08+08:00 Synology_NAS synostorage[8741]: partition_log_by_disk.c:87  [/dev/sata3p1][serial: 9RGA0S4C][firmware: LDGSW07G][start: 8192][size: 16777216]
2024-09-20T11:33:08+08:00 Synology_NAS synostorage[8741]: partition_log_by_disk.c:87  [/dev/sata3p2][serial: 9RGA0S4C][firmware: LDGSW07G][start: 16785408][size: 4194304]
2024-09-20T11:33:08+08:00 Synology_NAS synostorage[8741]: partition_log_by_disk.c:87  [/dev/sata3p3][serial: 9RGA0S4C][firmware: LDGSW07G][start: 21241856][size: 27323318272]
2024-09-20T11:33:08+08:00 Synology_NAS synostorage[8714]: partition_log_by_disk.c:72  [/dev/sata2][serial: WL1NSDX8][firmware: SPS6][3 partition(s) found.]
2024-09-20T11:33:08+08:00 Synology_NAS synostorage[8714]: partition_log_by_disk.c:87  [/dev/sata2p1][serial: WL1NSDX8][firmware: SPS6][start: 8192][size: 16777216]
2024-09-20T11:33:08+08:00 Synology_NAS synostorage[8714]: partition_log_by_disk.c:87  [/dev/sata2p2][serial: WL1NSDX8][firmware: SPS6][start: 16785408][size: 4194304]
2024-09-20T11:33:08+08:00 Synology_NAS synostorage[8714]: partition_log_by_disk.c:87  [/dev/sata2p3][serial: WL1NSDX8][firmware: SPS6][start: 21241856][size: 1932078496]
2024-09-20T11:33:08+08:00 Synology_NAS synostorage[8730]: partition_log_by_disk.c:72  [/dev/sata4][serial: 51H0A27PFWTG][firmware: 4303][3 partition(s) found.]
2024-09-20T11:33:08+08:00 Synology_NAS synostorage[8730]: partition_log_by_disk.c:87  [/dev/sata4p1][serial: 51H0A27PFWTG][firmware: 4303][start: 8192][size: 16777216]
2024-09-20T11:33:08+08:00 Synology_NAS synostorage[8730]: partition_log_by_disk.c:87  [/dev/sata4p2][serial: 51H0A27PFWTG][firmware: 4303][start: 16785408][size: 4194304]
2024-09-20T11:33:08+08:00 Synology_NAS synostorage[8730]: partition_log_by_disk.c:87  [/dev/sata4p3][serial: 51H0A27PFWTG][firmware: 4303][start: 21241856][size: 31230312448]
2024-09-20T11:33:08+08:00 Synology_NAS synostorage[8811]: partition_log_by_disk.c:72  [/dev/sata6][serial: 71C0A0A8FRVH][firmware: 4303][3 partition(s) found.]
2024-09-20T11:33:08+08:00 Synology_NAS synostorage[8811]: partition_log_by_disk.c:87  [/dev/sata6p1][serial: 71C0A0A8FRVH][firmware: 4303][start: 8192][size: 16777216]
2024-09-20T11:33:08+08:00 Synology_NAS synostorage[8811]: partition_log_by_disk.c:87  [/dev/sata6p2][serial: 71C0A0A8FRVH][firmware: 4303][start: 16785408][size: 4194304]
2024-09-20T11:33:08+08:00 Synology_NAS synostorage[8811]: partition_log_by_disk.c:87  [/dev/sata6p3][serial: 71C0A0A8FRVH][firmware: 4303][start: 21241856][size: 27323318272]
2024-09-20T11:33:08+08:00 Synology_NAS synostorage[8699]: partition_log_by_disk.c:72  [/dev/sata5][serial: Y6QEK10PF68D][firmware: FJ1B][3 partition(s) found.]
2024-09-20T11:33:08+08:00 Synology_NAS synostorage[8699]: partition_log_by_disk.c:87  [/dev/sata5p1][serial: Y6QEK10PF68D][firmware: FJ1B][start: 8192][size: 16777216]
2024-09-20T11:33:08+08:00 Synology_NAS synostorage[8699]: partition_log_by_disk.c:87  [/dev/sata5p2][serial: Y6QEK10PF68D][firmware: FJ1B][start: 16785408][size: 4194304]
2024-09-20T11:33:08+08:00 Synology_NAS synostorage[8699]: partition_log_by_disk.c:87  [/dev/sata5p3][serial: Y6QEK10PF68D][firmware: FJ1B][start: 21241856][size: 7792590496]
2024-10-09T04:31:51+08:00 Yasuraokaa_Site synostorage[8969]: partition_log_by_disk.c:72  [/dev/sata3][serial: 9RGA0S4C][firmware: LDGSW07G][3 partition(s) found.]
2024-10-09T04:31:51+08:00 Yasuraokaa_Site synostorage[8969]: partition_log_by_disk.c:87  [/dev/sata3p1][serial: 9RGA0S4C][firmware: LDGSW07G][start: 8192][size: 16777216]
2024-10-09T04:31:51+08:00 Yasuraokaa_Site synostorage[8969]: partition_log_by_disk.c:87  [/dev/sata3p2][serial: 9RGA0S4C][firmware: LDGSW07G][start: 16785408][size: 4194304]
2024-10-09T04:31:51+08:00 Yasuraokaa_Site synostorage[8969]: partition_log_by_disk.c:87  [/dev/sata3p3][serial: 9RGA0S4C][firmware: LDGSW07G][start: 21241856][size: 27323318272]
2024-10-09T04:31:51+08:00 Yasuraokaa_Site synostorage[8894]: partition_log_by_disk.c:72  [/dev/sata4][serial: 51H0A27PFWTG][firmware: 4303][3 partition(s) found.]
2024-10-09T04:31:51+08:00 Yasuraokaa_Site synostorage[8894]: partition_log_by_disk.c:87  [/dev/sata4p1][serial: 51H0A27PFWTG][firmware: 4303][start: 8192][size: 16777216]
2024-10-09T04:31:51+08:00 Yasuraokaa_Site synostorage[8894]: partition_log_by_disk.c:87  [/dev/sata4p2][serial: 51H0A27PFWTG][firmware: 4303][start: 16785408][size: 4194304]
2024-10-09T04:31:51+08:00 Yasuraokaa_Site synostorage[8894]: partition_log_by_disk.c:87  [/dev/sata4p3][serial: 51H0A27PFWTG][firmware: 4303][start: 21241856][size: 31230312448]
2024-10-09T04:31:51+08:00 Yasuraokaa_Site synostorage[9100]: partition_log_by_disk.c:72  [/dev/sata6][serial: 71C0A0A8FRVH][firmware: 4303][3 partition(s) found.]
2024-10-09T04:31:51+08:00 Yasuraokaa_Site synostorage[9100]: partition_log_by_disk.c:87  [/dev/sata6p1][serial: 71C0A0A8FRVH][firmware: 4303][start: 8192][size: 16777216]
2024-10-09T04:31:51+08:00 Yasuraokaa_Site synostorage[9100]: partition_log_by_disk.c:87  [/dev/sata6p2][serial: 71C0A0A8FRVH][firmware: 4303][start: 16785408][size: 4194304]
2024-10-09T04:31:51+08:00 Yasuraokaa_Site synostorage[9100]: partition_log_by_disk.c:87  [/dev/sata6p3][serial: 71C0A0A8FRVH][firmware: 4303][start: 21241856][size: 27323318272]
2024-10-09T04:31:52+08:00 Yasuraokaa_Site synostorage[9182]: partition_log_by_disk.c:72  [/dev/sata5][serial: Y6QEK10PF68D][firmware: FJ1B][3 partition(s) found.]
2024-10-09T04:31:52+08:00 Yasuraokaa_Site synostorage[9182]: partition_log_by_disk.c:87  [/dev/sata5p1][serial: Y6QEK10PF68D][firmware: FJ1B][start: 8192][size: 16777216]
2024-10-09T04:31:52+08:00 Yasuraokaa_Site synostorage[9182]: partition_log_by_disk.c:87  [/dev/sata5p2][serial: Y6QEK10PF68D][firmware: FJ1B][start: 16785408][size: 4194304]
2024-10-09T04:31:52+08:00 Yasuraokaa_Site synostorage[9182]: partition_log_by_disk.c:87  [/dev/sata5p3][serial: Y6QEK10PF68D][firmware: FJ1B][start: 21241856][size: 7792590496]
2024-10-09T04:31:52+08:00 Yasuraokaa_Site synostorage[8793]: partition_log_by_disk.c:72  [/dev/sata2][serial: WL1NSDX8][firmware: SPS6][3 partition(s) found.]
2024-10-09T04:31:52+08:00 Yasuraokaa_Site synostorage[8793]: partition_log_by_disk.c:87  [/dev/sata2p1][serial: WL1NSDX8][firmware: SPS6][start: 8192][size: 16777216]
2024-10-09T04:31:52+08:00 Yasuraokaa_Site synostorage[8793]: partition_log_by_disk.c:87  [/dev/sata2p2][serial: WL1NSDX8][firmware: SPS6][start: 16785408][size: 4194304]
2024-10-09T04:31:52+08:00 Yasuraokaa_Site synostorage[8793]: partition_log_by_disk.c:87  [/dev/sata2p3][serial: WL1NSDX8][firmware: SPS6][start: 21241856][size: 1932078496]
2024-11-05T07:05:09+08:00 Yasuraokaa_Site synostorage[8746]: partition_log_by_disk.c:72  [/dev/sata3][serial: 9RGA0S4C][firmware: LDGSW07G][3 partition(s) found.]
2024-11-05T07:05:09+08:00 Yasuraokaa_Site synostorage[8746]: partition_log_by_disk.c:87  [/dev/sata3p1][serial: 9RGA0S4C][firmware: LDGSW07G][start: 8192][size: 16777216]
2024-11-05T07:05:09+08:00 Yasuraokaa_Site synostorage[8746]: partition_log_by_disk.c:87  [/dev/sata3p2][serial: 9RGA0S4C][firmware: LDGSW07G][start: 16785408][size: 4194304]
2024-11-05T07:05:09+08:00 Yasuraokaa_Site synostorage[8746]: partition_log_by_disk.c:87  [/dev/sata3p3][serial: 9RGA0S4C][firmware: LDGSW07G][start: 21241856][size: 27323318272]
2024-11-05T07:05:09+08:00 Yasuraokaa_Site synostorage[8730]: partition_log_by_disk.c:72  [/dev/sata4][serial: 51H0A27PFWTG][firmware: 4303][3 partition(s) found.]
2024-11-05T07:05:09+08:00 Yasuraokaa_Site synostorage[8730]: partition_log_by_disk.c:87  [/dev/sata4p1][serial: 51H0A27PFWTG][firmware: 4303][start: 8192][size: 16777216]
2024-11-05T07:05:09+08:00 Yasuraokaa_Site synostorage[8730]: partition_log_by_disk.c:87  [/dev/sata4p2][serial: 51H0A27PFWTG][firmware: 4303][start: 16785408][size: 4194304]
2024-11-05T07:05:09+08:00 Yasuraokaa_Site synostorage[8730]: partition_log_by_disk.c:87  [/dev/sata4p3][serial: 51H0A27PFWTG][firmware: 4303][start: 21241856][size: 31230312448]
2024-11-05T07:05:09+08:00 Yasuraokaa_Site synostorage[8753]: partition_log_by_disk.c:72  [/dev/sata6][serial: 71C0A0A8FRVH][firmware: 4303][3 partition(s) found.]
2024-11-05T07:05:09+08:00 Yasuraokaa_Site synostorage[8753]: partition_log_by_disk.c:87  [/dev/sata6p1][serial: 71C0A0A8FRVH][firmware: 4303][start: 8192][size: 16777216]
2024-11-05T07:05:09+08:00 Yasuraokaa_Site synostorage[8753]: partition_log_by_disk.c:87  [/dev/sata6p2][serial: 71C0A0A8FRVH][firmware: 4303][start: 16785408][size: 4194304]
2024-11-05T07:05:09+08:00 Yasuraokaa_Site synostorage[8753]: partition_log_by_disk.c:87  [/dev/sata6p3][serial: 71C0A0A8FRVH][firmware: 4303][start: 21241856][size: 27323318272]
2024-11-05T07:05:09+08:00 Yasuraokaa_Site synostorage[8847]: partition_log_by_disk.c:72  [/dev/sata5][serial: Y6QEK10PF68D][firmware: FJ1B][3 partition(s) found.]
2024-11-05T07:05:09+08:00 Yasuraokaa_Site synostorage[8847]: partition_log_by_disk.c:87  [/dev/sata5p1][serial: Y6QEK10PF68D][firmware: FJ1B][start: 8192][size: 16777216]
2024-11-05T07:05:09+08:00 Yasuraokaa_Site synostorage[8847]: partition_log_by_disk.c:87  [/dev/sata5p2][serial: Y6QEK10PF68D][firmware: FJ1B][start: 16785408][size: 4194304]
2024-11-05T07:05:09+08:00 Yasuraokaa_Site synostorage[8847]: partition_log_by_disk.c:87  [/dev/sata5p3][serial: Y6QEK10PF68D][firmware: FJ1B][start: 21241856][size: 7792590496]
2024-11-05T07:05:09+08:00 Yasuraokaa_Site synostorage[8734]: partition_log_by_disk.c:72  [/dev/sata2][serial: WL1NSDX8][firmware: SPS6][3 partition(s) found.]
2024-11-05T07:05:09+08:00 Yasuraokaa_Site synostorage[8734]: partition_log_by_disk.c:87  [/dev/sata2p1][serial: WL1NSDX8][firmware: SPS6][start: 8192][size: 16777216]
2024-11-05T07:05:09+08:00 Yasuraokaa_Site synostorage[8734]: partition_log_by_disk.c:87  [/dev/sata2p2][serial: WL1NSDX8][firmware: SPS6][start: 16785408][size: 4194304]
2024-11-05T07:05:09+08:00 Yasuraokaa_Site synostorage[8734]: partition_log_by_disk.c:87  [/dev/sata2p3][serial: WL1NSDX8][firmware: SPS6][start: 21241856][size: 1932078496]
