2024-09-09T08:24:43+08:00 Synology_NAS synoscgi_SYNO.Core.System_2_shutdown[26074]: system_poweroff_pre_hook.c:22 synopoweroff: Begin SYNOPowerOffPreHook action.
2024-09-09T08:24:43+08:00 Synology_NAS synoscgi_SYNO.Core.System_2_shutdown[26074]: system_poweroff_pre_hook.c:27 synopoweroff: Finish SYNOPowerOffPreHook action.
2024-09-09T08:24:43+08:00 Synology_NAS synoscgi_SYNO.Core.System_2_shutdown[26074]: system_sys_init.c:133 synopoweroff: System is going to [poweroff]
2024-09-11T19:57:35+08:00 Synology_NAS synoscgi_SYNO.Core.System_2_shutdown[419]: system_poweroff_pre_hook.c:22 synopoweroff: Begin SYNOPowerOffPreHook action.
2024-09-11T19:57:35+08:00 Synology_NAS synoscgi_SYNO.Core.System_2_shutdown[419]: system_poweroff_pre_hook.c:27 synopoweroff: Finish SYNOPowerOffPreHook action.
2024-09-11T19:57:35+08:00 Synology_NAS synoscgi_SYNO.Core.System_2_shutdown[419]: system_sys_init.c:133 synopoweroff: System is going to [poweroff]
2024-09-12T00:26:18+08:00 Synology_NAS synoscgi_SYNO.Core.System_2_reboot[17734]: system_poweroff_pre_hook.c:22 synopoweroff: Begin SYNOPowerOffPreHook action.
2024-09-12T00:26:18+08:00 Synology_NAS synoscgi_SYNO.Core.System_2_reboot[17734]: system_poweroff_pre_hook.c:27 synopoweroff: Finish SYNOPowerOffPreHook action.
2024-09-12T00:26:18+08:00 Synology_NAS synoscgi_SYNO.Core.System_2_reboot[17734]: system_sys_init.c:133 synopoweroff: System is going to [reboot]
2024-09-14T22:42:41+08:00 Synology_NAS synoscgi_SYNO.Core.System_2_shutdown[8808]: system_poweroff_pre_hook.c:22 synopoweroff: Begin SYNOPowerOffPreHook action.
2024-09-14T22:42:42+08:00 Synology_NAS synoscgi_SYNO.Core.System_2_shutdown[8808]: system_poweroff_pre_hook.c:27 synopoweroff: Finish SYNOPowerOffPreHook action.
2024-09-14T22:42:42+08:00 Synology_NAS synoscgi_SYNO.Core.System_2_shutdown[8808]: system_sys_init.c:133 synopoweroff: System is going to [poweroff]
2024-09-15T00:49:57+08:00 Synology_NAS synoscgi_SYNO.Core.System_2_shutdown[25111]: system_poweroff_pre_hook.c:22 synopoweroff: Begin SYNOPowerOffPreHook action.
2024-09-15T00:49:58+08:00 Synology_NAS synoscgi_SYNO.Core.System_2_shutdown[25111]: system_poweroff_pre_hook.c:27 synopoweroff: Finish SYNOPowerOffPreHook action.
2024-09-15T00:49:58+08:00 Synology_NAS synoscgi_SYNO.Core.System_2_shutdown[25111]: system_sys_init.c:133 synopoweroff: System is going to [poweroff]
2024-09-15T01:14:57+08:00 Synology_NAS synoupgrade[19273]: system_poweroff_pre_hook.c:22 synopoweroff: Begin SYNOPowerOffPreHook action.
2024-09-15T01:14:58+08:00 Synology_NAS synoupgrade[19273]: system_poweroff_pre_hook.c:27 synopoweroff: Finish SYNOPowerOffPreHook action.
2024-09-15T01:14:58+08:00 Synology_NAS synoupgrade[19273]: system_sys_init.c:133 synopoweroff: System is going to [poweroff]
2024-09-15T05:09:39+08:00 Synology_NAS synoupgrade[16027]: system_poweroff_pre_hook.c:22 synopoweroff: Begin SYNOPowerOffPreHook action.
2024-09-15T05:09:39+08:00 Synology_NAS synoupgrade[16027]: system_poweroff_pre_hook.c:27 synopoweroff: Finish SYNOPowerOffPreHook action.
2024-09-15T05:09:39+08:00 Synology_NAS synoupgrade[16027]: system_sys_init.c:133 synopoweroff: System is going to [poweroff]
2024-09-16T05:35:15+08:00 Synology_NAS synoscgi_SYNO.Core.System_2_reboot[9274]: system_poweroff_pre_hook.c:22 synopoweroff: Begin SYNOPowerOffPreHook action.
2024-09-16T05:35:15+08:00 Synology_NAS synoscgi_SYNO.Core.System_2_reboot[9274]: system_poweroff_pre_hook.c:27 synopoweroff: Finish SYNOPowerOffPreHook action.
2024-09-16T05:35:15+08:00 Synology_NAS synoscgi_SYNO.Core.System_2_reboot[9274]: system_sys_init.c:133 synopoweroff: System is going to [reboot]
2024-09-16T19:28:23+08:00 Synology_NAS synoscgi_SYNO.Core.System_2_reboot[16286]: system_poweroff_pre_hook.c:22 synopoweroff: Begin SYNOPowerOffPreHook action.
2024-09-16T19:28:24+08:00 Synology_NAS synoscgi_SYNO.Core.System_2_reboot[16286]: system_poweroff_pre_hook.c:27 synopoweroff: Finish SYNOPowerOffPreHook action.
2024-09-16T19:28:24+08:00 Synology_NAS synoscgi_SYNO.Core.System_2_reboot[16286]: system_sys_init.c:133 synopoweroff: System is going to [reboot]
2024-09-17T04:54:15+08:00 Synology_NAS synoscgi_SYNO.Core.System_2_reboot[19241]: system_poweroff_pre_hook.c:22 synopoweroff: Begin SYNOPowerOffPreHook action.
2024-09-17T04:54:15+08:00 Synology_NAS synoscgi_SYNO.Core.System_2_reboot[19241]: system_poweroff_pre_hook.c:27 synopoweroff: Finish SYNOPowerOffPreHook action.
2024-09-17T04:54:15+08:00 Synology_NAS synoscgi_SYNO.Core.System_2_reboot[19241]: system_sys_init.c:133 synopoweroff: System is going to [reboot]
2024-09-17T05:46:12+08:00 Synology_NAS synoscgi_SYNO.Core.System_2_reboot[515]: system_poweroff_pre_hook.c:22 synopoweroff: Begin SYNOPowerOffPreHook action.
2024-09-17T05:46:13+08:00 Synology_NAS synoscgi_SYNO.Core.System_2_reboot[515]: system_poweroff_pre_hook.c:27 synopoweroff: Finish SYNOPowerOffPreHook action.
2024-09-17T05:46:13+08:00 Synology_NAS synoscgi_SYNO.Core.System_2_reboot[515]: system_sys_init.c:133 synopoweroff: System is going to [reboot]
2024-09-17T10:41:28+08:00 Synology_NAS synoscgi_SYNO.Core.System_2_reboot[2459]: system_poweroff_pre_hook.c:22 synopoweroff: Begin SYNOPowerOffPreHook action.
2024-09-17T10:41:29+08:00 Synology_NAS synoscgi_SYNO.Core.System_2_reboot[2459]: system_poweroff_pre_hook.c:27 synopoweroff: Finish SYNOPowerOffPreHook action.
2024-09-17T10:41:29+08:00 Synology_NAS synoscgi_SYNO.Core.System_2_reboot[2459]: system_sys_init.c:133 synopoweroff: System is going to [reboot]
2024-09-20T07:36:31+08:00 Synology_NAS synoscgi_SYNO.Core.System_2_shutdown[7056]: system_poweroff_pre_hook.c:22 synopoweroff: Begin SYNOPowerOffPreHook action.
2024-09-20T07:36:31+08:00 Synology_NAS synoscgi_SYNO.Core.System_2_shutdown[7056]: system_poweroff_pre_hook.c:27 synopoweroff: Finish SYNOPowerOffPreHook action.
2024-09-20T07:36:31+08:00 Synology_NAS synoscgi_SYNO.Core.System_2_shutdown[7056]: system_sys_init.c:133 synopoweroff: System is going to [poweroff]
2024-09-20T11:28:38+08:00 Synology_NAS synoscgi_SYNO.Core.System_2_shutdown[31634]: system_poweroff_pre_hook.c:22 synopoweroff: Begin SYNOPowerOffPreHook action.
2024-09-20T11:28:38+08:00 Synology_NAS synoscgi_SYNO.Core.System_2_shutdown[31634]: system_poweroff_pre_hook.c:27 synopoweroff: Finish SYNOPowerOffPreHook action.
2024-09-20T11:28:38+08:00 Synology_NAS synoscgi_SYNO.Core.System_2_shutdown[31634]: system_sys_init.c:133 synopoweroff: System is going to [poweroff]
2024-10-09T04:28:32+08:00 Yasuraokaa_Site synoscgi_SYNO.Core.System_2_reboot[32647]: system_poweroff_pre_hook.c:22 synopoweroff: Begin SYNOPowerOffPreHook action.
2024-10-09T04:28:32+08:00 Yasuraokaa_Site synoscgi_SYNO.Core.System_2_reboot[32647]: system_poweroff_pre_hook.c:27 synopoweroff: Finish SYNOPowerOffPreHook action.
2024-10-09T04:28:32+08:00 Yasuraokaa_Site synoscgi_SYNO.Core.System_2_reboot[32647]: system_sys_init.c:133 synopoweroff: System is going to [reboot]
2024-11-05T00:53:13+08:00 Yasuraokaa_Site synoscgi_SYNO.Core.System_2_shutdown[21920]: system_poweroff_pre_hook.c:22 synopoweroff: Begin SYNOPowerOffPreHook action.
2024-11-05T00:53:13+08:00 Yasuraokaa_Site synoscgi_SYNO.Core.System_2_shutdown[21920]: system_poweroff_pre_hook.c:27 synopoweroff: Finish SYNOPowerOffPreHook action.
2024-11-05T00:53:13+08:00 Yasuraokaa_Site synoscgi_SYNO.Core.System_2_shutdown[21920]: system_sys_init.c:133 synopoweroff: System is going to [poweroff]
