2024-09-08T17:16:53-07:00 SynologyNAS synosnmpcd[10519]: db_handler_class.cpp:1577 Shouldn't get into history mode, skip.
2024-09-08T17:16:53-07:00 SynologyNAS synosnmpcd[10519]: scemd_connector/scemd_connector.c:202 Scemd isn't ready, so cannot get scemd status.
2024-09-08T17:16:53-07:00 SynologyNAS synosnmpcd[10519]: APISocket.cpp:27 No hiberation info get, assume not in hibernation
2024-09-08T17:16:59-07:00 SynologyNAS synosnmpcd[10519]: db_handler_class.cpp:1544 Already run in [current] mode, skip
2024-09-08T17:17:02-07:00 SynologyNAS synosnmpcd[14958]: db_handler_class.cpp:1577 Shouldn't get into history mode, skip.
2024-09-08T17:17:42-07:00 SynologyNAS synosnmpcd[14958]: db_handler_class.cpp:1544 Already run in [current] mode, skip
2024-09-08T17:17:45-07:00 SynologyNAS synosnmpcd[21077]: db_handler_class.cpp:1577 Shouldn't get into history mode, skip.
2024-09-09T08:24:45+08:00 Synology_NAS synosnmpcd[21077]: db_handler_class.cpp:1544 Already run in [current] mode, skip
2024-09-10T07:08:22+08:00 Synology_NAS synosnmpcd[11008]: db_handler_class.cpp:1577 Shouldn't get into history mode, skip.
2024-09-10T07:08:22+08:00 Synology_NAS synosnmpcd[11008]: scemd_connector/scemd_connector.c:202 Scemd isn't ready, so cannot get scemd status.
2024-09-10T07:08:22+08:00 Synology_NAS synosnmpcd[11008]: APISocket.cpp:27 No hiberation info get, assume not in hibernation
2024-09-11T19:57:37+08:00 Synology_NAS synosnmpcd[11008]: db_handler_class.cpp:1544 Already run in [current] mode, skip
2024-09-11T20:05:40+08:00 Synology_NAS synosnmpcd[11365]: db_handler_class.cpp:1577 Shouldn't get into history mode, skip.
2024-09-11T20:05:40+08:00 Synology_NAS synosnmpcd[11365]: scemd_connector/scemd_connector.c:202 Scemd isn't ready, so cannot get scemd status.
2024-09-11T20:05:40+08:00 Synology_NAS synosnmpcd[11365]: APISocket.cpp:27 No hiberation info get, assume not in hibernation
2024-09-11T20:09:08+08:00 Synology_NAS synosnmpcd[11365]: db_handler_class.cpp:1577 Shouldn't get into history mode, skip.
2024-09-11T20:09:09+08:00 Synology_NAS synosnmpcd[11365]: db_handler_class.cpp:1577 Shouldn't get into history mode, skip.
2024-09-11T20:29:55+08:00 Synology_NAS synosnmpcd[11365]: db_handler_class.cpp:1577 Shouldn't get into history mode, skip.
2024-09-11T20:29:56+08:00 Synology_NAS synosnmpcd[11365]: db_handler_class.cpp:1577 Shouldn't get into history mode, skip.
2024-09-11T20:30:36+08:00 Synology_NAS synosnmpcd[11365]: db_handler_class.cpp:1577 Shouldn't get into history mode, skip.
2024-09-11T20:30:37+08:00 Synology_NAS synosnmpcd[11365]: db_handler_class.cpp:1577 Shouldn't get into history mode, skip.
2024-09-12T00:26:23+08:00 Synology_NAS synosnmpcd[11365]: db_handler_class.cpp:1544 Already run in [current] mode, skip
2024-09-12T00:30:29+08:00 Synology_NAS synosnmpcd[12791]: db_handler_class.cpp:1577 Shouldn't get into history mode, skip.
2024-09-12T00:30:29+08:00 Synology_NAS synosnmpcd[12791]: scemd_connector/scemd_connector.c:202 Scemd isn't ready, so cannot get scemd status.
2024-09-12T00:30:29+08:00 Synology_NAS synosnmpcd[12791]: APISocket.cpp:27 No hiberation info get, assume not in hibernation
2024-09-12T00:32:19+08:00 Synology_NAS synosnmpcd[12791]: db_handler_class.cpp:1577 Shouldn't get into history mode, skip.
2024-09-12T00:32:19+08:00 Synology_NAS synosnmpcd[12791]: db_handler_class.cpp:1577 Shouldn't get into history mode, skip.
2024-09-13T09:03:52+08:00 Synology_NAS synosnmpcd[12791]: db_handler_class.cpp:1577 Shouldn't get into history mode, skip.
2024-09-13T09:03:59+08:00 Synology_NAS synosnmpcd[12791]: db_handler_class.cpp:1577 Shouldn't get into history mode, skip.
2024-09-14T22:42:53+08:00 Synology_NAS synosnmpcd[12791]: scemd_connector/scemd_connector.c:202 Scemd isn't ready, so cannot get scemd status.
2024-09-14T22:42:53+08:00 Synology_NAS synosnmpcd[12791]: APISocket.cpp:27 No hiberation info get, assume not in hibernation
2024-09-14T22:42:53+08:00 Synology_NAS synosnmpcd[12791]: sata_dev_port_check.c:16 Failed to get slot informtion of sata1
2024-09-14T22:42:53+08:00 Synology_NAS synosnmpcd[12791]: sata_dev_port_check.c:16 Failed to get slot informtion of sata1
2024-09-14T22:42:53+08:00 Synology_NAS synosnmpcd[12791]: sata_dev_port_check.c:16 Failed to get slot informtion of sata1
2024-09-14T22:42:53+08:00 Synology_NAS synosnmpcd[12791]: scemd_connector/scemd_connector.c:202 Scemd isn't ready, so cannot get scemd status.
2024-09-14T22:42:53+08:00 Synology_NAS synosnmpcd[12791]: APISocket.cpp:27 No hiberation info get, assume not in hibernation
2024-09-14T22:42:53+08:00 Synology_NAS synosnmpcd[12791]: scemd_connector/scemd_connector.c:202 Scemd isn't ready, so cannot get scemd status.
2024-09-14T22:42:53+08:00 Synology_NAS synosnmpcd[12791]: APISocket.cpp:27 No hiberation info get, assume not in hibernation
2024-09-14T22:42:53+08:00 Synology_NAS synosnmpcd[12791]: scemd_connector/scemd_connector.c:202 Scemd isn't ready, so cannot get scemd status.
2024-09-14T22:42:53+08:00 Synology_NAS synosnmpcd[12791]: APISocket.cpp:27 No hiberation info get, assume not in hibernation
2024-09-14T22:43:03+08:00 Synology_NAS synosnmpcd[12791]: scemd_connector/scemd_connector.c:202 Scemd isn't ready, so cannot get scemd status.
2024-09-14T22:43:03+08:00 Synology_NAS synosnmpcd[12791]: APISocket.cpp:27 No hiberation info get, assume not in hibernation
2024-09-14T22:43:03+08:00 Synology_NAS synosnmpcd[12791]: sata_dev_port_check.c:16 Failed to get slot informtion of sata1
2024-09-14T22:43:03+08:00 Synology_NAS synosnmpcd[12791]: sata_dev_port_check.c:16 Failed to get slot informtion of sata1
2024-09-14T22:43:03+08:00 Synology_NAS synosnmpcd[12791]: sata_dev_port_check.c:16 Failed to get slot informtion of sata1
2024-09-14T22:43:03+08:00 Synology_NAS synosnmpcd[12791]: scemd_connector/scemd_connector.c:202 Scemd isn't ready, so cannot get scemd status.
2024-09-14T22:43:03+08:00 Synology_NAS synosnmpcd[12791]: APISocket.cpp:27 No hiberation info get, assume not in hibernation
2024-09-14T22:43:03+08:00 Synology_NAS synosnmpcd[12791]: scemd_connector/scemd_connector.c:202 Scemd isn't ready, so cannot get scemd status.
2024-09-14T22:43:03+08:00 Synology_NAS synosnmpcd[12791]: APISocket.cpp:27 No hiberation info get, assume not in hibernation
2024-09-14T22:43:03+08:00 Synology_NAS synosnmpcd[12791]: scemd_connector/scemd_connector.c:202 Scemd isn't ready, so cannot get scemd status.
2024-09-14T22:43:03+08:00 Synology_NAS synosnmpcd[12791]: APISocket.cpp:27 No hiberation info get, assume not in hibernation
2024-09-14T22:43:06+08:00 Synology_NAS synosnmpcd[12791]: db_handler_class.cpp:1544 Already run in [current] mode, skip
2024-09-14T23:16:57+08:00 Synology_NAS synosnmpcd[14368]: db_handler_class.cpp:1577 Shouldn't get into history mode, skip.
2024-09-14T23:16:57+08:00 Synology_NAS synosnmpcd[14368]: scemd_connector/scemd_connector.c:202 Scemd isn't ready, so cannot get scemd status.
2024-09-14T23:16:57+08:00 Synology_NAS synosnmpcd[14368]: APISocket.cpp:27 No hiberation info get, assume not in hibernation
2024-09-14T23:16:59+08:00 Synology_NAS synosnmpcd[14368]: db_handler_class.cpp:1577 Shouldn't get into history mode, skip.
2024-09-14T23:17:05+08:00 Synology_NAS synosnmpcd[14368]: db_handler_class.cpp:1577 Shouldn't get into history mode, skip.
2024-09-15T00:04:08+08:00 Synology_NAS synosnmpcd[14368]: db_handler_class.cpp:1577 Shouldn't get into history mode, skip.
2024-09-15T00:04:10+08:00 Synology_NAS synosnmpcd[14368]: db_handler_class.cpp:1577 Shouldn't get into history mode, skip.
2024-09-15T00:50:04+08:00 Synology_NAS synosnmpcd[14368]: db_handler_class.cpp:1544 Already run in [current] mode, skip
2024-09-15T01:14:21+08:00 Synology_NAS synosnmpcd[14317]: db_handler_class.cpp:1577 Shouldn't get into history mode, skip.
2024-09-15T01:14:21+08:00 Synology_NAS synosnmpcd[14317]: scemd_connector/scemd_connector.c:202 Scemd isn't ready, so cannot get scemd status.
2024-09-15T01:14:21+08:00 Synology_NAS synosnmpcd[14317]: APISocket.cpp:27 No hiberation info get, assume not in hibernation
2024-09-15T01:14:21+08:00 Synology_NAS synosnmpcd[14317]: db_handler_class.cpp:1577 Shouldn't get into history mode, skip.
2024-09-15T01:14:26+08:00 Synology_NAS synosnmpcd[14317]: db_handler_class.cpp:1577 Shouldn't get into history mode, skip.
2024-09-15T01:22:08+08:00 Synology_NAS synosnmpcd[14474]: db_handler_class.cpp:1577 Shouldn't get into history mode, skip.
2024-09-15T01:22:08+08:00 Synology_NAS synosnmpcd[14474]: scemd_connector/scemd_connector.c:202 Scemd isn't ready, so cannot get scemd status.
2024-09-15T01:22:08+08:00 Synology_NAS synosnmpcd[14474]: APISocket.cpp:27 No hiberation info get, assume not in hibernation
2024-09-15T01:22:11+08:00 Synology_NAS synosnmpcd[14474]: db_handler_class.cpp:1577 Shouldn't get into history mode, skip.
2024-09-15T01:22:17+08:00 Synology_NAS synosnmpcd[14474]: db_handler_class.cpp:1577 Shouldn't get into history mode, skip.
2024-09-15T01:31:03+08:00 Synology_NAS synosnmpcd[14596]: db_handler_class.cpp:1577 Shouldn't get into history mode, skip.
2024-09-15T01:31:03+08:00 Synology_NAS synosnmpcd[14596]: scemd_connector/scemd_connector.c:202 Scemd isn't ready, so cannot get scemd status.
2024-09-15T01:31:03+08:00 Synology_NAS synosnmpcd[14596]: APISocket.cpp:27 No hiberation info get, assume not in hibernation
2024-09-15T01:31:04+08:00 Synology_NAS synosnmpcd[14596]: db_handler_class.cpp:1577 Shouldn't get into history mode, skip.
2024-09-15T01:31:12+08:00 Synology_NAS synosnmpcd[14596]: db_handler_class.cpp:1577 Shouldn't get into history mode, skip.
2024-09-15T05:06:19+08:00 Synology_NAS synosnmpcd[12553]: db_handler_class.cpp:1577 Shouldn't get into history mode, skip.
2024-09-15T05:06:19+08:00 Synology_NAS synosnmpcd[12553]: scemd_connector/scemd_connector.c:202 Scemd isn't ready, so cannot get scemd status.
2024-09-15T05:06:19+08:00 Synology_NAS synosnmpcd[12553]: APISocket.cpp:27 No hiberation info get, assume not in hibernation
2024-09-15T05:15:24+08:00 Synology_NAS synosnmpcd[14752]: db_handler_class.cpp:1577 Shouldn't get into history mode, skip.
2024-09-15T05:15:24+08:00 Synology_NAS synosnmpcd[14752]: scemd_connector/scemd_connector.c:202 Scemd isn't ready, so cannot get scemd status.
2024-09-15T05:15:24+08:00 Synology_NAS synosnmpcd[14752]: APISocket.cpp:27 No hiberation info get, assume not in hibernation
2024-09-15T05:15:24+08:00 Synology_NAS synosnmpcd[14752]: db_handler_class.cpp:1577 Shouldn't get into history mode, skip.
2024-09-15T05:15:31+08:00 Synology_NAS synosnmpcd[14752]: db_handler_class.cpp:1577 Shouldn't get into history mode, skip.
2024-09-16T05:35:26+08:00 Synology_NAS synosnmpcd[14752]: db_handler_class.cpp:1544 Already run in [current] mode, skip
2024-09-16T05:39:45+08:00 Synology_NAS synosnmpcd[14389]: db_handler_class.cpp:1577 Shouldn't get into history mode, skip.
2024-09-16T05:39:45+08:00 Synology_NAS synosnmpcd[14389]: scemd_connector/scemd_connector.c:202 Scemd isn't ready, so cannot get scemd status.
2024-09-16T05:39:45+08:00 Synology_NAS synosnmpcd[14389]: APISocket.cpp:27 No hiberation info get, assume not in hibernation
2024-09-16T05:39:47+08:00 Synology_NAS synosnmpcd[14389]: db_handler_class.cpp:1577 Shouldn't get into history mode, skip.
2024-09-16T05:39:53+08:00 Synology_NAS synosnmpcd[14389]: db_handler_class.cpp:1577 Shouldn't get into history mode, skip.
2024-09-16T19:28:35+08:00 Synology_NAS synosnmpcd[14389]: scemd_connector/scemd_connector.c:202 Scemd isn't ready, so cannot get scemd status.
2024-09-16T19:28:35+08:00 Synology_NAS synosnmpcd[14389]: APISocket.cpp:27 No hiberation info get, assume not in hibernation
2024-09-16T19:28:35+08:00 Synology_NAS synosnmpcd[14389]: sata_dev_port_check.c:16 Failed to get slot informtion of sata1
2024-09-16T19:28:35+08:00 Synology_NAS synosnmpcd[14389]: sata_dev_port_check.c:16 Failed to get slot informtion of sata1
2024-09-16T19:28:35+08:00 Synology_NAS synosnmpcd[14389]: sata_dev_port_check.c:16 Failed to get slot informtion of sata1
2024-09-16T19:28:35+08:00 Synology_NAS synosnmpcd[14389]: scemd_connector/scemd_connector.c:202 Scemd isn't ready, so cannot get scemd status.
2024-09-16T19:28:35+08:00 Synology_NAS synosnmpcd[14389]: APISocket.cpp:27 No hiberation info get, assume not in hibernation
2024-09-16T19:28:35+08:00 Synology_NAS synosnmpcd[14389]: scemd_connector/scemd_connector.c:202 Scemd isn't ready, so cannot get scemd status.
2024-09-16T19:28:35+08:00 Synology_NAS synosnmpcd[14389]: APISocket.cpp:27 No hiberation info get, assume not in hibernation
2024-09-16T19:28:35+08:00 Synology_NAS synosnmpcd[14389]: scemd_connector/scemd_connector.c:202 Scemd isn't ready, so cannot get scemd status.
2024-09-16T19:28:35+08:00 Synology_NAS synosnmpcd[14389]: APISocket.cpp:27 No hiberation info get, assume not in hibernation
2024-09-16T19:28:45+08:00 Synology_NAS synosnmpcd[14389]: scemd_connector/scemd_connector.c:202 Scemd isn't ready, so cannot get scemd status.
2024-09-16T19:28:45+08:00 Synology_NAS synosnmpcd[14389]: APISocket.cpp:27 No hiberation info get, assume not in hibernation
2024-09-16T19:28:45+08:00 Synology_NAS synosnmpcd[14389]: sata_dev_port_check.c:16 Failed to get slot informtion of sata1
2024-09-16T19:28:45+08:00 Synology_NAS synosnmpcd[14389]: sata_dev_port_check.c:16 Failed to get slot informtion of sata1
2024-09-16T19:28:45+08:00 Synology_NAS synosnmpcd[14389]: sata_dev_port_check.c:16 Failed to get slot informtion of sata1
2024-09-16T19:28:45+08:00 Synology_NAS synosnmpcd[14389]: scemd_connector/scemd_connector.c:202 Scemd isn't ready, so cannot get scemd status.
2024-09-16T19:28:45+08:00 Synology_NAS synosnmpcd[14389]: APISocket.cpp:27 No hiberation info get, assume not in hibernation
2024-09-16T19:28:45+08:00 Synology_NAS synosnmpcd[14389]: scemd_connector/scemd_connector.c:202 Scemd isn't ready, so cannot get scemd status.
2024-09-16T19:28:45+08:00 Synology_NAS synosnmpcd[14389]: APISocket.cpp:27 No hiberation info get, assume not in hibernation
2024-09-16T19:28:45+08:00 Synology_NAS synosnmpcd[14389]: scemd_connector/scemd_connector.c:202 Scemd isn't ready, so cannot get scemd status.
2024-09-16T19:28:45+08:00 Synology_NAS synosnmpcd[14389]: APISocket.cpp:27 No hiberation info get, assume not in hibernation
2024-09-16T19:28:48+08:00 Synology_NAS synosnmpcd[14389]: db_handler_class.cpp:1544 Already run in [current] mode, skip
2024-09-16T19:33:07+08:00 Synology_NAS synosnmpcd[14405]: db_handler_class.cpp:1577 Shouldn't get into history mode, skip.
2024-09-16T19:33:07+08:00 Synology_NAS synosnmpcd[14405]: scemd_connector/scemd_connector.c:202 Scemd isn't ready, so cannot get scemd status.
2024-09-16T19:33:07+08:00 Synology_NAS synosnmpcd[14405]: APISocket.cpp:27 No hiberation info get, assume not in hibernation
2024-09-16T19:33:08+08:00 Synology_NAS synosnmpcd[14405]: db_handler_class.cpp:1577 Shouldn't get into history mode, skip.
2024-09-16T19:33:14+08:00 Synology_NAS synosnmpcd[14405]: db_handler_class.cpp:1577 Shouldn't get into history mode, skip.
2024-09-17T04:54:29+08:00 Synology_NAS synosnmpcd[14405]: scemd_connector/scemd_connector.c:202 Scemd isn't ready, so cannot get scemd status.
2024-09-17T04:54:29+08:00 Synology_NAS synosnmpcd[14405]: APISocket.cpp:27 No hiberation info get, assume not in hibernation
2024-09-17T04:54:29+08:00 Synology_NAS synosnmpcd[14405]: sata_dev_port_check.c:16 Failed to get slot informtion of sata1
2024-09-17T04:54:29+08:00 Synology_NAS synosnmpcd[14405]: sata_dev_port_check.c:16 Failed to get slot informtion of sata1
2024-09-17T04:54:29+08:00 Synology_NAS synosnmpcd[14405]: sata_dev_port_check.c:16 Failed to get slot informtion of sata1
2024-09-17T04:54:29+08:00 Synology_NAS synosnmpcd[14405]: scemd_connector/scemd_connector.c:202 Scemd isn't ready, so cannot get scemd status.
2024-09-17T04:54:29+08:00 Synology_NAS synosnmpcd[14405]: APISocket.cpp:27 No hiberation info get, assume not in hibernation
2024-09-17T04:54:29+08:00 Synology_NAS synosnmpcd[14405]: scemd_connector/scemd_connector.c:202 Scemd isn't ready, so cannot get scemd status.
2024-09-17T04:54:29+08:00 Synology_NAS synosnmpcd[14405]: APISocket.cpp:27 No hiberation info get, assume not in hibernation
2024-09-17T04:54:29+08:00 Synology_NAS synosnmpcd[14405]: scemd_connector/scemd_connector.c:202 Scemd isn't ready, so cannot get scemd status.
2024-09-17T04:54:29+08:00 Synology_NAS synosnmpcd[14405]: APISocket.cpp:27 No hiberation info get, assume not in hibernation
2024-09-17T04:54:30+08:00 Synology_NAS synosnmpcd[14405]: db_handler_class.cpp:1544 Already run in [current] mode, skip
2024-09-17T04:58:47+08:00 Synology_NAS synosnmpcd[14373]: db_handler_class.cpp:1577 Shouldn't get into history mode, skip.
2024-09-17T04:58:47+08:00 Synology_NAS synosnmpcd[14373]: scemd_connector/scemd_connector.c:202 Scemd isn't ready, so cannot get scemd status.
2024-09-17T04:58:47+08:00 Synology_NAS synosnmpcd[14373]: APISocket.cpp:27 No hiberation info get, assume not in hibernation
2024-09-17T04:58:49+08:00 Synology_NAS synosnmpcd[14373]: db_handler_class.cpp:1577 Shouldn't get into history mode, skip.
2024-09-17T04:58:55+08:00 Synology_NAS synosnmpcd[14373]: db_handler_class.cpp:1577 Shouldn't get into history mode, skip.
2024-09-17T05:46:26+08:00 Synology_NAS synosnmpcd[14373]: scemd_connector/scemd_connector.c:202 Scemd isn't ready, so cannot get scemd status.
2024-09-17T05:46:26+08:00 Synology_NAS synosnmpcd[14373]: APISocket.cpp:27 No hiberation info get, assume not in hibernation
2024-09-17T05:46:26+08:00 Synology_NAS synosnmpcd[14373]: sata_dev_port_check.c:16 Failed to get slot informtion of sata1
2024-09-17T05:46:26+08:00 Synology_NAS synosnmpcd[14373]: sata_dev_port_check.c:16 Failed to get slot informtion of sata1
2024-09-17T05:46:26+08:00 Synology_NAS synosnmpcd[14373]: sata_dev_port_check.c:16 Failed to get slot informtion of sata1
2024-09-17T05:46:26+08:00 Synology_NAS synosnmpcd[14373]: scemd_connector/scemd_connector.c:202 Scemd isn't ready, so cannot get scemd status.
2024-09-17T05:46:26+08:00 Synology_NAS synosnmpcd[14373]: APISocket.cpp:27 No hiberation info get, assume not in hibernation
2024-09-17T05:46:26+08:00 Synology_NAS synosnmpcd[14373]: scemd_connector/scemd_connector.c:202 Scemd isn't ready, so cannot get scemd status.
2024-09-17T05:46:26+08:00 Synology_NAS synosnmpcd[14373]: APISocket.cpp:27 No hiberation info get, assume not in hibernation
2024-09-17T05:46:26+08:00 Synology_NAS synosnmpcd[14373]: scemd_connector/scemd_connector.c:202 Scemd isn't ready, so cannot get scemd status.
2024-09-17T05:46:26+08:00 Synology_NAS synosnmpcd[14373]: APISocket.cpp:27 No hiberation info get, assume not in hibernation
2024-09-17T05:46:36+08:00 Synology_NAS synosnmpcd[14373]: scemd_connector/scemd_connector.c:202 Scemd isn't ready, so cannot get scemd status.
2024-09-17T05:46:36+08:00 Synology_NAS synosnmpcd[14373]: APISocket.cpp:27 No hiberation info get, assume not in hibernation
2024-09-17T05:46:36+08:00 Synology_NAS synosnmpcd[14373]: sata_dev_port_check.c:16 Failed to get slot informtion of sata1
2024-09-17T05:46:36+08:00 Synology_NAS synosnmpcd[14373]: sata_dev_port_check.c:16 Failed to get slot informtion of sata1
2024-09-17T05:46:36+08:00 Synology_NAS synosnmpcd[14373]: sata_dev_port_check.c:16 Failed to get slot informtion of sata1
2024-09-17T05:46:36+08:00 Synology_NAS synosnmpcd[14373]: scemd_connector/scemd_connector.c:202 Scemd isn't ready, so cannot get scemd status.
2024-09-17T05:46:36+08:00 Synology_NAS synosnmpcd[14373]: APISocket.cpp:27 No hiberation info get, assume not in hibernation
2024-09-17T05:46:36+08:00 Synology_NAS synosnmpcd[14373]: scemd_connector/scemd_connector.c:202 Scemd isn't ready, so cannot get scemd status.
2024-09-17T05:46:36+08:00 Synology_NAS synosnmpcd[14373]: APISocket.cpp:27 No hiberation info get, assume not in hibernation
2024-09-17T05:46:36+08:00 Synology_NAS synosnmpcd[14373]: scemd_connector/scemd_connector.c:202 Scemd isn't ready, so cannot get scemd status.
2024-09-17T05:46:36+08:00 Synology_NAS synosnmpcd[14373]: APISocket.cpp:27 No hiberation info get, assume not in hibernation
2024-09-17T05:46:37+08:00 Synology_NAS synosnmpcd[14373]: db_handler_class.cpp:1544 Already run in [current] mode, skip
2024-09-17T05:50:56+08:00 Synology_NAS synosnmpcd[14459]: db_handler_class.cpp:1577 Shouldn't get into history mode, skip.
2024-09-17T05:50:56+08:00 Synology_NAS synosnmpcd[14459]: scemd_connector/scemd_connector.c:202 Scemd isn't ready, so cannot get scemd status.
2024-09-17T05:50:56+08:00 Synology_NAS synosnmpcd[14459]: APISocket.cpp:27 No hiberation info get, assume not in hibernation
2024-09-17T05:50:58+08:00 Synology_NAS synosnmpcd[14459]: db_handler_class.cpp:1577 Shouldn't get into history mode, skip.
2024-09-17T05:51:03+08:00 Synology_NAS synosnmpcd[14459]: db_handler_class.cpp:1577 Shouldn't get into history mode, skip.
2024-09-17T10:41:40+08:00 Synology_NAS synosnmpcd[14459]: scemd_connector/scemd_connector.c:202 Scemd isn't ready, so cannot get scemd status.
2024-09-17T10:41:40+08:00 Synology_NAS synosnmpcd[14459]: APISocket.cpp:27 No hiberation info get, assume not in hibernation
2024-09-17T10:41:40+08:00 Synology_NAS synosnmpcd[14459]: sata_dev_port_check.c:16 Failed to get slot informtion of sata1
2024-09-17T10:41:40+08:00 Synology_NAS synosnmpcd[14459]: sata_dev_port_check.c:16 Failed to get slot informtion of sata1
2024-09-17T10:41:40+08:00 Synology_NAS synosnmpcd[14459]: sata_dev_port_check.c:16 Failed to get slot informtion of sata1
2024-09-17T10:41:40+08:00 Synology_NAS synosnmpcd[14459]: scemd_connector/scemd_connector.c:202 Scemd isn't ready, so cannot get scemd status.
2024-09-17T10:41:40+08:00 Synology_NAS synosnmpcd[14459]: APISocket.cpp:27 No hiberation info get, assume not in hibernation
2024-09-17T10:41:40+08:00 Synology_NAS synosnmpcd[14459]: scemd_connector/scemd_connector.c:202 Scemd isn't ready, so cannot get scemd status.
2024-09-17T10:41:40+08:00 Synology_NAS synosnmpcd[14459]: APISocket.cpp:27 No hiberation info get, assume not in hibernation
2024-09-17T10:41:40+08:00 Synology_NAS synosnmpcd[14459]: scemd_connector/scemd_connector.c:202 Scemd isn't ready, so cannot get scemd status.
2024-09-17T10:41:40+08:00 Synology_NAS synosnmpcd[14459]: APISocket.cpp:27 No hiberation info get, assume not in hibernation
2024-09-17T10:41:50+08:00 Synology_NAS synosnmpcd[14459]: scemd_connector/scemd_connector.c:202 Scemd isn't ready, so cannot get scemd status.
2024-09-17T10:41:50+08:00 Synology_NAS synosnmpcd[14459]: APISocket.cpp:27 No hiberation info get, assume not in hibernation
2024-09-17T10:41:51+08:00 Synology_NAS synosnmpcd[14459]: sata_dev_port_check.c:16 Failed to get slot informtion of sata1
2024-09-17T10:41:51+08:00 Synology_NAS synosnmpcd[14459]: sata_dev_port_check.c:16 Failed to get slot informtion of sata1
2024-09-17T10:41:51+08:00 Synology_NAS synosnmpcd[14459]: sata_dev_port_check.c:16 Failed to get slot informtion of sata1
2024-09-17T10:41:51+08:00 Synology_NAS synosnmpcd[14459]: scemd_connector/scemd_connector.c:202 Scemd isn't ready, so cannot get scemd status.
2024-09-17T10:41:51+08:00 Synology_NAS synosnmpcd[14459]: APISocket.cpp:27 No hiberation info get, assume not in hibernation
2024-09-17T10:41:51+08:00 Synology_NAS synosnmpcd[14459]: scemd_connector/scemd_connector.c:202 Scemd isn't ready, so cannot get scemd status.
2024-09-17T10:41:51+08:00 Synology_NAS synosnmpcd[14459]: APISocket.cpp:27 No hiberation info get, assume not in hibernation
2024-09-17T10:41:51+08:00 Synology_NAS synosnmpcd[14459]: scemd_connector/scemd_connector.c:202 Scemd isn't ready, so cannot get scemd status.
2024-09-17T10:41:51+08:00 Synology_NAS synosnmpcd[14459]: APISocket.cpp:27 No hiberation info get, assume not in hibernation
2024-09-17T10:41:53+08:00 Synology_NAS synosnmpcd[14459]: db_handler_class.cpp:1544 Already run in [current] mode, skip
2024-09-17T10:46:10+08:00 Synology_NAS synosnmpcd[14416]: db_handler_class.cpp:1577 Shouldn't get into history mode, skip.
2024-09-17T10:46:10+08:00 Synology_NAS synosnmpcd[14416]: scemd_connector/scemd_connector.c:202 Scemd isn't ready, so cannot get scemd status.
2024-09-17T10:46:10+08:00 Synology_NAS synosnmpcd[14416]: APISocket.cpp:27 No hiberation info get, assume not in hibernation
2024-09-17T10:46:12+08:00 Synology_NAS synosnmpcd[14416]: db_handler_class.cpp:1577 Shouldn't get into history mode, skip.
2024-09-17T10:46:18+08:00 Synology_NAS synosnmpcd[14416]: db_handler_class.cpp:1577 Shouldn't get into history mode, skip.
2024-09-20T07:36:39+08:00 Synology_NAS synosnmpcd[14416]: scemd_connector/scemd_connector.c:202 Scemd isn't ready, so cannot get scemd status.
2024-09-20T07:36:39+08:00 Synology_NAS synosnmpcd[14416]: APISocket.cpp:27 No hiberation info get, assume not in hibernation
2024-09-20T07:36:39+08:00 Synology_NAS synosnmpcd[14416]: sata_dev_port_check.c:16 Failed to get slot informtion of sata1
2024-09-20T07:36:40+08:00 Synology_NAS synosnmpcd[14416]: sata_dev_port_check.c:16 Failed to get slot informtion of sata1
2024-09-20T07:36:40+08:00 Synology_NAS synosnmpcd[14416]: sata_dev_port_check.c:16 Failed to get slot informtion of sata1
2024-09-20T07:36:40+08:00 Synology_NAS synosnmpcd[14416]: scemd_connector/scemd_connector.c:202 Scemd isn't ready, so cannot get scemd status.
2024-09-20T07:36:40+08:00 Synology_NAS synosnmpcd[14416]: APISocket.cpp:27 No hiberation info get, assume not in hibernation
2024-09-20T07:36:40+08:00 Synology_NAS synosnmpcd[14416]: scemd_connector/scemd_connector.c:202 Scemd isn't ready, so cannot get scemd status.
2024-09-20T07:36:40+08:00 Synology_NAS synosnmpcd[14416]: APISocket.cpp:27 No hiberation info get, assume not in hibernation
2024-09-20T07:36:40+08:00 Synology_NAS synosnmpcd[14416]: scemd_connector/scemd_connector.c:202 Scemd isn't ready, so cannot get scemd status.
2024-09-20T07:36:40+08:00 Synology_NAS synosnmpcd[14416]: APISocket.cpp:27 No hiberation info get, assume not in hibernation
2024-09-20T07:36:41+08:00 Synology_NAS synosnmpcd[14416]: db_handler_class.cpp:1544 Already run in [current] mode, skip
2024-09-20T07:51:29+08:00 Synology_NAS synosnmpcd[14948]: db_handler_class.cpp:1577 Shouldn't get into history mode, skip.
2024-09-20T07:51:29+08:00 Synology_NAS synosnmpcd[14948]: scemd_connector/scemd_connector.c:202 Scemd isn't ready, so cannot get scemd status.
2024-09-20T07:51:29+08:00 Synology_NAS synosnmpcd[14948]: APISocket.cpp:27 No hiberation info get, assume not in hibernation
2024-09-20T07:51:33+08:00 Synology_NAS synosnmpcd[14948]: db_handler_class.cpp:1577 Shouldn't get into history mode, skip.
2024-09-20T07:55:04+08:00 Synology_NAS synosnmpcd[14948]: db_handler_class.cpp:1577 Shouldn't get into history mode, skip.
2024-09-20T07:55:07+08:00 Synology_NAS synosnmpcd[14948]: db_handler_class.cpp:1577 Shouldn't get into history mode, skip.
2024-09-20T11:28:52+08:00 Synology_NAS synosnmpcd[14948]: scemd_connector/scemd_connector.c:202 Scemd isn't ready, so cannot get scemd status.
2024-09-20T11:28:52+08:00 Synology_NAS synosnmpcd[14948]: APISocket.cpp:27 No hiberation info get, assume not in hibernation
2024-09-20T11:28:52+08:00 Synology_NAS synosnmpcd[14948]: sata_dev_port_check.c:16 Failed to get slot informtion of sata1
2024-09-20T11:28:52+08:00 Synology_NAS synosnmpcd[14948]: sata_dev_port_check.c:16 Failed to get slot informtion of sata1
2024-09-20T11:28:52+08:00 Synology_NAS synosnmpcd[14948]: sata_dev_port_check.c:16 Failed to get slot informtion of sata1
2024-09-20T11:28:52+08:00 Synology_NAS synosnmpcd[14948]: scemd_connector/scemd_connector.c:202 Scemd isn't ready, so cannot get scemd status.
2024-09-20T11:28:52+08:00 Synology_NAS synosnmpcd[14948]: APISocket.cpp:27 No hiberation info get, assume not in hibernation
2024-09-20T11:28:52+08:00 Synology_NAS synosnmpcd[14948]: scemd_connector/scemd_connector.c:202 Scemd isn't ready, so cannot get scemd status.
2024-09-20T11:28:52+08:00 Synology_NAS synosnmpcd[14948]: APISocket.cpp:27 No hiberation info get, assume not in hibernation
2024-09-20T11:28:52+08:00 Synology_NAS synosnmpcd[14948]: scemd_connector/scemd_connector.c:202 Scemd isn't ready, so cannot get scemd status.
2024-09-20T11:28:52+08:00 Synology_NAS synosnmpcd[14948]: APISocket.cpp:27 No hiberation info get, assume not in hibernation
2024-09-20T11:29:02+08:00 Synology_NAS synosnmpcd[14948]: scemd_connector/scemd_connector.c:202 Scemd isn't ready, so cannot get scemd status.
2024-09-20T11:29:02+08:00 Synology_NAS synosnmpcd[14948]: APISocket.cpp:27 No hiberation info get, assume not in hibernation
2024-09-20T11:29:03+08:00 Synology_NAS synosnmpcd[14948]: db_handler_class.cpp:1544 Already run in [current] mode, skip
2024-09-20T11:34:49+08:00 Synology_NAS synosnmpcd[15015]: db_handler_class.cpp:1577 Shouldn't get into history mode, skip.
2024-09-20T11:34:49+08:00 Synology_NAS synosnmpcd[15015]: scemd_connector/scemd_connector.c:202 Scemd isn't ready, so cannot get scemd status.
2024-09-20T11:34:49+08:00 Synology_NAS synosnmpcd[15015]: APISocket.cpp:27 No hiberation info get, assume not in hibernation
2024-09-20T11:34:51+08:00 Synology_NAS synosnmpcd[15015]: db_handler_class.cpp:1577 Shouldn't get into history mode, skip.
2024-09-20T11:34:57+08:00 Synology_NAS synosnmpcd[15015]: db_handler_class.cpp:1577 Shouldn't get into history mode, skip.
2024-10-09T04:28:42+08:00 Yasuraokaa_Site synosnmpcd[15015]: scemd_connector/scemd_connector.c:202 Scemd isn't ready, so cannot get scemd status.
2024-10-09T04:28:42+08:00 Yasuraokaa_Site synosnmpcd[15015]: APISocket.cpp:27 No hiberation info get, assume not in hibernation
2024-10-09T04:28:43+08:00 Yasuraokaa_Site synosnmpcd[15015]: sata_dev_port_check.c:16 Failed to get slot informtion of sata1
2024-10-09T04:28:43+08:00 Yasuraokaa_Site synosnmpcd[15015]: sata_dev_port_check.c:16 Failed to get slot informtion of sata1
2024-10-09T04:28:43+08:00 Yasuraokaa_Site synosnmpcd[15015]: sata_dev_port_check.c:16 Failed to get slot informtion of sata1
2024-10-09T04:28:43+08:00 Yasuraokaa_Site synosnmpcd[15015]: scemd_connector/scemd_connector.c:202 Scemd isn't ready, so cannot get scemd status.
2024-10-09T04:28:43+08:00 Yasuraokaa_Site synosnmpcd[15015]: APISocket.cpp:27 No hiberation info get, assume not in hibernation
2024-10-09T04:28:43+08:00 Yasuraokaa_Site synosnmpcd[15015]: scemd_connector/scemd_connector.c:202 Scemd isn't ready, so cannot get scemd status.
2024-10-09T04:28:43+08:00 Yasuraokaa_Site synosnmpcd[15015]: APISocket.cpp:27 No hiberation info get, assume not in hibernation
2024-10-09T04:28:43+08:00 Yasuraokaa_Site synosnmpcd[15015]: scemd_connector/scemd_connector.c:202 Scemd isn't ready, so cannot get scemd status.
2024-10-09T04:28:43+08:00 Yasuraokaa_Site synosnmpcd[15015]: APISocket.cpp:27 No hiberation info get, assume not in hibernation
2024-10-09T04:28:53+08:00 Yasuraokaa_Site synosnmpcd[15015]: scemd_connector/scemd_connector.c:202 Scemd isn't ready, so cannot get scemd status.
2024-10-09T04:28:53+08:00 Yasuraokaa_Site synosnmpcd[15015]: APISocket.cpp:27 No hiberation info get, assume not in hibernation
2024-10-09T04:28:53+08:00 Yasuraokaa_Site synosnmpcd[15015]: sata_dev_port_check.c:16 Failed to get slot informtion of sata1
2024-10-09T04:28:53+08:00 Yasuraokaa_Site synosnmpcd[15015]: sata_dev_port_check.c:16 Failed to get slot informtion of sata1
2024-10-09T04:28:53+08:00 Yasuraokaa_Site synosnmpcd[15015]: sata_dev_port_check.c:16 Failed to get slot informtion of sata1
2024-10-09T04:28:53+08:00 Yasuraokaa_Site synosnmpcd[15015]: scemd_connector/scemd_connector.c:202 Scemd isn't ready, so cannot get scemd status.
2024-10-09T04:28:53+08:00 Yasuraokaa_Site synosnmpcd[15015]: APISocket.cpp:27 No hiberation info get, assume not in hibernation
2024-10-09T04:28:53+08:00 Yasuraokaa_Site synosnmpcd[15015]: scemd_connector/scemd_connector.c:202 Scemd isn't ready, so cannot get scemd status.
2024-10-09T04:28:53+08:00 Yasuraokaa_Site synosnmpcd[15015]: APISocket.cpp:27 No hiberation info get, assume not in hibernation
2024-10-09T04:28:53+08:00 Yasuraokaa_Site synosnmpcd[15015]: scemd_connector/scemd_connector.c:202 Scemd isn't ready, so cannot get scemd status.
2024-10-09T04:28:53+08:00 Yasuraokaa_Site synosnmpcd[15015]: APISocket.cpp:27 No hiberation info get, assume not in hibernation
2024-10-09T04:29:03+08:00 Yasuraokaa_Site synosnmpcd[15015]: scemd_connector/scemd_connector.c:202 Scemd isn't ready, so cannot get scemd status.
2024-10-09T04:29:03+08:00 Yasuraokaa_Site synosnmpcd[15015]: APISocket.cpp:27 No hiberation info get, assume not in hibernation
2024-10-09T04:29:03+08:00 Yasuraokaa_Site synosnmpcd[15015]: sata_dev_port_check.c:16 Failed to get slot informtion of sata1
2024-10-09T04:29:03+08:00 Yasuraokaa_Site synosnmpcd[15015]: sata_dev_port_check.c:16 Failed to get slot informtion of sata1
2024-10-09T04:29:03+08:00 Yasuraokaa_Site synosnmpcd[15015]: sata_dev_port_check.c:16 Failed to get slot informtion of sata1
2024-10-09T04:29:03+08:00 Yasuraokaa_Site synosnmpcd[15015]: scemd_connector/scemd_connector.c:202 Scemd isn't ready, so cannot get scemd status.
2024-10-09T04:29:03+08:00 Yasuraokaa_Site synosnmpcd[15015]: APISocket.cpp:27 No hiberation info get, assume not in hibernation
2024-10-09T04:29:03+08:00 Yasuraokaa_Site synosnmpcd[15015]: scemd_connector/scemd_connector.c:202 Scemd isn't ready, so cannot get scemd status.
2024-10-09T04:29:03+08:00 Yasuraokaa_Site synosnmpcd[15015]: APISocket.cpp:27 No hiberation info get, assume not in hibernation
2024-10-09T04:29:03+08:00 Yasuraokaa_Site synosnmpcd[15015]: scemd_connector/scemd_connector.c:202 Scemd isn't ready, so cannot get scemd status.
2024-10-09T04:29:03+08:00 Yasuraokaa_Site synosnmpcd[15015]: APISocket.cpp:27 No hiberation info get, assume not in hibernation
2024-10-09T04:29:13+08:00 Yasuraokaa_Site synosnmpcd[15015]: scemd_connector/scemd_connector.c:202 Scemd isn't ready, so cannot get scemd status.
2024-10-09T04:29:13+08:00 Yasuraokaa_Site synosnmpcd[15015]: APISocket.cpp:27 No hiberation info get, assume not in hibernation
2024-10-09T04:29:13+08:00 Yasuraokaa_Site synosnmpcd[15015]: sata_dev_port_check.c:16 Failed to get slot informtion of sata1
2024-10-09T04:29:13+08:00 Yasuraokaa_Site synosnmpcd[15015]: sata_dev_port_check.c:16 Failed to get slot informtion of sata1
2024-10-09T04:29:13+08:00 Yasuraokaa_Site synosnmpcd[15015]: sata_dev_port_check.c:16 Failed to get slot informtion of sata1
2024-10-09T04:29:13+08:00 Yasuraokaa_Site synosnmpcd[15015]: scemd_connector/scemd_connector.c:202 Scemd isn't ready, so cannot get scemd status.
2024-10-09T04:29:13+08:00 Yasuraokaa_Site synosnmpcd[15015]: APISocket.cpp:27 No hiberation info get, assume not in hibernation
2024-10-09T04:29:13+08:00 Yasuraokaa_Site synosnmpcd[15015]: scemd_connector/scemd_connector.c:202 Scemd isn't ready, so cannot get scemd status.
2024-10-09T04:29:13+08:00 Yasuraokaa_Site synosnmpcd[15015]: APISocket.cpp:27 No hiberation info get, assume not in hibernation
2024-10-09T04:29:13+08:00 Yasuraokaa_Site synosnmpcd[15015]: scemd_connector/scemd_connector.c:202 Scemd isn't ready, so cannot get scemd status.
2024-10-09T04:29:13+08:00 Yasuraokaa_Site synosnmpcd[15015]: APISocket.cpp:27 No hiberation info get, assume not in hibernation
2024-10-09T04:29:15+08:00 Yasuraokaa_Site synosnmpcd[15015]: db_handler_class.cpp:1544 Already run in [current] mode, skip
2024-10-09T04:33:33+08:00 Yasuraokaa_Site synosnmpcd[15144]: db_handler_class.cpp:1577 Shouldn't get into history mode, skip.
2024-10-09T04:33:33+08:00 Yasuraokaa_Site synosnmpcd[15144]: scemd_connector/scemd_connector.c:202 Scemd isn't ready, so cannot get scemd status.
2024-10-09T04:33:33+08:00 Yasuraokaa_Site synosnmpcd[15144]: APISocket.cpp:27 No hiberation info get, assume not in hibernation
2024-11-05T00:51:07+08:00 Yasuraokaa_Site synosnmpcd[15144]: db_handler_class.cpp:1427 /var/lib/resource-monitor/synosnmp.sqlite does not exists
2024-11-05T00:51:07+08:00 Yasuraokaa_Site synosnmpcd[15144]: db_handler_class.cpp:1392 DB link /var/lib/resource-monitor/synosnmp.sqlite does not exist or not usable, delete to reset it
2024-11-05T00:51:07+08:00 Yasuraokaa_Site synosnmpcd[15144]: db_handler_class.cpp:668 volume [/volume1]
2024-11-05T00:51:07+08:00 Yasuraokaa_Site synosnmpcd[15144]: db_handler_class.cpp:674 check [/volume1/@resource-monitor/synosnmp.sqlite]
2024-11-05T00:51:07+08:00 Yasuraokaa_Site synosnmpcd[15144]: db_handler_class.cpp:689 File [/volume1/@resource-monitor/synosnmp.sqlite] does not exist
2024-11-05T00:51:07+08:00 Yasuraokaa_Site synosnmpcd[15144]: db_handler_class.cpp:668 volume [/volume2]
2024-11-05T00:51:07+08:00 Yasuraokaa_Site synosnmpcd[15144]: db_handler_class.cpp:674 check [/volume2/@resource-monitor/synosnmp.sqlite]
2024-11-05T00:51:07+08:00 Yasuraokaa_Site synosnmpcd[15144]: db_handler_class.cpp:689 File [/volume2/@resource-monitor/synosnmp.sqlite] does not exist
2024-11-05T00:51:07+08:00 Yasuraokaa_Site synosnmpcd[15144]: db_handler_class.cpp:668 volume [/volume3]
2024-11-05T00:51:07+08:00 Yasuraokaa_Site synosnmpcd[15144]: db_handler_class.cpp:674 check [/volume3/@resource-monitor/synosnmp.sqlite]
2024-11-05T00:51:07+08:00 Yasuraokaa_Site synosnmpcd[15144]: db_handler_class.cpp:689 File [/volume3/@resource-monitor/synosnmp.sqlite] does not exist
2024-11-05T00:51:07+08:00 Yasuraokaa_Site synosnmpcd[15144]: db_handler_class.cpp:668 volume [/volume4]
2024-11-05T00:51:07+08:00 Yasuraokaa_Site synosnmpcd[15144]: db_handler_class.cpp:674 check [/volume4/@resource-monitor/synosnmp.sqlite]
2024-11-05T00:51:07+08:00 Yasuraokaa_Site synosnmpcd[15144]: db_handler_class.cpp:689 File [/volume4/@resource-monitor/synosnmp.sqlite] does not exist
2024-11-05T00:51:07+08:00 Yasuraokaa_Site synosnmpcd[15144]: db_handler_class.cpp:668 volume [/volume5]
2024-11-05T00:51:07+08:00 Yasuraokaa_Site synosnmpcd[15144]: db_handler_class.cpp:674 check [/volume5/@resource-monitor/synosnmp.sqlite]
2024-11-05T00:51:07+08:00 Yasuraokaa_Site synosnmpcd[15144]: db_handler_class.cpp:689 File [/volume5/@resource-monitor/synosnmp.sqlite] does not exist
2024-11-05T00:51:07+08:00 Yasuraokaa_Site synosnmpcd[15144]: db_handler_class.cpp:354 Start to move DB to volume: [/volume1]
2024-11-05T00:51:07+08:00 Yasuraokaa_Site synosnmpcd[15144]: db_handler_class.cpp:374 Complete to move DB to volume: [/volume1]
2024-11-05T00:53:25+08:00 Yasuraokaa_Site synosnmpcd[15144]: scemd_connector/scemd_connector.c:202 Scemd isn't ready, so cannot get scemd status.
2024-11-05T00:53:25+08:00 Yasuraokaa_Site synosnmpcd[15144]: APISocket.cpp:27 No hiberation info get, assume not in hibernation
2024-11-05T00:53:25+08:00 Yasuraokaa_Site synosnmpcd[15144]: sata_dev_port_check.c:16 Failed to get slot informtion of sata1
2024-11-05T00:53:25+08:00 Yasuraokaa_Site synosnmpcd[15144]: sata_dev_port_check.c:16 Failed to get slot informtion of sata1
2024-11-05T00:53:25+08:00 Yasuraokaa_Site synosnmpcd[15144]: sata_dev_port_check.c:16 Failed to get slot informtion of sata1
2024-11-05T00:53:25+08:00 Yasuraokaa_Site synosnmpcd[15144]: scemd_connector/scemd_connector.c:202 Scemd isn't ready, so cannot get scemd status.
2024-11-05T00:53:25+08:00 Yasuraokaa_Site synosnmpcd[15144]: APISocket.cpp:27 No hiberation info get, assume not in hibernation
2024-11-05T00:53:25+08:00 Yasuraokaa_Site synosnmpcd[15144]: scemd_connector/scemd_connector.c:202 Scemd isn't ready, so cannot get scemd status.
2024-11-05T00:53:25+08:00 Yasuraokaa_Site synosnmpcd[15144]: APISocket.cpp:27 No hiberation info get, assume not in hibernation
2024-11-05T00:53:25+08:00 Yasuraokaa_Site synosnmpcd[15144]: scemd_connector/scemd_connector.c:202 Scemd isn't ready, so cannot get scemd status.
2024-11-05T00:53:25+08:00 Yasuraokaa_Site synosnmpcd[15144]: APISocket.cpp:27 No hiberation info get, assume not in hibernation
2024-11-05T00:53:35+08:00 Yasuraokaa_Site synosnmpcd[15144]: scemd_connector/scemd_connector.c:202 Scemd isn't ready, so cannot get scemd status.
2024-11-05T00:53:35+08:00 Yasuraokaa_Site synosnmpcd[15144]: APISocket.cpp:27 No hiberation info get, assume not in hibernation
2024-11-05T00:53:35+08:00 Yasuraokaa_Site synosnmpcd[15144]: sata_dev_port_check.c:16 Failed to get slot informtion of sata1
2024-11-05T00:53:35+08:00 Yasuraokaa_Site synosnmpcd[15144]: sata_dev_port_check.c:16 Failed to get slot informtion of sata1
2024-11-05T00:53:35+08:00 Yasuraokaa_Site synosnmpcd[15144]: sata_dev_port_check.c:16 Failed to get slot informtion of sata1
2024-11-05T00:53:35+08:00 Yasuraokaa_Site synosnmpcd[15144]: scemd_connector/scemd_connector.c:202 Scemd isn't ready, so cannot get scemd status.
2024-11-05T00:53:35+08:00 Yasuraokaa_Site synosnmpcd[15144]: APISocket.cpp:27 No hiberation info get, assume not in hibernation
2024-11-05T00:53:35+08:00 Yasuraokaa_Site synosnmpcd[15144]: scemd_connector/scemd_connector.c:202 Scemd isn't ready, so cannot get scemd status.
2024-11-05T00:53:35+08:00 Yasuraokaa_Site synosnmpcd[15144]: APISocket.cpp:27 No hiberation info get, assume not in hibernation
2024-11-05T00:53:35+08:00 Yasuraokaa_Site synosnmpcd[15144]: scemd_connector/scemd_connector.c:202 Scemd isn't ready, so cannot get scemd status.
2024-11-05T00:53:35+08:00 Yasuraokaa_Site synosnmpcd[15144]: APISocket.cpp:27 No hiberation info get, assume not in hibernation
2024-11-05T00:53:45+08:00 Yasuraokaa_Site synosnmpcd[15144]: scemd_connector/scemd_connector.c:202 Scemd isn't ready, so cannot get scemd status.
2024-11-05T00:53:45+08:00 Yasuraokaa_Site synosnmpcd[15144]: APISocket.cpp:27 No hiberation info get, assume not in hibernation
2024-11-05T00:53:45+08:00 Yasuraokaa_Site synosnmpcd[15144]: sata_dev_port_check.c:16 Failed to get slot informtion of sata1
2024-11-05T00:53:45+08:00 Yasuraokaa_Site synosnmpcd[15144]: sata_dev_port_check.c:16 Failed to get slot informtion of sata1
2024-11-05T00:53:45+08:00 Yasuraokaa_Site synosnmpcd[15144]: sata_dev_port_check.c:16 Failed to get slot informtion of sata1
2024-11-05T00:53:45+08:00 Yasuraokaa_Site synosnmpcd[15144]: scemd_connector/scemd_connector.c:202 Scemd isn't ready, so cannot get scemd status.
2024-11-05T00:53:45+08:00 Yasuraokaa_Site synosnmpcd[15144]: APISocket.cpp:27 No hiberation info get, assume not in hibernation
2024-11-05T00:53:45+08:00 Yasuraokaa_Site synosnmpcd[15144]: scemd_connector/scemd_connector.c:202 Scemd isn't ready, so cannot get scemd status.
2024-11-05T00:53:45+08:00 Yasuraokaa_Site synosnmpcd[15144]: APISocket.cpp:27 No hiberation info get, assume not in hibernation
2024-11-05T00:53:45+08:00 Yasuraokaa_Site synosnmpcd[15144]: scemd_connector/scemd_connector.c:202 Scemd isn't ready, so cannot get scemd status.
2024-11-05T00:53:45+08:00 Yasuraokaa_Site synosnmpcd[15144]: APISocket.cpp:27 No hiberation info get, assume not in hibernation
2024-11-05T00:53:50+08:00 Yasuraokaa_Site synosnmpcd[15144]: db_handler_class.cpp:394 Flush the data into DB [1730739120, 1730739210]
2024-11-05T00:53:50+08:00 Yasuraokaa_Site synosnmpcd[15144]: db_handler_class.cpp:396 The number of the record [4]
2024-11-05T07:06:40+08:00 Yasuraokaa_Site synosnmpcd[15230]: db_handler_class.cpp:1431 /var/lib/resource-monitor/synosnmp.sqlite exists
2024-11-05T07:06:40+08:00 Yasuraokaa_Site synosnmpcd[15230]: db_handler_class.cpp:1438 /var/lib/resource-monitor/synosnmp.sqlite is symlink
2024-11-05T07:06:40+08:00 Yasuraokaa_Site synosnmpcd[15230]: db_handler_class.cpp:1449 /volume1/@resource-monitor/synosnmp.sqlite exists
2024-11-05T07:06:40+08:00 Yasuraokaa_Site synosnmpcd[15230]: db_handler_class.cpp:1459 /var/lib/resource-monitor/synosnmp.sqlite is on RW volume
2024-11-05T07:06:40+08:00 Yasuraokaa_Site synosnmpcd[15230]: scemd_connector/scemd_connector.c:202 Scemd isn't ready, so cannot get scemd status.
2024-11-05T07:06:40+08:00 Yasuraokaa_Site synosnmpcd[15230]: APISocket.cpp:27 No hiberation info get, assume not in hibernation
