2024-09-08T17:16:53-07:00 SynologyNAS synostgreclaim[10733]: schedmulti_filesystem.cpp:161 Failed to write [203] bytes to [/etc/cron.d/synosched.spacereclaim.task.task]
2024-09-08T17:16:53-07:00 SynologyNAS synostgreclaim[10733]: schedmulti_task.cpp:221 Failed to save task to file [/etc/cron.d/synosched.spacereclaim.task.task][spacereclaim.task]
2024-09-10T07:08:55+08:00 Synology_NAS synostgreclaim[10645]: schedmulti_task.cpp:237 [Action][Create][spacereclaim.task]
2024-09-11T20:05:39+08:00 Synology_NAS synostgreclaim[10380]: schedmulti_task.cpp:235 [Action][Edit][spacereclaim.task]
2024-09-12T00:30:28+08:00 Synology_NAS synostgreclaim[12309]: schedmulti_task.cpp:235 [Action][Edit][spacereclaim.task]
2024-09-14T23:16:56+08:00 Synology_NAS synostgreclaim[13484]: schedmulti_task.cpp:235 [Action][Edit][spacereclaim.task]
2024-09-15T01:14:20+08:00 Synology_NAS synostgreclaim[13518]: schedmulti_task.cpp:235 [Action][Edit][spacereclaim.task]
2024-09-15T01:22:07+08:00 Synology_NAS synostgreclaim[13543]: schedmulti_task.cpp:235 [Action][Edit][spacereclaim.task]
2024-09-15T01:31:02+08:00 Synology_NAS synostgreclaim[13780]: schedmulti_task.cpp:235 [Action][Edit][spacereclaim.task]
2024-09-15T05:06:16+08:00 Synology_NAS synostgreclaim[11436]: schedmulti_task.cpp:235 [Action][Edit][spacereclaim.task]
2024-09-15T05:15:20+08:00 Synology_NAS synostgreclaim[13572]: schedmulti_task.cpp:235 [Action][Edit][spacereclaim.task]
2024-09-16T05:39:44+08:00 Synology_NAS synostgreclaim[13550]: schedmulti_task.cpp:235 [Action][Edit][spacereclaim.task]
2024-09-16T19:33:05+08:00 Synology_NAS synostgreclaim[13534]: schedmulti_task.cpp:235 [Action][Edit][spacereclaim.task]
2024-09-17T04:58:46+08:00 Synology_NAS synostgreclaim[13624]: schedmulti_task.cpp:235 [Action][Edit][spacereclaim.task]
2024-09-17T05:50:55+08:00 Synology_NAS synostgreclaim[13563]: schedmulti_task.cpp:235 [Action][Edit][spacereclaim.task]
2024-09-17T10:46:09+08:00 Synology_NAS synostgreclaim[13544]: schedmulti_task.cpp:235 [Action][Edit][spacereclaim.task]
2024-09-20T07:51:27+08:00 Synology_NAS synostgreclaim[13654]: schedmulti_task.cpp:235 [Action][Edit][spacereclaim.task]
2024-09-20T11:34:48+08:00 Synology_NAS synostgreclaim[14210]: schedmulti_task.cpp:235 [Action][Edit][spacereclaim.task]
2024-09-20T11:41:24+08:00 Synology_NAS synoscgi_SYNO.Storage.CGI.Storage_1_set_schedule_plan[23235]: schedmulti_task.cpp:237 [Action][Create][datascrubbing.task]
2024-09-20T12:00:01+08:00 Synology_NAS CROND[28200]: do_command.c:197 /usr/syno/bin/synoschedmultirun datascrubbing.task
2024-09-20T12:00:01+08:00 Synology_NAS synoschedmultirun[28200]: schedmulti_task_run.cpp:142 [Action][Run][datascrubbing.task]
2024-09-20T12:00:01+08:00 Synology_NAS synoschedmultirun[28200]: schedmulti_task_run.cpp:160 [Action][Ran][datascrubbing.task][0]
2024-09-20T13:00:01+08:00 Synology_NAS CROND[30650]: do_command.c:197 /usr/syno/bin/synoschedmultirun datascrubbing.task
2024-09-20T13:00:01+08:00 Synology_NAS synoschedmultirun[30650]: schedmulti_task_run.cpp:142 [Action][Run][datascrubbing.task]
2024-09-20T13:00:01+08:00 Synology_NAS synoschedmultirun[30650]: schedmulti_task_run.cpp:160 [Action][Ran][datascrubbing.task][0]
2024-09-20T14:00:01+08:00 Synology_NAS CROND[338]: do_command.c:197 /usr/syno/bin/synoschedmultirun datascrubbing.task
2024-09-20T14:00:01+08:00 Synology_NAS synoschedmultirun[338]: schedmulti_task_run.cpp:142 [Action][Run][datascrubbing.task]
2024-09-20T14:00:01+08:00 Synology_NAS synoschedmultirun[338]: schedmulti_task_run.cpp:160 [Action][Ran][datascrubbing.task][0]
2024-09-20T15:00:01+08:00 Synology_NAS CROND[2566]: do_command.c:197 /usr/syno/bin/synoschedmultirun datascrubbing.task
2024-09-20T15:00:01+08:00 Synology_NAS synoschedmultirun[2566]: schedmulti_task_run.cpp:142 [Action][Run][datascrubbing.task]
2024-09-20T15:00:01+08:00 Synology_NAS synoschedmultirun[2566]: schedmulti_task_run.cpp:160 [Action][Ran][datascrubbing.task][0]
2024-09-20T16:00:01+08:00 Synology_NAS CROND[4999]: do_command.c:197 /usr/syno/bin/synoschedmultirun datascrubbing.task
2024-09-20T16:00:01+08:00 Synology_NAS synoschedmultirun[4999]: schedmulti_task_run.cpp:142 [Action][Run][datascrubbing.task]
2024-09-20T16:00:01+08:00 Synology_NAS synoschedmultirun[4999]: schedmulti_task_run.cpp:160 [Action][Ran][datascrubbing.task][0]
2024-09-20T17:00:01+08:00 Synology_NAS CROND[7329]: do_command.c:197 /usr/syno/bin/synoschedmultirun datascrubbing.task
2024-09-20T17:00:01+08:00 Synology_NAS synoschedmultirun[7329]: schedmulti_task_run.cpp:142 [Action][Run][datascrubbing.task]
2024-09-20T17:00:01+08:00 Synology_NAS synoschedmultirun[7329]: schedmulti_task_run.cpp:160 [Action][Ran][datascrubbing.task][0]
2024-09-20T18:00:01+08:00 Synology_NAS CROND[9481]: do_command.c:197 /usr/syno/bin/synoschedmultirun datascrubbing.task
2024-09-20T18:00:01+08:00 Synology_NAS synoschedmultirun[9481]: schedmulti_task_run.cpp:142 [Action][Run][datascrubbing.task]
2024-09-20T18:00:01+08:00 Synology_NAS synoschedmultirun[9481]: schedmulti_task_run.cpp:160 [Action][Ran][datascrubbing.task][0]
2024-09-20T19:00:01+08:00 Synology_NAS CROND[11642]: do_command.c:197 /usr/syno/bin/synoschedmultirun datascrubbing.task
2024-09-20T19:00:01+08:00 Synology_NAS synoschedmultirun[11642]: schedmulti_task_run.cpp:142 [Action][Run][datascrubbing.task]
2024-09-20T19:00:01+08:00 Synology_NAS synoschedmultirun[11642]: schedmulti_task_run.cpp:160 [Action][Ran][datascrubbing.task][0]
2024-09-20T20:00:01+08:00 Synology_NAS CROND[13879]: do_command.c:197 /usr/syno/bin/synoschedmultirun datascrubbing.task
2024-09-20T20:00:01+08:00 Synology_NAS synoschedmultirun[13879]: schedmulti_task_run.cpp:142 [Action][Run][datascrubbing.task]
2024-09-20T20:00:01+08:00 Synology_NAS synoschedmultirun[13879]: schedmulti_task_run.cpp:160 [Action][Ran][datascrubbing.task][0]
2024-09-20T21:00:01+08:00 Synology_NAS CROND[16453]: do_command.c:197 /usr/syno/bin/synoschedmultirun datascrubbing.task
2024-09-20T21:00:01+08:00 Synology_NAS synoschedmultirun[16453]: schedmulti_task_run.cpp:142 [Action][Run][datascrubbing.task]
2024-09-20T21:00:01+08:00 Synology_NAS synoschedmultirun[16453]: schedmulti_task_run.cpp:160 [Action][Ran][datascrubbing.task][0]
2024-09-20T22:00:01+08:00 Synology_NAS CROND[19257]: do_command.c:197 /usr/syno/bin/synoschedmultirun datascrubbing.task
2024-09-20T22:00:01+08:00 Synology_NAS synoschedmultirun[19257]: schedmulti_task_run.cpp:142 [Action][Run][datascrubbing.task]
2024-09-20T22:00:01+08:00 Synology_NAS synoschedmultirun[19257]: schedmulti_task_run.cpp:160 [Action][Ran][datascrubbing.task][0]
2024-09-20T23:00:01+08:00 Synology_NAS CROND[22108]: do_command.c:197 /usr/syno/bin/synoschedmultirun datascrubbing.task
2024-09-20T23:00:01+08:00 Synology_NAS synoschedmultirun[22108]: schedmulti_task_run.cpp:142 [Action][Run][datascrubbing.task]
2024-09-20T23:00:01+08:00 Synology_NAS synoschedmultirun[22108]: schedmulti_task_run.cpp:160 [Action][Ran][datascrubbing.task][0]
2024-09-23T04:00:01+08:00 Synology_NAS CROND[18300]: do_command.c:197 /usr/syno/bin/synoschedmultirun datascrubbing.task
2024-09-23T04:00:01+08:00 Synology_NAS synoschedmultirun[18300]: schedmulti_task_run.cpp:142 [Action][Run][datascrubbing.task]
2024-09-23T04:00:01+08:00 Synology_NAS synoschedmultirun[18300]: schedmulti_task_run.cpp:160 [Action][Ran][datascrubbing.task][0]
2024-09-23T05:00:01+08:00 Synology_NAS CROND[20518]: do_command.c:197 /usr/syno/bin/synoschedmultirun datascrubbing.task
2024-09-23T05:00:01+08:00 Synology_NAS synoschedmultirun[20518]: schedmulti_task_run.cpp:142 [Action][Run][datascrubbing.task]
2024-09-23T05:00:01+08:00 Synology_NAS synoschedmultirun[20518]: schedmulti_task_run.cpp:160 [Action][Ran][datascrubbing.task][0]
2024-09-23T06:00:01+08:00 Synology_NAS CROND[22942]: do_command.c:197 /usr/syno/bin/synoschedmultirun datascrubbing.task
2024-09-23T06:00:01+08:00 Synology_NAS synoschedmultirun[22942]: schedmulti_task_run.cpp:142 [Action][Run][datascrubbing.task]
2024-09-23T06:00:01+08:00 Synology_NAS synoschedmultirun[22942]: schedmulti_task_run.cpp:160 [Action][Ran][datascrubbing.task][0]
2024-09-23T07:00:01+08:00 Synology_NAS CROND[25421]: do_command.c:197 /usr/syno/bin/synoschedmultirun datascrubbing.task
2024-09-23T07:00:01+08:00 Synology_NAS synoschedmultirun[25421]: schedmulti_task_run.cpp:142 [Action][Run][datascrubbing.task]
2024-09-23T07:00:01+08:00 Synology_NAS synoschedmultirun[25421]: schedmulti_task_run.cpp:160 [Action][Ran][datascrubbing.task][0]
2024-09-23T08:00:01+08:00 Synology_NAS CROND[27620]: do_command.c:197 /usr/syno/bin/synoschedmultirun datascrubbing.task
2024-09-23T08:00:01+08:00 Synology_NAS synoschedmultirun[27620]: schedmulti_task_run.cpp:142 [Action][Run][datascrubbing.task]
2024-09-23T08:00:01+08:00 Synology_NAS synoschedmultirun[27620]: schedmulti_task_run.cpp:160 [Action][Ran][datascrubbing.task][0]
2024-09-23T09:00:01+08:00 Synology_NAS CROND[29801]: do_command.c:197 /usr/syno/bin/synoschedmultirun datascrubbing.task
2024-09-23T09:00:01+08:00 Synology_NAS synoschedmultirun[29801]: schedmulti_task_run.cpp:142 [Action][Run][datascrubbing.task]
2024-09-23T09:00:01+08:00 Synology_NAS synoschedmultirun[29801]: schedmulti_task_run.cpp:160 [Action][Ran][datascrubbing.task][0]
2024-09-23T10:00:01+08:00 Synology_NAS CROND[32339]: do_command.c:197 /usr/syno/bin/synoschedmultirun datascrubbing.task
2024-09-23T10:00:01+08:00 Synology_NAS synoschedmultirun[32339]: schedmulti_task_run.cpp:142 [Action][Run][datascrubbing.task]
2024-09-23T10:00:01+08:00 Synology_NAS synoschedmultirun[32339]: schedmulti_task_run.cpp:160 [Action][Ran][datascrubbing.task][0]
2024-09-23T11:00:01+08:00 Synology_NAS CROND[2289]: do_command.c:197 /usr/syno/bin/synoschedmultirun datascrubbing.task
2024-09-23T11:00:01+08:00 Synology_NAS synoschedmultirun[2289]: schedmulti_task_run.cpp:142 [Action][Run][datascrubbing.task]
2024-09-23T11:00:01+08:00 Synology_NAS synoschedmultirun[2289]: schedmulti_task_run.cpp:160 [Action][Ran][datascrubbing.task][0]
2024-09-23T12:00:01+08:00 Synology_NAS CROND[4462]: do_command.c:197 /usr/syno/bin/synoschedmultirun datascrubbing.task
2024-09-23T12:00:01+08:00 Synology_NAS synoschedmultirun[4462]: schedmulti_task_run.cpp:142 [Action][Run][datascrubbing.task]
2024-09-23T12:00:01+08:00 Synology_NAS synoschedmultirun[4462]: schedmulti_task_run.cpp:160 [Action][Ran][datascrubbing.task][0]
2024-09-23T13:00:01+08:00 Synology_NAS CROND[6869]: do_command.c:197 /usr/syno/bin/synoschedmultirun datascrubbing.task
2024-09-23T13:00:01+08:00 Synology_NAS synoschedmultirun[6869]: schedmulti_task_run.cpp:142 [Action][Run][datascrubbing.task]
2024-09-23T13:00:01+08:00 Synology_NAS synoschedmultirun[6869]: schedmulti_task_run.cpp:160 [Action][Ran][datascrubbing.task][0]
2024-09-23T14:00:01+08:00 Synology_NAS CROND[9095]: do_command.c:197 /usr/syno/bin/synoschedmultirun datascrubbing.task
2024-09-23T14:00:01+08:00 Synology_NAS synoschedmultirun[9095]: schedmulti_task_run.cpp:142 [Action][Run][datascrubbing.task]
2024-09-23T14:00:01+08:00 Synology_NAS synoschedmultirun[9095]: schedmulti_task_run.cpp:160 [Action][Ran][datascrubbing.task][0]
2024-09-23T15:00:01+08:00 Synology_NAS CROND[11418]: do_command.c:197 /usr/syno/bin/synoschedmultirun datascrubbing.task
2024-09-23T15:00:01+08:00 Synology_NAS synoschedmultirun[11418]: schedmulti_task_run.cpp:142 [Action][Run][datascrubbing.task]
2024-09-23T15:00:01+08:00 Synology_NAS synoschedmultirun[11418]: schedmulti_task_run.cpp:160 [Action][Ran][datascrubbing.task][0]
2024-09-23T16:00:01+08:00 Synology_NAS CROND[13805]: do_command.c:197 /usr/syno/bin/synoschedmultirun datascrubbing.task
2024-09-23T16:00:01+08:00 Synology_NAS synoschedmultirun[13805]: schedmulti_task_run.cpp:142 [Action][Run][datascrubbing.task]
2024-09-23T16:00:01+08:00 Synology_NAS synoschedmultirun[13805]: schedmulti_task_run.cpp:160 [Action][Ran][datascrubbing.task][0]
2024-09-23T17:00:01+08:00 Synology_NAS CROND[16137]: do_command.c:197 /usr/syno/bin/synoschedmultirun datascrubbing.task
2024-09-23T17:00:01+08:00 Synology_NAS synoschedmultirun[16137]: schedmulti_task_run.cpp:142 [Action][Run][datascrubbing.task]
2024-09-23T17:00:01+08:00 Synology_NAS synoschedmultirun[16137]: schedmulti_task_run.cpp:160 [Action][Ran][datascrubbing.task][0]
2024-09-23T18:00:01+08:00 Synology_NAS CROND[18519]: do_command.c:197 /usr/syno/bin/synoschedmultirun datascrubbing.task
2024-09-23T18:00:01+08:00 Synology_NAS synoschedmultirun[18519]: schedmulti_task_run.cpp:142 [Action][Run][datascrubbing.task]
2024-09-23T18:00:01+08:00 Synology_NAS synoschedmultirun[18519]: schedmulti_task_run.cpp:160 [Action][Ran][datascrubbing.task][0]
2024-09-23T19:00:01+08:00 Synology_NAS CROND[20767]: do_command.c:197 /usr/syno/bin/synoschedmultirun datascrubbing.task
2024-09-23T19:00:01+08:00 Synology_NAS synoschedmultirun[20767]: schedmulti_task_run.cpp:142 [Action][Run][datascrubbing.task]
2024-09-23T19:00:01+08:00 Synology_NAS synoschedmultirun[20767]: schedmulti_task_run.cpp:160 [Action][Ran][datascrubbing.task][0]
2024-09-23T20:00:01+08:00 Synology_NAS CROND[23113]: do_command.c:197 /usr/syno/bin/synoschedmultirun datascrubbing.task
2024-09-23T20:00:01+08:00 Synology_NAS synoschedmultirun[23113]: schedmulti_task_run.cpp:142 [Action][Run][datascrubbing.task]
2024-09-23T20:00:01+08:00 Synology_NAS synoschedmultirun[23113]: schedmulti_task_run.cpp:160 [Action][Ran][datascrubbing.task][0]
2024-09-23T21:00:01+08:00 Synology_NAS CROND[25339]: do_command.c:197 /usr/syno/bin/synoschedmultirun datascrubbing.task
2024-09-23T21:00:01+08:00 Synology_NAS synoschedmultirun[25339]: schedmulti_task_run.cpp:142 [Action][Run][datascrubbing.task]
2024-09-23T21:00:01+08:00 Synology_NAS synoschedmultirun[25339]: schedmulti_task_run.cpp:160 [Action][Ran][datascrubbing.task][0]
2024-09-23T22:00:01+08:00 Synology_NAS CROND[27611]: do_command.c:197 /usr/syno/bin/synoschedmultirun datascrubbing.task
2024-09-23T22:00:01+08:00 Synology_NAS synoschedmultirun[27611]: schedmulti_task_run.cpp:142 [Action][Run][datascrubbing.task]
2024-09-23T22:00:01+08:00 Synology_NAS synoschedmultirun[27611]: schedmulti_task_run.cpp:160 [Action][Ran][datascrubbing.task][0]
2024-09-23T23:00:01+08:00 Synology_NAS CROND[29946]: do_command.c:197 /usr/syno/bin/synoschedmultirun datascrubbing.task
2024-09-23T23:00:01+08:00 Synology_NAS synoschedmultirun[29946]: schedmulti_task_run.cpp:142 [Action][Run][datascrubbing.task]
2024-09-23T23:00:01+08:00 Synology_NAS synoschedmultirun[29946]: schedmulti_task_run.cpp:160 [Action][Ran][datascrubbing.task][0]
2024-09-24T04:00:01+08:00 Synology_NAS CROND[18220]: do_command.c:197 /usr/syno/bin/synoschedmultirun datascrubbing.task
2024-09-24T04:00:01+08:00 Synology_NAS synoschedmultirun[18220]: schedmulti_task_run.cpp:142 [Action][Run][datascrubbing.task]
2024-09-24T04:00:01+08:00 Synology_NAS synoschedmultirun[18220]: schedmulti_task_run.cpp:160 [Action][Ran][datascrubbing.task][0]
2024-09-24T05:00:01+08:00 Synology_NAS CROND[22911]: do_command.c:197 /usr/syno/bin/synoschedmultirun datascrubbing.task
2024-09-24T05:00:01+08:00 Synology_NAS synoschedmultirun[22911]: schedmulti_task_run.cpp:142 [Action][Run][datascrubbing.task]
2024-09-24T05:00:01+08:00 Synology_NAS synoschedmultirun[22911]: schedmulti_task_run.cpp:160 [Action][Ran][datascrubbing.task][0]
2024-09-24T06:00:01+08:00 Synology_NAS CROND[27721]: do_command.c:197 /usr/syno/bin/synoschedmultirun datascrubbing.task
2024-09-24T06:00:01+08:00 Synology_NAS synoschedmultirun[27721]: schedmulti_task_run.cpp:142 [Action][Run][datascrubbing.task]
2024-09-24T06:00:01+08:00 Synology_NAS synoschedmultirun[27721]: schedmulti_task_run.cpp:160 [Action][Ran][datascrubbing.task][0]
2024-09-24T07:00:01+08:00 Synology_NAS CROND[32107]: do_command.c:197 /usr/syno/bin/synoschedmultirun datascrubbing.task
2024-09-24T07:00:01+08:00 Synology_NAS synoschedmultirun[32107]: schedmulti_task_run.cpp:142 [Action][Run][datascrubbing.task]
2024-09-24T07:00:01+08:00 Synology_NAS synoschedmultirun[32107]: schedmulti_task_run.cpp:160 [Action][Ran][datascrubbing.task][0]
2024-09-24T08:00:01+08:00 Synology_NAS CROND[11381]: do_command.c:197 /usr/syno/bin/synoschedmultirun datascrubbing.task
2024-09-24T08:00:01+08:00 Synology_NAS synoschedmultirun[11381]: schedmulti_task_run.cpp:142 [Action][Run][datascrubbing.task]
2024-09-24T08:00:01+08:00 Synology_NAS synoschedmultirun[11381]: schedmulti_task_run.cpp:160 [Action][Ran][datascrubbing.task][0]
2024-09-24T09:00:01+08:00 Synology_NAS CROND[16822]: do_command.c:197 /usr/syno/bin/synoschedmultirun datascrubbing.task
2024-09-24T09:00:01+08:00 Synology_NAS synoschedmultirun[16822]: schedmulti_task_run.cpp:142 [Action][Run][datascrubbing.task]
2024-09-24T09:00:01+08:00 Synology_NAS synoschedmultirun[16822]: schedmulti_task_run.cpp:160 [Action][Ran][datascrubbing.task][0]
2024-09-24T10:00:01+08:00 Synology_NAS CROND[21495]: do_command.c:197 /usr/syno/bin/synoschedmultirun datascrubbing.task
2024-09-24T10:00:01+08:00 Synology_NAS synoschedmultirun[21495]: schedmulti_task_run.cpp:142 [Action][Run][datascrubbing.task]
2024-09-24T10:00:01+08:00 Synology_NAS synoschedmultirun[21495]: schedmulti_task_run.cpp:160 [Action][Ran][datascrubbing.task][0]
2024-09-24T11:00:01+08:00 Synology_NAS CROND[25889]: do_command.c:197 /usr/syno/bin/synoschedmultirun datascrubbing.task
2024-09-24T11:00:01+08:00 Synology_NAS synoschedmultirun[25889]: schedmulti_task_run.cpp:142 [Action][Run][datascrubbing.task]
2024-09-24T11:00:01+08:00 Synology_NAS synoschedmultirun[25889]: schedmulti_task_run.cpp:160 [Action][Ran][datascrubbing.task][0]
2024-09-24T12:00:01+08:00 Synology_NAS CROND[30390]: do_command.c:197 /usr/syno/bin/synoschedmultirun datascrubbing.task
2024-09-24T12:00:01+08:00 Synology_NAS synoschedmultirun[30390]: schedmulti_task_run.cpp:142 [Action][Run][datascrubbing.task]
2024-09-24T12:00:01+08:00 Synology_NAS synoschedmultirun[30390]: schedmulti_task_run.cpp:160 [Action][Ran][datascrubbing.task][0]
2024-09-24T13:00:01+08:00 Synology_NAS CROND[2650]: do_command.c:197 /usr/syno/bin/synoschedmultirun datascrubbing.task
2024-09-24T13:00:01+08:00 Synology_NAS synoschedmultirun[2650]: schedmulti_task_run.cpp:142 [Action][Run][datascrubbing.task]
2024-09-24T13:00:01+08:00 Synology_NAS synoschedmultirun[2650]: schedmulti_task_run.cpp:160 [Action][Ran][datascrubbing.task][0]
2024-09-24T14:00:01+08:00 Synology_NAS CROND[7254]: do_command.c:197 /usr/syno/bin/synoschedmultirun datascrubbing.task
2024-09-24T14:00:01+08:00 Synology_NAS synoschedmultirun[7254]: schedmulti_task_run.cpp:142 [Action][Run][datascrubbing.task]
2024-09-24T14:00:01+08:00 Synology_NAS synoschedmultirun[7254]: schedmulti_task_run.cpp:160 [Action][Ran][datascrubbing.task][0]
2024-09-24T15:00:01+08:00 Synology_NAS CROND[11976]: do_command.c:197 /usr/syno/bin/synoschedmultirun datascrubbing.task
2024-09-24T15:00:01+08:00 Synology_NAS synoschedmultirun[11976]: schedmulti_task_run.cpp:142 [Action][Run][datascrubbing.task]
2024-09-24T15:00:01+08:00 Synology_NAS synoschedmultirun[11976]: schedmulti_task_run.cpp:160 [Action][Ran][datascrubbing.task][0]
2024-09-24T16:00:01+08:00 Synology_NAS CROND[16581]: do_command.c:197 /usr/syno/bin/synoschedmultirun datascrubbing.task
2024-09-24T16:00:01+08:00 Synology_NAS synoschedmultirun[16581]: schedmulti_task_run.cpp:142 [Action][Run][datascrubbing.task]
2024-09-24T16:00:01+08:00 Synology_NAS synoschedmultirun[16581]: schedmulti_task_run.cpp:160 [Action][Ran][datascrubbing.task][0]
2024-09-24T17:00:01+08:00 Synology_NAS CROND[21375]: do_command.c:197 /usr/syno/bin/synoschedmultirun datascrubbing.task
2024-09-24T17:00:01+08:00 Synology_NAS synoschedmultirun[21375]: schedmulti_task_run.cpp:142 [Action][Run][datascrubbing.task]
2024-09-24T17:00:01+08:00 Synology_NAS synoschedmultirun[21375]: schedmulti_task_run.cpp:160 [Action][Ran][datascrubbing.task][0]
2024-09-24T18:00:01+08:00 Synology_NAS CROND[26256]: do_command.c:197 /usr/syno/bin/synoschedmultirun datascrubbing.task
2024-09-24T18:00:01+08:00 Synology_NAS synoschedmultirun[26256]: schedmulti_task_run.cpp:142 [Action][Run][datascrubbing.task]
2024-09-24T18:00:01+08:00 Synology_NAS synoschedmultirun[26256]: schedmulti_task_run.cpp:160 [Action][Ran][datascrubbing.task][0]
2024-09-24T19:00:01+08:00 Synology_NAS CROND[30916]: do_command.c:197 /usr/syno/bin/synoschedmultirun datascrubbing.task
2024-09-24T19:00:01+08:00 Synology_NAS synoschedmultirun[30916]: schedmulti_task_run.cpp:142 [Action][Run][datascrubbing.task]
2024-09-24T19:00:01+08:00 Synology_NAS synoschedmultirun[30916]: schedmulti_task_run.cpp:160 [Action][Ran][datascrubbing.task][0]
2024-09-24T20:00:01+08:00 Synology_NAS CROND[2861]: do_command.c:197 /usr/syno/bin/synoschedmultirun datascrubbing.task
2024-09-24T20:00:01+08:00 Synology_NAS synoschedmultirun[2861]: schedmulti_task_run.cpp:142 [Action][Run][datascrubbing.task]
2024-09-24T20:00:01+08:00 Synology_NAS synoschedmultirun[2861]: schedmulti_task_run.cpp:160 [Action][Ran][datascrubbing.task][0]
2024-09-24T21:00:01+08:00 Synology_NAS CROND[7599]: do_command.c:197 /usr/syno/bin/synoschedmultirun datascrubbing.task
2024-09-24T21:00:01+08:00 Synology_NAS synoschedmultirun[7599]: schedmulti_task_run.cpp:142 [Action][Run][datascrubbing.task]
2024-09-24T21:00:01+08:00 Synology_NAS synoschedmultirun[7599]: schedmulti_task_run.cpp:160 [Action][Ran][datascrubbing.task][0]
2024-09-24T22:00:01+08:00 Synology_NAS CROND[12589]: do_command.c:197 /usr/syno/bin/synoschedmultirun datascrubbing.task
2024-09-24T22:00:01+08:00 Synology_NAS synoschedmultirun[12589]: schedmulti_task_run.cpp:142 [Action][Run][datascrubbing.task]
2024-09-24T22:00:01+08:00 Synology_NAS synoschedmultirun[12589]: schedmulti_task_run.cpp:160 [Action][Ran][datascrubbing.task][0]
2024-09-24T23:00:01+08:00 Synology_NAS CROND[17294]: do_command.c:197 /usr/syno/bin/synoschedmultirun datascrubbing.task
2024-09-24T23:00:01+08:00 Synology_NAS synoschedmultirun[17294]: schedmulti_task_run.cpp:142 [Action][Run][datascrubbing.task]
2024-09-24T23:00:01+08:00 Synology_NAS synoschedmultirun[17294]: schedmulti_task_run.cpp:160 [Action][Ran][datascrubbing.task][0]
2024-09-25T04:00:01+08:00 Synology_NAS CROND[8519]: do_command.c:197 /usr/syno/bin/synoschedmultirun datascrubbing.task
2024-09-25T04:00:01+08:00 Synology_NAS synoschedmultirun[8519]: schedmulti_task_run.cpp:142 [Action][Run][datascrubbing.task]
2024-09-25T04:00:01+08:00 Synology_NAS synoschedmultirun[8519]: schedmulti_task_run.cpp:160 [Action][Ran][datascrubbing.task][0]
2024-09-25T05:00:01+08:00 Synology_NAS CROND[13212]: do_command.c:197 /usr/syno/bin/synoschedmultirun datascrubbing.task
2024-09-25T05:00:01+08:00 Synology_NAS synoschedmultirun[13212]: schedmulti_task_run.cpp:142 [Action][Run][datascrubbing.task]
2024-09-25T05:00:01+08:00 Synology_NAS synoschedmultirun[13212]: schedmulti_task_run.cpp:160 [Action][Ran][datascrubbing.task][0]
2024-09-25T06:00:01+08:00 Synology_NAS CROND[18066]: do_command.c:197 /usr/syno/bin/synoschedmultirun datascrubbing.task
2024-09-25T06:00:01+08:00 Synology_NAS synoschedmultirun[18066]: schedmulti_task_run.cpp:142 [Action][Run][datascrubbing.task]
2024-09-25T06:00:01+08:00 Synology_NAS synoschedmultirun[18066]: schedmulti_task_run.cpp:160 [Action][Ran][datascrubbing.task][0]
2024-09-25T07:00:01+08:00 Synology_NAS CROND[22603]: do_command.c:197 /usr/syno/bin/synoschedmultirun datascrubbing.task
2024-09-25T07:00:01+08:00 Synology_NAS synoschedmultirun[22603]: schedmulti_task_run.cpp:142 [Action][Run][datascrubbing.task]
2024-09-25T07:00:01+08:00 Synology_NAS synoschedmultirun[22603]: schedmulti_task_run.cpp:160 [Action][Ran][datascrubbing.task][0]
2024-09-25T08:00:01+08:00 Synology_NAS CROND[27209]: do_command.c:197 /usr/syno/bin/synoschedmultirun datascrubbing.task
2024-09-25T08:00:01+08:00 Synology_NAS synoschedmultirun[27209]: schedmulti_task_run.cpp:142 [Action][Run][datascrubbing.task]
2024-09-25T08:00:01+08:00 Synology_NAS synoschedmultirun[27209]: schedmulti_task_run.cpp:160 [Action][Ran][datascrubbing.task][0]
2024-09-25T09:00:01+08:00 Synology_NAS CROND[32211]: do_command.c:197 /usr/syno/bin/synoschedmultirun datascrubbing.task
2024-09-25T09:00:01+08:00 Synology_NAS synoschedmultirun[32211]: schedmulti_task_run.cpp:142 [Action][Run][datascrubbing.task]
2024-09-25T09:00:01+08:00 Synology_NAS synoschedmultirun[32211]: schedmulti_task_run.cpp:160 [Action][Ran][datascrubbing.task][0]
2024-09-25T10:00:01+08:00 Synology_NAS CROND[4782]: do_command.c:197 /usr/syno/bin/synoschedmultirun datascrubbing.task
2024-09-25T10:00:01+08:00 Synology_NAS synoschedmultirun[4782]: schedmulti_task_run.cpp:142 [Action][Run][datascrubbing.task]
2024-09-25T10:00:01+08:00 Synology_NAS synoschedmultirun[4782]: schedmulti_task_run.cpp:160 [Action][Ran][datascrubbing.task][0]
2024-09-25T11:00:01+08:00 Synology_NAS CROND[9166]: do_command.c:197 /usr/syno/bin/synoschedmultirun datascrubbing.task
2024-09-25T11:00:01+08:00 Synology_NAS synoschedmultirun[9166]: schedmulti_task_run.cpp:142 [Action][Run][datascrubbing.task]
2024-09-25T11:00:01+08:00 Synology_NAS synoschedmultirun[9166]: schedmulti_task_run.cpp:160 [Action][Ran][datascrubbing.task][0]
2024-09-25T12:00:01+08:00 Synology_NAS CROND[13932]: do_command.c:197 /usr/syno/bin/synoschedmultirun datascrubbing.task
2024-09-25T12:00:01+08:00 Synology_NAS synoschedmultirun[13932]: schedmulti_task_run.cpp:142 [Action][Run][datascrubbing.task]
2024-09-25T12:00:01+08:00 Synology_NAS synoschedmultirun[13932]: schedmulti_task_run.cpp:160 [Action][Ran][datascrubbing.task][0]
2024-09-25T13:00:01+08:00 Synology_NAS CROND[18750]: do_command.c:197 /usr/syno/bin/synoschedmultirun datascrubbing.task
2024-09-25T13:00:01+08:00 Synology_NAS synoschedmultirun[18750]: schedmulti_task_run.cpp:142 [Action][Run][datascrubbing.task]
2024-09-25T13:00:01+08:00 Synology_NAS synoschedmultirun[18750]: schedmulti_task_run.cpp:160 [Action][Ran][datascrubbing.task][0]
2024-09-25T14:00:01+08:00 Synology_NAS CROND[24302]: do_command.c:197 /usr/syno/bin/synoschedmultirun datascrubbing.task
2024-09-25T14:00:01+08:00 Synology_NAS synoschedmultirun[24302]: schedmulti_task_run.cpp:142 [Action][Run][datascrubbing.task]
2024-09-25T14:00:01+08:00 Synology_NAS synoschedmultirun[24302]: schedmulti_task_run.cpp:160 [Action][Ran][datascrubbing.task][0]
2024-09-25T15:00:01+08:00 Synology_NAS CROND[8991]: do_command.c:197 /usr/syno/bin/synoschedmultirun datascrubbing.task
2024-09-25T15:00:01+08:00 Synology_NAS synoschedmultirun[8991]: schedmulti_task_run.cpp:142 [Action][Run][datascrubbing.task]
2024-09-25T15:00:01+08:00 Synology_NAS synoschedmultirun[8991]: schedmulti_task_run.cpp:160 [Action][Ran][datascrubbing.task][0]
2024-09-25T16:00:01+08:00 Synology_NAS CROND[17264]: do_command.c:197 /usr/syno/bin/synoschedmultirun datascrubbing.task
2024-09-25T16:00:01+08:00 Synology_NAS synoschedmultirun[17264]: schedmulti_task_run.cpp:142 [Action][Run][datascrubbing.task]
2024-09-25T16:00:01+08:00 Synology_NAS synoschedmultirun[17264]: schedmulti_task_run.cpp:160 [Action][Ran][datascrubbing.task][0]
2024-09-25T17:00:01+08:00 Synology_NAS CROND[26259]: do_command.c:197 /usr/syno/bin/synoschedmultirun datascrubbing.task
2024-09-25T17:00:01+08:00 Synology_NAS synoschedmultirun[26259]: schedmulti_task_run.cpp:142 [Action][Run][datascrubbing.task]
2024-09-25T17:00:01+08:00 Synology_NAS synoschedmultirun[26259]: schedmulti_task_run.cpp:160 [Action][Ran][datascrubbing.task][0]
2024-09-25T18:00:01+08:00 Synology_NAS CROND[31152]: do_command.c:197 /usr/syno/bin/synoschedmultirun datascrubbing.task
2024-09-25T18:00:01+08:00 Synology_NAS synoschedmultirun[31152]: schedmulti_task_run.cpp:142 [Action][Run][datascrubbing.task]
2024-09-25T18:00:01+08:00 Synology_NAS synoschedmultirun[31152]: schedmulti_task_run.cpp:160 [Action][Ran][datascrubbing.task][0]
2024-09-25T19:00:01+08:00 Synology_NAS CROND[3463]: do_command.c:197 /usr/syno/bin/synoschedmultirun datascrubbing.task
2024-09-25T19:00:01+08:00 Synology_NAS synoschedmultirun[3463]: schedmulti_task_run.cpp:142 [Action][Run][datascrubbing.task]
2024-09-25T19:00:01+08:00 Synology_NAS synoschedmultirun[3463]: schedmulti_task_run.cpp:160 [Action][Ran][datascrubbing.task][0]
2024-09-25T20:00:01+08:00 Synology_NAS CROND[8055]: do_command.c:197 /usr/syno/bin/synoschedmultirun datascrubbing.task
2024-09-25T20:00:01+08:00 Synology_NAS synoschedmultirun[8055]: schedmulti_task_run.cpp:142 [Action][Run][datascrubbing.task]
2024-09-25T20:00:01+08:00 Synology_NAS synoschedmultirun[8055]: schedmulti_task_run.cpp:160 [Action][Ran][datascrubbing.task][0]
2024-09-25T21:00:01+08:00 Synology_NAS CROND[13216]: do_command.c:197 /usr/syno/bin/synoschedmultirun datascrubbing.task
2024-09-25T21:00:01+08:00 Synology_NAS synoschedmultirun[13216]: schedmulti_task_run.cpp:142 [Action][Run][datascrubbing.task]
2024-09-25T21:00:01+08:00 Synology_NAS synoschedmultirun[13216]: schedmulti_task_run.cpp:160 [Action][Ran][datascrubbing.task][0]
2024-09-25T22:00:01+08:00 Synology_NAS CROND[17762]: do_command.c:197 /usr/syno/bin/synoschedmultirun datascrubbing.task
2024-09-25T22:00:01+08:00 Synology_NAS synoschedmultirun[17762]: schedmulti_task_run.cpp:142 [Action][Run][datascrubbing.task]
2024-09-25T22:00:01+08:00 Synology_NAS synoschedmultirun[17762]: schedmulti_task_run.cpp:160 [Action][Ran][datascrubbing.task][0]
2024-09-25T23:00:01+08:00 Synology_NAS CROND[22559]: do_command.c:197 /usr/syno/bin/synoschedmultirun datascrubbing.task
2024-09-25T23:00:01+08:00 Synology_NAS synoschedmultirun[22559]: schedmulti_task_run.cpp:142 [Action][Run][datascrubbing.task]
2024-09-25T23:00:01+08:00 Synology_NAS synoschedmultirun[22559]: schedmulti_task_run.cpp:160 [Action][Ran][datascrubbing.task][0]
2024-09-26T04:00:01+08:00 Synology_NAS CROND[14943]: do_command.c:197 /usr/syno/bin/synoschedmultirun datascrubbing.task
2024-09-26T04:00:01+08:00 Synology_NAS synoschedmultirun[14943]: schedmulti_task_run.cpp:142 [Action][Run][datascrubbing.task]
2024-09-26T04:00:01+08:00 Synology_NAS synoschedmultirun[14943]: schedmulti_task_run.cpp:160 [Action][Ran][datascrubbing.task][0]
2024-09-26T05:00:01+08:00 Synology_NAS CROND[19528]: do_command.c:197 /usr/syno/bin/synoschedmultirun datascrubbing.task
2024-09-26T05:00:01+08:00 Synology_NAS synoschedmultirun[19528]: schedmulti_task_run.cpp:142 [Action][Run][datascrubbing.task]
2024-09-26T05:00:01+08:00 Synology_NAS synoschedmultirun[19528]: schedmulti_task_run.cpp:160 [Action][Ran][datascrubbing.task][0]
2024-09-26T06:00:01+08:00 Synology_NAS CROND[24395]: do_command.c:197 /usr/syno/bin/synoschedmultirun datascrubbing.task
2024-09-26T06:00:01+08:00 Synology_NAS synoschedmultirun[24395]: schedmulti_task_run.cpp:142 [Action][Run][datascrubbing.task]
2024-09-26T06:00:01+08:00 Synology_NAS synoschedmultirun[24395]: schedmulti_task_run.cpp:160 [Action][Ran][datascrubbing.task][0]
2024-09-26T07:00:01+08:00 Synology_NAS CROND[31060]: do_command.c:197 /usr/syno/bin/synoschedmultirun datascrubbing.task
2024-09-26T07:00:01+08:00 Synology_NAS synoschedmultirun[31060]: schedmulti_task_run.cpp:142 [Action][Run][datascrubbing.task]
2024-09-26T07:00:01+08:00 Synology_NAS synoschedmultirun[31060]: schedmulti_task_run.cpp:160 [Action][Ran][datascrubbing.task][0]
2024-09-26T08:00:01+08:00 Synology_NAS CROND[3179]: do_command.c:197 /usr/syno/bin/synoschedmultirun datascrubbing.task
2024-09-26T08:00:01+08:00 Synology_NAS synoschedmultirun[3179]: schedmulti_task_run.cpp:142 [Action][Run][datascrubbing.task]
2024-09-26T08:00:01+08:00 Synology_NAS synoschedmultirun[3179]: schedmulti_task_run.cpp:160 [Action][Ran][datascrubbing.task][0]
2024-09-26T09:00:01+08:00 Synology_NAS CROND[8264]: do_command.c:197 /usr/syno/bin/synoschedmultirun datascrubbing.task
2024-09-26T09:00:01+08:00 Synology_NAS synoschedmultirun[8264]: schedmulti_task_run.cpp:142 [Action][Run][datascrubbing.task]
2024-09-26T09:00:01+08:00 Synology_NAS synoschedmultirun[8264]: schedmulti_task_run.cpp:160 [Action][Ran][datascrubbing.task][0]
2024-09-26T10:00:01+08:00 Synology_NAS CROND[13105]: do_command.c:197 /usr/syno/bin/synoschedmultirun datascrubbing.task
2024-09-26T10:00:01+08:00 Synology_NAS synoschedmultirun[13105]: schedmulti_task_run.cpp:142 [Action][Run][datascrubbing.task]
2024-09-26T10:00:01+08:00 Synology_NAS synoschedmultirun[13105]: schedmulti_task_run.cpp:160 [Action][Ran][datascrubbing.task][0]
2024-09-26T11:00:01+08:00 Synology_NAS CROND[27195]: do_command.c:197 /usr/syno/bin/synoschedmultirun datascrubbing.task
2024-09-26T11:00:01+08:00 Synology_NAS synoschedmultirun[27195]: schedmulti_task_run.cpp:142 [Action][Run][datascrubbing.task]
2024-09-26T11:00:01+08:00 Synology_NAS synoschedmultirun[27195]: schedmulti_task_run.cpp:160 [Action][Ran][datascrubbing.task][0]
2024-09-26T12:00:01+08:00 Synology_NAS CROND[4713]: do_command.c:197 /usr/syno/bin/synoschedmultirun datascrubbing.task
2024-09-26T12:00:01+08:00 Synology_NAS synoschedmultirun[4713]: schedmulti_task_run.cpp:142 [Action][Run][datascrubbing.task]
2024-09-26T12:00:01+08:00 Synology_NAS synoschedmultirun[4713]: schedmulti_task_run.cpp:160 [Action][Ran][datascrubbing.task][0]
2024-09-26T13:00:01+08:00 Synology_NAS CROND[2436]: do_command.c:197 /usr/syno/bin/synoschedmultirun datascrubbing.task
2024-09-26T13:00:01+08:00 Synology_NAS synoschedmultirun[2436]: schedmulti_task_run.cpp:142 [Action][Run][datascrubbing.task]
2024-09-26T13:00:01+08:00 Synology_NAS synoschedmultirun[2436]: schedmulti_task_run.cpp:160 [Action][Ran][datascrubbing.task][0]
2024-09-26T14:00:01+08:00 Synology_NAS CROND[17628]: do_command.c:197 /usr/syno/bin/synoschedmultirun datascrubbing.task
2024-09-26T14:00:01+08:00 Synology_NAS synoschedmultirun[17628]: schedmulti_task_run.cpp:142 [Action][Run][datascrubbing.task]
2024-09-26T14:00:01+08:00 Synology_NAS synoschedmultirun[17628]: schedmulti_task_run.cpp:160 [Action][Ran][datascrubbing.task][0]
2024-09-26T15:00:01+08:00 Synology_NAS CROND[24134]: do_command.c:197 /usr/syno/bin/synoschedmultirun datascrubbing.task
2024-09-26T15:00:01+08:00 Synology_NAS synoschedmultirun[24134]: schedmulti_task_run.cpp:142 [Action][Run][datascrubbing.task]
2024-09-26T15:00:01+08:00 Synology_NAS synoschedmultirun[24134]: schedmulti_task_run.cpp:160 [Action][Ran][datascrubbing.task][0]
2024-09-26T16:00:01+08:00 Synology_NAS CROND[29435]: do_command.c:197 /usr/syno/bin/synoschedmultirun datascrubbing.task
2024-09-26T16:00:01+08:00 Synology_NAS synoschedmultirun[29435]: schedmulti_task_run.cpp:142 [Action][Run][datascrubbing.task]
2024-09-26T16:00:01+08:00 Synology_NAS synoschedmultirun[29435]: schedmulti_task_run.cpp:160 [Action][Ran][datascrubbing.task][0]
2024-09-26T17:00:01+08:00 Synology_NAS CROND[1523]: do_command.c:197 /usr/syno/bin/synoschedmultirun datascrubbing.task
2024-09-26T17:00:01+08:00 Synology_NAS synoschedmultirun[1523]: schedmulti_task_run.cpp:142 [Action][Run][datascrubbing.task]
2024-09-26T17:00:01+08:00 Synology_NAS synoschedmultirun[1523]: schedmulti_task_run.cpp:160 [Action][Ran][datascrubbing.task][0]
2024-09-26T18:00:01+08:00 Synology_NAS CROND[6779]: do_command.c:197 /usr/syno/bin/synoschedmultirun datascrubbing.task
2024-09-26T18:00:01+08:00 Synology_NAS synoschedmultirun[6779]: schedmulti_task_run.cpp:142 [Action][Run][datascrubbing.task]
2024-09-26T18:00:01+08:00 Synology_NAS synoschedmultirun[6779]: schedmulti_task_run.cpp:160 [Action][Ran][datascrubbing.task][0]
2024-09-26T19:00:01+08:00 Synology_NAS CROND[12528]: do_command.c:197 /usr/syno/bin/synoschedmultirun datascrubbing.task
2024-09-26T19:00:01+08:00 Synology_NAS synoschedmultirun[12528]: schedmulti_task_run.cpp:142 [Action][Run][datascrubbing.task]
2024-09-26T19:00:01+08:00 Synology_NAS synoschedmultirun[12528]: schedmulti_task_run.cpp:160 [Action][Ran][datascrubbing.task][0]
2024-09-26T20:00:01+08:00 Synology_NAS CROND[17404]: do_command.c:197 /usr/syno/bin/synoschedmultirun datascrubbing.task
2024-09-26T20:00:01+08:00 Synology_NAS synoschedmultirun[17404]: schedmulti_task_run.cpp:142 [Action][Run][datascrubbing.task]
2024-09-26T20:00:01+08:00 Synology_NAS synoschedmultirun[17404]: schedmulti_task_run.cpp:160 [Action][Ran][datascrubbing.task][0]
2024-09-26T21:00:01+08:00 Synology_NAS CROND[22470]: do_command.c:197 /usr/syno/bin/synoschedmultirun datascrubbing.task
2024-09-26T21:00:01+08:00 Synology_NAS synoschedmultirun[22470]: schedmulti_task_run.cpp:142 [Action][Run][datascrubbing.task]
2024-09-26T21:00:01+08:00 Synology_NAS synoschedmultirun[22470]: schedmulti_task_run.cpp:160 [Action][Ran][datascrubbing.task][0]
2024-09-26T22:00:01+08:00 Synology_NAS CROND[27045]: do_command.c:197 /usr/syno/bin/synoschedmultirun datascrubbing.task
2024-09-26T22:00:01+08:00 Synology_NAS synoschedmultirun[27045]: schedmulti_task_run.cpp:142 [Action][Run][datascrubbing.task]
2024-09-26T22:00:01+08:00 Synology_NAS synoschedmultirun[27045]: schedmulti_task_run.cpp:160 [Action][Ran][datascrubbing.task][0]
2024-09-26T23:00:01+08:00 Synology_NAS CROND[3340]: do_command.c:197 /usr/syno/bin/synoschedmultirun datascrubbing.task
2024-09-26T23:00:01+08:00 Synology_NAS synoschedmultirun[3340]: schedmulti_task_run.cpp:142 [Action][Run][datascrubbing.task]
2024-09-26T23:00:01+08:00 Synology_NAS synoschedmultirun[3340]: schedmulti_task_run.cpp:160 [Action][Ran][datascrubbing.task][0]
2024-09-27T04:00:01+08:00 Synology_NAS CROND[29683]: do_command.c:197 /usr/syno/bin/synoschedmultirun datascrubbing.task
2024-09-27T04:00:01+08:00 Synology_NAS synoschedmultirun[29683]: schedmulti_task_run.cpp:142 [Action][Run][datascrubbing.task]
2024-09-27T04:00:01+08:00 Synology_NAS synoschedmultirun[29683]: schedmulti_task_run.cpp:160 [Action][Ran][datascrubbing.task][0]
2024-09-27T05:00:01+08:00 Synology_NAS CROND[5924]: do_command.c:197 /usr/syno/bin/synoschedmultirun datascrubbing.task
2024-09-27T05:00:01+08:00 Synology_NAS synoschedmultirun[5924]: schedmulti_task_run.cpp:142 [Action][Run][datascrubbing.task]
2024-09-27T05:00:01+08:00 Synology_NAS synoschedmultirun[5924]: schedmulti_task_run.cpp:160 [Action][Ran][datascrubbing.task][0]
2024-09-27T06:00:01+08:00 Synology_NAS CROND[14810]: do_command.c:197 /usr/syno/bin/synoschedmultirun datascrubbing.task
2024-09-27T06:00:01+08:00 Synology_NAS synoschedmultirun[14810]: schedmulti_task_run.cpp:142 [Action][Run][datascrubbing.task]
2024-09-27T06:00:01+08:00 Synology_NAS synoschedmultirun[14810]: schedmulti_task_run.cpp:160 [Action][Ran][datascrubbing.task][0]
2024-09-27T07:00:01+08:00 Synology_NAS CROND[19880]: do_command.c:197 /usr/syno/bin/synoschedmultirun datascrubbing.task
2024-09-27T07:00:01+08:00 Synology_NAS synoschedmultirun[19880]: schedmulti_task_run.cpp:142 [Action][Run][datascrubbing.task]
2024-09-27T07:00:01+08:00 Synology_NAS synoschedmultirun[19880]: schedmulti_task_run.cpp:160 [Action][Ran][datascrubbing.task][0]
2024-09-27T08:00:01+08:00 Synology_NAS CROND[24615]: do_command.c:197 /usr/syno/bin/synoschedmultirun datascrubbing.task
2024-09-27T08:00:01+08:00 Synology_NAS synoschedmultirun[24615]: schedmulti_task_run.cpp:142 [Action][Run][datascrubbing.task]
2024-09-27T08:00:01+08:00 Synology_NAS synoschedmultirun[24615]: schedmulti_task_run.cpp:160 [Action][Ran][datascrubbing.task][0]
2024-09-27T09:00:01+08:00 Synology_NAS CROND[30580]: do_command.c:197 /usr/syno/bin/synoschedmultirun datascrubbing.task
2024-09-27T09:00:01+08:00 Synology_NAS synoschedmultirun[30580]: schedmulti_task_run.cpp:142 [Action][Run][datascrubbing.task]
2024-09-27T09:00:01+08:00 Synology_NAS synoschedmultirun[30580]: schedmulti_task_run.cpp:160 [Action][Ran][datascrubbing.task][0]
2024-09-27T10:00:01+08:00 Synology_NAS CROND[1869]: do_command.c:197 /usr/syno/bin/synoschedmultirun datascrubbing.task
2024-09-27T10:00:01+08:00 Synology_NAS synoschedmultirun[1869]: schedmulti_task_run.cpp:142 [Action][Run][datascrubbing.task]
2024-09-27T10:00:01+08:00 Synology_NAS synoschedmultirun[1869]: schedmulti_task_run.cpp:160 [Action][Ran][datascrubbing.task][0]
2024-09-27T11:00:01+08:00 Synology_NAS CROND[22307]: do_command.c:197 /usr/syno/bin/synoschedmultirun datascrubbing.task
2024-09-27T11:00:01+08:00 Synology_NAS synoschedmultirun[22307]: schedmulti_task_run.cpp:142 [Action][Run][datascrubbing.task]
2024-09-27T11:00:01+08:00 Synology_NAS synoschedmultirun[22307]: schedmulti_task_run.cpp:160 [Action][Ran][datascrubbing.task][0]
2024-09-27T12:00:01+08:00 Synology_NAS CROND[11156]: do_command.c:197 /usr/syno/bin/synoschedmultirun datascrubbing.task
2024-09-27T12:00:01+08:00 Synology_NAS synoschedmultirun[11156]: schedmulti_task_run.cpp:142 [Action][Run][datascrubbing.task]
2024-09-27T12:00:01+08:00 Synology_NAS synoschedmultirun[11156]: schedmulti_task_run.cpp:160 [Action][Ran][datascrubbing.task][0]
2024-09-27T13:00:01+08:00 Synology_NAS CROND[13674]: do_command.c:197 /usr/syno/bin/synoschedmultirun datascrubbing.task
2024-09-27T13:00:01+08:00 Synology_NAS synoschedmultirun[13674]: schedmulti_task_run.cpp:142 [Action][Run][datascrubbing.task]
2024-09-27T13:00:01+08:00 Synology_NAS synoschedmultirun[13674]: schedmulti_task_run.cpp:160 [Action][Ran][datascrubbing.task][0]
2024-09-27T14:00:01+08:00 Synology_NAS CROND[4909]: do_command.c:197 /usr/syno/bin/synoschedmultirun datascrubbing.task
2024-09-27T14:00:01+08:00 Synology_NAS synoschedmultirun[4909]: schedmulti_task_run.cpp:142 [Action][Run][datascrubbing.task]
2024-09-27T14:00:01+08:00 Synology_NAS synoschedmultirun[4909]: schedmulti_task_run.cpp:160 [Action][Ran][datascrubbing.task][0]
2024-09-27T15:00:01+08:00 Synology_NAS CROND[533]: do_command.c:197 /usr/syno/bin/synoschedmultirun datascrubbing.task
2024-09-27T15:00:01+08:00 Synology_NAS synoschedmultirun[533]: schedmulti_task_run.cpp:142 [Action][Run][datascrubbing.task]
2024-09-27T15:00:01+08:00 Synology_NAS synoschedmultirun[533]: schedmulti_task_run.cpp:160 [Action][Ran][datascrubbing.task][0]
2024-09-27T16:00:01+08:00 Synology_NAS CROND[3809]: do_command.c:197 /usr/syno/bin/synoschedmultirun datascrubbing.task
2024-09-27T16:00:01+08:00 Synology_NAS synoschedmultirun[3809]: schedmulti_task_run.cpp:142 [Action][Run][datascrubbing.task]
2024-09-27T16:00:01+08:00 Synology_NAS synoschedmultirun[3809]: schedmulti_task_run.cpp:160 [Action][Ran][datascrubbing.task][0]
2024-09-27T17:00:01+08:00 Synology_NAS CROND[2038]: do_command.c:197 /usr/syno/bin/synoschedmultirun datascrubbing.task
2024-09-27T17:00:01+08:00 Synology_NAS synoschedmultirun[2038]: schedmulti_task_run.cpp:142 [Action][Run][datascrubbing.task]
2024-09-27T17:00:01+08:00 Synology_NAS synoschedmultirun[2038]: schedmulti_task_run.cpp:160 [Action][Ran][datascrubbing.task][0]
2024-09-27T18:00:01+08:00 Synology_NAS CROND[8514]: do_command.c:197 /usr/syno/bin/synoschedmultirun datascrubbing.task
2024-09-27T18:00:01+08:00 Synology_NAS synoschedmultirun[8514]: schedmulti_task_run.cpp:142 [Action][Run][datascrubbing.task]
2024-09-27T18:00:01+08:00 Synology_NAS synoschedmultirun[8514]: schedmulti_task_run.cpp:160 [Action][Ran][datascrubbing.task][0]
2024-09-27T19:00:01+08:00 Synology_NAS CROND[4862]: do_command.c:197 /usr/syno/bin/synoschedmultirun datascrubbing.task
2024-09-27T19:00:01+08:00 Synology_NAS synoschedmultirun[4862]: schedmulti_task_run.cpp:142 [Action][Run][datascrubbing.task]
2024-09-27T19:00:01+08:00 Synology_NAS synoschedmultirun[4862]: schedmulti_task_run.cpp:160 [Action][Ran][datascrubbing.task][0]
2024-09-27T20:00:01+08:00 Synology_NAS CROND[7210]: do_command.c:197 /usr/syno/bin/synoschedmultirun datascrubbing.task
2024-09-27T20:00:01+08:00 Synology_NAS synoschedmultirun[7210]: schedmulti_task_run.cpp:142 [Action][Run][datascrubbing.task]
2024-09-27T20:00:01+08:00 Synology_NAS synoschedmultirun[7210]: schedmulti_task_run.cpp:160 [Action][Ran][datascrubbing.task][0]
2024-09-27T21:00:01+08:00 Synology_NAS CROND[7880]: do_command.c:197 /usr/syno/bin/synoschedmultirun datascrubbing.task
2024-09-27T21:00:01+08:00 Synology_NAS synoschedmultirun[7880]: schedmulti_task_run.cpp:142 [Action][Run][datascrubbing.task]
2024-09-27T21:00:01+08:00 Synology_NAS synoschedmultirun[7880]: schedmulti_task_run.cpp:160 [Action][Ran][datascrubbing.task][0]
2024-09-27T22:00:01+08:00 Synology_NAS CROND[19739]: do_command.c:197 /usr/syno/bin/synoschedmultirun datascrubbing.task
2024-09-27T22:00:01+08:00 Synology_NAS synoschedmultirun[19739]: schedmulti_task_run.cpp:142 [Action][Run][datascrubbing.task]
2024-09-27T22:00:01+08:00 Synology_NAS synoschedmultirun[19739]: schedmulti_task_run.cpp:160 [Action][Ran][datascrubbing.task][0]
2024-09-27T23:00:01+08:00 Synology_NAS CROND[30183]: do_command.c:197 /usr/syno/bin/synoschedmultirun datascrubbing.task
2024-09-27T23:00:01+08:00 Synology_NAS synoschedmultirun[30183]: schedmulti_task_run.cpp:142 [Action][Run][datascrubbing.task]
2024-09-27T23:00:01+08:00 Synology_NAS synoschedmultirun[30183]: schedmulti_task_run.cpp:160 [Action][Ran][datascrubbing.task][0]
2024-09-30T04:00:01+08:00 Synology_NAS CROND[3390]: do_command.c:197 /usr/syno/bin/synoschedmultirun datascrubbing.task
2024-09-30T04:00:01+08:00 Synology_NAS synoschedmultirun[3390]: schedmulti_task_run.cpp:142 [Action][Run][datascrubbing.task]
2024-09-30T04:00:01+08:00 Synology_NAS synoschedmultirun[3390]: schedmulti_task_run.cpp:160 [Action][Ran][datascrubbing.task][0]
2024-09-30T05:00:01+08:00 Synology_NAS CROND[20318]: do_command.c:197 /usr/syno/bin/synoschedmultirun datascrubbing.task
2024-09-30T05:00:01+08:00 Synology_NAS synoschedmultirun[20318]: schedmulti_task_run.cpp:142 [Action][Run][datascrubbing.task]
2024-09-30T05:00:01+08:00 Synology_NAS synoschedmultirun[20318]: schedmulti_task_run.cpp:160 [Action][Ran][datascrubbing.task][0]
2024-09-30T06:00:01+08:00 Synology_NAS CROND[6423]: do_command.c:197 /usr/syno/bin/synoschedmultirun datascrubbing.task
2024-09-30T06:00:01+08:00 Synology_NAS synoschedmultirun[6423]: schedmulti_task_run.cpp:142 [Action][Run][datascrubbing.task]
2024-09-30T06:00:01+08:00 Synology_NAS synoschedmultirun[6423]: schedmulti_task_run.cpp:160 [Action][Ran][datascrubbing.task][0]
2024-09-30T07:00:01+08:00 Synology_NAS CROND[19821]: do_command.c:197 /usr/syno/bin/synoschedmultirun datascrubbing.task
2024-09-30T07:00:01+08:00 Synology_NAS synoschedmultirun[19821]: schedmulti_task_run.cpp:142 [Action][Run][datascrubbing.task]
2024-09-30T07:00:01+08:00 Synology_NAS synoschedmultirun[19821]: schedmulti_task_run.cpp:160 [Action][Ran][datascrubbing.task][0]
2024-09-30T08:00:01+08:00 Synology_NAS CROND[25256]: do_command.c:197 /usr/syno/bin/synoschedmultirun datascrubbing.task
2024-09-30T08:00:01+08:00 Synology_NAS synoschedmultirun[25256]: schedmulti_task_run.cpp:142 [Action][Run][datascrubbing.task]
2024-09-30T08:00:01+08:00 Synology_NAS synoschedmultirun[25256]: schedmulti_task_run.cpp:160 [Action][Ran][datascrubbing.task][0]
2024-09-30T09:00:01+08:00 Synology_NAS CROND[30334]: do_command.c:197 /usr/syno/bin/synoschedmultirun datascrubbing.task
2024-09-30T09:00:01+08:00 Synology_NAS synoschedmultirun[30334]: schedmulti_task_run.cpp:142 [Action][Run][datascrubbing.task]
2024-09-30T09:00:01+08:00 Synology_NAS synoschedmultirun[30334]: schedmulti_task_run.cpp:160 [Action][Ran][datascrubbing.task][0]
2024-09-30T10:00:01+08:00 Synology_NAS CROND[3133]: do_command.c:197 /usr/syno/bin/synoschedmultirun datascrubbing.task
2024-09-30T10:00:01+08:00 Synology_NAS synoschedmultirun[3133]: schedmulti_task_run.cpp:142 [Action][Run][datascrubbing.task]
2024-09-30T10:00:01+08:00 Synology_NAS synoschedmultirun[3133]: schedmulti_task_run.cpp:160 [Action][Ran][datascrubbing.task][0]
2024-09-30T11:00:01+08:00 Synology_NAS CROND[8049]: do_command.c:197 /usr/syno/bin/synoschedmultirun datascrubbing.task
2024-09-30T11:00:01+08:00 Synology_NAS synoschedmultirun[8049]: schedmulti_task_run.cpp:142 [Action][Run][datascrubbing.task]
2024-09-30T11:00:01+08:00 Synology_NAS synoschedmultirun[8049]: schedmulti_task_run.cpp:160 [Action][Ran][datascrubbing.task][0]
2024-09-30T12:00:01+08:00 Synology_NAS CROND[13107]: do_command.c:197 /usr/syno/bin/synoschedmultirun datascrubbing.task
2024-09-30T12:00:01+08:00 Synology_NAS synoschedmultirun[13107]: schedmulti_task_run.cpp:142 [Action][Run][datascrubbing.task]
2024-09-30T12:00:01+08:00 Synology_NAS synoschedmultirun[13107]: schedmulti_task_run.cpp:160 [Action][Ran][datascrubbing.task][0]
2024-09-30T13:00:01+08:00 Synology_NAS CROND[18592]: do_command.c:197 /usr/syno/bin/synoschedmultirun datascrubbing.task
2024-09-30T13:00:01+08:00 Synology_NAS synoschedmultirun[18592]: schedmulti_task_run.cpp:142 [Action][Run][datascrubbing.task]
2024-09-30T13:00:01+08:00 Synology_NAS synoschedmultirun[18592]: schedmulti_task_run.cpp:160 [Action][Ran][datascrubbing.task][0]
2024-09-30T14:00:01+08:00 Synology_NAS CROND[23812]: do_command.c:197 /usr/syno/bin/synoschedmultirun datascrubbing.task
2024-09-30T14:00:01+08:00 Synology_NAS synoschedmultirun[23812]: schedmulti_task_run.cpp:142 [Action][Run][datascrubbing.task]
2024-09-30T14:00:01+08:00 Synology_NAS synoschedmultirun[23812]: schedmulti_task_run.cpp:160 [Action][Ran][datascrubbing.task][0]
2024-09-30T15:00:01+08:00 Synology_NAS CROND[28902]: do_command.c:197 /usr/syno/bin/synoschedmultirun datascrubbing.task
2024-09-30T15:00:01+08:00 Synology_NAS synoschedmultirun[28902]: schedmulti_task_run.cpp:142 [Action][Run][datascrubbing.task]
2024-09-30T15:00:01+08:00 Synology_NAS synoschedmultirun[28902]: schedmulti_task_run.cpp:160 [Action][Ran][datascrubbing.task][0]
2024-09-30T16:00:01+08:00 Synology_NAS CROND[1244]: do_command.c:197 /usr/syno/bin/synoschedmultirun datascrubbing.task
2024-09-30T16:00:01+08:00 Synology_NAS synoschedmultirun[1244]: schedmulti_task_run.cpp:142 [Action][Run][datascrubbing.task]
2024-09-30T16:00:01+08:00 Synology_NAS synoschedmultirun[1244]: schedmulti_task_run.cpp:160 [Action][Ran][datascrubbing.task][0]
2024-09-30T17:00:01+08:00 Synology_NAS CROND[6287]: do_command.c:197 /usr/syno/bin/synoschedmultirun datascrubbing.task
2024-09-30T17:00:01+08:00 Synology_NAS synoschedmultirun[6287]: schedmulti_task_run.cpp:142 [Action][Run][datascrubbing.task]
2024-09-30T17:00:01+08:00 Synology_NAS synoschedmultirun[6287]: schedmulti_task_run.cpp:160 [Action][Ran][datascrubbing.task][0]
2024-09-30T18:00:01+08:00 Synology_NAS CROND[10999]: do_command.c:197 /usr/syno/bin/synoschedmultirun datascrubbing.task
2024-09-30T18:00:01+08:00 Synology_NAS synoschedmultirun[10999]: schedmulti_task_run.cpp:142 [Action][Run][datascrubbing.task]
2024-09-30T18:00:01+08:00 Synology_NAS synoschedmultirun[10999]: schedmulti_task_run.cpp:160 [Action][Ran][datascrubbing.task][0]
2024-09-30T19:00:01+08:00 Synology_NAS CROND[15988]: do_command.c:197 /usr/syno/bin/synoschedmultirun datascrubbing.task
2024-09-30T19:00:01+08:00 Synology_NAS synoschedmultirun[15988]: schedmulti_task_run.cpp:142 [Action][Run][datascrubbing.task]
2024-09-30T19:00:01+08:00 Synology_NAS synoschedmultirun[15988]: schedmulti_task_run.cpp:160 [Action][Ran][datascrubbing.task][0]
2024-09-30T20:00:01+08:00 Synology_NAS CROND[21036]: do_command.c:197 /usr/syno/bin/synoschedmultirun datascrubbing.task
2024-09-30T20:00:01+08:00 Synology_NAS synoschedmultirun[21036]: schedmulti_task_run.cpp:142 [Action][Run][datascrubbing.task]
2024-09-30T20:00:01+08:00 Synology_NAS synoschedmultirun[21036]: schedmulti_task_run.cpp:160 [Action][Ran][datascrubbing.task][0]
2024-09-30T21:00:01+08:00 Synology_NAS CROND[26576]: do_command.c:197 /usr/syno/bin/synoschedmultirun datascrubbing.task
2024-09-30T21:00:01+08:00 Synology_NAS synoschedmultirun[26576]: schedmulti_task_run.cpp:142 [Action][Run][datascrubbing.task]
2024-09-30T21:00:01+08:00 Synology_NAS synoschedmultirun[26576]: schedmulti_task_run.cpp:160 [Action][Ran][datascrubbing.task][0]
2024-09-30T22:00:01+08:00 Synology_NAS CROND[31744]: do_command.c:197 /usr/syno/bin/synoschedmultirun datascrubbing.task
2024-09-30T22:00:01+08:00 Synology_NAS synoschedmultirun[31744]: schedmulti_task_run.cpp:142 [Action][Run][datascrubbing.task]
2024-09-30T22:00:01+08:00 Synology_NAS synoschedmultirun[31744]: schedmulti_task_run.cpp:160 [Action][Ran][datascrubbing.task][0]
2024-09-30T23:00:01+08:00 Synology_NAS CROND[3888]: do_command.c:197 /usr/syno/bin/synoschedmultirun datascrubbing.task
2024-09-30T23:00:01+08:00 Synology_NAS synoschedmultirun[3888]: schedmulti_task_run.cpp:142 [Action][Run][datascrubbing.task]
2024-09-30T23:00:01+08:00 Synology_NAS synoschedmultirun[3888]: schedmulti_task_run.cpp:160 [Action][Ran][datascrubbing.task][0]
2024-10-01T04:00:01+08:00 Synology_NAS CROND[10295]: do_command.c:197 /usr/syno/bin/synoschedmultirun datascrubbing.task
2024-10-01T04:00:01+08:00 Synology_NAS synoschedmultirun[10295]: schedmulti_task_run.cpp:142 [Action][Run][datascrubbing.task]
2024-10-01T04:00:01+08:00 Synology_NAS synoschedmultirun[10295]: schedmulti_task_run.cpp:160 [Action][Ran][datascrubbing.task][0]
2024-10-01T05:00:01+08:00 Synology_NAS CROND[15385]: do_command.c:197 /usr/syno/bin/synoschedmultirun datascrubbing.task
2024-10-01T05:00:01+08:00 Synology_NAS synoschedmultirun[15385]: schedmulti_task_run.cpp:142 [Action][Run][datascrubbing.task]
2024-10-01T05:00:01+08:00 Synology_NAS synoschedmultirun[15385]: schedmulti_task_run.cpp:160 [Action][Ran][datascrubbing.task][0]
2024-10-01T06:00:01+08:00 Synology_NAS CROND[20119]: do_command.c:197 /usr/syno/bin/synoschedmultirun datascrubbing.task
2024-10-01T06:00:01+08:00 Synology_NAS synoschedmultirun[20119]: schedmulti_task_run.cpp:142 [Action][Run][datascrubbing.task]
2024-10-01T06:00:01+08:00 Synology_NAS synoschedmultirun[20119]: schedmulti_task_run.cpp:160 [Action][Ran][datascrubbing.task][0]
2024-10-01T07:00:01+08:00 Synology_NAS CROND[24827]: do_command.c:197 /usr/syno/bin/synoschedmultirun datascrubbing.task
2024-10-01T07:00:01+08:00 Synology_NAS synoschedmultirun[24827]: schedmulti_task_run.cpp:142 [Action][Run][datascrubbing.task]
2024-10-01T07:00:01+08:00 Synology_NAS synoschedmultirun[24827]: schedmulti_task_run.cpp:160 [Action][Ran][datascrubbing.task][0]
2024-10-01T08:00:01+08:00 Synology_NAS CROND[29366]: do_command.c:197 /usr/syno/bin/synoschedmultirun datascrubbing.task
2024-10-01T08:00:01+08:00 Synology_NAS synoschedmultirun[29366]: schedmulti_task_run.cpp:142 [Action][Run][datascrubbing.task]
2024-10-01T08:00:01+08:00 Synology_NAS synoschedmultirun[29366]: schedmulti_task_run.cpp:160 [Action][Ran][datascrubbing.task][0]
2024-10-01T09:00:01+08:00 Synology_NAS CROND[2107]: do_command.c:197 /usr/syno/bin/synoschedmultirun datascrubbing.task
2024-10-01T09:00:01+08:00 Synology_NAS synoschedmultirun[2107]: schedmulti_task_run.cpp:142 [Action][Run][datascrubbing.task]
2024-10-01T09:00:01+08:00 Synology_NAS synoschedmultirun[2107]: schedmulti_task_run.cpp:160 [Action][Ran][datascrubbing.task][0]
2024-10-01T10:00:01+08:00 Synology_NAS CROND[6845]: do_command.c:197 /usr/syno/bin/synoschedmultirun datascrubbing.task
2024-10-01T10:00:01+08:00 Synology_NAS synoschedmultirun[6845]: schedmulti_task_run.cpp:142 [Action][Run][datascrubbing.task]
2024-10-01T10:00:01+08:00 Synology_NAS synoschedmultirun[6845]: schedmulti_task_run.cpp:160 [Action][Ran][datascrubbing.task][0]
2024-10-01T11:00:01+08:00 Synology_NAS CROND[12498]: do_command.c:197 /usr/syno/bin/synoschedmultirun datascrubbing.task
2024-10-01T11:00:01+08:00 Synology_NAS synoschedmultirun[12498]: schedmulti_task_run.cpp:142 [Action][Run][datascrubbing.task]
2024-10-01T11:00:01+08:00 Synology_NAS synoschedmultirun[12498]: schedmulti_task_run.cpp:160 [Action][Ran][datascrubbing.task][0]
2024-10-01T12:00:01+08:00 Synology_NAS CROND[17345]: do_command.c:197 /usr/syno/bin/synoschedmultirun datascrubbing.task
2024-10-01T12:00:01+08:00 Synology_NAS synoschedmultirun[17345]: schedmulti_task_run.cpp:142 [Action][Run][datascrubbing.task]
2024-10-01T12:00:01+08:00 Synology_NAS synoschedmultirun[17345]: schedmulti_task_run.cpp:160 [Action][Ran][datascrubbing.task][0]
2024-10-01T13:00:01+08:00 Synology_NAS CROND[22981]: do_command.c:197 /usr/syno/bin/synoschedmultirun datascrubbing.task
2024-10-01T13:00:01+08:00 Synology_NAS synoschedmultirun[22981]: schedmulti_task_run.cpp:142 [Action][Run][datascrubbing.task]
2024-10-01T13:00:01+08:00 Synology_NAS synoschedmultirun[22981]: schedmulti_task_run.cpp:160 [Action][Ran][datascrubbing.task][0]
2024-10-01T14:00:01+08:00 Synology_NAS CROND[27628]: do_command.c:197 /usr/syno/bin/synoschedmultirun datascrubbing.task
2024-10-01T14:00:01+08:00 Synology_NAS synoschedmultirun[27628]: schedmulti_task_run.cpp:142 [Action][Run][datascrubbing.task]
2024-10-01T14:00:01+08:00 Synology_NAS synoschedmultirun[27628]: schedmulti_task_run.cpp:160 [Action][Ran][datascrubbing.task][0]
2024-10-01T15:00:01+08:00 Synology_NAS CROND[32295]: do_command.c:197 /usr/syno/bin/synoschedmultirun datascrubbing.task
2024-10-01T15:00:01+08:00 Synology_NAS synoschedmultirun[32295]: schedmulti_task_run.cpp:142 [Action][Run][datascrubbing.task]
2024-10-01T15:00:01+08:00 Synology_NAS synoschedmultirun[32295]: schedmulti_task_run.cpp:160 [Action][Ran][datascrubbing.task][0]
2024-10-01T16:00:01+08:00 Synology_NAS CROND[5217]: do_command.c:197 /usr/syno/bin/synoschedmultirun datascrubbing.task
2024-10-01T16:00:01+08:00 Synology_NAS synoschedmultirun[5217]: schedmulti_task_run.cpp:142 [Action][Run][datascrubbing.task]
2024-10-01T16:00:01+08:00 Synology_NAS synoschedmultirun[5217]: schedmulti_task_run.cpp:160 [Action][Ran][datascrubbing.task][0]
2024-10-01T17:00:01+08:00 Synology_NAS CROND[10106]: do_command.c:197 /usr/syno/bin/synoschedmultirun datascrubbing.task
2024-10-01T17:00:01+08:00 Synology_NAS synoschedmultirun[10106]: schedmulti_task_run.cpp:142 [Action][Run][datascrubbing.task]
2024-10-01T17:00:01+08:00 Synology_NAS synoschedmultirun[10106]: schedmulti_task_run.cpp:160 [Action][Ran][datascrubbing.task][0]
2024-10-01T18:00:01+08:00 Synology_NAS CROND[14946]: do_command.c:197 /usr/syno/bin/synoschedmultirun datascrubbing.task
2024-10-01T18:00:01+08:00 Synology_NAS synoschedmultirun[14946]: schedmulti_task_run.cpp:142 [Action][Run][datascrubbing.task]
2024-10-01T18:00:01+08:00 Synology_NAS synoschedmultirun[14946]: schedmulti_task_run.cpp:160 [Action][Ran][datascrubbing.task][0]
2024-10-01T19:00:01+08:00 Synology_NAS CROND[19972]: do_command.c:197 /usr/syno/bin/synoschedmultirun datascrubbing.task
2024-10-01T19:00:01+08:00 Synology_NAS synoschedmultirun[19972]: schedmulti_task_run.cpp:142 [Action][Run][datascrubbing.task]
2024-10-01T19:00:01+08:00 Synology_NAS synoschedmultirun[19972]: schedmulti_task_run.cpp:160 [Action][Ran][datascrubbing.task][0]
2024-10-01T20:00:01+08:00 Synology_NAS CROND[25079]: do_command.c:197 /usr/syno/bin/synoschedmultirun datascrubbing.task
2024-10-01T20:00:01+08:00 Synology_NAS synoschedmultirun[25079]: schedmulti_task_run.cpp:142 [Action][Run][datascrubbing.task]
2024-10-01T20:00:01+08:00 Synology_NAS synoschedmultirun[25079]: schedmulti_task_run.cpp:160 [Action][Ran][datascrubbing.task][0]
2024-10-01T21:00:01+08:00 Synology_NAS CROND[29910]: do_command.c:197 /usr/syno/bin/synoschedmultirun datascrubbing.task
2024-10-01T21:00:01+08:00 Synology_NAS synoschedmultirun[29910]: schedmulti_task_run.cpp:142 [Action][Run][datascrubbing.task]
2024-10-01T21:00:01+08:00 Synology_NAS synoschedmultirun[29910]: schedmulti_task_run.cpp:160 [Action][Ran][datascrubbing.task][0]
2024-10-01T22:00:01+08:00 Synology_NAS CROND[2372]: do_command.c:197 /usr/syno/bin/synoschedmultirun datascrubbing.task
2024-10-01T22:00:01+08:00 Synology_NAS synoschedmultirun[2372]: schedmulti_task_run.cpp:142 [Action][Run][datascrubbing.task]
2024-10-01T22:00:01+08:00 Synology_NAS synoschedmultirun[2372]: schedmulti_task_run.cpp:160 [Action][Ran][datascrubbing.task][0]
2024-10-01T23:00:01+08:00 Synology_NAS CROND[7387]: do_command.c:197 /usr/syno/bin/synoschedmultirun datascrubbing.task
2024-10-01T23:00:01+08:00 Synology_NAS synoschedmultirun[7387]: schedmulti_task_run.cpp:142 [Action][Run][datascrubbing.task]
2024-10-01T23:00:01+08:00 Synology_NAS synoschedmultirun[7387]: schedmulti_task_run.cpp:160 [Action][Ran][datascrubbing.task][0]
2024-10-02T04:00:01+08:00 Synology_NAS CROND[1261]: do_command.c:197 /usr/syno/bin/synoschedmultirun datascrubbing.task
2024-10-02T04:00:01+08:00 Synology_NAS synoschedmultirun[1261]: schedmulti_task_run.cpp:142 [Action][Run][datascrubbing.task]
2024-10-02T04:00:01+08:00 Synology_NAS synoschedmultirun[1261]: schedmulti_task_run.cpp:160 [Action][Ran][datascrubbing.task][0]
2024-10-02T05:00:01+08:00 Synology_NAS CROND[6118]: do_command.c:197 /usr/syno/bin/synoschedmultirun datascrubbing.task
2024-10-02T05:00:01+08:00 Synology_NAS synoschedmultirun[6118]: schedmulti_task_run.cpp:142 [Action][Run][datascrubbing.task]
2024-10-02T05:00:01+08:00 Synology_NAS synoschedmultirun[6118]: schedmulti_task_run.cpp:160 [Action][Ran][datascrubbing.task][0]
2024-10-02T06:00:01+08:00 Synology_NAS CROND[10828]: do_command.c:197 /usr/syno/bin/synoschedmultirun datascrubbing.task
2024-10-02T06:00:01+08:00 Synology_NAS synoschedmultirun[10828]: schedmulti_task_run.cpp:142 [Action][Run][datascrubbing.task]
2024-10-02T06:00:01+08:00 Synology_NAS synoschedmultirun[10828]: schedmulti_task_run.cpp:160 [Action][Ran][datascrubbing.task][0]
2024-10-02T07:00:01+08:00 Synology_NAS CROND[15791]: do_command.c:197 /usr/syno/bin/synoschedmultirun datascrubbing.task
2024-10-02T07:00:01+08:00 Synology_NAS synoschedmultirun[15791]: schedmulti_task_run.cpp:142 [Action][Run][datascrubbing.task]
2024-10-02T07:00:01+08:00 Synology_NAS synoschedmultirun[15791]: schedmulti_task_run.cpp:160 [Action][Ran][datascrubbing.task][0]
2024-10-02T08:00:01+08:00 Synology_NAS CROND[20533]: do_command.c:197 /usr/syno/bin/synoschedmultirun datascrubbing.task
2024-10-02T08:00:01+08:00 Synology_NAS synoschedmultirun[20533]: schedmulti_task_run.cpp:142 [Action][Run][datascrubbing.task]
2024-10-02T08:00:01+08:00 Synology_NAS synoschedmultirun[20533]: schedmulti_task_run.cpp:160 [Action][Ran][datascrubbing.task][0]
2024-10-02T09:00:01+08:00 Synology_NAS CROND[25216]: do_command.c:197 /usr/syno/bin/synoschedmultirun datascrubbing.task
2024-10-02T09:00:01+08:00 Synology_NAS synoschedmultirun[25216]: schedmulti_task_run.cpp:142 [Action][Run][datascrubbing.task]
2024-10-02T09:00:01+08:00 Synology_NAS synoschedmultirun[25216]: schedmulti_task_run.cpp:160 [Action][Ran][datascrubbing.task][0]
2024-10-02T10:00:01+08:00 Synology_NAS CROND[29925]: do_command.c:197 /usr/syno/bin/synoschedmultirun datascrubbing.task
2024-10-02T10:00:01+08:00 Synology_NAS synoschedmultirun[29925]: schedmulti_task_run.cpp:142 [Action][Run][datascrubbing.task]
2024-10-02T10:00:01+08:00 Synology_NAS synoschedmultirun[29925]: schedmulti_task_run.cpp:160 [Action][Ran][datascrubbing.task][0]
2024-10-02T11:00:01+08:00 Synology_NAS CROND[2421]: do_command.c:197 /usr/syno/bin/synoschedmultirun datascrubbing.task
2024-10-02T11:00:01+08:00 Synology_NAS synoschedmultirun[2421]: schedmulti_task_run.cpp:142 [Action][Run][datascrubbing.task]
2024-10-02T11:00:01+08:00 Synology_NAS synoschedmultirun[2421]: schedmulti_task_run.cpp:160 [Action][Ran][datascrubbing.task][0]
2024-10-02T12:00:01+08:00 Synology_NAS CROND[7408]: do_command.c:197 /usr/syno/bin/synoschedmultirun datascrubbing.task
2024-10-02T12:00:01+08:00 Synology_NAS synoschedmultirun[7408]: schedmulti_task_run.cpp:142 [Action][Run][datascrubbing.task]
2024-10-02T12:00:01+08:00 Synology_NAS synoschedmultirun[7408]: schedmulti_task_run.cpp:160 [Action][Ran][datascrubbing.task][0]
2024-10-02T13:00:01+08:00 Synology_NAS CROND[14083]: do_command.c:197 /usr/syno/bin/synoschedmultirun datascrubbing.task
2024-10-02T13:00:01+08:00 Synology_NAS synoschedmultirun[14083]: schedmulti_task_run.cpp:142 [Action][Run][datascrubbing.task]
2024-10-02T13:00:01+08:00 Synology_NAS synoschedmultirun[14083]: schedmulti_task_run.cpp:160 [Action][Ran][datascrubbing.task][0]
2024-10-02T14:00:01+08:00 Synology_NAS CROND[19004]: do_command.c:197 /usr/syno/bin/synoschedmultirun datascrubbing.task
2024-10-02T14:00:01+08:00 Synology_NAS synoschedmultirun[19004]: schedmulti_task_run.cpp:142 [Action][Run][datascrubbing.task]
2024-10-02T14:00:01+08:00 Synology_NAS synoschedmultirun[19004]: schedmulti_task_run.cpp:160 [Action][Ran][datascrubbing.task][0]
2024-10-02T15:00:01+08:00 Synology_NAS CROND[24402]: do_command.c:197 /usr/syno/bin/synoschedmultirun datascrubbing.task
2024-10-02T15:00:01+08:00 Synology_NAS synoschedmultirun[24402]: schedmulti_task_run.cpp:142 [Action][Run][datascrubbing.task]
2024-10-02T15:00:01+08:00 Synology_NAS synoschedmultirun[24402]: schedmulti_task_run.cpp:160 [Action][Ran][datascrubbing.task][0]
2024-10-02T16:00:01+08:00 Synology_NAS CROND[29295]: do_command.c:197 /usr/syno/bin/synoschedmultirun datascrubbing.task
2024-10-02T16:00:01+08:00 Synology_NAS synoschedmultirun[29295]: schedmulti_task_run.cpp:142 [Action][Run][datascrubbing.task]
2024-10-02T16:00:01+08:00 Synology_NAS synoschedmultirun[29295]: schedmulti_task_run.cpp:160 [Action][Ran][datascrubbing.task][0]
2024-10-02T17:00:01+08:00 Synology_NAS CROND[1489]: do_command.c:197 /usr/syno/bin/synoschedmultirun datascrubbing.task
2024-10-02T17:00:01+08:00 Synology_NAS synoschedmultirun[1489]: schedmulti_task_run.cpp:142 [Action][Run][datascrubbing.task]
2024-10-02T17:00:01+08:00 Synology_NAS synoschedmultirun[1489]: schedmulti_task_run.cpp:160 [Action][Ran][datascrubbing.task][0]
2024-10-02T18:00:01+08:00 Synology_NAS CROND[6585]: do_command.c:197 /usr/syno/bin/synoschedmultirun datascrubbing.task
2024-10-02T18:00:01+08:00 Synology_NAS synoschedmultirun[6585]: schedmulti_task_run.cpp:142 [Action][Run][datascrubbing.task]
2024-10-02T18:00:01+08:00 Synology_NAS synoschedmultirun[6585]: schedmulti_task_run.cpp:160 [Action][Ran][datascrubbing.task][0]
2024-10-02T19:00:01+08:00 Synology_NAS CROND[11662]: do_command.c:197 /usr/syno/bin/synoschedmultirun datascrubbing.task
2024-10-02T19:00:01+08:00 Synology_NAS synoschedmultirun[11662]: schedmulti_task_run.cpp:142 [Action][Run][datascrubbing.task]
2024-10-02T19:00:01+08:00 Synology_NAS synoschedmultirun[11662]: schedmulti_task_run.cpp:160 [Action][Ran][datascrubbing.task][0]
2024-10-02T20:00:01+08:00 Synology_NAS CROND[16980]: do_command.c:197 /usr/syno/bin/synoschedmultirun datascrubbing.task
2024-10-02T20:00:01+08:00 Synology_NAS synoschedmultirun[16980]: schedmulti_task_run.cpp:142 [Action][Run][datascrubbing.task]
2024-10-02T20:00:01+08:00 Synology_NAS synoschedmultirun[16980]: schedmulti_task_run.cpp:160 [Action][Ran][datascrubbing.task][0]
2024-10-02T21:00:01+08:00 Synology_NAS CROND[21886]: do_command.c:197 /usr/syno/bin/synoschedmultirun datascrubbing.task
2024-10-02T21:00:01+08:00 Synology_NAS synoschedmultirun[21886]: schedmulti_task_run.cpp:142 [Action][Run][datascrubbing.task]
2024-10-02T21:00:01+08:00 Synology_NAS synoschedmultirun[21886]: schedmulti_task_run.cpp:160 [Action][Ran][datascrubbing.task][0]
2024-10-02T22:00:01+08:00 Synology_NAS CROND[26625]: do_command.c:197 /usr/syno/bin/synoschedmultirun datascrubbing.task
2024-10-02T22:00:01+08:00 Synology_NAS synoschedmultirun[26625]: schedmulti_task_run.cpp:142 [Action][Run][datascrubbing.task]
2024-10-02T22:00:01+08:00 Synology_NAS synoschedmultirun[26625]: schedmulti_task_run.cpp:160 [Action][Ran][datascrubbing.task][0]
2024-10-02T23:00:01+08:00 Synology_NAS CROND[31402]: do_command.c:197 /usr/syno/bin/synoschedmultirun datascrubbing.task
2024-10-02T23:00:01+08:00 Synology_NAS synoschedmultirun[31402]: schedmulti_task_run.cpp:142 [Action][Run][datascrubbing.task]
2024-10-02T23:00:01+08:00 Synology_NAS synoschedmultirun[31402]: schedmulti_task_run.cpp:160 [Action][Ran][datascrubbing.task][0]
2024-10-03T04:00:01+08:00 Synology_NAS CROND[24624]: do_command.c:197 /usr/syno/bin/synoschedmultirun datascrubbing.task
2024-10-03T04:00:01+08:00 Synology_NAS synoschedmultirun[24624]: schedmulti_task_run.cpp:142 [Action][Run][datascrubbing.task]
2024-10-03T04:00:01+08:00 Synology_NAS synoschedmultirun[24624]: schedmulti_task_run.cpp:160 [Action][Ran][datascrubbing.task][0]
2024-10-03T05:00:01+08:00 Synology_NAS CROND[29521]: do_command.c:197 /usr/syno/bin/synoschedmultirun datascrubbing.task
2024-10-03T05:00:01+08:00 Synology_NAS synoschedmultirun[29521]: schedmulti_task_run.cpp:142 [Action][Run][datascrubbing.task]
2024-10-03T05:00:01+08:00 Synology_NAS synoschedmultirun[29521]: schedmulti_task_run.cpp:160 [Action][Ran][datascrubbing.task][0]
2024-10-03T06:00:01+08:00 Synology_NAS CROND[1764]: do_command.c:197 /usr/syno/bin/synoschedmultirun datascrubbing.task
2024-10-03T06:00:01+08:00 Synology_NAS synoschedmultirun[1764]: schedmulti_task_run.cpp:142 [Action][Run][datascrubbing.task]
2024-10-03T06:00:01+08:00 Synology_NAS synoschedmultirun[1764]: schedmulti_task_run.cpp:160 [Action][Ran][datascrubbing.task][0]
2024-10-03T07:00:01+08:00 Synology_NAS CROND[6486]: do_command.c:197 /usr/syno/bin/synoschedmultirun datascrubbing.task
2024-10-03T07:00:01+08:00 Synology_NAS synoschedmultirun[6486]: schedmulti_task_run.cpp:142 [Action][Run][datascrubbing.task]
2024-10-03T07:00:01+08:00 Synology_NAS synoschedmultirun[6486]: schedmulti_task_run.cpp:160 [Action][Ran][datascrubbing.task][0]
2024-10-03T08:00:01+08:00 Synology_NAS CROND[12280]: do_command.c:197 /usr/syno/bin/synoschedmultirun datascrubbing.task
2024-10-03T08:00:01+08:00 Synology_NAS synoschedmultirun[12280]: schedmulti_task_run.cpp:142 [Action][Run][datascrubbing.task]
2024-10-03T08:00:01+08:00 Synology_NAS synoschedmultirun[12280]: schedmulti_task_run.cpp:160 [Action][Ran][datascrubbing.task][0]
2024-10-03T09:00:01+08:00 Synology_NAS CROND[17183]: do_command.c:197 /usr/syno/bin/synoschedmultirun datascrubbing.task
2024-10-03T09:00:01+08:00 Synology_NAS synoschedmultirun[17183]: schedmulti_task_run.cpp:142 [Action][Run][datascrubbing.task]
2024-10-03T09:00:01+08:00 Synology_NAS synoschedmultirun[17183]: schedmulti_task_run.cpp:160 [Action][Ran][datascrubbing.task][0]
2024-10-03T10:00:01+08:00 Synology_NAS CROND[21929]: do_command.c:197 /usr/syno/bin/synoschedmultirun datascrubbing.task
2024-10-03T10:00:01+08:00 Synology_NAS synoschedmultirun[21929]: schedmulti_task_run.cpp:142 [Action][Run][datascrubbing.task]
2024-10-03T10:00:01+08:00 Synology_NAS synoschedmultirun[21929]: schedmulti_task_run.cpp:160 [Action][Ran][datascrubbing.task][0]
2024-10-03T11:00:01+08:00 Synology_NAS CROND[26558]: do_command.c:197 /usr/syno/bin/synoschedmultirun datascrubbing.task
2024-10-03T11:00:01+08:00 Synology_NAS synoschedmultirun[26558]: schedmulti_task_run.cpp:142 [Action][Run][datascrubbing.task]
2024-10-03T11:00:01+08:00 Synology_NAS synoschedmultirun[26558]: schedmulti_task_run.cpp:160 [Action][Ran][datascrubbing.task][0]
2024-10-03T12:00:01+08:00 Synology_NAS CROND[31675]: do_command.c:197 /usr/syno/bin/synoschedmultirun datascrubbing.task
2024-10-03T12:00:01+08:00 Synology_NAS synoschedmultirun[31675]: schedmulti_task_run.cpp:142 [Action][Run][datascrubbing.task]
2024-10-03T12:00:01+08:00 Synology_NAS synoschedmultirun[31675]: schedmulti_task_run.cpp:160 [Action][Ran][datascrubbing.task][0]
2024-10-03T13:00:01+08:00 Synology_NAS CROND[4782]: do_command.c:197 /usr/syno/bin/synoschedmultirun datascrubbing.task
2024-10-03T13:00:01+08:00 Synology_NAS synoschedmultirun[4782]: schedmulti_task_run.cpp:142 [Action][Run][datascrubbing.task]
2024-10-03T13:00:01+08:00 Synology_NAS synoschedmultirun[4782]: schedmulti_task_run.cpp:160 [Action][Ran][datascrubbing.task][0]
2024-10-03T14:00:01+08:00 Synology_NAS CROND[9445]: do_command.c:197 /usr/syno/bin/synoschedmultirun datascrubbing.task
2024-10-03T14:00:01+08:00 Synology_NAS synoschedmultirun[9445]: schedmulti_task_run.cpp:142 [Action][Run][datascrubbing.task]
2024-10-03T14:00:01+08:00 Synology_NAS synoschedmultirun[9445]: schedmulti_task_run.cpp:160 [Action][Ran][datascrubbing.task][0]
2024-10-03T15:00:01+08:00 Synology_NAS CROND[14478]: do_command.c:197 /usr/syno/bin/synoschedmultirun datascrubbing.task
2024-10-03T15:00:01+08:00 Synology_NAS synoschedmultirun[14478]: schedmulti_task_run.cpp:142 [Action][Run][datascrubbing.task]
2024-10-03T15:00:01+08:00 Synology_NAS synoschedmultirun[14478]: schedmulti_task_run.cpp:160 [Action][Ran][datascrubbing.task][0]
2024-10-03T16:00:01+08:00 Synology_NAS CROND[19165]: do_command.c:197 /usr/syno/bin/synoschedmultirun datascrubbing.task
2024-10-03T16:00:01+08:00 Synology_NAS synoschedmultirun[19165]: schedmulti_task_run.cpp:142 [Action][Run][datascrubbing.task]
2024-10-03T16:00:01+08:00 Synology_NAS synoschedmultirun[19165]: schedmulti_task_run.cpp:160 [Action][Ran][datascrubbing.task][0]
2024-10-03T17:00:01+08:00 Synology_NAS CROND[23895]: do_command.c:197 /usr/syno/bin/synoschedmultirun datascrubbing.task
2024-10-03T17:00:01+08:00 Synology_NAS synoschedmultirun[23895]: schedmulti_task_run.cpp:142 [Action][Run][datascrubbing.task]
2024-10-03T17:00:01+08:00 Synology_NAS synoschedmultirun[23895]: schedmulti_task_run.cpp:160 [Action][Ran][datascrubbing.task][0]
2024-10-03T18:00:01+08:00 Synology_NAS CROND[28708]: do_command.c:197 /usr/syno/bin/synoschedmultirun datascrubbing.task
2024-10-03T18:00:01+08:00 Synology_NAS synoschedmultirun[28708]: schedmulti_task_run.cpp:142 [Action][Run][datascrubbing.task]
2024-10-03T18:00:01+08:00 Synology_NAS synoschedmultirun[28708]: schedmulti_task_run.cpp:160 [Action][Ran][datascrubbing.task][0]
2024-10-03T19:00:01+08:00 Synology_NAS CROND[834]: do_command.c:197 /usr/syno/bin/synoschedmultirun datascrubbing.task
2024-10-03T19:00:01+08:00 Synology_NAS synoschedmultirun[834]: schedmulti_task_run.cpp:142 [Action][Run][datascrubbing.task]
2024-10-03T19:00:01+08:00 Synology_NAS synoschedmultirun[834]: schedmulti_task_run.cpp:160 [Action][Ran][datascrubbing.task][0]
2024-10-03T20:00:01+08:00 Synology_NAS CROND[5893]: do_command.c:197 /usr/syno/bin/synoschedmultirun datascrubbing.task
2024-10-03T20:00:01+08:00 Synology_NAS synoschedmultirun[5893]: schedmulti_task_run.cpp:142 [Action][Run][datascrubbing.task]
2024-10-03T20:00:01+08:00 Synology_NAS synoschedmultirun[5893]: schedmulti_task_run.cpp:160 [Action][Ran][datascrubbing.task][0]
2024-10-03T21:00:01+08:00 Synology_NAS CROND[10554]: do_command.c:197 /usr/syno/bin/synoschedmultirun datascrubbing.task
2024-10-03T21:00:01+08:00 Synology_NAS synoschedmultirun[10554]: schedmulti_task_run.cpp:142 [Action][Run][datascrubbing.task]
2024-10-03T21:00:01+08:00 Synology_NAS synoschedmultirun[10554]: schedmulti_task_run.cpp:160 [Action][Ran][datascrubbing.task][0]
2024-10-03T22:00:01+08:00 Synology_NAS CROND[15677]: do_command.c:197 /usr/syno/bin/synoschedmultirun datascrubbing.task
2024-10-03T22:00:01+08:00 Synology_NAS synoschedmultirun[15677]: schedmulti_task_run.cpp:142 [Action][Run][datascrubbing.task]
2024-10-03T22:00:01+08:00 Synology_NAS synoschedmultirun[15677]: schedmulti_task_run.cpp:160 [Action][Ran][datascrubbing.task][0]
2024-10-03T23:00:01+08:00 Synology_NAS CROND[20619]: do_command.c:197 /usr/syno/bin/synoschedmultirun datascrubbing.task
2024-10-03T23:00:01+08:00 Synology_NAS synoschedmultirun[20619]: schedmulti_task_run.cpp:142 [Action][Run][datascrubbing.task]
2024-10-03T23:00:01+08:00 Synology_NAS synoschedmultirun[20619]: schedmulti_task_run.cpp:160 [Action][Ran][datascrubbing.task][0]
2024-10-04T04:00:01+08:00 Synology_NAS CROND[31873]: do_command.c:197 /usr/syno/bin/synoschedmultirun datascrubbing.task
2024-10-04T04:00:01+08:00 Synology_NAS synoschedmultirun[31873]: schedmulti_task_run.cpp:142 [Action][Run][datascrubbing.task]
2024-10-04T04:00:01+08:00 Synology_NAS synoschedmultirun[31873]: schedmulti_task_run.cpp:160 [Action][Ran][datascrubbing.task][0]
2024-10-04T05:00:01+08:00 Synology_NAS CROND[3896]: do_command.c:197 /usr/syno/bin/synoschedmultirun datascrubbing.task
2024-10-04T05:00:01+08:00 Synology_NAS synoschedmultirun[3896]: schedmulti_task_run.cpp:142 [Action][Run][datascrubbing.task]
2024-10-04T05:00:01+08:00 Synology_NAS synoschedmultirun[3896]: schedmulti_task_run.cpp:160 [Action][Ran][datascrubbing.task][0]
2024-10-04T06:00:01+08:00 Synology_NAS CROND[8608]: do_command.c:197 /usr/syno/bin/synoschedmultirun datascrubbing.task
2024-10-04T06:00:01+08:00 Synology_NAS synoschedmultirun[8608]: schedmulti_task_run.cpp:142 [Action][Run][datascrubbing.task]
2024-10-04T06:00:01+08:00 Synology_NAS synoschedmultirun[8608]: schedmulti_task_run.cpp:160 [Action][Ran][datascrubbing.task][0]
2024-10-04T07:00:01+08:00 Synology_NAS CROND[13469]: do_command.c:197 /usr/syno/bin/synoschedmultirun datascrubbing.task
2024-10-04T07:00:01+08:00 Synology_NAS synoschedmultirun[13469]: schedmulti_task_run.cpp:142 [Action][Run][datascrubbing.task]
2024-10-04T07:00:01+08:00 Synology_NAS synoschedmultirun[13469]: schedmulti_task_run.cpp:160 [Action][Ran][datascrubbing.task][0]
2024-10-04T08:00:01+08:00 Synology_NAS CROND[18126]: do_command.c:197 /usr/syno/bin/synoschedmultirun datascrubbing.task
2024-10-04T08:00:01+08:00 Synology_NAS synoschedmultirun[18126]: schedmulti_task_run.cpp:142 [Action][Run][datascrubbing.task]
2024-10-04T08:00:01+08:00 Synology_NAS synoschedmultirun[18126]: schedmulti_task_run.cpp:160 [Action][Ran][datascrubbing.task][0]
2024-10-04T09:00:01+08:00 Synology_NAS CROND[22884]: do_command.c:197 /usr/syno/bin/synoschedmultirun datascrubbing.task
2024-10-04T09:00:01+08:00 Synology_NAS synoschedmultirun[22884]: schedmulti_task_run.cpp:142 [Action][Run][datascrubbing.task]
2024-10-04T09:00:01+08:00 Synology_NAS synoschedmultirun[22884]: schedmulti_task_run.cpp:160 [Action][Ran][datascrubbing.task][0]
2024-10-04T10:00:01+08:00 Synology_NAS CROND[27505]: do_command.c:197 /usr/syno/bin/synoschedmultirun datascrubbing.task
2024-10-04T10:00:01+08:00 Synology_NAS synoschedmultirun[27505]: schedmulti_task_run.cpp:142 [Action][Run][datascrubbing.task]
2024-10-04T10:00:01+08:00 Synology_NAS synoschedmultirun[27505]: schedmulti_task_run.cpp:160 [Action][Ran][datascrubbing.task][0]
2024-10-04T11:00:01+08:00 Synology_NAS CROND[32250]: do_command.c:197 /usr/syno/bin/synoschedmultirun datascrubbing.task
2024-10-04T11:00:01+08:00 Synology_NAS synoschedmultirun[32250]: schedmulti_task_run.cpp:142 [Action][Run][datascrubbing.task]
2024-10-04T11:00:01+08:00 Synology_NAS synoschedmultirun[32250]: schedmulti_task_run.cpp:160 [Action][Ran][datascrubbing.task][0]
2024-10-04T12:00:01+08:00 Synology_NAS CROND[4642]: do_command.c:197 /usr/syno/bin/synoschedmultirun datascrubbing.task
2024-10-04T12:00:01+08:00 Synology_NAS synoschedmultirun[4642]: schedmulti_task_run.cpp:142 [Action][Run][datascrubbing.task]
2024-10-04T12:00:01+08:00 Synology_NAS synoschedmultirun[4642]: schedmulti_task_run.cpp:160 [Action][Ran][datascrubbing.task][0]
2024-10-04T13:00:01+08:00 Synology_NAS CROND[10307]: do_command.c:197 /usr/syno/bin/synoschedmultirun datascrubbing.task
2024-10-04T13:00:01+08:00 Synology_NAS synoschedmultirun[10307]: schedmulti_task_run.cpp:142 [Action][Run][datascrubbing.task]
2024-10-04T13:00:01+08:00 Synology_NAS synoschedmultirun[10307]: schedmulti_task_run.cpp:160 [Action][Ran][datascrubbing.task][0]
2024-10-04T14:00:01+08:00 Synology_NAS CROND[15283]: do_command.c:197 /usr/syno/bin/synoschedmultirun datascrubbing.task
2024-10-04T14:00:01+08:00 Synology_NAS synoschedmultirun[15283]: schedmulti_task_run.cpp:142 [Action][Run][datascrubbing.task]
2024-10-04T14:00:01+08:00 Synology_NAS synoschedmultirun[15283]: schedmulti_task_run.cpp:160 [Action][Ran][datascrubbing.task][0]
2024-10-04T15:00:01+08:00 Synology_NAS CROND[19935]: do_command.c:197 /usr/syno/bin/synoschedmultirun datascrubbing.task
2024-10-04T15:00:01+08:00 Synology_NAS synoschedmultirun[19935]: schedmulti_task_run.cpp:142 [Action][Run][datascrubbing.task]
2024-10-04T15:00:01+08:00 Synology_NAS synoschedmultirun[19935]: schedmulti_task_run.cpp:160 [Action][Ran][datascrubbing.task][0]
2024-10-04T16:00:01+08:00 Synology_NAS CROND[24824]: do_command.c:197 /usr/syno/bin/synoschedmultirun datascrubbing.task
2024-10-04T16:00:01+08:00 Synology_NAS synoschedmultirun[24824]: schedmulti_task_run.cpp:142 [Action][Run][datascrubbing.task]
2024-10-04T16:00:01+08:00 Synology_NAS synoschedmultirun[24824]: schedmulti_task_run.cpp:160 [Action][Ran][datascrubbing.task][0]
2024-10-04T17:00:01+08:00 Synology_NAS CROND[30046]: do_command.c:197 /usr/syno/bin/synoschedmultirun datascrubbing.task
2024-10-04T17:00:01+08:00 Synology_NAS synoschedmultirun[30046]: schedmulti_task_run.cpp:142 [Action][Run][datascrubbing.task]
2024-10-04T17:00:01+08:00 Synology_NAS synoschedmultirun[30046]: schedmulti_task_run.cpp:160 [Action][Ran][datascrubbing.task][0]
2024-10-04T18:00:01+08:00 Synology_NAS CROND[2340]: do_command.c:197 /usr/syno/bin/synoschedmultirun datascrubbing.task
2024-10-04T18:00:01+08:00 Synology_NAS synoschedmultirun[2340]: schedmulti_task_run.cpp:142 [Action][Run][datascrubbing.task]
2024-10-04T18:00:01+08:00 Synology_NAS synoschedmultirun[2340]: schedmulti_task_run.cpp:160 [Action][Ran][datascrubbing.task][0]
2024-10-04T19:00:01+08:00 Synology_NAS CROND[7120]: do_command.c:197 /usr/syno/bin/synoschedmultirun datascrubbing.task
2024-10-04T19:00:01+08:00 Synology_NAS synoschedmultirun[7120]: schedmulti_task_run.cpp:142 [Action][Run][datascrubbing.task]
2024-10-04T19:00:01+08:00 Synology_NAS synoschedmultirun[7120]: schedmulti_task_run.cpp:160 [Action][Ran][datascrubbing.task][0]
2024-10-04T20:00:01+08:00 Synology_NAS CROND[11877]: do_command.c:197 /usr/syno/bin/synoschedmultirun datascrubbing.task
2024-10-04T20:00:01+08:00 Synology_NAS synoschedmultirun[11877]: schedmulti_task_run.cpp:142 [Action][Run][datascrubbing.task]
2024-10-04T20:00:01+08:00 Synology_NAS synoschedmultirun[11877]: schedmulti_task_run.cpp:160 [Action][Ran][datascrubbing.task][0]
2024-10-04T21:00:01+08:00 Synology_NAS CROND[16804]: do_command.c:197 /usr/syno/bin/synoschedmultirun datascrubbing.task
2024-10-04T21:00:01+08:00 Synology_NAS synoschedmultirun[16804]: schedmulti_task_run.cpp:142 [Action][Run][datascrubbing.task]
2024-10-04T21:00:01+08:00 Synology_NAS synoschedmultirun[16804]: schedmulti_task_run.cpp:160 [Action][Ran][datascrubbing.task][0]
2024-10-04T22:00:01+08:00 Synology_NAS CROND[21947]: do_command.c:197 /usr/syno/bin/synoschedmultirun datascrubbing.task
2024-10-04T22:00:01+08:00 Synology_NAS synoschedmultirun[21947]: schedmulti_task_run.cpp:142 [Action][Run][datascrubbing.task]
2024-10-04T22:00:01+08:00 Synology_NAS synoschedmultirun[21947]: schedmulti_task_run.cpp:160 [Action][Ran][datascrubbing.task][0]
2024-10-04T23:00:01+08:00 Synology_NAS CROND[26957]: do_command.c:197 /usr/syno/bin/synoschedmultirun datascrubbing.task
2024-10-04T23:00:01+08:00 Synology_NAS synoschedmultirun[26957]: schedmulti_task_run.cpp:142 [Action][Run][datascrubbing.task]
2024-10-04T23:00:01+08:00 Synology_NAS synoschedmultirun[26957]: schedmulti_task_run.cpp:160 [Action][Ran][datascrubbing.task][0]
2024-10-07T04:00:01+08:00 Yasuraokaa_Site CROND[11024]: do_command.c:197 /usr/syno/bin/synoschedmultirun datascrubbing.task
2024-10-07T04:00:01+08:00 Yasuraokaa_Site synoschedmultirun[11024]: schedmulti_task_run.cpp:142 [Action][Run][datascrubbing.task]
2024-10-07T04:00:01+08:00 Yasuraokaa_Site synoschedmultirun[11024]: schedmulti_task_run.cpp:160 [Action][Ran][datascrubbing.task][0]
2024-10-07T05:00:01+08:00 Yasuraokaa_Site CROND[2016]: do_command.c:197 /usr/syno/bin/synoschedmultirun datascrubbing.task
2024-10-07T05:00:01+08:00 Yasuraokaa_Site synoschedmultirun[2016]: schedmulti_task_run.cpp:142 [Action][Run][datascrubbing.task]
2024-10-07T05:00:01+08:00 Yasuraokaa_Site synoschedmultirun[2016]: schedmulti_task_run.cpp:160 [Action][Ran][datascrubbing.task][0]
2024-10-07T06:00:01+08:00 Yasuraokaa_Site CROND[14842]: do_command.c:197 /usr/syno/bin/synoschedmultirun datascrubbing.task
2024-10-07T06:00:01+08:00 Yasuraokaa_Site synoschedmultirun[14842]: schedmulti_task_run.cpp:142 [Action][Run][datascrubbing.task]
2024-10-07T06:00:01+08:00 Yasuraokaa_Site synoschedmultirun[14842]: schedmulti_task_run.cpp:160 [Action][Ran][datascrubbing.task][0]
2024-10-07T07:00:01+08:00 Yasuraokaa_Site CROND[30854]: do_command.c:197 /usr/syno/bin/synoschedmultirun datascrubbing.task
2024-10-07T07:00:01+08:00 Yasuraokaa_Site synoschedmultirun[30854]: schedmulti_task_run.cpp:142 [Action][Run][datascrubbing.task]
2024-10-07T07:00:01+08:00 Yasuraokaa_Site synoschedmultirun[30854]: schedmulti_task_run.cpp:160 [Action][Ran][datascrubbing.task][0]
2024-10-07T08:00:01+08:00 Yasuraokaa_Site CROND[24632]: do_command.c:197 /usr/syno/bin/synoschedmultirun datascrubbing.task
2024-10-07T08:00:01+08:00 Yasuraokaa_Site synoschedmultirun[24632]: schedmulti_task_run.cpp:142 [Action][Run][datascrubbing.task]
2024-10-07T08:00:01+08:00 Yasuraokaa_Site synoschedmultirun[24632]: schedmulti_task_run.cpp:160 [Action][Ran][datascrubbing.task][0]
2024-10-07T09:00:01+08:00 Yasuraokaa_Site CROND[12175]: do_command.c:197 /usr/syno/bin/synoschedmultirun datascrubbing.task
2024-10-07T09:00:01+08:00 Yasuraokaa_Site synoschedmultirun[12175]: schedmulti_task_run.cpp:142 [Action][Run][datascrubbing.task]
2024-10-07T09:00:01+08:00 Yasuraokaa_Site synoschedmultirun[12175]: schedmulti_task_run.cpp:160 [Action][Ran][datascrubbing.task][0]
2024-10-07T10:00:01+08:00 Yasuraokaa_Site CROND[10616]: do_command.c:197 /usr/syno/bin/synoschedmultirun datascrubbing.task
2024-10-07T10:00:01+08:00 Yasuraokaa_Site synoschedmultirun[10616]: schedmulti_task_run.cpp:142 [Action][Run][datascrubbing.task]
2024-10-07T10:00:01+08:00 Yasuraokaa_Site synoschedmultirun[10616]: schedmulti_task_run.cpp:160 [Action][Ran][datascrubbing.task][0]
2024-10-07T11:00:01+08:00 Yasuraokaa_Site CROND[7715]: do_command.c:197 /usr/syno/bin/synoschedmultirun datascrubbing.task
2024-10-07T11:00:01+08:00 Yasuraokaa_Site synoschedmultirun[7715]: schedmulti_task_run.cpp:142 [Action][Run][datascrubbing.task]
2024-10-07T11:00:01+08:00 Yasuraokaa_Site synoschedmultirun[7715]: schedmulti_task_run.cpp:160 [Action][Ran][datascrubbing.task][0]
2024-10-07T12:00:01+08:00 Yasuraokaa_Site CROND[6500]: do_command.c:197 /usr/syno/bin/synoschedmultirun datascrubbing.task
2024-10-07T12:00:01+08:00 Yasuraokaa_Site synoschedmultirun[6500]: schedmulti_task_run.cpp:142 [Action][Run][datascrubbing.task]
2024-10-07T12:00:01+08:00 Yasuraokaa_Site synoschedmultirun[6500]: schedmulti_task_run.cpp:160 [Action][Ran][datascrubbing.task][0]
2024-10-07T13:00:01+08:00 Yasuraokaa_Site CROND[17482]: do_command.c:197 /usr/syno/bin/synoschedmultirun datascrubbing.task
2024-10-07T13:00:01+08:00 Yasuraokaa_Site synoschedmultirun[17482]: schedmulti_task_run.cpp:142 [Action][Run][datascrubbing.task]
2024-10-07T13:00:01+08:00 Yasuraokaa_Site synoschedmultirun[17482]: schedmulti_task_run.cpp:160 [Action][Ran][datascrubbing.task][0]
2024-10-07T14:00:01+08:00 Yasuraokaa_Site CROND[26460]: do_command.c:197 /usr/syno/bin/synoschedmultirun datascrubbing.task
2024-10-07T14:00:01+08:00 Yasuraokaa_Site synoschedmultirun[26460]: schedmulti_task_run.cpp:142 [Action][Run][datascrubbing.task]
2024-10-07T14:00:01+08:00 Yasuraokaa_Site synoschedmultirun[26460]: schedmulti_task_run.cpp:160 [Action][Ran][datascrubbing.task][0]
2024-10-07T15:00:01+08:00 Yasuraokaa_Site CROND[4792]: do_command.c:197 /usr/syno/bin/synoschedmultirun datascrubbing.task
2024-10-07T15:00:01+08:00 Yasuraokaa_Site synoschedmultirun[4792]: schedmulti_task_run.cpp:142 [Action][Run][datascrubbing.task]
2024-10-07T15:00:01+08:00 Yasuraokaa_Site synoschedmultirun[4792]: schedmulti_task_run.cpp:160 [Action][Ran][datascrubbing.task][0]
2024-10-07T16:00:01+08:00 Yasuraokaa_Site CROND[24904]: do_command.c:197 /usr/syno/bin/synoschedmultirun datascrubbing.task
2024-10-07T16:00:01+08:00 Yasuraokaa_Site synoschedmultirun[24904]: schedmulti_task_run.cpp:142 [Action][Run][datascrubbing.task]
2024-10-07T16:00:01+08:00 Yasuraokaa_Site synoschedmultirun[24904]: schedmulti_task_run.cpp:160 [Action][Ran][datascrubbing.task][0]
2024-10-07T17:00:01+08:00 Yasuraokaa_Site CROND[25906]: do_command.c:197 /usr/syno/bin/synoschedmultirun datascrubbing.task
2024-10-07T17:00:01+08:00 Yasuraokaa_Site synoschedmultirun[25906]: schedmulti_task_run.cpp:142 [Action][Run][datascrubbing.task]
2024-10-07T17:00:01+08:00 Yasuraokaa_Site synoschedmultirun[25906]: schedmulti_task_run.cpp:160 [Action][Ran][datascrubbing.task][0]
2024-10-07T18:00:01+08:00 Yasuraokaa_Site CROND[29261]: do_command.c:197 /usr/syno/bin/synoschedmultirun datascrubbing.task
2024-10-07T18:00:01+08:00 Yasuraokaa_Site synoschedmultirun[29261]: schedmulti_task_run.cpp:142 [Action][Run][datascrubbing.task]
2024-10-07T18:00:01+08:00 Yasuraokaa_Site synoschedmultirun[29261]: schedmulti_task_run.cpp:160 [Action][Ran][datascrubbing.task][0]
2024-10-07T19:00:01+08:00 Yasuraokaa_Site CROND[30747]: do_command.c:197 /usr/syno/bin/synoschedmultirun datascrubbing.task
2024-10-07T19:00:01+08:00 Yasuraokaa_Site synoschedmultirun[30747]: schedmulti_task_run.cpp:142 [Action][Run][datascrubbing.task]
2024-10-07T19:00:01+08:00 Yasuraokaa_Site synoschedmultirun[30747]: schedmulti_task_run.cpp:160 [Action][Ran][datascrubbing.task][0]
2024-10-07T20:00:01+08:00 Yasuraokaa_Site CROND[4273]: do_command.c:197 /usr/syno/bin/synoschedmultirun datascrubbing.task
2024-10-07T20:00:01+08:00 Yasuraokaa_Site synoschedmultirun[4273]: schedmulti_task_run.cpp:142 [Action][Run][datascrubbing.task]
2024-10-07T20:00:01+08:00 Yasuraokaa_Site synoschedmultirun[4273]: schedmulti_task_run.cpp:160 [Action][Ran][datascrubbing.task][0]
2024-10-07T21:00:01+08:00 Yasuraokaa_Site CROND[21654]: do_command.c:197 /usr/syno/bin/synoschedmultirun datascrubbing.task
2024-10-07T21:00:01+08:00 Yasuraokaa_Site synoschedmultirun[21654]: schedmulti_task_run.cpp:142 [Action][Run][datascrubbing.task]
2024-10-07T21:00:01+08:00 Yasuraokaa_Site synoschedmultirun[21654]: schedmulti_task_run.cpp:160 [Action][Ran][datascrubbing.task][0]
2024-10-07T22:00:01+08:00 Yasuraokaa_Site CROND[4572]: do_command.c:197 /usr/syno/bin/synoschedmultirun datascrubbing.task
2024-10-07T22:00:01+08:00 Yasuraokaa_Site synoschedmultirun[4572]: schedmulti_task_run.cpp:142 [Action][Run][datascrubbing.task]
2024-10-07T22:00:01+08:00 Yasuraokaa_Site synoschedmultirun[4572]: schedmulti_task_run.cpp:160 [Action][Ran][datascrubbing.task][0]
2024-10-07T23:00:01+08:00 Yasuraokaa_Site CROND[6654]: do_command.c:197 /usr/syno/bin/synoschedmultirun datascrubbing.task
2024-10-07T23:00:01+08:00 Yasuraokaa_Site synoschedmultirun[6654]: schedmulti_task_run.cpp:142 [Action][Run][datascrubbing.task]
2024-10-07T23:00:01+08:00 Yasuraokaa_Site synoschedmultirun[6654]: schedmulti_task_run.cpp:160 [Action][Ran][datascrubbing.task][0]
2024-10-08T04:00:01+08:00 Yasuraokaa_Site CROND[14823]: do_command.c:197 /usr/syno/bin/synoschedmultirun datascrubbing.task
2024-10-08T04:00:01+08:00 Yasuraokaa_Site synoschedmultirun[14823]: schedmulti_task_run.cpp:142 [Action][Run][datascrubbing.task]
2024-10-08T04:00:01+08:00 Yasuraokaa_Site synoschedmultirun[14823]: schedmulti_task_run.cpp:160 [Action][Ran][datascrubbing.task][0]
2024-10-08T05:00:01+08:00 Yasuraokaa_Site CROND[24398]: do_command.c:197 /usr/syno/bin/synoschedmultirun datascrubbing.task
2024-10-08T05:00:01+08:00 Yasuraokaa_Site synoschedmultirun[24398]: schedmulti_task_run.cpp:142 [Action][Run][datascrubbing.task]
2024-10-08T05:00:01+08:00 Yasuraokaa_Site synoschedmultirun[24398]: schedmulti_task_run.cpp:160 [Action][Ran][datascrubbing.task][0]
2024-10-08T06:00:01+08:00 Yasuraokaa_Site CROND[20281]: do_command.c:197 /usr/syno/bin/synoschedmultirun datascrubbing.task
2024-10-08T06:00:01+08:00 Yasuraokaa_Site synoschedmultirun[20281]: schedmulti_task_run.cpp:142 [Action][Run][datascrubbing.task]
2024-10-08T06:00:01+08:00 Yasuraokaa_Site synoschedmultirun[20281]: schedmulti_task_run.cpp:160 [Action][Ran][datascrubbing.task][0]
2024-10-08T07:00:01+08:00 Yasuraokaa_Site CROND[3598]: do_command.c:197 /usr/syno/bin/synoschedmultirun datascrubbing.task
2024-10-08T07:00:01+08:00 Yasuraokaa_Site synoschedmultirun[3598]: schedmulti_task_run.cpp:142 [Action][Run][datascrubbing.task]
2024-10-08T07:00:01+08:00 Yasuraokaa_Site synoschedmultirun[3598]: schedmulti_task_run.cpp:160 [Action][Ran][datascrubbing.task][0]
2024-10-08T08:00:01+08:00 Yasuraokaa_Site CROND[1295]: do_command.c:197 /usr/syno/bin/synoschedmultirun datascrubbing.task
2024-10-08T08:00:01+08:00 Yasuraokaa_Site synoschedmultirun[1295]: schedmulti_task_run.cpp:142 [Action][Run][datascrubbing.task]
2024-10-08T08:00:01+08:00 Yasuraokaa_Site synoschedmultirun[1295]: schedmulti_task_run.cpp:160 [Action][Ran][datascrubbing.task][0]
2024-10-08T09:00:01+08:00 Yasuraokaa_Site CROND[29328]: do_command.c:197 /usr/syno/bin/synoschedmultirun datascrubbing.task
2024-10-08T09:00:01+08:00 Yasuraokaa_Site synoschedmultirun[29328]: schedmulti_task_run.cpp:142 [Action][Run][datascrubbing.task]
2024-10-08T09:00:01+08:00 Yasuraokaa_Site synoschedmultirun[29328]: schedmulti_task_run.cpp:160 [Action][Ran][datascrubbing.task][0]
2024-10-08T10:00:01+08:00 Yasuraokaa_Site CROND[25098]: do_command.c:197 /usr/syno/bin/synoschedmultirun datascrubbing.task
2024-10-08T10:00:01+08:00 Yasuraokaa_Site synoschedmultirun[25098]: schedmulti_task_run.cpp:142 [Action][Run][datascrubbing.task]
2024-10-08T10:00:01+08:00 Yasuraokaa_Site synoschedmultirun[25098]: schedmulti_task_run.cpp:160 [Action][Ran][datascrubbing.task][0]
2024-10-08T11:00:01+08:00 Yasuraokaa_Site CROND[7678]: do_command.c:197 /usr/syno/bin/synoschedmultirun datascrubbing.task
2024-10-08T11:00:01+08:00 Yasuraokaa_Site synoschedmultirun[7678]: schedmulti_task_run.cpp:142 [Action][Run][datascrubbing.task]
2024-10-08T11:00:01+08:00 Yasuraokaa_Site synoschedmultirun[7678]: schedmulti_task_run.cpp:160 [Action][Ran][datascrubbing.task][0]
2024-10-08T12:00:01+08:00 Yasuraokaa_Site CROND[27822]: do_command.c:197 /usr/syno/bin/synoschedmultirun datascrubbing.task
2024-10-08T12:00:01+08:00 Yasuraokaa_Site synoschedmultirun[27822]: schedmulti_task_run.cpp:142 [Action][Run][datascrubbing.task]
2024-10-08T12:00:01+08:00 Yasuraokaa_Site synoschedmultirun[27822]: schedmulti_task_run.cpp:160 [Action][Ran][datascrubbing.task][0]
2024-10-08T13:00:01+08:00 Yasuraokaa_Site CROND[12145]: do_command.c:197 /usr/syno/bin/synoschedmultirun datascrubbing.task
2024-10-08T13:00:01+08:00 Yasuraokaa_Site synoschedmultirun[12145]: schedmulti_task_run.cpp:142 [Action][Run][datascrubbing.task]
2024-10-08T13:00:01+08:00 Yasuraokaa_Site synoschedmultirun[12145]: schedmulti_task_run.cpp:160 [Action][Ran][datascrubbing.task][0]
2024-10-08T14:00:01+08:00 Yasuraokaa_Site CROND[28145]: do_command.c:197 /usr/syno/bin/synoschedmultirun datascrubbing.task
2024-10-08T14:00:01+08:00 Yasuraokaa_Site synoschedmultirun[28145]: schedmulti_task_run.cpp:142 [Action][Run][datascrubbing.task]
2024-10-08T14:00:01+08:00 Yasuraokaa_Site synoschedmultirun[28145]: schedmulti_task_run.cpp:160 [Action][Ran][datascrubbing.task][0]
2024-10-08T15:00:01+08:00 Yasuraokaa_Site CROND[11707]: do_command.c:197 /usr/syno/bin/synoschedmultirun datascrubbing.task
2024-10-08T15:00:01+08:00 Yasuraokaa_Site synoschedmultirun[11707]: schedmulti_task_run.cpp:142 [Action][Run][datascrubbing.task]
2024-10-08T15:00:01+08:00 Yasuraokaa_Site synoschedmultirun[11707]: schedmulti_task_run.cpp:160 [Action][Ran][datascrubbing.task][0]
2024-10-08T16:00:01+08:00 Yasuraokaa_Site CROND[32717]: do_command.c:197 /usr/syno/bin/synoschedmultirun datascrubbing.task
2024-10-08T16:00:01+08:00 Yasuraokaa_Site synoschedmultirun[32717]: schedmulti_task_run.cpp:142 [Action][Run][datascrubbing.task]
2024-10-08T16:00:01+08:00 Yasuraokaa_Site synoschedmultirun[32717]: schedmulti_task_run.cpp:160 [Action][Ran][datascrubbing.task][0]
2024-10-08T17:00:01+08:00 Yasuraokaa_Site CROND[4140]: do_command.c:197 /usr/syno/bin/synoschedmultirun datascrubbing.task
2024-10-08T17:00:01+08:00 Yasuraokaa_Site synoschedmultirun[4140]: schedmulti_task_run.cpp:142 [Action][Run][datascrubbing.task]
2024-10-08T17:00:01+08:00 Yasuraokaa_Site synoschedmultirun[4140]: schedmulti_task_run.cpp:160 [Action][Ran][datascrubbing.task][0]
2024-10-08T18:00:01+08:00 Yasuraokaa_Site CROND[13940]: do_command.c:197 /usr/syno/bin/synoschedmultirun datascrubbing.task
2024-10-08T18:00:01+08:00 Yasuraokaa_Site synoschedmultirun[13940]: schedmulti_task_run.cpp:142 [Action][Run][datascrubbing.task]
2024-10-08T18:00:01+08:00 Yasuraokaa_Site synoschedmultirun[13940]: schedmulti_task_run.cpp:160 [Action][Ran][datascrubbing.task][0]
2024-10-08T19:00:01+08:00 Yasuraokaa_Site CROND[23298]: do_command.c:197 /usr/syno/bin/synoschedmultirun datascrubbing.task
2024-10-08T19:00:01+08:00 Yasuraokaa_Site synoschedmultirun[23298]: schedmulti_task_run.cpp:142 [Action][Run][datascrubbing.task]
2024-10-08T19:00:01+08:00 Yasuraokaa_Site synoschedmultirun[23298]: schedmulti_task_run.cpp:160 [Action][Ran][datascrubbing.task][0]
2024-10-08T20:00:01+08:00 Yasuraokaa_Site CROND[29331]: do_command.c:197 /usr/syno/bin/synoschedmultirun datascrubbing.task
2024-10-08T20:00:01+08:00 Yasuraokaa_Site synoschedmultirun[29331]: schedmulti_task_run.cpp:142 [Action][Run][datascrubbing.task]
2024-10-08T20:00:01+08:00 Yasuraokaa_Site synoschedmultirun[29331]: schedmulti_task_run.cpp:160 [Action][Ran][datascrubbing.task][0]
2024-10-08T21:00:01+08:00 Yasuraokaa_Site CROND[1806]: do_command.c:197 /usr/syno/bin/synoschedmultirun datascrubbing.task
2024-10-08T21:00:01+08:00 Yasuraokaa_Site synoschedmultirun[1806]: schedmulti_task_run.cpp:142 [Action][Run][datascrubbing.task]
2024-10-08T21:00:01+08:00 Yasuraokaa_Site synoschedmultirun[1806]: schedmulti_task_run.cpp:160 [Action][Ran][datascrubbing.task][0]
2024-10-08T22:00:01+08:00 Yasuraokaa_Site CROND[19958]: do_command.c:197 /usr/syno/bin/synoschedmultirun datascrubbing.task
2024-10-08T22:00:01+08:00 Yasuraokaa_Site synoschedmultirun[19958]: schedmulti_task_run.cpp:142 [Action][Run][datascrubbing.task]
2024-10-08T22:00:01+08:00 Yasuraokaa_Site synoschedmultirun[19958]: schedmulti_task_run.cpp:160 [Action][Ran][datascrubbing.task][0]
2024-10-08T23:00:01+08:00 Yasuraokaa_Site CROND[8667]: do_command.c:197 /usr/syno/bin/synoschedmultirun datascrubbing.task
2024-10-08T23:00:01+08:00 Yasuraokaa_Site synoschedmultirun[8667]: schedmulti_task_run.cpp:142 [Action][Run][datascrubbing.task]
2024-10-08T23:00:01+08:00 Yasuraokaa_Site synoschedmultirun[8667]: schedmulti_task_run.cpp:160 [Action][Ran][datascrubbing.task][0]
2024-10-09T04:00:01+08:00 Yasuraokaa_Site CROND[22096]: do_command.c:197 /usr/syno/bin/synoschedmultirun datascrubbing.task
2024-10-09T04:00:01+08:00 Yasuraokaa_Site synoschedmultirun[22096]: schedmulti_task_run.cpp:142 [Action][Run][datascrubbing.task]
2024-10-09T04:00:01+08:00 Yasuraokaa_Site synoschedmultirun[22096]: schedmulti_task_run.cpp:160 [Action][Ran][datascrubbing.task][0]
2024-10-09T04:33:32+08:00 Yasuraokaa_Site synostgreclaim[14346]: schedmulti_task.cpp:235 [Action][Edit][spacereclaim.task]
2024-10-09T04:33:32+08:00 Yasuraokaa_Site synoraidtool[14336]: schedmulti_task.cpp:206 [Action][Remove][datascrubbing.task]
2024-11-05T07:06:39+08:00 Yasuraokaa_Site synostgreclaim[14365]: schedmulti_task.cpp:235 [Action][Edit][spacereclaim.task]
2024-11-05T07:06:39+08:00 Yasuraokaa_Site synoraidtool[14361]: public/synomultischeduler.cpp:167 Attempted to load non-existent task [datascrubbing.task]
2024-11-05T07:52:40+08:00 Yasuraokaa_Site sudo[2823]: Yasuraokaa : (command continued) /var/log/synofeasibilitycheck.log /var/log/synoindex.log /var/log/synoinstall-synoarchive.log /var/log/synoinstall.log /var/log/synolog /var/log/synologydrive.log /var/log/synomibclient /var/log/synopkg.log /var/log/synopkgmgr.log /var/log/synoplugin.log /var/log/synoplugin.log.1.xz /var/log/synoplugin.log.2.xz /var/log/synoplugin.log.3.xz /var/log/synoplugin.log.4.xz /var/log/synoplugin.log.5.xz /var/log/synoplugin.log.6.xz /var/log/synoplugin.log.7.xz /var/log/synoplugin.log.8.xz /var/log/synopoweroff.log /var/log/synoscgi.log /var/log/synoscgi.log.1.xz /var/log/synoscgi.log.2.xz /var/log/synoschedmulti.log /var/log/synoscheduled.log /var/log/synoscheduler.log /var/log/synosnmpcd.log /var/log/synosystemd.log /var/log/synosystemd.log.1.xz /var/log/synotifyd.log /var/log/synoupdate.log /var/log/syslog.log /var/log/sysnotify.log /var/log/systemd /var/log/systemd.log /var/log/systemd.log.1.xz
