2024-09-08T17:17:01-07:00 SynologyNAS synostorage[14415]: sysnotify_send_notification.cpp:479 SYSNOTIFY: [StgMgrPluginDriveDetectedDuringBootup] was sent to desktop
2024-09-10T07:08:25+08:00 Synology_NAS synostorage[11553]: sysnotify_send_notification.cpp:479 SYSNOTIFY: [StgMgrPluginDriveDetectedDuringBootup] was sent to desktop
2024-09-10T20:16:34+08:00 Synology_NAS synocrond-job-builtin-synolegalnotifier-synolegalnotifier[32569]: sysnotify_send_notification.cpp:479 SYSNOTIFY: [PkgMgr_TOS_Updated] was sent to desktop
2024-09-10T20:16:34+08:00 Synology_NAS synocrond-job-builtin-synolegalnotifier-synolegalnotifier[32569]: sysnotify_send_notification.cpp:479 SYSNOTIFY: [PkgMgr_Privacy_Statement_Updated] was sent to desktop
2024-09-10T20:16:34+08:00 Synology_NAS synocrond-job-builtin-synolegalnotifier-synolegalnotifier[32569]: sysnotify_send_notification.cpp:479 SYSNOTIFY: [PkgMgr_Udc_Policy_Updated] was sent to desktop
2024-09-10T20:16:34+08:00 Synology_NAS synocrond-job-builtin-synolegalnotifier-synolegalnotifier[32569]: sysnotify_send_notification.cpp:479 SYSNOTIFY: [PkgMgr_EULA_Updated] was sent to desktop
2024-09-11T20:05:42+08:00 Synology_NAS synostorage[11859]: sysnotify_send_notification.cpp:479 SYSNOTIFY: [StgMgrPluginDriveDetectedDuringBootup] was sent to desktop
2024-09-11T20:05:44+08:00 Synology_NAS synostorage[11859]: sysnotify_send_notification.cpp:479 SYSNOTIFY: [StgMgrPluginDriveDetectedDuringBootup] was sent to desktop
2024-09-11T20:28:53+08:00 Synology_NAS synoscgi_SYNO.Storage.CGI.Volume_1_delete[3806]: sysnotify_send_notification.cpp:479 SYSNOTIFY: [StgMgrDeleteSpaceDone] was sent to desktop
2024-09-12T00:30:35+08:00 Synology_NAS synostorage[13460]: sysnotify_send_notification.cpp:479 SYSNOTIFY: [StgMgrPluginDriveDetectedDuringBootup] was sent to desktop
2024-09-12T10:47:35+08:00 Synology_NAS synoscgi_SYNO.Docker.Image_1_pull_start[17217]: sysnotify_send_notification.cpp:479 SYSNOTIFY: [docker_image_pull_complete] was sent to desktop
2024-09-13T04:23:44+08:00 Synology_NAS scemd[13746]: sysnotify_send_notification.cpp:479 SYSNOTIFY: [DataVolumeLowCapacity] was sent to desktop
2024-09-13T06:24:03+08:00 Synology_NAS scemd[13746]: sysnotify_send_notification.cpp:479 SYSNOTIFY: [DataVolumeLowCapacity] was sent to desktop
2024-09-13T06:28:05+08:00 Synology_NAS scemd[13746]: sysnotify_send_notification.cpp:479 SYSNOTIFY: [DataVolumeLowCapacity] was sent to desktop
2024-09-13T06:35:34+08:00 Synology_NAS scemd[13746]: sysnotify_send_notification.cpp:479 SYSNOTIFY: [DataVolumeLowCapacity] was sent to desktop
2024-09-13T06:42:50+08:00 Synology_NAS scemd[13746]: sysnotify_send_notification.cpp:479 SYSNOTIFY: [DataVolumeLowCapacity] was sent to desktop
2024-09-13T08:01:24+08:00 Synology_NAS scemd[13746]: sysnotify_send_notification.cpp:479 SYSNOTIFY: [DataVolumeLowCapacity] was sent to desktop
2024-09-13T08:02:21+08:00 Synology_NAS scemd[13746]: sysnotify_send_notification.cpp:479 SYSNOTIFY: [DataVolumeLowCapacity] was sent to desktop
2024-09-13T08:23:26+08:00 Synology_NAS scemd[13746]: sysnotify_send_notification.cpp:479 SYSNOTIFY: [DataVolumeLowCapacity] was sent to desktop
2024-09-13T09:17:38+08:00 Synology_NAS scemd[13746]: sysnotify_send_notification.cpp:479 SYSNOTIFY: [DataVolumeLowCapacity] was sent to desktop
2024-09-13T16:11:32+08:00 Synology_NAS scemd[13746]: sysnotify_send_notification.cpp:479 SYSNOTIFY: [DataVolumeLowCapacity] was sent to desktop
2024-09-13T16:14:55+08:00 Synology_NAS scemd[13746]: sysnotify_send_notification.cpp:479 SYSNOTIFY: [DataVolumeLowCapacity] was sent to desktop
2024-09-13T16:38:53+08:00 Synology_NAS scemd[13746]: sysnotify_send_notification.cpp:479 SYSNOTIFY: [DataVolumeLowCapacity] was sent to desktop
2024-09-14T05:38:31+08:00 Synology_NAS scemd[13746]: sysnotify_send_notification.cpp:479 SYSNOTIFY: [DataVolumeLowCapacity] was sent to desktop
2024-09-14T23:17:06+08:00 Synology_NAS synostorage[15383]: sysnotify_send_notification.cpp:479 SYSNOTIFY: [StgMgrPluginDriveDetectedDuringBootup] was sent to desktop
2024-09-15T00:01:05+08:00 Synology_NAS synoscgi_SYNO.Storage.CGI.Pool_1_delete[7968]: sysnotify_send_notification.cpp:479 SYSNOTIFY: [StgMgrDeleteSpaceDone] was sent to desktop
2024-09-15T01:22:10+08:00 Synology_NAS synonotify[14583]: sysnotify_send_notification.cpp:479 SYSNOTIFY: [ImproperShutdown] was sent to desktop
2024-09-15T01:22:12+08:00 Synology_NAS synospace[14837]: sysnotify_send_notification.cpp:479 SYSNOTIFY: [StgMgrScrubbingAbnormalShutdownNotify] was sent to desktop
2024-09-15T01:31:04+08:00 Synology_NAS synonotify[14780]: sysnotify_send_notification.cpp:479 SYSNOTIFY: [ImproperShutdownFrequently] was sent to desktop
2024-09-15T05:06:11+08:00 Synology_NAS synostgpool[10096]: sysnotify_send_notification.cpp:479 SYSNOTIFY: [StgMgrDetectedPoolMissing] was sent to desktop
2024-09-15T05:06:12+08:00 Synology_NAS synostgpool[10096]: sysnotify_send_notification.cpp:479 SYSNOTIFY: [StgMgrDetectedPoolMissing] was sent to desktop
2024-09-15T05:06:12+08:00 Synology_NAS synostgpool[10096]: sysnotify_send_notification.cpp:479 SYSNOTIFY: [StgMgrDetectedPoolMissing] was sent to desktop
2024-09-15T05:06:22+08:00 Synology_NAS synonotify[13034]: sysnotify_send_notification.cpp:479 SYSNOTIFY: [ImproperShutdownFrequently] was sent to desktop
2024-09-15T05:15:16+08:00 Synology_NAS synostgpool[11846]: sysnotify_send_notification.cpp:479 SYSNOTIFY: [StgMgrMissingPoolCanAssembleNotification] was sent to desktop
2024-09-15T05:15:16+08:00 Synology_NAS synostgpool[11846]: sysnotify_send_notification.cpp:479 SYSNOTIFY: [StgMgrMissingPoolCanAssembleNotification] was sent to desktop
2024-09-15T05:15:16+08:00 Synology_NAS synostgpool[11846]: sysnotify_send_notification.cpp:479 SYSNOTIFY: [StgMgrMissingPoolCanAssembleNotification] was sent to desktop
2024-09-15T05:15:25+08:00 Synology_NAS synonotify[15223]: sysnotify_send_notification.cpp:479 SYSNOTIFY: [ImproperShutdownFrequently] was sent to desktop
2024-09-15T05:15:28+08:00 Synology_NAS synospace[15624]: sysnotify_send_notification.cpp:479 SYSNOTIFY: [StgMgrScrubbingAbnormalShutdownNotify] was sent to desktop
2024-09-15T05:17:25+08:00 Synology_NAS synoraidtool[16893]: sysnotify_send_notification.cpp:479 SYSNOTIFY: [StgMgrScrubPoolDone] was sent to desktop
2024-09-20T07:51:37+08:00 Synology_NAS synostorage[15559]: sysnotify_send_notification.cpp:479 SYSNOTIFY: [StgMgrPluginDriveDetectedDuringBootup] was sent to desktop
2024-09-21T04:23:15+08:00 Synology_NAS scemd[16277]: sysnotify_send_notification.cpp:479 SYSNOTIFY: [DataVolumeLowCapacity] was sent to desktop
2024-09-21T05:03:42+08:00 Synology_NAS scemd[16277]: sysnotify_send_notification.cpp:479 SYSNOTIFY: [DataVolumeLowCapacity] was sent to desktop
2024-09-21T07:05:37+08:00 Synology_NAS hotplugd[14898]: sysnotify_send_notification.cpp:479 SYSNOTIFY: [DeviceEjectedImproperly] was sent to desktop
2024-09-23T09:55:42+08:00 Synology_NAS synocrond-job-builtin-synolegalnotifier-synolegalnotifier[32116]: sysnotify_send_notification.cpp:479 SYSNOTIFY: [PkgMgr_Privacy_Statement_Updated] was sent to desktop
2024-09-23T09:55:42+08:00 Synology_NAS synocrond-job-builtin-synolegalnotifier-synolegalnotifier[32116]: sysnotify_send_notification.cpp:479 SYSNOTIFY: [PkgMgr_Udc_Policy_Updated] was sent to desktop
2024-09-23T23:32:24+08:00 Synology_NAS synoscgi_SYNO.Docker.Image_1_pull_start[3372]: sysnotify_send_notification.cpp:479 SYSNOTIFY: [docker_image_pull_complete] was sent to desktop
2024-09-28T11:22:46+08:00 Synology_NAS synoscgi_SYNO.Docker.Image_1_pull_start[15169]: sysnotify_send_notification.cpp:479 SYSNOTIFY: [docker_image_pull_complete] was sent to desktop
2024-09-29T13:15:19+08:00 Synology_NAS synoscgi_SYNO.Docker.Image_1_pull_start[11003]: sysnotify_send_notification.cpp:479 SYSNOTIFY: [docker_image_pull_complete] was sent to desktop
2024-10-03T05:14:05+08:00 Synology_NAS synonotifycustom[30624]: sysnotify_send_notification.cpp:479 SYSNOTIFY: [SecurityScanAlarm] was sent to desktop
2024-10-05T02:43:42+08:00 Synology_NAS synoscgi_SYNO.Docker.Image_1_pull_start[2439]: sysnotify_send_notification.cpp:479 SYSNOTIFY: [docker_image_pull_complete] was sent to desktop
2024-10-05T03:29:31+08:00 Synology_NAS notify[13749]: sysnotify_send_notification.cpp:479 SYSNOTIFY: [docker_container_unexpected_exit] was sent to desktop
2024-10-05T03:31:25+08:00 Synology_NAS notify[16357]: sysnotify_send_notification.cpp:479 SYSNOTIFY: [docker_container_unexpected_exit] was sent to desktop
2024-10-05T07:41:42+08:00 Synology_NAS notify[2500]: sysnotify_send_notification.cpp:479 SYSNOTIFY: [docker_container_unexpected_exit] was sent to desktop
2024-10-05T08:35:06+08:00 Synology_NAS notify[15153]: sysnotify_send_notification.cpp:479 SYSNOTIFY: [docker_container_unexpected_exit] was sent to desktop
2024-10-05T08:41:03+08:00 Synology_NAS notify[21669]: sysnotify_send_notification.cpp:479 SYSNOTIFY: [docker_container_unexpected_exit] was sent to desktop
2024-10-05T09:14:04+08:00 Synology_NAS notify[8047]: sysnotify_send_notification.cpp:479 SYSNOTIFY: [docker_container_unexpected_exit] was sent to desktop
2024-10-05T09:14:21+08:00 Synology_NAS notify[8245]: sysnotify_send_notification.cpp:479 SYSNOTIFY: [docker_container_unexpected_exit] was sent to desktop
2024-10-05T09:15:17+08:00 Synology_NAS notify[8928]: sysnotify_send_notification.cpp:479 SYSNOTIFY: [docker_container_unexpected_exit] was sent to desktop
2024-10-05T09:15:30+08:00 Synology_NAS notify[9212]: sysnotify_send_notification.cpp:479 SYSNOTIFY: [docker_container_unexpected_exit] was sent to desktop
2024-10-05T09:15:42+08:00 Synology_NAS notify[9445]: sysnotify_send_notification.cpp:479 SYSNOTIFY: [docker_container_unexpected_exit] was sent to desktop
2024-10-05T09:15:54+08:00 Synology_NAS notify[9716]: sysnotify_send_notification.cpp:479 SYSNOTIFY: [docker_container_unexpected_exit] was sent to desktop
2024-10-05T09:16:13+08:00 Synology_NAS notify[9944]: sysnotify_send_notification.cpp:479 SYSNOTIFY: [docker_container_unexpected_exit] was sent to desktop
2024-10-05T09:16:29+08:00 Synology_NAS notify[10199]: sysnotify_send_notification.cpp:479 SYSNOTIFY: [docker_container_unexpected_exit] was sent to desktop
2024-10-05T09:16:42+08:00 Synology_NAS notify[10475]: sysnotify_send_notification.cpp:479 SYSNOTIFY: [docker_container_unexpected_exit] was sent to desktop
2024-10-05T09:16:55+08:00 Synology_NAS notify[10747]: sysnotify_send_notification.cpp:479 SYSNOTIFY: [docker_container_unexpected_exit] was sent to desktop
2024-10-05T09:17:09+08:00 Synology_NAS notify[10951]: sysnotify_send_notification.cpp:479 SYSNOTIFY: [docker_container_unexpected_exit] was sent to desktop
2024-10-05T09:17:37+08:00 Synology_NAS notify[11341]: sysnotify_send_notification.cpp:479 SYSNOTIFY: [docker_container_unexpected_exit] was sent to desktop
2024-10-05T09:18:26+08:00 Synology_NAS notify[11809]: sysnotify_send_notification.cpp:479 SYSNOTIFY: [docker_container_unexpected_exit] was sent to desktop
2024-10-05T09:19:27+08:00 Synology_NAS notify[12277]: sysnotify_send_notification.cpp:479 SYSNOTIFY: [docker_container_unexpected_exit] was sent to desktop
2024-10-05T09:20:27+08:00 Synology_NAS notify[12819]: sysnotify_send_notification.cpp:479 SYSNOTIFY: [docker_container_unexpected_exit] was sent to desktop
2024-10-05T09:21:30+08:00 Synology_NAS notify[13285]: sysnotify_send_notification.cpp:479 SYSNOTIFY: [docker_container_unexpected_exit] was sent to desktop
2024-10-05T09:22:36+08:00 Synology_NAS notify[13772]: sysnotify_send_notification.cpp:479 SYSNOTIFY: [docker_container_unexpected_exit] was sent to desktop
2024-10-05T09:23:31+08:00 Synology_NAS notify[14242]: sysnotify_send_notification.cpp:479 SYSNOTIFY: [docker_container_unexpected_exit] was sent to desktop
2024-10-05T09:24:35+08:00 Synology_NAS notify[14701]: sysnotify_send_notification.cpp:479 SYSNOTIFY: [docker_container_unexpected_exit] was sent to desktop
2024-10-05T09:25:34+08:00 Synology_NAS notify[15171]: sysnotify_send_notification.cpp:479 SYSNOTIFY: [docker_container_unexpected_exit] was sent to desktop
2024-10-05T09:26:38+08:00 Synology_NAS notify[15623]: sysnotify_send_notification.cpp:479 SYSNOTIFY: [docker_container_unexpected_exit] was sent to desktop
2024-10-05T09:27:37+08:00 Synology_NAS notify[16081]: sysnotify_send_notification.cpp:479 SYSNOTIFY: [docker_container_unexpected_exit] was sent to desktop
2024-10-05T09:28:37+08:00 Synology_NAS notify[16546]: sysnotify_send_notification.cpp:479 SYSNOTIFY: [docker_container_unexpected_exit] was sent to desktop
2024-10-05T09:29:38+08:00 Synology_NAS notify[17012]: sysnotify_send_notification.cpp:479 SYSNOTIFY: [docker_container_unexpected_exit] was sent to desktop
2024-10-05T09:30:38+08:00 Synology_NAS notify[17466]: sysnotify_send_notification.cpp:479 SYSNOTIFY: [docker_container_unexpected_exit] was sent to desktop
2024-10-05T09:31:38+08:00 Synology_NAS notify[17941]: sysnotify_send_notification.cpp:479 SYSNOTIFY: [docker_container_unexpected_exit] was sent to desktop
2024-10-05T09:32:45+08:00 Synology_NAS notify[18443]: sysnotify_send_notification.cpp:479 SYSNOTIFY: [docker_container_unexpected_exit] was sent to desktop
2024-10-05T09:33:41+08:00 Synology_NAS notify[18947]: sysnotify_send_notification.cpp:479 SYSNOTIFY: [docker_container_unexpected_exit] was sent to desktop
2024-10-05T09:34:53+08:00 Synology_NAS notify[19418]: sysnotify_send_notification.cpp:479 SYSNOTIFY: [docker_container_unexpected_exit] was sent to desktop
2024-10-05T09:35:45+08:00 Synology_NAS notify[19879]: sysnotify_send_notification.cpp:479 SYSNOTIFY: [docker_container_unexpected_exit] was sent to desktop
2024-10-05T09:36:46+08:00 Synology_NAS notify[20350]: sysnotify_send_notification.cpp:479 SYSNOTIFY: [docker_container_unexpected_exit] was sent to desktop
2024-10-05T09:37:48+08:00 Synology_NAS notify[20814]: sysnotify_send_notification.cpp:479 SYSNOTIFY: [docker_container_unexpected_exit] was sent to desktop
2024-10-05T09:38:44+08:00 Synology_NAS notify[21276]: sysnotify_send_notification.cpp:479 SYSNOTIFY: [docker_container_unexpected_exit] was sent to desktop
2024-10-05T09:39:47+08:00 Synology_NAS notify[21758]: sysnotify_send_notification.cpp:479 SYSNOTIFY: [docker_container_unexpected_exit] was sent to desktop
2024-10-05T09:40:50+08:00 Synology_NAS notify[22270]: sysnotify_send_notification.cpp:479 SYSNOTIFY: [docker_container_unexpected_exit] was sent to desktop
2024-10-05T09:41:49+08:00 Synology_NAS notify[22738]: sysnotify_send_notification.cpp:479 SYSNOTIFY: [docker_container_unexpected_exit] was sent to desktop
2024-10-05T09:43:02+08:00 Synology_NAS notify[23254]: sysnotify_send_notification.cpp:479 SYSNOTIFY: [docker_container_unexpected_exit] was sent to desktop
2024-10-05T09:44:00+08:00 Synology_NAS notify[23714]: sysnotify_send_notification.cpp:479 SYSNOTIFY: [docker_container_unexpected_exit] was sent to desktop
2024-10-05T09:45:01+08:00 Synology_NAS notify[24172]: sysnotify_send_notification.cpp:479 SYSNOTIFY: [docker_container_unexpected_exit] was sent to desktop
2024-10-05T09:46:02+08:00 Synology_NAS notify[24644]: sysnotify_send_notification.cpp:479 SYSNOTIFY: [docker_container_unexpected_exit] was sent to desktop
2024-10-05T09:47:00+08:00 Synology_NAS notify[25138]: sysnotify_send_notification.cpp:479 SYSNOTIFY: [docker_container_unexpected_exit] was sent to desktop
2024-10-05T09:48:10+08:00 Synology_NAS notify[25607]: sysnotify_send_notification.cpp:479 SYSNOTIFY: [docker_container_unexpected_exit] was sent to desktop
2024-10-05T09:49:09+08:00 Synology_NAS notify[26083]: sysnotify_send_notification.cpp:479 SYSNOTIFY: [docker_container_unexpected_exit] was sent to desktop
2024-10-05T09:50:09+08:00 Synology_NAS notify[26682]: sysnotify_send_notification.cpp:479 SYSNOTIFY: [docker_container_unexpected_exit] was sent to desktop
2024-10-05T09:51:08+08:00 Synology_NAS notify[27226]: sysnotify_send_notification.cpp:479 SYSNOTIFY: [docker_container_unexpected_exit] was sent to desktop
2024-10-05T09:52:15+08:00 Synology_NAS notify[27767]: sysnotify_send_notification.cpp:479 SYSNOTIFY: [docker_container_unexpected_exit] was sent to desktop
2024-10-05T09:53:15+08:00 Synology_NAS notify[28220]: sysnotify_send_notification.cpp:479 SYSNOTIFY: [docker_container_unexpected_exit] was sent to desktop
2024-10-05T09:54:15+08:00 Synology_NAS notify[28744]: sysnotify_send_notification.cpp:479 SYSNOTIFY: [docker_container_unexpected_exit] was sent to desktop
2024-10-05T09:55:16+08:00 Synology_NAS notify[29203]: sysnotify_send_notification.cpp:479 SYSNOTIFY: [docker_container_unexpected_exit] was sent to desktop
2024-10-05T09:56:16+08:00 Synology_NAS notify[29661]: sysnotify_send_notification.cpp:479 SYSNOTIFY: [docker_container_unexpected_exit] was sent to desktop
2024-10-05T09:57:19+08:00 Synology_NAS notify[30124]: sysnotify_send_notification.cpp:479 SYSNOTIFY: [docker_container_unexpected_exit] was sent to desktop
2024-10-05T09:58:27+08:00 Synology_NAS notify[32111]: sysnotify_send_notification.cpp:479 SYSNOTIFY: [docker_container_unexpected_exit] was sent to desktop
2024-10-05T10:10:35+08:00 Synology_NAS notify[5137]: sysnotify_send_notification.cpp:479 SYSNOTIFY: [docker_container_unexpected_exit] was sent to desktop
2024-10-05T10:10:50+08:00 Synology_NAS notify[5464]: sysnotify_send_notification.cpp:479 SYSNOTIFY: [docker_container_unexpected_exit] was sent to desktop
2024-10-05T10:11:08+08:00 Synology_NAS notify[5741]: sysnotify_send_notification.cpp:479 SYSNOTIFY: [docker_container_unexpected_exit] was sent to desktop
2024-10-05T10:11:23+08:00 Synology_NAS notify[5965]: sysnotify_send_notification.cpp:479 SYSNOTIFY: [docker_container_unexpected_exit] was sent to desktop
2024-10-05T10:11:41+08:00 Synology_NAS notify[6242]: sysnotify_send_notification.cpp:479 SYSNOTIFY: [docker_container_unexpected_exit] was sent to desktop
2024-10-05T10:12:01+08:00 Synology_NAS notify[7262]: sysnotify_send_notification.cpp:479 SYSNOTIFY: [docker_container_unexpected_exit] was sent to desktop
2024-10-05T10:39:58+08:00 Synology_NAS notify[17984]: sysnotify_send_notification.cpp:479 SYSNOTIFY: [docker_container_unexpected_exit] was sent to desktop
2024-10-05T10:40:42+08:00 Synology_NAS notify[18422]: sysnotify_send_notification.cpp:479 SYSNOTIFY: [docker_container_unexpected_exit] was sent to desktop
2024-10-05T10:41:49+08:00 Synology_NAS notify[18904]: sysnotify_send_notification.cpp:479 SYSNOTIFY: [docker_container_unexpected_exit] was sent to desktop
2024-10-05T10:54:18+08:00 Synology_NAS notify[26113]: sysnotify_send_notification.cpp:479 SYSNOTIFY: [docker_container_unexpected_exit] was sent to desktop
2024-10-05T10:54:33+08:00 Synology_NAS notify[26382]: sysnotify_send_notification.cpp:479 SYSNOTIFY: [docker_container_unexpected_exit] was sent to desktop
2024-10-05T10:54:46+08:00 Synology_NAS notify[26584]: sysnotify_send_notification.cpp:479 SYSNOTIFY: [docker_container_unexpected_exit] was sent to desktop
2024-10-05T10:54:56+08:00 Synology_NAS notify[26802]: sysnotify_send_notification.cpp:479 SYSNOTIFY: [docker_container_unexpected_exit] was sent to desktop
2024-10-05T10:55:06+08:00 Synology_NAS notify[27068]: sysnotify_send_notification.cpp:479 SYSNOTIFY: [docker_container_unexpected_exit] was sent to desktop
2024-10-05T10:55:19+08:00 Synology_NAS notify[27288]: sysnotify_send_notification.cpp:479 SYSNOTIFY: [docker_container_unexpected_exit] was sent to desktop
2024-10-05T10:55:28+08:00 Synology_NAS notify[27493]: sysnotify_send_notification.cpp:479 SYSNOTIFY: [docker_container_unexpected_exit] was sent to desktop
2024-10-05T10:55:43+08:00 Synology_NAS notify[27724]: sysnotify_send_notification.cpp:479 SYSNOTIFY: [docker_container_unexpected_exit] was sent to desktop
2024-10-05T10:55:57+08:00 Synology_NAS notify[27975]: sysnotify_send_notification.cpp:479 SYSNOTIFY: [docker_container_unexpected_exit] was sent to desktop
2024-10-05T10:56:23+08:00 Synology_NAS notify[28332]: sysnotify_send_notification.cpp:479 SYSNOTIFY: [docker_container_unexpected_exit] was sent to desktop
2024-10-05T10:57:15+08:00 Synology_NAS notify[28785]: sysnotify_send_notification.cpp:479 SYSNOTIFY: [docker_container_unexpected_exit] was sent to desktop
2024-10-05T10:58:19+08:00 Synology_NAS notify[29323]: sysnotify_send_notification.cpp:479 SYSNOTIFY: [docker_container_unexpected_exit] was sent to desktop
2024-10-05T10:58:42+08:00 Synology_NAS notify[29508]: sysnotify_send_notification.cpp:479 SYSNOTIFY: [docker_container_unexpected_exit] was sent to desktop
2024-10-05T11:34:00+08:00 Synology_NAS synoscgi_SYNO.Docker.Image_1_pull_start[15924]: sysnotify_send_notification.cpp:479 SYSNOTIFY: [docker_image_pull_complete] was sent to desktop
2024-10-07T03:54:39+08:00 Yasuraokaa_Site synoscgi_SYNO.Docker.Project_1_build[13321]: sysnotify_send_notification.cpp:479 SYSNOTIFY: [docker_project_build_failure] was sent to desktop
2024-10-08T04:09:39+08:00 Yasuraokaa_Site synonotifycustom[26443]: sysnotify_send_notification.cpp:479 SYSNOTIFY: [SecurityScanAlarm] was sent to desktop
2024-10-15T04:09:36+08:00 Yasuraokaa_Site synonotifycustom[31032]: sysnotify_send_notification.cpp:479 SYSNOTIFY: [SecurityScanAlarm] was sent to desktop
2024-10-22T04:09:36+08:00 Yasuraokaa_Site synonotifycustom[18915]: sysnotify_send_notification.cpp:479 SYSNOTIFY: [SecurityScanAlarm] was sent to desktop
2024-10-24T03:14:16+08:00 Yasuraokaa_Site synoscgi_SYNO.Docker.Image_1_pull_start[7611]: sysnotify_send_notification.cpp:479 SYSNOTIFY: [docker_image_pull_complete] was sent to desktop
2024-10-24T06:16:30+08:00 Yasuraokaa_Site synoabnormalloginmail[6159]: sysnotify_send_notification.cpp:479 SYSNOTIFY: [SecurityAdvisorAbnormalLoginSimple] was sent to desktop
2024-10-24T11:15:49+08:00 Yasuraokaa_Site sshd[29636]: sysnotify_send_notification.cpp:479 SYSNOTIFY: [AutoBlockAdd] was sent to desktop
2024-10-25T04:27:43+08:00 Yasuraokaa_Site sshd[10747]: sysnotify_send_notification.cpp:479 SYSNOTIFY: [AutoBlockAdd] was sent to desktop
2024-10-26T06:10:15+08:00 Yasuraokaa_Site synoupgrade[30692]: sysnotify_send_notification.cpp:479 SYSNOTIFY: [DSMAutoUpdateNotifyNewVersion] was sent to desktop
2024-10-26T21:04:51+08:00 Yasuraokaa_Site sshd[10584]: sysnotify_send_notification.cpp:479 SYSNOTIFY: [AutoBlockAdd] was sent to desktop
2024-10-28T05:35:49+08:00 Yasuraokaa_Site sshd[13156]: sysnotify_send_notification.cpp:479 SYSNOTIFY: [AutoBlockAdd] was sent to desktop
2024-10-28T09:00:14+08:00 Yasuraokaa_Site sshd[30650]: sysnotify_send_notification.cpp:479 SYSNOTIFY: [AutoBlockAdd] was sent to desktop
2024-10-28T15:18:57+08:00 Yasuraokaa_Site sshd[29721]: sysnotify_send_notification.cpp:479 SYSNOTIFY: [AutoBlockAdd] was sent to desktop
2024-10-28T19:16:47+08:00 Yasuraokaa_Site sshd[17832]: sysnotify_send_notification.cpp:479 SYSNOTIFY: [AutoBlockAdd] was sent to desktop
2024-10-28T22:32:34+08:00 Yasuraokaa_Site synoscgi_SYNO.Docker.Image_1_pull_start[6364]: sysnotify_send_notification.cpp:479 SYSNOTIFY: [docker_image_pull_complete] was sent to desktop
2024-10-29T04:09:35+08:00 Yasuraokaa_Site synonotifycustom[3392]: sysnotify_send_notification.cpp:479 SYSNOTIFY: [SecurityScanDSMOutOfDate] was sent to desktop
2024-10-31T06:25:05+08:00 Yasuraokaa_Site sshd[26314]: sysnotify_send_notification.cpp:479 SYSNOTIFY: [AutoBlockAdd] was sent to desktop
2024-11-02T15:49:26+08:00 Yasuraokaa_Site sshd[29734]: sysnotify_send_notification.cpp:479 SYSNOTIFY: [AutoBlockAdd] was sent to desktop
2024-11-02T15:59:06+08:00 Yasuraokaa_Site sshd[30704]: sysnotify_send_notification.cpp:479 SYSNOTIFY: [AutoBlockAdd] was sent to desktop
2024-11-03T03:22:52+08:00 Yasuraokaa_Site sshd[22678]: sysnotify_send_notification.cpp:479 SYSNOTIFY: [AutoBlockAdd] was sent to desktop
2024-11-03T06:49:48+08:00 Yasuraokaa_Site sshd[27773]: sysnotify_send_notification.cpp:479 SYSNOTIFY: [AutoBlockAdd] was sent to desktop
2024-11-04T06:17:10+08:00 Yasuraokaa_Site sshd[3170]: sysnotify_send_notification.cpp:479 SYSNOTIFY: [AutoBlockAdd] was sent to desktop
