2024-09-08T17:17:01-07:00 SynologyNAS synomibclient-event[14842]: synomibclient-event.cpp:96 Not in white list: [dsm/7.2.1/StgMgrPluginDriveDetectedDuringBootup]
2024-09-10T07:08:26+08:00 Synology_NAS synomibclient-event[12132]: synomibclient-event.cpp:96 Not in white list: [dsm/7.2.1/StgMgrPluginDriveDetectedDuringBootup]
2024-09-10T20:16:34+08:00 Synology_NAS synomibclient-event[32593]: synomibclient-event.cpp:96 Not in white list: [dsm/7.2.1/PkgMgr_TOS_Updated]
2024-09-10T20:16:34+08:00 Synology_NAS synomibclient-event[32616]: synomibclient-event.cpp:96 Not in white list: [dsm/7.2.1/PkgMgr_Privacy_Statement_Updated]
2024-09-10T20:16:34+08:00 Synology_NAS synomibclient-event[32639]: synomibclient-event.cpp:96 Not in white list: [dsm/7.2.1/PkgMgr_Udc_Policy_Updated]
2024-09-10T20:16:34+08:00 Synology_NAS synomibclient-event[32662]: synomibclient-event.cpp:96 Not in white list: [dsm/7.2.1/PkgMgr_EULA_Updated]
2024-09-11T20:05:42+08:00 Synology_NAS synomibclient-event[12447]: synomibclient-event.cpp:96 Not in white list: [dsm/7.2.1/StgMgrPluginDriveDetectedDuringBootup]
2024-09-11T20:05:44+08:00 Synology_NAS synomibclient-event[12747]: synomibclient-event.cpp:96 Not in white list: [dsm/7.2.1/StgMgrPluginDriveDetectedDuringBootup]
2024-09-11T20:28:53+08:00 Synology_NAS synomibclient-event[6883]: synomibclient-event.cpp:96 Not in white list: [dsm/7.2.1/StgMgrDeleteSpaceDone]
2024-09-12T00:30:35+08:00 Synology_NAS synomibclient-event[14644]: synomibclient-event.cpp:96 Not in white list: [dsm/7.2.1/StgMgrPluginDriveDetectedDuringBootup]
2024-09-12T10:47:35+08:00 Synology_NAS synomibclient-event[17728]: synomibclient-event.cpp:96 Not in white list: [ContainerManager/20.10.23/docker_image_pull_complete]
2024-09-13T04:23:44+08:00 Synology_NAS synomibclient-event[29949]: synomibclient-event.cpp:112 Push Event: [timestamp=1726172624 app=dsm version=7.2.1 key=DataVolumeLowCapacity] argv={ %FREE_SPACE%:712.76 %USAGE%:19.99 %VOLUME_ID%:2 %VOLUME_ID_ENCODED%:2 %VOLUME_SIZE%:3566.38 MAIL_TYPE:html }
2024-09-13T06:24:04+08:00 Synology_NAS synomibclient-event[21361]: synomibclient-event.cpp:112 Push Event: [timestamp=1726179844 app=dsm version=7.2.1 key=DataVolumeLowCapacity] argv={ %FREE_SPACE%:106.67 %USAGE%:2.99 %VOLUME_ID%:2 %VOLUME_ID_ENCODED%:2 %VOLUME_SIZE%:3566.38 MAIL_TYPE:html }
2024-09-13T06:28:05+08:00 Synology_NAS synomibclient-event[22153]: synomibclient-event.cpp:112 Push Event: [timestamp=1726180085 app=dsm version=7.2.1 key=DataVolumeLowCapacity] argv={ %FREE_SPACE%:87.92 %USAGE%:2.47 %VOLUME_ID%:2 %VOLUME_ID_ENCODED%:2 %VOLUME_SIZE%:3566.38 MAIL_TYPE:html }
2024-09-13T06:35:34+08:00 Synology_NAS synomibclient-event[23646]: synomibclient-event.cpp:112 Push Event: [timestamp=1726180534 app=dsm version=7.2.1 key=DataVolumeLowCapacity] argv={ %FREE_SPACE%:50.88 %USAGE%:1.43 %VOLUME_ID%:2 %VOLUME_ID_ENCODED%:2 %VOLUME_SIZE%:3566.38 MAIL_TYPE:html }
2024-09-13T06:42:50+08:00 Synology_NAS synomibclient-event[25071]: synomibclient-event.cpp:112 Push Event: [timestamp=1726180970 app=dsm version=7.2.1 key=DataVolumeLowCapacity] argv={ %FREE_SPACE%:15.50 %USAGE%:0.43 %VOLUME_ID%:2 %VOLUME_ID_ENCODED%:2 %VOLUME_SIZE%:3566.38 MAIL_TYPE:html }
2024-09-13T08:01:24+08:00 Synology_NAS synomibclient-event[8658]: synomibclient-event.cpp:112 Push Event: [timestamp=1726185684 app=dsm version=7.2.1 key=DataVolumeLowCapacity] argv={ %FREE_SPACE%:17.41 %USAGE%:0.49 %VOLUME_ID%:2 %VOLUME_ID_ENCODED%:2 %VOLUME_SIZE%:3566.38 MAIL_TYPE:html }
2024-09-13T08:02:21+08:00 Synology_NAS synomibclient-event[8840]: synomibclient-event.cpp:112 Push Event: [timestamp=1726185741 app=dsm version=7.2.1 key=DataVolumeLowCapacity] argv={ %FREE_SPACE%:17.71 %USAGE%:0.50 %VOLUME_ID%:2 %VOLUME_ID_ENCODED%:2 %VOLUME_SIZE%:3566.38 MAIL_TYPE:html }
2024-09-13T08:23:26+08:00 Synology_NAS synomibclient-event[15704]: synomibclient-event.cpp:112 Push Event: [timestamp=1726187006 app=dsm version=7.2.1 key=DataVolumeLowCapacity] argv={ %FREE_SPACE%:89.08 %USAGE%:2.50 %VOLUME_ID%:2 %VOLUME_ID_ENCODED%:2 %VOLUME_SIZE%:3566.38 MAIL_TYPE:html }
2024-09-13T09:17:38+08:00 Synology_NAS synomibclient-event[31924]: synomibclient-event.cpp:112 Push Event: [timestamp=1726190258 app=dsm version=7.2.1 key=DataVolumeLowCapacity] argv={ %FREE_SPACE%:106.46 %USAGE%:2.99 %VOLUME_ID%:2 %VOLUME_ID_ENCODED%:2 %VOLUME_SIZE%:3566.38 MAIL_TYPE:html }
2024-09-13T16:11:32+08:00 Synology_NAS synomibclient-event[5413]: synomibclient-event.cpp:112 Push Event: [timestamp=1726215092 app=dsm version=7.2.1 key=DataVolumeLowCapacity] argv={ %FREE_SPACE%:104.09 %USAGE%:2.92 %VOLUME_ID%:2 %VOLUME_ID_ENCODED%:2 %VOLUME_SIZE%:3566.38 MAIL_TYPE:html }
2024-09-13T16:14:55+08:00 Synology_NAS synomibclient-event[9213]: synomibclient-event.cpp:112 Push Event: [timestamp=1726215295 app=dsm version=7.2.1 key=DataVolumeLowCapacity] argv={ %FREE_SPACE%:88.53 %USAGE%:2.48 %VOLUME_ID%:2 %VOLUME_ID_ENCODED%:2 %VOLUME_SIZE%:3566.38 MAIL_TYPE:html }
2024-09-13T16:38:55+08:00 Synology_NAS synomibclient-event[24404]: synomibclient-event.cpp:112 Push Event: [timestamp=1726216735 app=dsm version=7.2.1 key=DataVolumeLowCapacity] argv={ %FREE_SPACE%:52.99 %USAGE%:1.49 %VOLUME_ID%:2 %VOLUME_ID_ENCODED%:2 %VOLUME_SIZE%:3566.38 MAIL_TYPE:html }
2024-09-14T05:38:32+08:00 Synology_NAS synomibclient-event[10848]: synomibclient-event.cpp:112 Push Event: [timestamp=1726263512 app=dsm version=7.2.1 key=DataVolumeLowCapacity] argv={ %FREE_SPACE%:17.57 %USAGE%:0.49 %VOLUME_ID%:2 %VOLUME_ID_ENCODED%:2 %VOLUME_SIZE%:3566.38 MAIL_TYPE:html }
2024-09-14T23:17:06+08:00 Synology_NAS synomibclient-event[18042]: synomibclient-event.cpp:96 Not in white list: [dsm/7.2.1/StgMgrPluginDriveDetectedDuringBootup]
2024-09-15T00:01:05+08:00 Synology_NAS synomibclient-event[8146]: synomibclient-event.cpp:96 Not in white list: [dsm/7.2.1/StgMgrDeleteSpaceDone]
2024-09-15T01:22:10+08:00 Synology_NAS synomibclient-event[14785]: synomibclient-event.cpp:112 Push Event: [timestamp=1726334530 app=dsm version=7.2.1 key=ImproperShutdown] argv={ }
2024-09-15T01:22:12+08:00 Synology_NAS synomibclient-event[16324]: synomibclient-event.cpp:96 Not in white list: [dsm/7.2.1/StgMgrScrubbingAbnormalShutdownNotify]
2024-09-15T01:31:04+08:00 Synology_NAS synomibclient-event[14981]: synomibclient-event.cpp:112 Push Event: [timestamp=1726335064 app=dsm version=7.2.1 key=ImproperShutdownFrequently] argv={ }
2024-09-15T05:06:12+08:00 Synology_NAS synomibclient-event[10799]: synomibclient-event.cpp:96 Not in white list: [dsm/7.2.1/StgMgrDetectedPoolMissing]
2024-09-15T05:06:12+08:00 Synology_NAS synomibclient-event[10902]: synomibclient-event.cpp:96 Not in white list: [dsm/7.2.1/StgMgrDetectedPoolMissing]
2024-09-15T05:06:12+08:00 Synology_NAS synomibclient-event[10938]: synomibclient-event.cpp:96 Not in white list: [dsm/7.2.1/StgMgrDetectedPoolMissing]
2024-09-15T05:06:22+08:00 Synology_NAS synomibclient-event[13133]: synomibclient-event.cpp:112 Push Event: [timestamp=1726347982 app=dsm version=7.2.1 key=ImproperShutdownFrequently] argv={ }
2024-09-15T05:15:16+08:00 Synology_NAS synomibclient-event[12101]: synomibclient-event.cpp:96 Not in white list: [dsm/7.2.1/StgMgrMissingPoolCanAssembleNotification]
2024-09-15T05:15:16+08:00 Synology_NAS synomibclient-event[12149]: synomibclient-event.cpp:96 Not in white list: [dsm/7.2.1/StgMgrMissingPoolCanAssembleNotification]
2024-09-15T05:15:16+08:00 Synology_NAS synomibclient-event[12244]: synomibclient-event.cpp:96 Not in white list: [dsm/7.2.1/StgMgrMissingPoolCanAssembleNotification]
2024-09-15T05:15:25+08:00 Synology_NAS synomibclient-event[15562]: synomibclient-event.cpp:112 Push Event: [timestamp=1726348525 app=dsm version=7.2.1 key=ImproperShutdownFrequently] argv={ }
2024-09-15T05:15:28+08:00 Synology_NAS synomibclient-event[16883]: synomibclient-event.cpp:96 Not in white list: [dsm/7.2.1/StgMgrScrubbingAbnormalShutdownNotify]
2024-09-15T05:17:25+08:00 Synology_NAS synomibclient-event[20849]: synomibclient-event.cpp:96 Not in white list: [dsm/7.2.1/StgMgrScrubPoolDone]
2024-09-20T07:51:37+08:00 Synology_NAS synomibclient-event[18094]: synomibclient-event.cpp:96 Not in white list: [dsm/7.2.1/StgMgrPluginDriveDetectedDuringBootup]
2024-09-21T04:23:15+08:00 Synology_NAS synomibclient-event[6719]: synomibclient-event.cpp:112 Push Event: [timestamp=1726863795 app=dsm version=7.2.1 key=DataVolumeLowCapacity] argv={ %FREE_SPACE%:375.11 %USAGE%:3.00 %VOLUME_ID%:1 %VOLUME_ID_ENCODED%:1 %VOLUME_SIZE%:12506.86 MAIL_TYPE:html }
2024-09-21T05:03:42+08:00 Synology_NAS synomibclient-event[12534]: synomibclient-event.cpp:112 Push Event: [timestamp=1726866222 app=dsm version=7.2.1 key=DataVolumeLowCapacity] argv={ %FREE_SPACE%:312.06 %USAGE%:2.50 %VOLUME_ID%:1 %VOLUME_ID_ENCODED%:1 %VOLUME_SIZE%:12506.86 MAIL_TYPE:html }
2024-09-21T07:05:38+08:00 Synology_NAS synomibclient-event[31267]: synomibclient-event.cpp:96 Not in white list: [dsm/7.2.1/DeviceEjectedImproperly]
2024-09-23T09:55:42+08:00 Synology_NAS synomibclient-event[32140]: synomibclient-event.cpp:96 Not in white list: [dsm/7.2.1/PkgMgr_Privacy_Statement_Updated]
2024-09-23T09:55:42+08:00 Synology_NAS synomibclient-event[32163]: synomibclient-event.cpp:96 Not in white list: [dsm/7.2.1/PkgMgr_Udc_Policy_Updated]
2024-09-23T23:32:24+08:00 Synology_NAS synomibclient-event[3642]: synomibclient-event.cpp:96 Not in white list: [ContainerManager/20.10.23/docker_image_pull_complete]
2024-09-28T11:22:46+08:00 Synology_NAS synomibclient-event[15357]: synomibclient-event.cpp:96 Not in white list: [ContainerManager/20.10.23/docker_image_pull_complete]
2024-09-29T13:15:20+08:00 Synology_NAS synomibclient-event[12093]: synomibclient-event.cpp:96 Not in white list: [ContainerManager/20.10.23/docker_image_pull_complete]
2024-10-03T05:14:05+08:00 Synology_NAS synomibclient-event[30647]: synomibclient-event.cpp:96 Not in white list: [dsm/7.2.1/SecurityScanAlarm]
2024-10-05T02:43:43+08:00 Synology_NAS synomibclient-event[3618]: synomibclient-event.cpp:96 Not in white list: [ContainerManager/20.10.23/docker_image_pull_complete]
2024-10-05T03:29:32+08:00 Synology_NAS synomibclient-event[13837]: synomibclient-event.cpp:96 Not in white list: [ContainerManager/20.10.23/docker_container_unexpected_exit]
2024-10-05T03:31:25+08:00 Synology_NAS synomibclient-event[16502]: synomibclient-event.cpp:96 Not in white list: [ContainerManager/20.10.23/docker_container_unexpected_exit]
2024-10-05T07:41:42+08:00 Synology_NAS synomibclient-event[2565]: synomibclient-event.cpp:96 Not in white list: [ContainerManager/20.10.23/docker_container_unexpected_exit]
2024-10-05T08:35:06+08:00 Synology_NAS synomibclient-event[15961]: synomibclient-event.cpp:96 Not in white list: [ContainerManager/20.10.23/docker_container_unexpected_exit]
2024-10-05T08:41:03+08:00 Synology_NAS synomibclient-event[21839]: synomibclient-event.cpp:96 Not in white list: [ContainerManager/20.10.23/docker_container_unexpected_exit]
2024-10-05T09:14:04+08:00 Synology_NAS synomibclient-event[8093]: synomibclient-event.cpp:96 Not in white list: [ContainerManager/20.10.23/docker_container_unexpected_exit]
2024-10-05T09:14:21+08:00 Synology_NAS synomibclient-event[8338]: synomibclient-event.cpp:96 Not in white list: [ContainerManager/20.10.23/docker_container_unexpected_exit]
2024-10-05T09:15:17+08:00 Synology_NAS synomibclient-event[9037]: synomibclient-event.cpp:96 Not in white list: [ContainerManager/20.10.23/docker_container_unexpected_exit]
2024-10-05T09:15:30+08:00 Synology_NAS synomibclient-event[9275]: synomibclient-event.cpp:96 Not in white list: [ContainerManager/20.10.23/docker_container_unexpected_exit]
2024-10-05T09:15:42+08:00 Synology_NAS synomibclient-event[9564]: synomibclient-event.cpp:96 Not in white list: [ContainerManager/20.10.23/docker_container_unexpected_exit]
2024-10-05T09:15:54+08:00 Synology_NAS synomibclient-event[9771]: synomibclient-event.cpp:96 Not in white list: [ContainerManager/20.10.23/docker_container_unexpected_exit]
2024-10-05T09:16:13+08:00 Synology_NAS synomibclient-event[10036]: synomibclient-event.cpp:96 Not in white list: [ContainerManager/20.10.23/docker_container_unexpected_exit]
2024-10-05T09:16:29+08:00 Synology_NAS synomibclient-event[10319]: synomibclient-event.cpp:96 Not in white list: [ContainerManager/20.10.23/docker_container_unexpected_exit]
2024-10-05T09:16:42+08:00 Synology_NAS synomibclient-event[10594]: synomibclient-event.cpp:96 Not in white list: [ContainerManager/20.10.23/docker_container_unexpected_exit]
2024-10-05T09:16:55+08:00 Synology_NAS synomibclient-event[10797]: synomibclient-event.cpp:96 Not in white list: [ContainerManager/20.10.23/docker_container_unexpected_exit]
2024-10-05T09:17:09+08:00 Synology_NAS synomibclient-event[11024]: synomibclient-event.cpp:96 Not in white list: [ContainerManager/20.10.23/docker_container_unexpected_exit]
2024-10-05T09:17:37+08:00 Synology_NAS synomibclient-event[11400]: synomibclient-event.cpp:96 Not in white list: [ContainerManager/20.10.23/docker_container_unexpected_exit]
2024-10-05T09:18:26+08:00 Synology_NAS synomibclient-event[11865]: synomibclient-event.cpp:96 Not in white list: [ContainerManager/20.10.23/docker_container_unexpected_exit]
2024-10-05T09:19:27+08:00 Synology_NAS synomibclient-event[12461]: synomibclient-event.cpp:96 Not in white list: [ContainerManager/20.10.23/docker_container_unexpected_exit]
2024-10-05T09:20:27+08:00 Synology_NAS synomibclient-event[12929]: synomibclient-event.cpp:96 Not in white list: [ContainerManager/20.10.23/docker_container_unexpected_exit]
2024-10-05T09:21:30+08:00 Synology_NAS synomibclient-event[13338]: synomibclient-event.cpp:96 Not in white list: [ContainerManager/20.10.23/docker_container_unexpected_exit]
2024-10-05T09:22:36+08:00 Synology_NAS synomibclient-event[13904]: synomibclient-event.cpp:96 Not in white list: [ContainerManager/20.10.23/docker_container_unexpected_exit]
2024-10-05T09:23:31+08:00 Synology_NAS synomibclient-event[14292]: synomibclient-event.cpp:96 Not in white list: [ContainerManager/20.10.23/docker_container_unexpected_exit]
2024-10-05T09:24:35+08:00 Synology_NAS synomibclient-event[14819]: synomibclient-event.cpp:96 Not in white list: [ContainerManager/20.10.23/docker_container_unexpected_exit]
2024-10-05T09:25:34+08:00 Synology_NAS synomibclient-event[15222]: synomibclient-event.cpp:96 Not in white list: [ContainerManager/20.10.23/docker_container_unexpected_exit]
2024-10-05T09:26:38+08:00 Synology_NAS synomibclient-event[15754]: synomibclient-event.cpp:96 Not in white list: [ContainerManager/20.10.23/docker_container_unexpected_exit]
2024-10-05T09:27:37+08:00 Synology_NAS synomibclient-event[16156]: synomibclient-event.cpp:96 Not in white list: [ContainerManager/20.10.23/docker_container_unexpected_exit]
2024-10-05T09:28:37+08:00 Synology_NAS synomibclient-event[16631]: synomibclient-event.cpp:96 Not in white list: [ContainerManager/20.10.23/docker_container_unexpected_exit]
2024-10-05T09:29:38+08:00 Synology_NAS synomibclient-event[17068]: synomibclient-event.cpp:96 Not in white list: [ContainerManager/20.10.23/docker_container_unexpected_exit]
2024-10-05T09:30:38+08:00 Synology_NAS synomibclient-event[17523]: synomibclient-event.cpp:96 Not in white list: [ContainerManager/20.10.23/docker_container_unexpected_exit]
2024-10-05T09:31:38+08:00 Synology_NAS synomibclient-event[18007]: synomibclient-event.cpp:96 Not in white list: [ContainerManager/20.10.23/docker_container_unexpected_exit]
2024-10-05T09:32:45+08:00 Synology_NAS synomibclient-event[18628]: synomibclient-event.cpp:96 Not in white list: [ContainerManager/20.10.23/docker_container_unexpected_exit]
2024-10-05T09:33:41+08:00 Synology_NAS synomibclient-event[19046]: synomibclient-event.cpp:96 Not in white list: [ContainerManager/20.10.23/docker_container_unexpected_exit]
2024-10-05T09:34:53+08:00 Synology_NAS synomibclient-event[19613]: synomibclient-event.cpp:96 Not in white list: [ContainerManager/20.10.23/docker_container_unexpected_exit]
2024-10-05T09:35:45+08:00 Synology_NAS synomibclient-event[20008]: synomibclient-event.cpp:96 Not in white list: [ContainerManager/20.10.23/docker_container_unexpected_exit]
2024-10-05T09:36:46+08:00 Synology_NAS synomibclient-event[20494]: synomibclient-event.cpp:96 Not in white list: [ContainerManager/20.10.23/docker_container_unexpected_exit]
2024-10-05T09:37:48+08:00 Synology_NAS synomibclient-event[20950]: synomibclient-event.cpp:96 Not in white list: [ContainerManager/20.10.23/docker_container_unexpected_exit]
2024-10-05T09:38:44+08:00 Synology_NAS synomibclient-event[21354]: synomibclient-event.cpp:96 Not in white list: [ContainerManager/20.10.23/docker_container_unexpected_exit]
2024-10-05T09:39:47+08:00 Synology_NAS synomibclient-event[21850]: synomibclient-event.cpp:96 Not in white list: [ContainerManager/20.10.23/docker_container_unexpected_exit]
2024-10-05T09:40:50+08:00 Synology_NAS synomibclient-event[22397]: synomibclient-event.cpp:96 Not in white list: [ContainerManager/20.10.23/docker_container_unexpected_exit]
2024-10-05T09:41:49+08:00 Synology_NAS synomibclient-event[22786]: synomibclient-event.cpp:96 Not in white list: [ContainerManager/20.10.23/docker_container_unexpected_exit]
2024-10-05T09:43:02+08:00 Synology_NAS synomibclient-event[23406]: synomibclient-event.cpp:96 Not in white list: [ContainerManager/20.10.23/docker_container_unexpected_exit]
2024-10-05T09:44:00+08:00 Synology_NAS synomibclient-event[23873]: synomibclient-event.cpp:96 Not in white list: [ContainerManager/20.10.23/docker_container_unexpected_exit]
2024-10-05T09:45:01+08:00 Synology_NAS synomibclient-event[24325]: synomibclient-event.cpp:96 Not in white list: [ContainerManager/20.10.23/docker_container_unexpected_exit]
2024-10-05T09:46:02+08:00 Synology_NAS synomibclient-event[24819]: synomibclient-event.cpp:96 Not in white list: [ContainerManager/20.10.23/docker_container_unexpected_exit]
2024-10-05T09:47:00+08:00 Synology_NAS synomibclient-event[25278]: synomibclient-event.cpp:96 Not in white list: [ContainerManager/20.10.23/docker_container_unexpected_exit]
2024-10-05T09:48:10+08:00 Synology_NAS synomibclient-event[25706]: synomibclient-event.cpp:96 Not in white list: [ContainerManager/20.10.23/docker_container_unexpected_exit]
2024-10-05T09:49:09+08:00 Synology_NAS synomibclient-event[26144]: synomibclient-event.cpp:96 Not in white list: [ContainerManager/20.10.23/docker_container_unexpected_exit]
2024-10-05T09:50:09+08:00 Synology_NAS synomibclient-event[26737]: synomibclient-event.cpp:96 Not in white list: [ContainerManager/20.10.23/docker_container_unexpected_exit]
2024-10-05T09:51:08+08:00 Synology_NAS synomibclient-event[27276]: synomibclient-event.cpp:96 Not in white list: [ContainerManager/20.10.23/docker_container_unexpected_exit]
2024-10-05T09:52:15+08:00 Synology_NAS synomibclient-event[27865]: synomibclient-event.cpp:96 Not in white list: [ContainerManager/20.10.23/docker_container_unexpected_exit]
2024-10-05T09:53:15+08:00 Synology_NAS synomibclient-event[28311]: synomibclient-event.cpp:96 Not in white list: [ContainerManager/20.10.23/docker_container_unexpected_exit]
2024-10-05T09:54:15+08:00 Synology_NAS synomibclient-event[28813]: synomibclient-event.cpp:96 Not in white list: [ContainerManager/20.10.23/docker_container_unexpected_exit]
2024-10-05T09:55:16+08:00 Synology_NAS synomibclient-event[29268]: synomibclient-event.cpp:96 Not in white list: [ContainerManager/20.10.23/docker_container_unexpected_exit]
2024-10-05T09:56:16+08:00 Synology_NAS synomibclient-event[29730]: synomibclient-event.cpp:96 Not in white list: [ContainerManager/20.10.23/docker_container_unexpected_exit]
2024-10-05T09:57:19+08:00 Synology_NAS synomibclient-event[30199]: synomibclient-event.cpp:96 Not in white list: [ContainerManager/20.10.23/docker_container_unexpected_exit]
2024-10-05T09:58:27+08:00 Synology_NAS synomibclient-event[32204]: synomibclient-event.cpp:96 Not in white list: [ContainerManager/20.10.23/docker_container_unexpected_exit]
2024-10-05T10:10:35+08:00 Synology_NAS synomibclient-event[5300]: synomibclient-event.cpp:96 Not in white list: [ContainerManager/20.10.23/docker_container_unexpected_exit]
2024-10-05T10:10:50+08:00 Synology_NAS synomibclient-event[5562]: synomibclient-event.cpp:96 Not in white list: [ContainerManager/20.10.23/docker_container_unexpected_exit]
2024-10-05T10:11:08+08:00 Synology_NAS synomibclient-event[5811]: synomibclient-event.cpp:96 Not in white list: [ContainerManager/20.10.23/docker_container_unexpected_exit]
2024-10-05T10:11:23+08:00 Synology_NAS synomibclient-event[6069]: synomibclient-event.cpp:96 Not in white list: [ContainerManager/20.10.23/docker_container_unexpected_exit]
2024-10-05T10:11:41+08:00 Synology_NAS synomibclient-event[7062]: synomibclient-event.cpp:96 Not in white list: [ContainerManager/20.10.23/docker_container_unexpected_exit]
2024-10-05T10:12:01+08:00 Synology_NAS synomibclient-event[7335]: synomibclient-event.cpp:96 Not in white list: [ContainerManager/20.10.23/docker_container_unexpected_exit]
2024-10-05T10:39:58+08:00 Synology_NAS synomibclient-event[18062]: synomibclient-event.cpp:96 Not in white list: [ContainerManager/20.10.23/docker_container_unexpected_exit]
2024-10-05T10:40:42+08:00 Synology_NAS synomibclient-event[18527]: synomibclient-event.cpp:96 Not in white list: [ContainerManager/20.10.23/docker_container_unexpected_exit]
2024-10-05T10:41:49+08:00 Synology_NAS synomibclient-event[19052]: synomibclient-event.cpp:96 Not in white list: [ContainerManager/20.10.23/docker_container_unexpected_exit]
2024-10-05T10:54:18+08:00 Synology_NAS synomibclient-event[26175]: synomibclient-event.cpp:96 Not in white list: [ContainerManager/20.10.23/docker_container_unexpected_exit]
2024-10-05T10:54:33+08:00 Synology_NAS synomibclient-event[26433]: synomibclient-event.cpp:96 Not in white list: [ContainerManager/20.10.23/docker_container_unexpected_exit]
2024-10-05T10:54:46+08:00 Synology_NAS synomibclient-event[26649]: synomibclient-event.cpp:96 Not in white list: [ContainerManager/20.10.23/docker_container_unexpected_exit]
2024-10-05T10:54:56+08:00 Synology_NAS synomibclient-event[26908]: synomibclient-event.cpp:96 Not in white list: [ContainerManager/20.10.23/docker_container_unexpected_exit]
2024-10-05T10:55:06+08:00 Synology_NAS synomibclient-event[27126]: synomibclient-event.cpp:96 Not in white list: [ContainerManager/20.10.23/docker_container_unexpected_exit]
2024-10-05T10:55:19+08:00 Synology_NAS synomibclient-event[27335]: synomibclient-event.cpp:96 Not in white list: [ContainerManager/20.10.23/docker_container_unexpected_exit]
2024-10-05T10:55:28+08:00 Synology_NAS synomibclient-event[27564]: synomibclient-event.cpp:96 Not in white list: [ContainerManager/20.10.23/docker_container_unexpected_exit]
2024-10-05T10:55:43+08:00 Synology_NAS synomibclient-event[27791]: synomibclient-event.cpp:96 Not in white list: [ContainerManager/20.10.23/docker_container_unexpected_exit]
2024-10-05T10:55:57+08:00 Synology_NAS synomibclient-event[28085]: synomibclient-event.cpp:96 Not in white list: [ContainerManager/20.10.23/docker_container_unexpected_exit]
2024-10-05T10:56:23+08:00 Synology_NAS synomibclient-event[28407]: synomibclient-event.cpp:96 Not in white list: [ContainerManager/20.10.23/docker_container_unexpected_exit]
2024-10-05T10:57:15+08:00 Synology_NAS synomibclient-event[28843]: synomibclient-event.cpp:96 Not in white list: [ContainerManager/20.10.23/docker_container_unexpected_exit]
2024-10-05T10:58:19+08:00 Synology_NAS synomibclient-event[29381]: synomibclient-event.cpp:96 Not in white list: [ContainerManager/20.10.23/docker_container_unexpected_exit]
2024-10-05T10:58:42+08:00 Synology_NAS synomibclient-event[29573]: synomibclient-event.cpp:96 Not in white list: [ContainerManager/20.10.23/docker_container_unexpected_exit]
2024-10-05T11:34:00+08:00 Synology_NAS synomibclient-event[16530]: synomibclient-event.cpp:96 Not in white list: [ContainerManager/20.10.23/docker_image_pull_complete]
2024-10-07T03:54:40+08:00 Yasuraokaa_Site synomibclient-event[3207]: synomibclient-event.cpp:96 Not in white list: [ContainerManager/20.10.23/docker_project_build_failure]
2024-10-08T04:09:40+08:00 Yasuraokaa_Site synomibclient-event[26486]: synomibclient-event.cpp:96 Not in white list: [dsm/7.2.1/SecurityScanAlarm]
2024-10-15T04:09:36+08:00 Yasuraokaa_Site synomibclient-event[31058]: synomibclient-event.cpp:96 Not in white list: [dsm/7.2.1/SecurityScanAlarm]
2024-10-22T04:09:36+08:00 Yasuraokaa_Site synomibclient-event[18941]: synomibclient-event.cpp:96 Not in white list: [dsm/7.2.1/SecurityScanAlarm]
2024-10-24T03:14:16+08:00 Yasuraokaa_Site synomibclient-event[7839]: synomibclient-event.cpp:96 Not in white list: [ContainerManager/20.10.23/docker_image_pull_complete]
2024-10-24T06:16:30+08:00 Yasuraokaa_Site synomibclient-event[6221]: synomibclient-event.cpp:96 Not in white list: [dsm/7.2.1/SecurityAdvisorAbnormalLoginSimple]
2024-10-24T11:15:49+08:00 Yasuraokaa_Site synomibclient-event[29669]: synomibclient-event.cpp:96 Not in white list: [dsm/7.2.1/AutoBlockAdd]
2024-10-25T04:27:43+08:00 Yasuraokaa_Site synomibclient-event[10777]: synomibclient-event.cpp:96 Not in white list: [dsm/7.2.1/AutoBlockAdd]
2024-10-26T06:10:15+08:00 Yasuraokaa_Site synomibclient-event[30809]: synomibclient-event.cpp:96 Not in white list: [dsm/7.2.1/DSMAutoUpdateNotifyNewVersion]
2024-10-26T21:04:51+08:00 Yasuraokaa_Site synomibclient-event[10613]: synomibclient-event.cpp:96 Not in white list: [dsm/7.2.1/AutoBlockAdd]
2024-10-28T05:35:49+08:00 Yasuraokaa_Site synomibclient-event[13189]: synomibclient-event.cpp:96 Not in white list: [dsm/7.2.1/AutoBlockAdd]
2024-10-28T09:00:14+08:00 Yasuraokaa_Site synomibclient-event[30711]: synomibclient-event.cpp:96 Not in white list: [dsm/7.2.1/AutoBlockAdd]
2024-10-28T15:18:57+08:00 Yasuraokaa_Site synomibclient-event[29751]: synomibclient-event.cpp:96 Not in white list: [dsm/7.2.1/AutoBlockAdd]
2024-10-28T19:16:47+08:00 Yasuraokaa_Site synomibclient-event[17862]: synomibclient-event.cpp:96 Not in white list: [dsm/7.2.1/AutoBlockAdd]
2024-10-28T22:32:34+08:00 Yasuraokaa_Site synomibclient-event[6547]: synomibclient-event.cpp:96 Not in white list: [ContainerManager/20.10.23/docker_image_pull_complete]
2024-10-29T04:09:35+08:00 Yasuraokaa_Site synomibclient-event[3420]: synomibclient-event.cpp:96 Not in white list: [dsm/7.2.1/SecurityScanDSMOutOfDate]
2024-10-31T06:25:05+08:00 Yasuraokaa_Site synomibclient-event[26344]: synomibclient-event.cpp:96 Not in white list: [dsm/7.2.1/AutoBlockAdd]
2024-11-02T15:49:27+08:00 Yasuraokaa_Site synomibclient-event[29764]: synomibclient-event.cpp:96 Not in white list: [dsm/7.2.1/AutoBlockAdd]
2024-11-02T15:59:06+08:00 Yasuraokaa_Site synomibclient-event[30749]: synomibclient-event.cpp:96 Not in white list: [dsm/7.2.1/AutoBlockAdd]
2024-11-03T03:22:52+08:00 Yasuraokaa_Site synomibclient-event[22770]: synomibclient-event.cpp:96 Not in white list: [dsm/7.2.1/AutoBlockAdd]
2024-11-03T06:49:48+08:00 Yasuraokaa_Site synomibclient-event[27833]: synomibclient-event.cpp:96 Not in white list: [dsm/7.2.1/AutoBlockAdd]
2024-11-04T06:17:10+08:00 Yasuraokaa_Site synomibclient-event[3220]: synomibclient-event.cpp:96 Not in white list: [dsm/7.2.1/AutoBlockAdd]
