2024/09/12 10:40:23	install ContainerManager 20.10.23-1437 Begin preinst
Lastest SynoErr=[share_db_get.c:31]
SYNOShareGet failed. synoerr=[0x1400]
ACL version: 1 
Archive: has_ACL,is_support_ACL 
Owner: [root(user)] 
--------------------- 
	 [0] group:administrators:allow:rwxpdDaARWc--:fd-- (level:0)
	 [1] owner::allow:rwxpdDaARWcCo:fd-- (level:0)
ACL version: 1 
Archive: has_ACL,is_support_ACL 
Owner: [root(user)] 
--------------------- 
	 [0] group:administrators:allow:rwxpdDaARWc--:fd-- (level:0)
	 [1] everyone::allow:r-x---a-R-c--:fd-- (level:0)
	 [2] owner::allow:rwxpdDaARWcCo:fd-- (level:0)
2024/09/12 10:40:24	install ContainerManager 20.10.23-1437 End preinst ret=[0]
2024/09/12 10:40:24	install ContainerManager 20.10.23-1437 Begin /bin/mkdir -p /volume1/@appstore/ContainerManager -m 755
2024/09/12 10:40:24	install ContainerManager 20.10.23-1437 End /bin/mkdir -p /volume1/@appstore/ContainerManager -m 755 ret=[0]
2024/09/12 10:40:24	install ContainerManager 20.10.23-1437 Begin /bin/rm -rf /volume1/@appstore/ContainerManager
2024/09/12 10:40:24	install ContainerManager 20.10.23-1437 End /bin/rm -rf /volume1/@appstore/ContainerManager ret=[0]
2024/09/12 10:40:24	install ContainerManager 20.10.23-1437 Begin /bin/mv -f /volume1/@tmp/synopkg/install.8xfWsy/package /volume1/@appstore/ContainerManager
2024/09/12 10:40:24	install ContainerManager 20.10.23-1437 End /bin/mv -f /volume1/@tmp/synopkg/install.8xfWsy/package /volume1/@appstore/ContainerManager ret=[0]
2024/09/12 10:40:24	install ContainerManager 20.10.23-1437 Begin /bin/rm -rf /var/packages/ContainerManager
2024/09/12 10:40:24	install ContainerManager 20.10.23-1437 End /bin/rm -rf /var/packages/ContainerManager ret=[0]
2024/09/12 10:40:24	install ContainerManager 20.10.23-1437 Begin /bin/mkdir -p /var/packages/ContainerManager -m 755
2024/09/12 10:40:24	install ContainerManager 20.10.23-1437 End /bin/mkdir -p /var/packages/ContainerManager -m 755 ret=[0]
2024/09/12 10:40:24	install ContainerManager 20.10.23-1437 Begin /bin/touch /var/packages/ContainerManager/installing
2024/09/12 10:40:24	install ContainerManager 20.10.23-1437 End /bin/touch /var/packages/ContainerManager/installing ret=[0]
2024/09/12 10:40:24	install ContainerManager 20.10.23-1437 Begin /bin/mv -f /volume1/@tmp/synopkg/install.8xfWsy/INFO /var/packages/ContainerManager/INFO
2024/09/12 10:40:24	install ContainerManager 20.10.23-1437 End /bin/mv -f /volume1/@tmp/synopkg/install.8xfWsy/INFO /var/packages/ContainerManager/INFO ret=[0]
2024/09/12 10:40:24	install ContainerManager 20.10.23-1437 Begin /bin/rm -rf /var/packages/ContainerManager/scripts
2024/09/12 10:40:24	install ContainerManager 20.10.23-1437 End /bin/rm -rf /var/packages/ContainerManager/scripts ret=[0]
2024/09/12 10:40:24	install ContainerManager 20.10.23-1437 Begin /bin/mv -f /volume1/@tmp/synopkg/install.8xfWsy/scripts /var/packages/ContainerManager/scripts
2024/09/12 10:40:24	install ContainerManager 20.10.23-1437 End /bin/mv -f /volume1/@tmp/synopkg/install.8xfWsy/scripts /var/packages/ContainerManager/scripts ret=[0]
2024/09/12 10:40:24	install ContainerManager 20.10.23-1437 Begin /bin/rm -rf /var/packages/ContainerManager/WIZARD_UIFILES
2024/09/12 10:40:24	install ContainerManager 20.10.23-1437 End /bin/rm -rf /var/packages/ContainerManager/WIZARD_UIFILES ret=[0]
2024/09/12 10:40:24	install ContainerManager 20.10.23-1437 Begin /bin/mv -f /volume1/@tmp/synopkg/install.8xfWsy/WIZARD_UIFILES /var/packages/ContainerManager/WIZARD_UIFILES
2024/09/12 10:40:24	install ContainerManager 20.10.23-1437 End /bin/mv -f /volume1/@tmp/synopkg/install.8xfWsy/WIZARD_UIFILES /var/packages/ContainerManager/WIZARD_UIFILES ret=[0]
2024/09/12 10:40:24	install ContainerManager 20.10.23-1437 Begin /bin/rm -rf /var/packages/ContainerManager/conf
2024/09/12 10:40:24	install ContainerManager 20.10.23-1437 End /bin/rm -rf /var/packages/ContainerManager/conf ret=[0]
2024/09/12 10:40:24	install ContainerManager 20.10.23-1437 Begin /bin/mv -f /volume1/@tmp/synopkg/install.8xfWsy/conf /var/packages/ContainerManager/conf
2024/09/12 10:40:24	install ContainerManager 20.10.23-1437 End /bin/mv -f /volume1/@tmp/synopkg/install.8xfWsy/conf /var/packages/ContainerManager/conf ret=[0]
2024/09/12 10:40:25	install ContainerManager 20.10.23-1437 Begin postinst
[syslog-ng] reloaded with no block.
2024/09/12 10:40:26	install ContainerManager 20.10.23-1437 End postinst ret=[0]
2024/09/12 10:40:28	install ContainerManager 20.10.23-1437 Begin start-stop-status start
[pkg-ContainerManager-event-watcherd] started.
Thu Sep 12 10:40:28 CST 2024: start_docker_daemon: try start docker daemon
Thu Sep 12 10:40:28 CST 2024: start_docker_daemon: start daemon..
[pkg-ContainerManager-dockerd] started.
Thu Sep 12 10:40:31 CST 2024: start_docker_daemon: daemon started. start to wait for daemon ready
Thu Sep 12 10:40:31 CST 2024: start_docker_daemon: daemon is ready
find: `/var/packages/ContainerManager/etc/projects': No such file or directory
[pkg-ContainerManager-termd] started.

Warning: PHP Startup: Unable to load dynamic library 'json.so' (tried: /usr/lib/php/modules/json.so (/usr/lib/php/modules/json.so: cannot open shared object file: No such file or directory), /usr/lib/php/modules/json.so.so (/usr/lib/php/modules/json.so.so: cannot open shared object file: No such file or directory)) in Unknown on line 0

Warning: Undefined array key "helpcatalog" in /usr/syno/synoman/webman/modules/Indexer/indexer.php on line 98

Warning: PHP Startup: Unable to load dynamic library 'json.so' (tried: /usr/lib/php/modules/json.so (/usr/lib/php/modules/json.so: cannot open shared object file: No such file or directory), /usr/lib/php/modules/json.so.so (/usr/lib/php/modules/json.so.so: cannot open shared object file: No such file or directory)) in Unknown on line 0

Warning: Undefined array key "helpcatalog" in /usr/syno/synoman/webman/modules/Indexer/indexer.php on line 98

Warning: Undefined property: AppHelpConfParser::$catalogType in /usr/syno/synoman/webman/modules/Indexer/indexer.php on line 139
2024/09/12 10:40:32	install ContainerManager 20.10.23-1437 End start-stop-status start ret=[0]
2024/09/14 22:42:42	(system) trigger ContainerManager 20.10.23-1437 Begin start-stop-status stop
[pkg-ContainerManager-termd] stopped.
CONTAINER ID   IMAGE     COMMAND   CREATED   STATUS    PORTS     NAMES
[pkg-ContainerManager-dockerd] stopped.
[pkg-ContainerManager-event-watcherd] stopped.
rm: cannot remove '': No such file or directory
rm: cannot remove '': No such file or directory
rm: cannot remove '': No such file or directory
rm: cannot remove '': No such file or directory
rm: cannot remove '': No such file or directory
rm: cannot remove '': No such file or directory
rm: cannot remove '': No such file or directory
rm: cannot remove '/var/lock/dockerMapping.lock': No such file or directory
rm: cannot remove '/var/lock/dockerRemoteAPI.lock*': No such file or directory
iptables: Bad rule (does a matching rule exist in that chain?).
iptables: Too many links.
2024/09/14 22:43:05	(system) trigger ContainerManager 20.10.23-1437 End start-stop-status stop ret=[0]
2024/09/14 23:17:04	(system) trigger ContainerManager 20.10.23-1437 Begin start-stop-status start
[pkg-ContainerManager-event-watcherd] started.
Sat Sep 14 23:17:05 CST 2024: start_docker_daemon: try start docker daemon
Sat Sep 14 23:17:05 CST 2024: start_docker_daemon: start daemon..
[pkg-ContainerManager-dockerd] started.
Sat Sep 14 23:17:10 CST 2024: start_docker_daemon: daemon started. start to wait for daemon ready
Sat Sep 14 23:17:10 CST 2024: start_docker_daemon: daemon is ready
find: `/var/packages/ContainerManager/etc/projects': No such file or directory
[pkg-ContainerManager-termd] started.
2024/09/14 23:17:10	(system) trigger ContainerManager 20.10.23-1437 End start-stop-status start ret=[0]
2024/09/15 00:49:58	(system) trigger ContainerManager 20.10.23-1437 Begin start-stop-status stop
[pkg-ContainerManager-termd] stopped.
CONTAINER ID   IMAGE     COMMAND   CREATED   STATUS    PORTS     NAMES
[pkg-ContainerManager-dockerd] stopped.
[pkg-ContainerManager-event-watcherd] stopped.
rm: cannot remove '': No such file or directory
rm: cannot remove '': No such file or directory
rm: cannot remove '': No such file or directory
rm: cannot remove '': No such file or directory
rm: cannot remove '': No such file or directory
rm: cannot remove '': No such file or directory
rm: cannot remove '': No such file or directory
rm: cannot remove '/var/lock/dockerImage.lock': No such file or directory
rm: cannot remove '/var/lock/dockerMapping.lock': No such file or directory
rm: cannot remove '/var/lock/dockerRemoteAPI.lock*': No such file or directory
iptables: Bad rule (does a matching rule exist in that chain?).
iptables: Too many links.
2024/09/15 00:50:01	(system) trigger ContainerManager 20.10.23-1437 End start-stop-status stop ret=[0]
2024/09/15 01:14:28	(system) trigger ContainerManager 20.10.23-1437 Begin start-stop-status start
[pkg-ContainerManager-event-watcherd] started.
Sun Sep 15 01:14:29 CST 2024: start_docker_daemon: try start docker daemon
Sun Sep 15 01:14:29 CST 2024: start_docker_daemon: start daemon..
[pkg-ContainerManager-dockerd] started.
Sun Sep 15 01:14:33 CST 2024: start_docker_daemon: daemon started. start to wait for daemon ready
Sun Sep 15 01:14:33 CST 2024: start_docker_daemon: daemon is ready
find: `/var/packages/ContainerManager/etc/projects': No such file or directory
[pkg-ContainerManager-termd] started.
2024/09/15 01:14:34	(system) trigger ContainerManager 20.10.23-1437 End start-stop-status start ret=[0]
2024/09/15 01:22:15	(system) trigger ContainerManager 20.10.23-1437 Begin start-stop-status start
[pkg-ContainerManager-event-watcherd] started.
Sun Sep 15 01:22:16 CST 2024: start_docker_daemon: try start docker daemon
Sun Sep 15 01:22:16 CST 2024: start_docker_daemon: start daemon..
[pkg-ContainerManager-dockerd] started.
Sun Sep 15 01:22:27 CST 2024: start_docker_daemon: daemon started. start to wait for daemon ready
Sun Sep 15 01:22:29 CST 2024: start_docker_daemon: daemon is ready
find: `/var/packages/ContainerManager/etc/projects': No such file or directory
[pkg-ContainerManager-termd] started.
2024/09/15 01:22:29	(system) trigger ContainerManager 20.10.23-1437 End start-stop-status start ret=[0]
2024/09/15 01:31:09	(system) trigger ContainerManager 20.10.23-1437 Begin start-stop-status start
[pkg-ContainerManager-event-watcherd] started.
Sun Sep 15 01:31:09 CST 2024: start_docker_daemon: try start docker daemon
Sun Sep 15 01:31:09 CST 2024: start_docker_daemon: start daemon..
[pkg-ContainerManager-dockerd] started.
Sun Sep 15 01:31:19 CST 2024: start_docker_daemon: daemon started. start to wait for daemon ready
Sun Sep 15 01:31:21 CST 2024: start_docker_daemon: daemon is ready
find: `/var/packages/ContainerManager/etc/projects': No such file or directory
[pkg-ContainerManager-termd] started.
2024/09/15 01:31:21	(system) trigger ContainerManager 20.10.23-1437 End start-stop-status start ret=[0]
2024/09/15 05:06:24	(system) trigger ContainerManager 20.10.23-1437 Begin start-stop-status stop
[pkg-ContainerManager-termd] stopped.
/var/packages/ContainerManager/scripts/start-stop-status: line 91: /var/packages/ContainerManager/target/usr/bin/docker: No such file or directory
[pkg-ContainerManager-dockerd] stopped.
[pkg-ContainerManager-event-watcherd] stopped.
rm: cannot remove '': No such file or directory
rm: cannot remove '': No such file or directory
rm: cannot remove '': No such file or directory
rm: cannot remove '': No such file or directory
rm: cannot remove '': No such file or directory
rm: cannot remove '': No such file or directory
rm: cannot remove '': No such file or directory
rm: cannot remove '/var/lock/dockerImage.lock': No such file or directory
rm: cannot remove '/var/lock/dockerMapping.lock': No such file or directory
rm: cannot remove '/var/lock/dockerRemoteAPI.lock*': No such file or directory
iptables-save v1.8.3 (legacy): Cannot initialize: iptables who? (do you need to insmod?)

iptables-save v1.8.3 (legacy): Cannot initialize: iptables who? (do you need to insmod?)

iptables v1.8.3 (legacy): can't initialize iptables table `nat': iptables who? (do you need to insmod?)
Perhaps iptables or your kernel needs to be upgraded.
iptables v1.8.3 (legacy): can't initialize iptables table `filter': iptables who? (do you need to insmod?)
Perhaps iptables or your kernel needs to be upgraded.
2024/09/15 05:06:24	(system) trigger ContainerManager 20.10.23-1437 End start-stop-status stop ret=[0]
2024/09/15 05:15:36	(system) trigger ContainerManager 20.10.23-1437 Begin start-stop-status start
[pkg-ContainerManager-event-watcherd] started.
Sun Sep 15 05:15:37 CST 2024: start_docker_daemon: try start docker daemon
Sun Sep 15 05:15:37 CST 2024: start_docker_daemon: start daemon..
[pkg-ContainerManager-dockerd] started.
Sun Sep 15 05:15:40 CST 2024: start_docker_daemon: daemon started. start to wait for daemon ready
Sun Sep 15 05:15:41 CST 2024: start_docker_daemon: daemon is ready
find: `/var/packages/ContainerManager/etc/projects': No such file or directory
[pkg-ContainerManager-termd] started.
2024/09/15 05:15:41	(system) trigger ContainerManager 20.10.23-1437 End start-stop-status start ret=[0]
2024/09/16 05:35:16	(system) trigger ContainerManager 20.10.23-1437 Begin start-stop-status stop
[pkg-ContainerManager-termd] stopped.
CONTAINER ID   IMAGE     COMMAND   CREATED   STATUS    PORTS     NAMES
[pkg-ContainerManager-dockerd] stopped.
[pkg-ContainerManager-event-watcherd] stopped.
rm: cannot remove '': No such file or directory
rm: cannot remove '': No such file or directory
rm: cannot remove '': No such file or directory
rm: cannot remove '': No such file or directory
rm: cannot remove '': No such file or directory
rm: cannot remove '': No such file or directory
rm: cannot remove '': No such file or directory
rm: cannot remove '/var/lock/dockerImage.lock': No such file or directory
rm: cannot remove '/var/lock/dockerMapping.lock': No such file or directory
rm: cannot remove '/var/lock/dockerRemoteAPI.lock*': No such file or directory
iptables: Bad rule (does a matching rule exist in that chain?).
iptables: Too many links.
2024/09/16 05:35:19	(system) trigger ContainerManager 20.10.23-1437 End start-stop-status stop ret=[0]
2024/09/16 05:39:55	(system) trigger ContainerManager 20.10.23-1437 Begin start-stop-status start
[pkg-ContainerManager-event-watcherd] started.
Mon Sep 16 05:39:56 CST 2024: start_docker_daemon: try start docker daemon
Mon Sep 16 05:39:56 CST 2024: start_docker_daemon: start daemon..
[pkg-ContainerManager-dockerd] started.
Mon Sep 16 05:39:57 CST 2024: start_docker_daemon: daemon started. start to wait for daemon ready
Mon Sep 16 05:39:58 CST 2024: start_docker_daemon: daemon is ready
find: `/var/packages/ContainerManager/etc/projects': No such file or directory
[pkg-ContainerManager-termd] started.
2024/09/16 05:39:58	(system) trigger ContainerManager 20.10.23-1437 End start-stop-status start ret=[0]
2024/09/16 19:28:24	(system) trigger ContainerManager 20.10.23-1437 Begin start-stop-status stop
[pkg-ContainerManager-termd] stopped.
CONTAINER ID   IMAGE     COMMAND   CREATED   STATUS    PORTS     NAMES
[pkg-ContainerManager-dockerd] stopped.
[pkg-ContainerManager-event-watcherd] stopped.
rm: cannot remove '': No such file or directory
rm: cannot remove '': No such file or directory
rm: cannot remove '': No such file or directory
rm: cannot remove '': No such file or directory
rm: cannot remove '': No such file or directory
rm: cannot remove '': No such file or directory
rm: cannot remove '': No such file or directory
rm: cannot remove '/var/lock/dockerImage.lock': No such file or directory
rm: cannot remove '/var/lock/dockerMapping.lock': No such file or directory
rm: cannot remove '/var/lock/dockerRemoteAPI.lock*': No such file or directory
iptables: Bad rule (does a matching rule exist in that chain?).
iptables: Too many links.
2024/09/16 19:28:47	(system) trigger ContainerManager 20.10.23-1437 End start-stop-status stop ret=[0]
2024/09/16 19:33:14	(system) trigger ContainerManager 20.10.23-1437 Begin start-stop-status start
[pkg-ContainerManager-event-watcherd] started.
Mon Sep 16 19:33:14 CST 2024: start_docker_daemon: try start docker daemon
Mon Sep 16 19:33:14 CST 2024: start_docker_daemon: start daemon..
[pkg-ContainerManager-dockerd] started.
Mon Sep 16 19:33:17 CST 2024: start_docker_daemon: daemon started. start to wait for daemon ready
Mon Sep 16 19:33:18 CST 2024: start_docker_daemon: daemon is ready
find: `/var/packages/ContainerManager/etc/projects': No such file or directory
[pkg-ContainerManager-termd] started.
2024/09/16 19:33:18	(system) trigger ContainerManager 20.10.23-1437 End start-stop-status start ret=[0]
2024/09/17 04:54:16	(system) trigger ContainerManager 20.10.23-1437 Begin start-stop-status stop
[pkg-ContainerManager-termd] stopped.
CONTAINER ID   IMAGE     COMMAND   CREATED   STATUS    PORTS     NAMES
2024/09/17 04:58:55	(system) trigger ContainerManager 20.10.23-1437 Begin start-stop-status start
[pkg-ContainerManager-event-watcherd] started.
Tue Sep 17 04:58:55 CST 2024: start_docker_daemon: try start docker daemon
Tue Sep 17 04:58:55 CST 2024: start_docker_daemon: start daemon..
[pkg-ContainerManager-dockerd] started.
Tue Sep 17 04:58:59 CST 2024: start_docker_daemon: daemon started. start to wait for daemon ready
Tue Sep 17 04:59:00 CST 2024: start_docker_daemon: daemon is ready
find: `/var/packages/ContainerManager/etc/projects': No such file or directory
[pkg-ContainerManager-termd] started.
2024/09/17 04:59:00	(system) trigger ContainerManager 20.10.23-1437 End start-stop-status start ret=[0]
2024/09/17 05:46:13	(system) trigger ContainerManager 20.10.23-1437 Begin start-stop-status stop
[pkg-ContainerManager-termd] stopped.
CONTAINER ID   IMAGE     COMMAND   CREATED   STATUS    PORTS     NAMES
[pkg-ContainerManager-dockerd] stopped.
[pkg-ContainerManager-event-watcherd] stopped.
rm: cannot remove '': No such file or directory
rm: cannot remove '': No such file or directory
rm: cannot remove '': No such file or directory
rm: cannot remove '': No such file or directory
rm: cannot remove '': No such file or directory
rm: cannot remove '': No such file or directory
rm: cannot remove '': No such file or directory
rm: cannot remove '/var/lock/dockerImage.lock': No such file or directory
rm: cannot remove '/var/lock/dockerMapping.lock': No such file or directory
rm: cannot remove '/var/lock/dockerRemoteAPI.lock*': No such file or directory
iptables: Bad rule (does a matching rule exist in that chain?).
iptables: Too many links.
2024/09/17 05:46:36	(system) trigger ContainerManager 20.10.23-1437 End start-stop-status stop ret=[0]
2024/09/17 05:51:00	(system) trigger ContainerManager 20.10.23-1437 Begin start-stop-status start
[pkg-ContainerManager-event-watcherd] started.
Tue Sep 17 05:51:01 CST 2024: start_docker_daemon: try start docker daemon
Tue Sep 17 05:51:01 CST 2024: start_docker_daemon: start daemon..
[pkg-ContainerManager-dockerd] started.
Tue Sep 17 05:51:04 CST 2024: start_docker_daemon: daemon started. start to wait for daemon ready
Tue Sep 17 05:51:04 CST 2024: start_docker_daemon: daemon is ready
find: `/var/packages/ContainerManager/etc/projects': No such file or directory
[pkg-ContainerManager-termd] started.
2024/09/17 05:51:04	(system) trigger ContainerManager 20.10.23-1437 End start-stop-status start ret=[0]
2024/09/17 10:41:29	(system) trigger ContainerManager 20.10.23-1437 Begin start-stop-status stop
[pkg-ContainerManager-termd] stopped.
CONTAINER ID   IMAGE     COMMAND   CREATED   STATUS    PORTS     NAMES
[pkg-ContainerManager-dockerd] stopped.
[pkg-ContainerManager-event-watcherd] stopped.
rm: cannot remove '': No such file or directory
rm: cannot remove '': No such file or directory
rm: cannot remove '': No such file or directory
rm: cannot remove '': No such file or directory
rm: cannot remove '': No such file or directory
rm: cannot remove '': No such file or directory
rm: cannot remove '': No such file or directory
rm: cannot remove '/var/lock/dockerImage.lock': No such file or directory
rm: cannot remove '/var/lock/dockerMapping.lock': No such file or directory
rm: cannot remove '/var/lock/dockerRemoteAPI.lock*': No such file or directory
iptables: Bad rule (does a matching rule exist in that chain?).
iptables: Too many links.
2024/09/17 10:41:53	(system) trigger ContainerManager 20.10.23-1437 End start-stop-status stop ret=[0]
2024/09/17 10:46:19	(system) trigger ContainerManager 20.10.23-1437 Begin start-stop-status start
[pkg-ContainerManager-event-watcherd] started.
Tue Sep 17 10:46:19 CST 2024: start_docker_daemon: try start docker daemon
Tue Sep 17 10:46:19 CST 2024: start_docker_daemon: start daemon..
[pkg-ContainerManager-dockerd] started.
Tue Sep 17 10:46:21 CST 2024: start_docker_daemon: daemon started. start to wait for daemon ready
Tue Sep 17 10:46:21 CST 2024: start_docker_daemon: daemon is ready
find: `/var/packages/ContainerManager/etc/projects': No such file or directory
[pkg-ContainerManager-termd] started.
2024/09/17 10:46:22	(system) trigger ContainerManager 20.10.23-1437 End start-stop-status start ret=[0]
2024/09/20 07:36:31	(system) trigger ContainerManager 20.10.23-1437 Begin start-stop-status stop
[pkg-ContainerManager-termd] stopped.
CONTAINER ID   IMAGE     COMMAND   CREATED   STATUS    PORTS     NAMES
[pkg-ContainerManager-dockerd] stopped.
[pkg-ContainerManager-event-watcherd] stopped.
rm: cannot remove '': No such file or directory
rm: cannot remove '': No such file or directory
rm: cannot remove '': No such file or directory
rm: cannot remove '': No such file or directory
rm: cannot remove '': No such file or directory
rm: cannot remove '': No such file or directory
rm: cannot remove '': No such file or directory
rm: cannot remove '/var/lock/dockerImage.lock': No such file or directory
rm: cannot remove '/var/lock/dockerMapping.lock': No such file or directory
rm: cannot remove '/var/lock/dockerRemoteAPI.lock*': No such file or directory
iptables: Bad rule (does a matching rule exist in that chain?).
iptables: Too many links.
2024/09/20 07:36:35	(system) trigger ContainerManager 20.10.23-1437 End start-stop-status stop ret=[0]
2024/09/20 07:51:35	(system) trigger ContainerManager 20.10.23-1437 Begin start-stop-status start
[pkg-ContainerManager-event-watcherd] started.
Fri Sep 20 07:51:35 CST 2024: start_docker_daemon: try start docker daemon
Fri Sep 20 07:51:35 CST 2024: start_docker_daemon: start daemon..
[pkg-ContainerManager-dockerd] started.
Fri Sep 20 07:51:39 CST 2024: start_docker_daemon: daemon started. start to wait for daemon ready
Fri Sep 20 07:51:39 CST 2024: start_docker_daemon: daemon is ready
find: `/var/packages/ContainerManager/etc/projects': No such file or directory
[pkg-ContainerManager-termd] started.
2024/09/20 07:51:39	(system) trigger ContainerManager 20.10.23-1437 End start-stop-status start ret=[0]
2024/09/20 11:28:39	(system) trigger ContainerManager 20.10.23-1437 Begin start-stop-status stop
[pkg-ContainerManager-termd] stopped.
CONTAINER ID   IMAGE     COMMAND   CREATED   STATUS    PORTS     NAMES
[pkg-ContainerManager-dockerd] stopped.
[pkg-ContainerManager-event-watcherd] stopped.
rm: cannot remove '': No such file or directory
rm: cannot remove '': No such file or directory
rm: cannot remove '': No such file or directory
rm: cannot remove '': No such file or directory
rm: cannot remove '': No such file or directory
rm: cannot remove '': No such file or directory
rm: cannot remove '': No such file or directory
rm: cannot remove '/var/lock/dockerImage.lock': No such file or directory
rm: cannot remove '/var/lock/dockerMapping.lock': No such file or directory
rm: cannot remove '/var/lock/dockerRemoteAPI.lock*': No such file or directory
iptables: Bad rule (does a matching rule exist in that chain?).
iptables: Too many links.
2024/09/20 11:29:02	(system) trigger ContainerManager 20.10.23-1437 End start-stop-status stop ret=[0]
2024/09/20 11:34:55	(system) trigger ContainerManager 20.10.23-1437 Begin start-stop-status start
[pkg-ContainerManager-event-watcherd] started.
Fri Sep 20 11:34:55 CST 2024: start_docker_daemon: try start docker daemon
Fri Sep 20 11:34:55 CST 2024: start_docker_daemon: start daemon..
[pkg-ContainerManager-dockerd] started.
Fri Sep 20 11:34:58 CST 2024: start_docker_daemon: daemon started. start to wait for daemon ready
Fri Sep 20 11:34:59 CST 2024: start_docker_daemon: daemon is ready
find: `/var/packages/ContainerManager/etc/projects': No such file or directory
[pkg-ContainerManager-termd] started.
2024/09/20 11:34:59	(system) trigger ContainerManager 20.10.23-1437 End start-stop-status start ret=[0]
2024/10/05 07:46:01	(system) trigger ContainerManager 20.10.23-1437 Begin start-stop-status stop
[pkg-ContainerManager-termd] stopped.
CONTAINER ID   IMAGE                                           COMMAND                  CREATED       STATUS       PORTS      NAMES
132c63a4207d   nextcloud:latest                                "/entrypoint.sh apac…"   5 hours ago   Up 4 hours   80/tcp     nextcloud-1
20cd917bea03   muallin/yacreaderlibrary-server-docker:latest   "YACReaderLibrarySer…"   5 days ago    Up 5 days    8080/tcp   muallin-yacreaderlibrary-server-docker-1
[Line 265] Not a json value: nextcloud-1
2024/10/05 07:48:49	(system) trigger ContainerManager 20.10.23-1437 Begin start-stop-status start
[pkg-ContainerManager-event-watcherd] started.
Sat Oct  5 07:48:52 CST 2024: start_docker_daemon: try start docker daemon
Sat Oct  5 07:48:52 CST 2024: start_docker_daemon: start daemon..
[pkg-ContainerManager-dockerd] started.
Sat Oct  5 07:48:52 CST 2024: start_docker_daemon: daemon started. start to wait for daemon ready
Sat Oct  5 07:48:52 CST 2024: start_docker_daemon: daemon is ready
find: `/var/packages/ContainerManager/etc/projects': No such file or directory
[Line 265] Not a json value: nextcloud-1
[Line 295] Exec WebAPI:  api=SYNO.Docker.Container, version=1, method=start, param={"name":"nextcloud-1"}, runner=SYSTEM_ADMIN
{
   "data" : {
      "cpu" : 0,
      "memory" : 2506752,
      "memoryPercent" : 0.015294303186237812,
      "name" : "nextcloud-1",
      "start_dependent_container" : false
   },
   "httpd_restart" : false,
   "success" : true
}
[Line 265] Not a json value: muallin-yacreaderlibrary-server-docker-1
[Line 295] Exec WebAPI:  api=SYNO.Docker.Container, version=1, method=start, param={"name":"muallin-yacreaderlibrary-server-docker-1"}, runner=SYSTEM_ADMIN
{
   "data" : {
      "cpu" : 0,
      "memory" : 6893568,
      "memoryPercent" : 0.042059332132339478,
      "name" : "muallin-yacreaderlibrary-server-docker-1",
      "start_dependent_container" : false
   },
   "httpd_restart" : false,
   "success" : true
}
[pkg-ContainerManager-termd] started.
2024/10/05 07:48:54	(system) trigger ContainerManager 20.10.23-1437 End start-stop-status start ret=[0]
2024/10/09 04:28:33	(system) trigger ContainerManager 20.10.23-1437 Begin start-stop-status stop
[pkg-ContainerManager-termd] stopped.
CONTAINER ID   IMAGE                                           COMMAND                  CREATED      STATUS                PORTS                                             NAMES
da42364ee3f1   muallin/yacreaderlibrary-server-docker:latest   "YACReaderLibrarySer…"   3 days ago   Up 2 days             8080/tcp, 0.0.0.0:8012->80/tcp, :::8012->80/tcp   muallin-yacreaderlibrary-server-docker
fdea645ad37f   nextcloud:latest                                "/entrypoint.sh apac…"   3 days ago   Up 3 days             0.0.0.0:8082->80/tcp, :::8082->80/tcp             nextcloud
34697d365633   nyanmisaka/jellyfin                             "./jellyfin/jellyfin…"   3 days ago   Up 2 days (healthy)   0.0.0.0:8097->8096/tcp, :::8097->8096/tcp         nyanmisaka-jellyfin
[Line 265] Not a json value: muallin-yacreaderlibrary-server-docker
[Line 295] Exec WebAPI:  api=SYNO.Docker.Container, version=1, method=stop, param={"name":"muallin-yacreaderlibrary-server-docker"}, runner=SYSTEM_ADMIN
{
   "data" : {
      "cpu" : 0,
      "memory" : 0,
      "memoryPercent" : 0,
      "name" : "muallin-yacreaderlibrary-server-docker"
   },
   "httpd_restart" : false,
   "success" : true
}
[Line 265] Not a json value: nextcloud
[Line 295] Exec WebAPI:  api=SYNO.Docker.Container, version=1, method=stop, param={"name":"nextcloud"}, runner=SYSTEM_ADMIN
{
   "data" : {
      "cpu" : 0,
      "memory" : 0,
      "memoryPercent" : 0,
      "name" : "nextcloud"
   },
   "httpd_restart" : false,
   "success" : true
}
[Line 265] Not a json value: nyanmisaka-jellyfin
[Line 295] Exec WebAPI:  api=SYNO.Docker.Container, version=1, method=stop, param={"name":"nyanmisaka-jellyfin"}, runner=SYSTEM_ADMIN
{
   "data" : {
      "cpu" : 0,
      "memory" : 0,
      "memoryPercent" : 0,
      "name" : "nyanmisaka-jellyfin"
   },
   "httpd_restart" : false,
   "success" : true
}
[pkg-ContainerManager-dockerd] stopped.
[pkg-ContainerManager-event-watcherd] stopped.
rm: cannot remove '': No such file or directory
rm: cannot remove '': No such file or directory
rm: cannot remove '': No such file or directory
rm: cannot remove '': No such file or directory
rm: cannot remove '': No such file or directory
rm: cannot remove '': No such file or directory
rm: cannot remove '': No such file or directory
iptables: Bad rule (does a matching rule exist in that chain?).
iptables: Too many links.
2024/10/09 04:29:14	(system) trigger ContainerManager 20.10.23-1437 End start-stop-status stop ret=[0]
2024/10/09 04:33:46	(system) trigger ContainerManager 20.10.23-1437 Begin start-stop-status start
[pkg-ContainerManager-event-watcherd] started.
Wed Oct  9 04:33:46 CST 2024: start_docker_daemon: try start docker daemon
Wed Oct  9 04:33:46 CST 2024: start_docker_daemon: start daemon..
[pkg-ContainerManager-dockerd] started.
Wed Oct  9 04:35:23 CST 2024: start_docker_daemon: daemon started. start to wait for daemon ready
Wed Oct  9 04:35:24 CST 2024: start_docker_daemon: daemon is ready
[Line 265] Not a json value: muallin-yacreaderlibrary-server-docker
[Line 295] Exec WebAPI:  api=SYNO.Docker.Container, version=1, method=start, param={"name":"muallin-yacreaderlibrary-server-docker"}, runner=SYSTEM_ADMIN
{
   "data" : {
      "cpu" : 0,
      "memory" : 57319424,
      "memoryPercent" : 0.34971973299980164,
      "name" : "muallin-yacreaderlibrary-server-docker",
      "start_dependent_container" : false
   },
   "httpd_restart" : false,
   "success" : true
}
[Line 265] Not a json value: nextcloud
[Line 295] Exec WebAPI:  api=SYNO.Docker.Container, version=1, method=start, param={"name":"nextcloud"}, runner=SYSTEM_ADMIN
{
   "data" : {
      "cpu" : 0,
      "memory" : 123731968,
      "memoryPercent" : 0.75491881370544434,
      "name" : "nextcloud",
      "start_dependent_container" : false
   },
   "httpd_restart" : false,
   "success" : true
}
[Line 265] Not a json value: nyanmisaka-jellyfin
[Line 295] Exec WebAPI:  api=SYNO.Docker.Container, version=1, method=start, param={"name":"nyanmisaka-jellyfin"}, runner=SYSTEM_ADMIN
{
   "data" : {
      "cpu" : 1.125,
      "memory" : 233598976,
      "memoryPercent" : 1.4252440929412842,
      "name" : "nyanmisaka-jellyfin",
      "start_dependent_container" : false
   },
   "httpd_restart" : false,
   "success" : true
}
[pkg-ContainerManager-termd] started.
2024/10/09 04:35:25	(system) trigger ContainerManager 20.10.23-1437 End start-stop-status start ret=[0]
2024/11/05 00:53:14	(system) trigger ContainerManager 20.10.23-1437 Begin start-stop-status stop
[pkg-ContainerManager-termd] stopped.
CONTAINER ID   IMAGE                                           COMMAND                  CREATED       STATUS                 PORTS                                             NAMES
278cd2f6a1ac   linuxserver/code-server:latest                  "/init"                  11 days ago   Up 11 days             0.0.0.0:8443->8443/tcp, :::8443->8443/tcp         linuxserver-code-server-1
da42364ee3f1   muallin/yacreaderlibrary-server-docker:latest   "YACReaderLibrarySer…"   4 weeks ago   Up 3 weeks             8080/tcp, 0.0.0.0:8012->80/tcp, :::8012->80/tcp   muallin-yacreaderlibrary-server-docker
fdea645ad37f   nextcloud:latest                                "/entrypoint.sh apac…"   4 weeks ago   Up 3 weeks             0.0.0.0:8082->80/tcp, :::8082->80/tcp             nextcloud
34697d365633   nyanmisaka/jellyfin                             "./jellyfin/jellyfin…"   4 weeks ago   Up 3 weeks (healthy)   0.0.0.0:8097->8096/tcp, :::8097->8096/tcp         nyanmisaka-jellyfin
[Line 265] Not a json value: linuxserver-code-server-1
[Line 295] Exec WebAPI:  api=SYNO.Docker.Container, version=1, method=stop, param={"name":"linuxserver-code-server-1"}, runner=SYSTEM_ADMIN
{
   "data" : {
      "cpu" : 0,
      "memory" : 0,
      "memoryPercent" : 0,
      "name" : "linuxserver-code-server-1"
   },
   "httpd_restart" : false,
   "success" : true
}
[Line 265] Not a json value: muallin-yacreaderlibrary-server-docker
[Line 295] Exec WebAPI:  api=SYNO.Docker.Container, version=1, method=stop, param={"name":"muallin-yacreaderlibrary-server-docker"}, runner=SYSTEM_ADMIN
{
   "data" : {
      "cpu" : 0,
      "memory" : 0,
      "memoryPercent" : 0,
      "name" : "muallin-yacreaderlibrary-server-docker"
   },
   "httpd_restart" : false,
   "success" : true
}
[Line 265] Not a json value: nextcloud
[Line 295] Exec WebAPI:  api=SYNO.Docker.Container, version=1, method=stop, param={"name":"nextcloud"}, runner=SYSTEM_ADMIN
{
   "data" : {
      "cpu" : 0,
      "memory" : 0,
      "memoryPercent" : 0,
      "name" : "nextcloud"
   },
   "httpd_restart" : false,
   "success" : true
}
[Line 265] Not a json value: nyanmisaka-jellyfin
[Line 295] Exec WebAPI:  api=SYNO.Docker.Container, version=1, method=stop, param={"name":"nyanmisaka-jellyfin"}, runner=SYSTEM_ADMIN
{
   "data" : {
      "cpu" : 0,
      "memory" : 0,
      "memoryPercent" : 0,
      "name" : "nyanmisaka-jellyfin"
   },
   "httpd_restart" : false,
   "success" : true
}
[pkg-ContainerManager-dockerd] stopped.
[pkg-ContainerManager-event-watcherd] stopped.
rm: cannot remove '': No such file or directory
rm: cannot remove '': No such file or directory
rm: cannot remove '': No such file or directory
rm: cannot remove '': No such file or directory
rm: cannot remove '': No such file or directory
rm: cannot remove '': No such file or directory
rm: cannot remove '': No such file or directory
iptables: Bad rule (does a matching rule exist in that chain?).
iptables: Too many links.
2024/11/05 00:53:43	(system) trigger ContainerManager 20.10.23-1437 End start-stop-status stop ret=[0]
2024/11/05 07:06:47	(system) trigger ContainerManager 20.10.23-1437 Begin start-stop-status start
[pkg-ContainerManager-event-watcherd] started.
Tue Nov  5 07:06:48 CST 2024: start_docker_daemon: try start docker daemon
Tue Nov  5 07:06:48 CST 2024: start_docker_daemon: start daemon..
[pkg-ContainerManager-dockerd] started.
Tue Nov  5 07:08:31 CST 2024: start_docker_daemon: daemon started. start to wait for daemon ready
Tue Nov  5 07:08:33 CST 2024: start_docker_daemon: daemon is ready
[Line 265] Not a json value: linuxserver-code-server-1
[Line 295] Exec WebAPI:  api=SYNO.Docker.Container, version=1, method=start, param={"name":"linuxserver-code-server-1"}, runner=SYSTEM_ADMIN
{
   "data" : {
      "cpu" : 0.40000000596046448,
      "memory" : 156303360,
      "memoryPercent" : 0.95364475250244141,
      "name" : "linuxserver-code-server-1",
      "start_dependent_container" : false
   },
   "httpd_restart" : false,
   "success" : true
}
[Line 265] Not a json value: muallin-yacreaderlibrary-server-docker
[Line 295] Exec WebAPI:  api=SYNO.Docker.Container, version=1, method=start, param={"name":"muallin-yacreaderlibrary-server-docker"}, runner=SYSTEM_ADMIN
{
   "data" : {
      "cpu" : 0,
      "memory" : 57237504,
      "memoryPercent" : 0.3492199182510376,
      "name" : "muallin-yacreaderlibrary-server-docker",
      "start_dependent_container" : false
   },
   "httpd_restart" : false,
   "success" : true
}
[Line 265] Not a json value: nextcloud
[Line 295] Exec WebAPI:  api=SYNO.Docker.Container, version=1, method=start, param={"name":"nextcloud"}, runner=SYSTEM_ADMIN
{
   "data" : {
      "cpu" : 0,
      "memory" : 123867136,
      "memoryPercent" : 0.75574350357055664,
      "name" : "nextcloud",
      "start_dependent_container" : false
   },
   "httpd_restart" : false,
   "success" : true
}
[Line 265] Not a json value: nyanmisaka-jellyfin
[Line 295] Exec WebAPI:  api=SYNO.Docker.Container, version=1, method=start, param={"name":"nyanmisaka-jellyfin"}, runner=SYSTEM_ADMIN
{
   "data" : {
      "cpu" : 1.0249999761581421,
      "memory" : 867909632,
      "memoryPercent" : 5.2953276634216309,
      "name" : "nyanmisaka-jellyfin",
      "start_dependent_container" : false
   },
   "httpd_restart" : false,
   "success" : true
}
[pkg-ContainerManager-termd] started.
2024/11/05 07:08:33	(system) trigger ContainerManager 20.10.23-1437 End start-stop-status start ret=[0]
