2024/09/12 10:32:45	install DownloadStation 4.0.3-4720 Begin preinst
2024/09/12 10:32:45	install DownloadStation 4.0.3-4720 End preinst ret=[0]
2024/09/12 10:32:45	install DownloadStation 4.0.3-4720 Begin /bin/mkdir -p /volume1/@appstore/DownloadStation -m 755
2024/09/12 10:32:45	install DownloadStation 4.0.3-4720 End /bin/mkdir -p /volume1/@appstore/DownloadStation -m 755 ret=[0]
2024/09/12 10:32:45	install DownloadStation 4.0.3-4720 Begin /bin/rm -rf /volume1/@appstore/DownloadStation
2024/09/12 10:32:45	install DownloadStation 4.0.3-4720 End /bin/rm -rf /volume1/@appstore/DownloadStation ret=[0]
2024/09/12 10:32:45	install DownloadStation 4.0.3-4720 Begin /bin/mv -f /volume1/@tmp/synopkg/install.ejIYEA/package /volume1/@appstore/DownloadStation
2024/09/12 10:32:45	install DownloadStation 4.0.3-4720 End /bin/mv -f /volume1/@tmp/synopkg/install.ejIYEA/package /volume1/@appstore/DownloadStation ret=[0]
2024/09/12 10:32:45	install DownloadStation 4.0.3-4720 Begin /bin/rm -rf /var/packages/DownloadStation
2024/09/12 10:32:45	install DownloadStation 4.0.3-4720 End /bin/rm -rf /var/packages/DownloadStation ret=[0]
2024/09/12 10:32:45	install DownloadStation 4.0.3-4720 Begin /bin/mkdir -p /var/packages/DownloadStation -m 755
2024/09/12 10:32:45	install DownloadStation 4.0.3-4720 End /bin/mkdir -p /var/packages/DownloadStation -m 755 ret=[0]
2024/09/12 10:32:45	install DownloadStation 4.0.3-4720 Begin /bin/touch /var/packages/DownloadStation/installing
2024/09/12 10:32:45	install DownloadStation 4.0.3-4720 End /bin/touch /var/packages/DownloadStation/installing ret=[0]
2024/09/12 10:32:45	install DownloadStation 4.0.3-4720 Begin /bin/mv -f /volume1/@tmp/synopkg/install.ejIYEA/INFO /var/packages/DownloadStation/INFO
2024/09/12 10:32:45	install DownloadStation 4.0.3-4720 End /bin/mv -f /volume1/@tmp/synopkg/install.ejIYEA/INFO /var/packages/DownloadStation/INFO ret=[0]
2024/09/12 10:32:45	install DownloadStation 4.0.3-4720 Begin /bin/rm -rf /var/packages/DownloadStation/scripts
2024/09/12 10:32:45	install DownloadStation 4.0.3-4720 End /bin/rm -rf /var/packages/DownloadStation/scripts ret=[0]
2024/09/12 10:32:45	install DownloadStation 4.0.3-4720 Begin /bin/mv -f /volume1/@tmp/synopkg/install.ejIYEA/scripts /var/packages/DownloadStation/scripts
2024/09/12 10:32:45	install DownloadStation 4.0.3-4720 End /bin/mv -f /volume1/@tmp/synopkg/install.ejIYEA/scripts /var/packages/DownloadStation/scripts ret=[0]
2024/09/12 10:32:45	install DownloadStation 4.0.3-4720 Begin /bin/rm -rf /var/packages/DownloadStation/WIZARD_UIFILES
2024/09/12 10:32:45	install DownloadStation 4.0.3-4720 End /bin/rm -rf /var/packages/DownloadStation/WIZARD_UIFILES ret=[0]
2024/09/12 10:32:45	install DownloadStation 4.0.3-4720 Begin /bin/mv -f /volume1/@tmp/synopkg/install.ejIYEA/WIZARD_UIFILES /var/packages/DownloadStation/WIZARD_UIFILES
2024/09/12 10:32:45	install DownloadStation 4.0.3-4720 End /bin/mv -f /volume1/@tmp/synopkg/install.ejIYEA/WIZARD_UIFILES /var/packages/DownloadStation/WIZARD_UIFILES ret=[0]
2024/09/12 10:32:45	install DownloadStation 4.0.3-4720 Begin /bin/rm -rf /var/packages/DownloadStation/conf
2024/09/12 10:32:45	install DownloadStation 4.0.3-4720 End /bin/rm -rf /var/packages/DownloadStation/conf ret=[0]
2024/09/12 10:32:45	install DownloadStation 4.0.3-4720 Begin /bin/mv -f /volume1/@tmp/synopkg/install.ejIYEA/conf /var/packages/DownloadStation/conf
2024/09/12 10:32:45	install DownloadStation 4.0.3-4720 End /bin/mv -f /volume1/@tmp/synopkg/install.ejIYEA/conf /var/packages/DownloadStation/conf ret=[0]
2024/09/12 10:32:49	install DownloadStation 4.0.3-4720 Begin postinst
Moved 0 keys from /etc/synoinfo.conf to /var/packages/DownloadStation/etc/settings.conf
Deleted 1 keys from file /etc/synoinfo.conf
/var/packages/DownloadStation/target/scripts/migrate/001_lftp_status_file.sh: line 14: [: argument expected
Need download directory
/bin/chown: cannot access '/var/services/download/': No such file or directory
/bin/chown: cannot access '/var/packages/DownloadStation/etc/pyload/': No such file or directory
PHP Warning:  parse_ini_file(/var/packages/DownloadStation/etc/download/host.conf): Failed to open stream: No such file or directory in /volume1/@appstore/DownloadStation/scripts/migrate/005_user_account_to_json.php on line 75
PHP Warning:  parse_ini_file(/var/packages/DownloadStation/etc/download/btsearch.conf): Failed to open stream: No such file or directory in /volume1/@appstore/DownloadStation/scripts/migrate/005_user_account_to_json.php on line 81
2024/09/12 10:32:50	install DownloadStation 4.0.3-4720 End postinst ret=[0]
2024/09/12 10:33:02	install DownloadStation 4.0.3-4720 Begin start-stop-status start
rm: cannot remove '/var/packages/DownloadStation/etc/download/settings.json': No such file or directory
rm: cannot remove '/var/packages/DownloadStation/etc/amule/statistics.dat': No such file or directory
active
Update download queue table and set all pid to -1
BEGIN
CREATE TABLE
CREATE TABLE
CREATE TABLE
CREATE TABLE
CREATE TABLE
CREATE TABLE
CREATE TABLE
CREATE INDEX
CREATE FUNCTION
CREATE TRIGGER
CREATE TRIGGER
COMMIT
test upload_rate in download_queue table
test seeders in download_queue table
set torrent task_flags in download_queue
Check current amule version...
No need to upgrade amule.conf...
test destination column in download_queue table
test rss_feed table in download db
test uid column in user_setting table
test enable_watchffolder column in user_setting table
test unzip_password column in download_queue table
test unzip_progress column in download_queue table
test is_regex column in rss_filter table
test task_plugin table in download db
Create task_plugin tables in download db
BEGIN
CREATE TABLE
COMMIT
test thumbnail table in download db
Create thumbnail tables in download db
BEGIN
CREATE TABLE
COMMIT
test thumbnail_status column in download_queue table
Create thumbnail_status column in download
BEGIN
ALTER TABLE
ALTER TABLE
COMMIT
test completed_time column in download_queue table
Create completed_time column in download
BEGIN
ALTER TABLE
COMMIT
test waiting_until_time column in download_queue table
Create waiting_until_time column in download
BEGIN
ALTER TABLE
COMMIT
test colume one in view test_filter_view
Create colume one in view test_filter_view
BEGIN
CREATE VIEW
COMMIT
test aftertaskdeleted trigger function
create aftertaskdeleted trigger in download
BEGIN
CREATE FUNCTION
CREATE TRIGGER
COMMIT
test given_filename, referer, cookie_path column in download_queue table
test torrent_oid column in download_queue table
Replace torrent columns to torrent_oid in download
BEGIN
ALTER TABLE
UPDATE 0
ALTER TABLE
CREATE RULE
COMMIT
test notification table in download db
Create notification tables in download db
BEGIN
CREATE TABLE
CREATE FUNCTION
CREATE FUNCTION
CREATE FUNCTION
CREATE TRIGGER
CREATE TRIGGER
COMMIT
test if notification_view
Create notification_view
BEGIN
CREATE VIEW
COMMIT
test task trigger function
CREATE FUNCTION
test if function lo_unlink_non_raise is defined
Replace rule propagate_deletes_to_lob added by upgrade-020 in download_queue table
BEGIN
CREATE FUNCTION
CREATE RULE
COMMIT
test user preference migration finished
test search_plugin_status table in download db
Create search_plugin_status tables in download db
BEGIN
CREATE TABLE
COMMIT
Starting Download Station scheduler daemon ...
1023 (process ID) old priority -20, new priority -20
[pkg-synodl-apid] started.
2024/09/12 10:33:03	install DownloadStation 4.0.3-4720 End start-stop-status start ret=[0]
2024/09/14 22:42:42	(system) trigger DownloadStation 4.0.3-4720 Begin start-stop-status stop
[pkg-synodl-apid] stopped.
Stopping scheduler ...
1023 (process ID) old priority -20, new priority -5
2024/09/14 22:42:51	(system) trigger DownloadStation 4.0.3-4720 End start-stop-status stop ret=[0]
2024/09/14 23:17:05	(system) trigger DownloadStation 4.0.3-4720 Begin start-stop-status start
rm: cannot remove '/var/packages/DownloadStation/etc/amule/statistics.dat': No such file or directory
active
Update download queue table and set all pid to -1
test upload_rate in download_queue table
test seeders in download_queue table
Check current amule version...
No need to upgrade amule.conf...
test destination column in download_queue table
test rss_feed table in download db
test uid column in user_setting table
test enable_watchffolder column in user_setting table
test unzip_password column in download_queue table
test unzip_progress column in download_queue table
test is_regex column in rss_filter table
test task_plugin table in download db
test thumbnail table in download db
test thumbnail_status column in download_queue table
test completed_time column in download_queue table
test waiting_until_time column in download_queue table
test colume one in view test_filter_view
test aftertaskdeleted trigger function
test given_filename, referer, cookie_path column in download_queue table
test torrent_oid column in download_queue table
test notification table in download db
test if notification_view
test task trigger function
CREATE FUNCTION
test if function lo_unlink_non_raise is defined
test user preference migration finished
test search_plugin_status table in download db
Starting Download Station scheduler daemon ...
1026 (process ID) old priority -20, new priority -20
[pkg-synodl-apid] started.
2024/09/14 23:17:10	(system) trigger DownloadStation 4.0.3-4720 End start-stop-status start ret=[0]
2024/09/15 00:49:58	(system) trigger DownloadStation 4.0.3-4720 Begin start-stop-status stop
[pkg-synodl-apid] stopped.
Stopping scheduler ...
1026 (process ID) old priority -20, new priority -5
2024/09/15 00:50:04	(system) trigger DownloadStation 4.0.3-4720 End start-stop-status stop ret=[0]
2024/09/15 01:14:30	(system) trigger DownloadStation 4.0.3-4720 Begin start-stop-status start
rm: cannot remove '/var/packages/DownloadStation/etc/amule/statistics.dat': No such file or directory
active
Update download queue table and set all pid to -1
test upload_rate in download_queue table
test seeders in download_queue table
Check current amule version...
No need to upgrade amule.conf...
test destination column in download_queue table
test rss_feed table in download db
test uid column in user_setting table
test enable_watchffolder column in user_setting table
test unzip_password column in download_queue table
test unzip_progress column in download_queue table
test is_regex column in rss_filter table
test task_plugin table in download db
test thumbnail table in download db
test thumbnail_status column in download_queue table
test completed_time column in download_queue table
test waiting_until_time column in download_queue table
test colume one in view test_filter_view
test aftertaskdeleted trigger function
test given_filename, referer, cookie_path column in download_queue table
test torrent_oid column in download_queue table
test notification table in download db
test if notification_view
test task trigger function
CREATE FUNCTION
test if function lo_unlink_non_raise is defined
test user preference migration finished
test search_plugin_status table in download db
Starting Download Station scheduler daemon ...
1025 (process ID) old priority -20, new priority -20
[pkg-synodl-apid] started.
2024/09/15 01:14:33	(system) trigger DownloadStation 4.0.3-4720 End start-stop-status start ret=[0]
2024/09/15 01:22:23	(system) trigger DownloadStation 4.0.3-4720 Begin start-stop-status start
rm: cannot remove '/var/packages/DownloadStation/etc/download/settings.json': No such file or directory
rm: cannot remove '/var/packages/DownloadStation/etc/amule/statistics.dat': No such file or directory
active
Update download queue table and set all pid to -1
test upload_rate in download_queue table
test seeders in download_queue table
Check current amule version...
No need to upgrade amule.conf...
test destination column in download_queue table
test rss_feed table in download db
test uid column in user_setting table
test enable_watchffolder column in user_setting table
test unzip_password column in download_queue table
test unzip_progress column in download_queue table
test is_regex column in rss_filter table
test task_plugin table in download db
test thumbnail table in download db
test thumbnail_status column in download_queue table
test completed_time column in download_queue table
test waiting_until_time column in download_queue table
test colume one in view test_filter_view
test aftertaskdeleted trigger function
test given_filename, referer, cookie_path column in download_queue table
test torrent_oid column in download_queue table
test notification table in download db
test if notification_view
test task trigger function
CREATE FUNCTION
test if function lo_unlink_non_raise is defined
test user preference migration finished
test search_plugin_status table in download db
Starting Download Station scheduler daemon ...
1025 (process ID) old priority -20, new priority -20
[pkg-synodl-apid] started.
2024/09/15 01:22:46	(system) trigger DownloadStation 4.0.3-4720 End start-stop-status start ret=[0]
2024/09/15 01:31:18	(system) trigger DownloadStation 4.0.3-4720 Begin start-stop-status start
rm: cannot remove '/var/packages/DownloadStation/etc/download/settings.json': No such file or directory
rm: cannot remove '/var/packages/DownloadStation/etc/amule/statistics.dat': No such file or directory
active
Update download queue table and set all pid to -1
test upload_rate in download_queue table
test seeders in download_queue table
Check current amule version...
No need to upgrade amule.conf...
test destination column in download_queue table
test rss_feed table in download db
test uid column in user_setting table
test enable_watchffolder column in user_setting table
test unzip_password column in download_queue table
test unzip_progress column in download_queue table
test is_regex column in rss_filter table
test task_plugin table in download db
test thumbnail table in download db
test thumbnail_status column in download_queue table
test completed_time column in download_queue table
test waiting_until_time column in download_queue table
test colume one in view test_filter_view
test aftertaskdeleted trigger function
test given_filename, referer, cookie_path column in download_queue table
test torrent_oid column in download_queue table
test notification table in download db
test if notification_view
test task trigger function
CREATE FUNCTION
test if function lo_unlink_non_raise is defined
test user preference migration finished
test search_plugin_status table in download db
Starting Download Station scheduler daemon ...
1024 (process ID) old priority -20, new priority -20
[pkg-synodl-apid] started.
2024/09/15 01:31:36	(system) trigger DownloadStation 4.0.3-4720 End start-stop-status start ret=[0]
2024/09/15 05:06:42	(system) trigger DownloadStation 4.0.3-4720 Begin start-stop-status stop
[pkg-synodl-apid] stopped.
/var/packages/DownloadStation/scripts/start-stop-status: line 60: /var/packages/DownloadStation/target/scripts/S25download.sh: No such file or directory
2024/09/15 05:06:43	(system) trigger DownloadStation 4.0.3-4720 End start-stop-status stop ret=[0]
2024/09/15 05:16:20	(system) trigger DownloadStation 4.0.3-4720 Begin start-stop-status start
rm: cannot remove '/var/packages/DownloadStation/etc/download/settings.json': No such file or directory
rm: cannot remove '/var/packages/DownloadStation/etc/amule/statistics.dat': No such file or directory
active
Update download queue table and set all pid to -1
BEGIN
CREATE TABLE
CREATE TABLE
CREATE TABLE
CREATE TABLE
CREATE TABLE
CREATE TABLE
CREATE TABLE
CREATE INDEX
CREATE FUNCTION
CREATE TRIGGER
CREATE TRIGGER
COMMIT
test upload_rate in download_queue table
test seeders in download_queue table
set torrent task_flags in download_queue
Check current amule version...
No need to upgrade amule.conf...
test destination column in download_queue table
test rss_feed table in download db
test uid column in user_setting table
test enable_watchffolder column in user_setting table
test unzip_password column in download_queue table
test unzip_progress column in download_queue table
test is_regex column in rss_filter table
test task_plugin table in download db
Create task_plugin tables in download db
BEGIN
CREATE TABLE
COMMIT
test thumbnail table in download db
Create thumbnail tables in download db
BEGIN
CREATE TABLE
COMMIT
test thumbnail_status column in download_queue table
Create thumbnail_status column in download
BEGIN
ALTER TABLE
ALTER TABLE
COMMIT
test completed_time column in download_queue table
Create completed_time column in download
BEGIN
ALTER TABLE
COMMIT
test waiting_until_time column in download_queue table
Create waiting_until_time column in download
BEGIN
ALTER TABLE
COMMIT
test colume one in view test_filter_view
Create colume one in view test_filter_view
BEGIN
CREATE VIEW
COMMIT
test aftertaskdeleted trigger function
create aftertaskdeleted trigger in download
BEGIN
CREATE FUNCTION
CREATE TRIGGER
COMMIT
test given_filename, referer, cookie_path column in download_queue table
test torrent_oid column in download_queue table
Replace torrent columns to torrent_oid in download
BEGIN
ALTER TABLE
UPDATE 0
ALTER TABLE
CREATE RULE
COMMIT
test notification table in download db
Create notification tables in download db
BEGIN
CREATE TABLE
CREATE FUNCTION
CREATE FUNCTION
CREATE FUNCTION
CREATE TRIGGER
CREATE TRIGGER
COMMIT
test if notification_view
Create notification_view
BEGIN
CREATE VIEW
COMMIT
test task trigger function
CREATE FUNCTION
test if function lo_unlink_non_raise is defined
Replace rule propagate_deletes_to_lob added by upgrade-020 in download_queue table
BEGIN
CREATE FUNCTION
CREATE RULE
COMMIT
test user preference migration finished
test search_plugin_status table in download db
Create search_plugin_status tables in download db
BEGIN
CREATE TABLE
COMMIT
Starting Download Station scheduler daemon ...
1024 (process ID) old priority -20, new priority -20
[pkg-synodl-apid] started.
2024/09/15 05:16:42	(system) trigger DownloadStation 4.0.3-4720 End start-stop-status start ret=[0]
2024/09/16 05:35:16	(system) trigger DownloadStation 4.0.3-4720 Begin start-stop-status stop
[pkg-synodl-apid] stopped.
Stopping scheduler ...
1024 (process ID) old priority -20, new priority -5
2024/09/16 05:35:23	(system) trigger DownloadStation 4.0.3-4720 End start-stop-status stop ret=[0]
2024/09/16 05:39:52	(system) trigger DownloadStation 4.0.3-4720 Begin start-stop-status start
rm: cannot remove '/var/packages/DownloadStation/etc/amule/statistics.dat': No such file or directory
active
Update download queue table and set all pid to -1
test upload_rate in download_queue table
test seeders in download_queue table
Check current amule version...
No need to upgrade amule.conf...
test destination column in download_queue table
test rss_feed table in download db
test uid column in user_setting table
test enable_watchffolder column in user_setting table
test unzip_password column in download_queue table
test unzip_progress column in download_queue table
test is_regex column in rss_filter table
test task_plugin table in download db
test thumbnail table in download db
test thumbnail_status column in download_queue table
test completed_time column in download_queue table
test waiting_until_time column in download_queue table
test colume one in view test_filter_view
test aftertaskdeleted trigger function
test given_filename, referer, cookie_path column in download_queue table
test torrent_oid column in download_queue table
test notification table in download db
test if notification_view
test task trigger function
CREATE FUNCTION
test if function lo_unlink_non_raise is defined
test user preference migration finished
test search_plugin_status table in download db
Starting Download Station scheduler daemon ...
1025 (process ID) old priority -20, new priority -20
[pkg-synodl-apid] started.
2024/09/16 05:39:59	(system) trigger DownloadStation 4.0.3-4720 End start-stop-status start ret=[0]
2024/09/16 19:28:24	(system) trigger DownloadStation 4.0.3-4720 Begin start-stop-status stop
[pkg-synodl-apid] stopped.
Stopping scheduler ...
1025 (process ID) old priority -20, new priority -5
2024/09/16 19:28:32	(system) trigger DownloadStation 4.0.3-4720 End start-stop-status stop ret=[0]
2024/09/16 19:33:13	(system) trigger DownloadStation 4.0.3-4720 Begin start-stop-status start
rm: cannot remove '/var/packages/DownloadStation/etc/amule/statistics.dat': No such file or directory
active
Update download queue table and set all pid to -1
test upload_rate in download_queue table
test seeders in download_queue table
Check current amule version...
No need to upgrade amule.conf...
test destination column in download_queue table
test rss_feed table in download db
test uid column in user_setting table
test enable_watchffolder column in user_setting table
test unzip_password column in download_queue table
test unzip_progress column in download_queue table
test is_regex column in rss_filter table
test task_plugin table in download db
test thumbnail table in download db
test thumbnail_status column in download_queue table
test completed_time column in download_queue table
test waiting_until_time column in download_queue table
test colume one in view test_filter_view
test aftertaskdeleted trigger function
test given_filename, referer, cookie_path column in download_queue table
test torrent_oid column in download_queue table
test notification table in download db
test if notification_view
test task trigger function
CREATE FUNCTION
test if function lo_unlink_non_raise is defined
test user preference migration finished
test search_plugin_status table in download db
Starting Download Station scheduler daemon ...
1024 (process ID) old priority -20, new priority -20
[pkg-synodl-apid] started.
2024/09/16 19:33:19	(system) trigger DownloadStation 4.0.3-4720 End start-stop-status start ret=[0]
2024/09/17 04:54:16	(system) trigger DownloadStation 4.0.3-4720 Begin start-stop-status stop
[pkg-synodl-apid] stopped.
Stopping scheduler ...
1024 (process ID) old priority -20, new priority -5
2024/09/17 04:54:28	(system) trigger DownloadStation 4.0.3-4720 End start-stop-status stop ret=[0]
2024/09/17 04:58:58	(system) trigger DownloadStation 4.0.3-4720 Begin start-stop-status start
rm: cannot remove '/var/packages/DownloadStation/etc/amule/statistics.dat': No such file or directory
active
Update download queue table and set all pid to -1
test upload_rate in download_queue table
test seeders in download_queue table
Check current amule version...
No need to upgrade amule.conf...
test destination column in download_queue table
test rss_feed table in download db
test uid column in user_setting table
test enable_watchffolder column in user_setting table
test unzip_password column in download_queue table
test unzip_progress column in download_queue table
test is_regex column in rss_filter table
test task_plugin table in download db
test thumbnail table in download db
test thumbnail_status column in download_queue table
test completed_time column in download_queue table
test waiting_until_time column in download_queue table
test colume one in view test_filter_view
test aftertaskdeleted trigger function
test given_filename, referer, cookie_path column in download_queue table
test torrent_oid column in download_queue table
test notification table in download db
test if notification_view
test task trigger function
CREATE FUNCTION
test if function lo_unlink_non_raise is defined
test user preference migration finished
test search_plugin_status table in download db
Starting Download Station scheduler daemon ...
1022 (process ID) old priority -20, new priority -20
[pkg-synodl-apid] started.
2024/09/17 04:59:02	(system) trigger DownloadStation 4.0.3-4720 End start-stop-status start ret=[0]
2024/09/17 05:46:13	(system) trigger DownloadStation 4.0.3-4720 Begin start-stop-status stop
[pkg-synodl-apid] stopped.
Stopping scheduler ...
1022 (process ID) old priority -20, new priority -5
2024/09/17 05:46:22	(system) trigger DownloadStation 4.0.3-4720 End start-stop-status stop ret=[0]
2024/09/17 05:51:03	(system) trigger DownloadStation 4.0.3-4720 Begin start-stop-status start
rm: cannot remove '/var/packages/DownloadStation/etc/amule/statistics.dat': No such file or directory
active
Update download queue table and set all pid to -1
test upload_rate in download_queue table
test seeders in download_queue table
Check current amule version...
No need to upgrade amule.conf...
test destination column in download_queue table
test rss_feed table in download db
test uid column in user_setting table
test enable_watchffolder column in user_setting table
test unzip_password column in download_queue table
test unzip_progress column in download_queue table
test is_regex column in rss_filter table
test task_plugin table in download db
test thumbnail table in download db
test thumbnail_status column in download_queue table
test completed_time column in download_queue table
test waiting_until_time column in download_queue table
test colume one in view test_filter_view
test aftertaskdeleted trigger function
test given_filename, referer, cookie_path column in download_queue table
test torrent_oid column in download_queue table
test notification table in download db
test if notification_view
test task trigger function
CREATE FUNCTION
test if function lo_unlink_non_raise is defined
test user preference migration finished
test search_plugin_status table in download db
Starting Download Station scheduler daemon ...
1024 (process ID) old priority -20, new priority -20
[pkg-synodl-apid] started.
2024/09/17 05:51:08	(system) trigger DownloadStation 4.0.3-4720 End start-stop-status start ret=[0]
2024/09/17 10:41:29	(system) trigger DownloadStation 4.0.3-4720 Begin start-stop-status stop
[pkg-synodl-apid] stopped.
Stopping scheduler ...
1024 (process ID) old priority -20, new priority -5
2024/09/17 10:41:38	(system) trigger DownloadStation 4.0.3-4720 End start-stop-status stop ret=[0]
2024/09/17 10:46:18	(system) trigger DownloadStation 4.0.3-4720 Begin start-stop-status start
rm: cannot remove '/var/packages/DownloadStation/etc/amule/statistics.dat': No such file or directory
active
Update download queue table and set all pid to -1
test upload_rate in download_queue table
test seeders in download_queue table
Check current amule version...
No need to upgrade amule.conf...
test destination column in download_queue table
test rss_feed table in download db
test uid column in user_setting table
test enable_watchffolder column in user_setting table
test unzip_password column in download_queue table
test unzip_progress column in download_queue table
test is_regex column in rss_filter table
test task_plugin table in download db
test thumbnail table in download db
test thumbnail_status column in download_queue table
test completed_time column in download_queue table
test waiting_until_time column in download_queue table
test colume one in view test_filter_view
test aftertaskdeleted trigger function
test given_filename, referer, cookie_path column in download_queue table
test torrent_oid column in download_queue table
test notification table in download db
test if notification_view
test task trigger function
CREATE FUNCTION
test if function lo_unlink_non_raise is defined
test user preference migration finished
test search_plugin_status table in download db
Starting Download Station scheduler daemon ...
1026 (process ID) old priority -20, new priority -20
[pkg-synodl-apid] started.
2024/09/17 10:46:23	(system) trigger DownloadStation 4.0.3-4720 End start-stop-status start ret=[0]
2024/09/20 07:36:31	(system) trigger DownloadStation 4.0.3-4720 Begin start-stop-status stop
[pkg-synodl-apid] stopped.
Stopping scheduler ...
1026 (process ID) old priority -20, new priority -5
2024/09/20 07:36:40	(system) trigger DownloadStation 4.0.3-4720 End start-stop-status stop ret=[0]
2024/09/20 07:51:37	(system) trigger DownloadStation 4.0.3-4720 Begin start-stop-status start
rm: cannot remove '/var/packages/DownloadStation/etc/amule/statistics.dat': No such file or directory
active
Update download queue table and set all pid to -1
test upload_rate in download_queue table
test seeders in download_queue table
Check current amule version...
No need to upgrade amule.conf...
test destination column in download_queue table
test rss_feed table in download db
test uid column in user_setting table
test enable_watchffolder column in user_setting table
test unzip_password column in download_queue table
test unzip_progress column in download_queue table
test is_regex column in rss_filter table
test task_plugin table in download db
test thumbnail table in download db
test thumbnail_status column in download_queue table
test completed_time column in download_queue table
test waiting_until_time column in download_queue table
test colume one in view test_filter_view
test aftertaskdeleted trigger function
test given_filename, referer, cookie_path column in download_queue table
test torrent_oid column in download_queue table
test notification table in download db
test if notification_view
test task trigger function
CREATE FUNCTION
test if function lo_unlink_non_raise is defined
test user preference migration finished
test search_plugin_status table in download db
Starting Download Station scheduler daemon ...
1025 (process ID) old priority -20, new priority -20
[pkg-synodl-apid] started.
2024/09/20 07:51:43	(system) trigger DownloadStation 4.0.3-4720 End start-stop-status start ret=[0]
2024/09/20 11:28:39	(system) trigger DownloadStation 4.0.3-4720 Begin start-stop-status stop
[pkg-synodl-apid] stopped.
Stopping scheduler ...
1025 (process ID) old priority -20, new priority -5
2024/09/20 11:28:56	(system) trigger DownloadStation 4.0.3-4720 End start-stop-status stop ret=[0]
2024/09/20 11:34:59	(system) trigger DownloadStation 4.0.3-4720 Begin start-stop-status start
rm: cannot remove '/var/packages/DownloadStation/etc/amule/statistics.dat': No such file or directory
active
Update download queue table and set all pid to -1
test upload_rate in download_queue table
test seeders in download_queue table
Check current amule version...
No need to upgrade amule.conf...
test destination column in download_queue table
test rss_feed table in download db
test uid column in user_setting table
test enable_watchffolder column in user_setting table
test unzip_password column in download_queue table
test unzip_progress column in download_queue table
test is_regex column in rss_filter table
test task_plugin table in download db
test thumbnail table in download db
test thumbnail_status column in download_queue table
test completed_time column in download_queue table
test waiting_until_time column in download_queue table
test colume one in view test_filter_view
test aftertaskdeleted trigger function
test given_filename, referer, cookie_path column in download_queue table
test torrent_oid column in download_queue table
test notification table in download db
test if notification_view
test task trigger function
CREATE FUNCTION
test if function lo_unlink_non_raise is defined
test user preference migration finished
test search_plugin_status table in download db
Starting Download Station scheduler daemon ...
1023 (process ID) old priority -20, new priority -20
[pkg-synodl-apid] started.
2024/09/20 11:35:05	(system) trigger DownloadStation 4.0.3-4720 End start-stop-status start ret=[0]
2024/10/05 07:46:01	(system) trigger DownloadStation 4.0.3-4720 Begin start-stop-status stop
[pkg-synodl-apid] stopped.
Stopping scheduler ...
1023 (process ID) old priority -20, new priority -5
2024/10/05 07:46:18	(system) trigger DownloadStation 4.0.3-4720 End start-stop-status stop ret=[0]
2024/10/05 07:49:59	(system) trigger DownloadStation 4.0.3-4720 Begin start-stop-status start
rm: cannot remove '/var/packages/DownloadStation/etc/amule/statistics.dat': No such file or directory
active
Update download queue table and set all pid to -1
test upload_rate in download_queue table
test seeders in download_queue table
Check current amule version...
No need to upgrade amule.conf...
test destination column in download_queue table
test rss_feed table in download db
test uid column in user_setting table
test enable_watchffolder column in user_setting table
test unzip_password column in download_queue table
test unzip_progress column in download_queue table
test is_regex column in rss_filter table
test task_plugin table in download db
test thumbnail table in download db
test thumbnail_status column in download_queue table
test completed_time column in download_queue table
test waiting_until_time column in download_queue table
test colume one in view test_filter_view
test aftertaskdeleted trigger function
test given_filename, referer, cookie_path column in download_queue table
test torrent_oid column in download_queue table
test notification table in download db
test if notification_view
test task trigger function
CREATE FUNCTION
test if function lo_unlink_non_raise is defined
test user preference migration finished
test search_plugin_status table in download db
Starting Download Station scheduler daemon ...
1023 (process ID) old priority -5, new priority -20
[pkg-synodl-apid] started.
2024/10/05 07:50:03	(system) trigger DownloadStation 4.0.3-4720 End start-stop-status start ret=[0]
2024/10/09 04:28:33	(system) trigger DownloadStation 4.0.3-4720 Begin start-stop-status stop
[pkg-synodl-apid] stopped.
Stopping scheduler ...
1023 (process ID) old priority -20, new priority -5
2024/10/09 04:28:50	(system) trigger DownloadStation 4.0.3-4720 End start-stop-status stop ret=[0]
2024/10/09 04:33:46	(system) trigger DownloadStation 4.0.3-4720 Begin start-stop-status start
rm: cannot remove '/var/packages/DownloadStation/etc/amule/statistics.dat': No such file or directory
active
Update download queue table and set all pid to -1
test upload_rate in download_queue table
test seeders in download_queue table
Check current amule version...
No need to upgrade amule.conf...
test destination column in download_queue table
test rss_feed table in download db
test uid column in user_setting table
test enable_watchffolder column in user_setting table
test unzip_password column in download_queue table
test unzip_progress column in download_queue table
test is_regex column in rss_filter table
test task_plugin table in download db
test thumbnail table in download db
test thumbnail_status column in download_queue table
test completed_time column in download_queue table
test waiting_until_time column in download_queue table
test colume one in view test_filter_view
test aftertaskdeleted trigger function
test given_filename, referer, cookie_path column in download_queue table
test torrent_oid column in download_queue table
test notification table in download db
test if notification_view
test task trigger function
CREATE FUNCTION
test if function lo_unlink_non_raise is defined
test user preference migration finished
test search_plugin_status table in download db
Starting Download Station scheduler daemon ...
1024 (process ID) old priority -20, new priority -20
[pkg-synodl-apid] started.
2024/10/09 04:34:02	(system) trigger DownloadStation 4.0.3-4720 End start-stop-status start ret=[0]
2024/11/05 00:53:14	(system) trigger DownloadStation 4.0.3-4720 Begin start-stop-status stop
[pkg-synodl-apid] stopped.
Stopping scheduler ...
1024 (process ID) old priority -20, new priority -5
2024/11/05 00:53:24	(system) trigger DownloadStation 4.0.3-4720 End start-stop-status stop ret=[0]
2024/11/05 07:06:54	(system) trigger DownloadStation 4.0.3-4720 Begin start-stop-status start
rm: cannot remove '/var/packages/DownloadStation/etc/amule/statistics.dat': No such file or directory
active
Update download queue table and set all pid to -1
test upload_rate in download_queue table
test seeders in download_queue table
Check current amule version...
No need to upgrade amule.conf...
test destination column in download_queue table
test rss_feed table in download db
test uid column in user_setting table
test enable_watchffolder column in user_setting table
test unzip_password column in download_queue table
test unzip_progress column in download_queue table
test is_regex column in rss_filter table
test task_plugin table in download db
test thumbnail table in download db
test thumbnail_status column in download_queue table
test completed_time column in download_queue table
test waiting_until_time column in download_queue table
test colume one in view test_filter_view
test aftertaskdeleted trigger function
test given_filename, referer, cookie_path column in download_queue table
test torrent_oid column in download_queue table
test notification table in download db
test if notification_view
test task trigger function
CREATE FUNCTION
test if function lo_unlink_non_raise is defined
test user preference migration finished
test search_plugin_status table in download db
Starting Download Station scheduler daemon ...
1023 (process ID) old priority -20, new priority -20
[pkg-synodl-apid] started.
2024/11/05 07:07:10	(system) trigger DownloadStation 4.0.3-4720 End start-stop-status start ret=[0]
