2024/09/08 17:16:54	install StorageManager 1.0.0-0017 Begin preinst
2024/09/08 17:16:54	install StorageManager 1.0.0-0017 End preinst ret=[0]
2024/09/08 17:16:54	install StorageManager 1.0.0-0017 Begin /bin/mkdir -p /usr/local/packages/@appstore/StorageManager -m 755
2024/09/08 17:16:54	install StorageManager 1.0.0-0017 End /bin/mkdir -p /usr/local/packages/@appstore/StorageManager -m 755 ret=[0]
2024/09/08 17:16:54	install StorageManager 1.0.0-0017 Begin /bin/rm -rf /usr/local/packages/@appstore/StorageManager
2024/09/08 17:16:54	install StorageManager 1.0.0-0017 End /bin/rm -rf /usr/local/packages/@appstore/StorageManager ret=[0]
2024/09/08 17:16:54	install StorageManager 1.0.0-0017 Begin /bin/mv -f /run/synopkg/tmp/install.XwJAJ1/package /usr/local/packages/@appstore/StorageManager
2024/09/08 17:16:54	install StorageManager 1.0.0-0017 End /bin/mv -f /run/synopkg/tmp/install.XwJAJ1/package /usr/local/packages/@appstore/StorageManager ret=[0]
2024/09/08 17:16:54	install StorageManager 1.0.0-0017 Begin /bin/rm -rf /var/packages/StorageManager
2024/09/08 17:16:54	install StorageManager 1.0.0-0017 End /bin/rm -rf /var/packages/StorageManager ret=[0]
2024/09/08 17:16:54	install StorageManager 1.0.0-0017 Begin /bin/mkdir -p /var/packages/StorageManager -m 755
2024/09/08 17:16:54	install StorageManager 1.0.0-0017 End /bin/mkdir -p /var/packages/StorageManager -m 755 ret=[0]
2024/09/08 17:16:54	install StorageManager 1.0.0-0017 Begin /bin/touch /var/packages/StorageManager/installing
2024/09/08 17:16:54	install StorageManager 1.0.0-0017 End /bin/touch /var/packages/StorageManager/installing ret=[0]
2024/09/08 17:16:54	install StorageManager 1.0.0-0017 Begin /bin/mv -f /run/synopkg/tmp/install.XwJAJ1/INFO /var/packages/StorageManager/INFO
2024/09/08 17:16:54	install StorageManager 1.0.0-0017 End /bin/mv -f /run/synopkg/tmp/install.XwJAJ1/INFO /var/packages/StorageManager/INFO ret=[0]
2024/09/08 17:16:54	install StorageManager 1.0.0-0017 Begin /bin/rm -rf /var/packages/StorageManager/scripts
2024/09/08 17:16:54	install StorageManager 1.0.0-0017 End /bin/rm -rf /var/packages/StorageManager/scripts ret=[0]
2024/09/08 17:16:54	install StorageManager 1.0.0-0017 Begin /bin/mv -f /run/synopkg/tmp/install.XwJAJ1/scripts /var/packages/StorageManager/scripts
2024/09/08 17:16:55	install StorageManager 1.0.0-0017 End /bin/mv -f /run/synopkg/tmp/install.XwJAJ1/scripts /var/packages/StorageManager/scripts ret=[0]
2024/09/08 17:16:55	install StorageManager 1.0.0-0017 Begin /bin/rm -rf /var/packages/StorageManager/conf
2024/09/08 17:16:55	install StorageManager 1.0.0-0017 End /bin/rm -rf /var/packages/StorageManager/conf ret=[0]
2024/09/08 17:16:55	install StorageManager 1.0.0-0017 Begin /bin/mv -f /run/synopkg/tmp/install.XwJAJ1/conf /var/packages/StorageManager/conf
2024/09/08 17:16:55	install StorageManager 1.0.0-0017 End /bin/mv -f /run/synopkg/tmp/install.XwJAJ1/conf /var/packages/StorageManager/conf ret=[0]
2024/09/08 17:16:55	install StorageManager 1.0.0-0017 Begin postinst
2024/09/08 17:16:55	install StorageManager 1.0.0-0017 End postinst ret=[0]
2024/09/08 17:16:58	(system) trigger StorageManager 1.0.0-0017 Begin start-stop-status start
2024/09/08 17:16:58	(system) trigger StorageManager 1.0.0-0017 End start-stop-status start ret=[0]
2024/09/09 08:24:45	(system) trigger StorageManager 1.0.0-0017 Begin start-stop-status stop
2024/09/09 08:24:45	(system) trigger StorageManager 1.0.0-0017 End start-stop-status stop ret=[0]
2024/09/10 07:08:53	(system) trigger StorageManager 1.0.0-0017 Begin start-stop-status start
2024/09/10 07:08:53	(system) trigger StorageManager 1.0.0-0017 End start-stop-status start ret=[0]
2024/09/11 19:57:37	(system) trigger StorageManager 1.0.0-0017 Begin start-stop-status stop
2024/09/11 19:57:37	(system) trigger StorageManager 1.0.0-0017 End start-stop-status stop ret=[0]
2024/09/11 20:05:39	(system) trigger StorageManager 1.0.0-0017 Begin start-stop-status start
2024/09/11 20:05:39	(system) trigger StorageManager 1.0.0-0017 End start-stop-status start ret=[0]
2024/09/12 00:26:24	(system) trigger StorageManager 1.0.0-0017 Begin start-stop-status stop
2024/09/12 00:26:24	(system) trigger StorageManager 1.0.0-0017 End start-stop-status stop ret=[0]
2024/09/12 00:30:25	(system) trigger StorageManager 1.0.0-0017 Begin start-stop-status start
2024/09/12 00:30:25	(system) trigger StorageManager 1.0.0-0017 End start-stop-status start ret=[0]
2024/09/14 22:43:06	(system) trigger StorageManager 1.0.0-0017 Begin start-stop-status stop
2024/09/14 22:43:06	(system) trigger StorageManager 1.0.0-0017 End start-stop-status stop ret=[0]
2024/09/14 23:16:50	(system) trigger StorageManager 1.0.0-0017 Begin start-stop-status start
2024/09/14 23:16:50	(system) trigger StorageManager 1.0.0-0017 End start-stop-status start ret=[0]
2024/09/15 00:50:04	(system) trigger StorageManager 1.0.0-0017 Begin start-stop-status stop
2024/09/15 00:50:05	(system) trigger StorageManager 1.0.0-0017 End start-stop-status stop ret=[0]
2024/09/15 01:14:16	(system) trigger StorageManager 1.0.0-0017 Begin start-stop-status start
2024/09/15 01:14:16	(system) trigger StorageManager 1.0.0-0017 End start-stop-status start ret=[0]
2024/09/15 01:22:03	(system) trigger StorageManager 1.0.0-0017 Begin start-stop-status start
2024/09/15 01:22:03	(system) trigger StorageManager 1.0.0-0017 End start-stop-status start ret=[0]
2024/09/15 01:30:57	(system) trigger StorageManager 1.0.0-0017 Begin start-stop-status start
2024/09/15 01:30:57	(system) trigger StorageManager 1.0.0-0017 End start-stop-status start ret=[0]
2024/09/15 05:06:09	(system) trigger StorageManager 1.0.0-0017 Begin start-stop-status start
2024/09/15 05:06:09	(system) trigger StorageManager 1.0.0-0017 End start-stop-status start ret=[0]
2024/09/15 05:15:14	(system) trigger StorageManager 1.0.0-0017 Begin start-stop-status start
2024/09/15 05:15:14	(system) trigger StorageManager 1.0.0-0017 End start-stop-status start ret=[0]
2024/09/16 05:35:26	(system) trigger StorageManager 1.0.0-0017 Begin start-stop-status stop
2024/09/16 05:35:26	(system) trigger StorageManager 1.0.0-0017 End start-stop-status stop ret=[0]
2024/09/16 05:39:38	(system) trigger StorageManager 1.0.0-0017 Begin start-stop-status start
2024/09/16 05:39:38	(system) trigger StorageManager 1.0.0-0017 End start-stop-status start ret=[0]
2024/09/16 19:28:48	(system) trigger StorageManager 1.0.0-0017 Begin start-stop-status stop
2024/09/16 19:28:48	(system) trigger StorageManager 1.0.0-0017 End start-stop-status stop ret=[0]
2024/09/16 19:33:01	(system) trigger StorageManager 1.0.0-0017 Begin start-stop-status start
2024/09/16 19:33:01	(system) trigger StorageManager 1.0.0-0017 End start-stop-status start ret=[0]
2024/09/17 04:54:30	(system) trigger StorageManager 1.0.0-0017 Begin start-stop-status stop
2024/09/17 04:54:30	(system) trigger StorageManager 1.0.0-0017 End start-stop-status stop ret=[0]
2024/09/17 04:58:40	(system) trigger StorageManager 1.0.0-0017 Begin start-stop-status start
2024/09/17 04:58:40	(system) trigger StorageManager 1.0.0-0017 End start-stop-status start ret=[0]
2024/09/17 05:46:37	(system) trigger StorageManager 1.0.0-0017 Begin start-stop-status stop
2024/09/17 05:46:37	(system) trigger StorageManager 1.0.0-0017 End start-stop-status stop ret=[0]
2024/09/17 05:50:49	(system) trigger StorageManager 1.0.0-0017 Begin start-stop-status start
2024/09/17 05:50:49	(system) trigger StorageManager 1.0.0-0017 End start-stop-status start ret=[0]
2024/09/17 10:41:53	(system) trigger StorageManager 1.0.0-0017 Begin start-stop-status stop
2024/09/17 10:41:53	(system) trigger StorageManager 1.0.0-0017 End start-stop-status stop ret=[0]
2024/09/17 10:46:04	(system) trigger StorageManager 1.0.0-0017 Begin start-stop-status start
2024/09/17 10:46:04	(system) trigger StorageManager 1.0.0-0017 End start-stop-status start ret=[0]
2024/09/20 07:36:41	(system) trigger StorageManager 1.0.0-0017 Begin start-stop-status stop
2024/09/20 07:36:42	(system) trigger StorageManager 1.0.0-0017 End start-stop-status stop ret=[0]
2024/09/20 07:51:21	(system) trigger StorageManager 1.0.0-0017 Begin start-stop-status start
2024/09/20 07:51:21	(system) trigger StorageManager 1.0.0-0017 End start-stop-status start ret=[0]
2024/09/20 11:29:03	(system) trigger StorageManager 1.0.0-0017 Begin start-stop-status stop
2024/09/20 11:29:03	(system) trigger StorageManager 1.0.0-0017 End start-stop-status stop ret=[0]
2024/09/20 11:34:41	(system) trigger StorageManager 1.0.0-0017 Begin start-stop-status start
2024/09/20 11:34:41	(system) trigger StorageManager 1.0.0-0017 End start-stop-status start ret=[0]
2024/10/09 04:29:15	(system) trigger StorageManager 1.0.0-0017 Begin start-stop-status stop
2024/10/09 04:29:15	(system) trigger StorageManager 1.0.0-0017 End start-stop-status stop ret=[0]
2024/10/09 04:33:24	(system) trigger StorageManager 1.0.0-0017 Begin start-stop-status start
2024/10/09 04:33:24	(system) trigger StorageManager 1.0.0-0017 End start-stop-status start ret=[0]
2024/11/05 00:53:46	(system) trigger StorageManager 1.0.0-0017 Begin start-stop-status stop
2024/11/05 00:53:46	(system) trigger StorageManager 1.0.0-0017 End start-stop-status stop ret=[0]
2024/11/05 07:06:40	(system) trigger StorageManager 1.0.0-0017 Begin start-stop-status start
2024/11/05 07:06:40	(system) trigger StorageManager 1.0.0-0017 End start-stop-status start ret=[0]
